# JRE version: Java(TM) SE Runtime Environment (8.0_131-b11) (build 1.8.0_131-b11)
# Java VM: Java HotSpot(TM) 64-Bit Server VM (25.131-b11 mixed mode windows-amd64 compressed oops)
Heap:
 PSYoungGen      total 27136K, used 8029K [0x00000000d5b80000, 0x00000000d7980000, 0x0000000100000000)
  eden space 23552K, 22% used [0x00000000d5b80000,0x00000000d6094798,0x00000000d7280000)
  from space 3584K, 78% used [0x00000000d7280000,0x00000000d7543030,0x00000000d7600000)
  to   space 3584K, 0% used [0x00000000d7600000,0x00000000d7600000,0x00000000d7980000)
 ParOldGen       total 87552K, used 46781K [0x0000000081200000, 0x0000000086780000, 0x00000000d5b80000)
  object space 87552K, 53% used [0x0000000081200000,0x0000000083faf5d8,0x0000000086780000)
 Metaspace       used 13473K, capacity 13716K, committed 14080K, reserved 1060864K
  class space    used 1625K, capacity 1704K, committed 1792K, reserved 1048576K
GC Heap History (10 events):
Event: 178.278 GC heap before
{Heap before GC invocations=397 (full 0):
 PSYoungGen      total 27136K, used 25796K [0x00000000d5b80000, 0x00000000d7980000, 0x0000000100000000)
  eden space 23552K, 97% used [0x00000000d5b80000,0x00000000d71ee2c0,0x00000000d7280000)
  from space 3584K, 78% used [0x00000000d7600000,0x00000000d78c3030,0x00000000d7980000)
  to   space 3584K, 0% used [0x00000000d7280000,0x00000000d7280000,0x00000000d7600000)
 ParOldGen       total 87552K, used 44041K [0x0000000081200000, 0x0000000086780000, 0x00000000d5b80000)
  object space 87552K, 50% used [0x0000000081200000,0x0000000083d025a8,0x0000000086780000)
 Metaspace       used 13473K, capacity 13716K, committed 14080K, reserved 1060864K
  class space    used 1625K, capacity 1704K, committed 1792K, reserved 1048576K
Event: 178.279 GC heap after
Heap after GC invocations=397 (full 0):
 PSYoungGen      total 27136K, used 2860K [0x00000000d5b80000, 0x00000000d7980000, 0x0000000100000000)
  eden space 23552K, 0% used [0x00000000d5b80000,0x00000000d5b80000,0x00000000d7280000)
  from space 3584K, 79% used [0x00000000d7280000,0x00000000d754b030,0x00000000d7600000)
  to   space 3584K, 0% used [0x00000000d7600000,0x00000000d7600000,0x00000000d7980000)
 ParOldGen       total 87552K, used 44949K [0x0000000081200000, 0x0000000086780000, 0x00000000d5b80000)
  object space 87552K, 51% used [0x0000000081200000,0x0000000083de55b8,0x0000000086780000)
 Metaspace       used 13473K, capacity 13716K, committed 14080K, reserved 1060864K
  class space    used 1625K, capacity 1704K, committed 1792K, reserved 1048576K
}
Event: 178.713 GC heap before
{Heap before GC invocations=398 (full 0):
 PSYoungGen      total 27136K, used 25828K [0x00000000d5b80000, 0x00000000d7980000, 0x0000000100000000)
  eden space 23552K, 97% used [0x00000000d5b80000,0x00000000d71ee2b8,0x00000000d7280000)
  from space 3584K, 79% used [0x00000000d7280000,0x00000000d754b030,0x00000000d7600000)
  to   space 3584K, 0% used [0x00000000d7600000,0x00000000d7600000,0x00000000d7980000)
 ParOldGen       total 87552K, used 44949K [0x0000000081200000, 0x0000000086780000, 0x00000000d5b80000)
  object space 87552K, 51% used [0x0000000081200000,0x0000000083de55b8,0x0000000086780000)
 Metaspace       used 13473K, capacity 13716K, committed 14080K, reserved 1060864K
  class space    used 1625K, capacity 1704K, committed 1792K, reserved 1048576K
Event: 178.714 GC heap after
Heap after GC invocations=398 (full 0):
 PSYoungGen      total 27136K, used 2860K [0x00000000d5b80000, 0x00000000d7980000, 0x0000000100000000)
  eden space 23552K, 0% used [0x00000000d5b80000,0x00000000d5b80000,0x00000000d7280000)
  from space 3584K, 79% used [0x00000000d7600000,0x00000000d78cb030,0x00000000d7980000)
  to   space 3584K, 0% used [0x00000000d7280000,0x00000000d7280000,0x00000000d7600000)
 ParOldGen       total 87552K, used 44957K [0x0000000081200000, 0x0000000086780000, 0x00000000d5b80000)
  object space 87552K, 51% used [0x0000000081200000,0x0000000083de75b8,0x0000000086780000)
 Metaspace       used 13473K, capacity 13716K, committed 14080K, reserved 1060864K
  class space    used 1625K, capacity 1704K, committed 1792K, reserved 1048576K
}
Event: 179.114 GC heap before
{Heap before GC invocations=399 (full 0):
 PSYoungGen      total 27136K, used 25830K [0x00000000d5b80000, 0x00000000d7980000, 0x0000000100000000)
  eden space 23552K, 97% used [0x00000000d5b80000,0x00000000d71eeaf0,0x00000000d7280000)
  from space 3584K, 79% used [0x00000000d7600000,0x00000000d78cb030,0x00000000d7980000)
  to   space 3584K, 0% used [0x00000000d7280000,0x00000000d7280000,0x00000000d7600000)
 ParOldGen       total 87552K, used 44957K [0x0000000081200000, 0x0000000086780000, 0x00000000d5b80000)
  object space 87552K, 51% used [0x0000000081200000,0x0000000083de75b8,0x0000000086780000)
 Metaspace       used 13473K, capacity 13716K, committed 14080K, reserved 1060864K
  class space    used 1625K, capacity 1704K, committed 1792K, reserved 1048576K
Event: 179.116 GC heap after
Heap after GC invocations=399 (full 0):
 PSYoungGen      total 27136K, used 2860K [0x00000000d5b80000, 0x00000000d7980000, 0x0000000100000000)
  eden space 23552K, 0% used [0x00000000d5b80000,0x00000000d5b80000,0x00000000d7280000)
  from space 3584K, 79% used [0x00000000d7280000,0x00000000d754b030,0x00000000d7600000)
  to   space 3584K, 0% used [0x00000000d7600000,0x00000000d7600000,0x00000000d7980000)
 ParOldGen       total 87552K, used 45865K [0x0000000081200000, 0x0000000086780000, 0x00000000d5b80000)
  object space 87552K, 52% used [0x0000000081200000,0x0000000083eca5c8,0x0000000086780000)
 Metaspace       used 13473K, capacity 13716K, committed 14080K, reserved 1060864K
  class space    used 1625K, capacity 1704K, committed 1792K, reserved 1048576K
}
Event: 179.547 GC heap before
{Heap before GC invocations=400 (full 0):
 PSYoungGen      total 27136K, used 25828K [0x00000000d5b80000, 0x00000000d7980000, 0x0000000100000000)
  eden space 23552K, 97% used [0x00000000d5b80000,0x00000000d71ee2d0,0x00000000d7280000)
  from space 3584K, 79% used [0x00000000d7280000,0x00000000d754b030,0x00000000d7600000)
  to   space 3584K, 0% used [0x00000000d7600000,0x00000000d7600000,0x00000000d7980000)
 ParOldGen       total 87552K, used 45865K [0x0000000081200000, 0x0000000086780000, 0x00000000d5b80000)
  object space 87552K, 52% used [0x0000000081200000,0x0000000083eca5c8,0x0000000086780000)
 Metaspace       used 13473K, capacity 13716K, committed 14080K, reserved 1060864K
  class space    used 1625K, capacity 1704K, committed 1792K, reserved 1048576K
Event: 179.548 GC heap after
Heap after GC invocations=400 (full 0):
 PSYoungGen      total 27136K, used 2828K [0x00000000d5b80000, 0x00000000d7980000, 0x0000000100000000)
  eden space 23552K, 0% used [0x00000000d5b80000,0x00000000d5b80000,0x00000000d7280000)
  from space 3584K, 78% used [0x00000000d7600000,0x00000000d78c3030,0x00000000d7980000)
  to   space 3584K, 0% used [0x00000000d7280000,0x00000000d7280000,0x00000000d7600000)
 ParOldGen       total 87552K, used 45873K [0x0000000081200000, 0x0000000086780000, 0x00000000d5b80000)
  object space 87552K, 52% used [0x0000000081200000,0x0000000083ecc5c8,0x0000000086780000)
 Metaspace       used 13473K, capacity 13716K, committed 14080K, reserved 1060864K
  class space    used 1625K, capacity 1704K, committed 1792K, reserved 1048576K
}
Event: 179.950 GC heap before
{Heap before GC invocations=401 (full 0):
 PSYoungGen      total 27136K, used 25796K [0x00000000d5b80000, 0x00000000d7980000, 0x0000000100000000)
  eden space 23552K, 97% used [0x00000000d5b80000,0x00000000d71ee2d8,0x00000000d7280000)
  from space 3584K, 78% used [0x00000000d7600000,0x00000000d78c3030,0x00000000d7980000)
  to   space 3584K, 0% used [0x00000000d7280000,0x00000000d7280000,0x00000000d7600000)
 ParOldGen       total 87552K, used 45873K [0x0000000081200000, 0x0000000086780000, 0x00000000d5b80000)
  object space 87552K, 52% used [0x0000000081200000,0x0000000083ecc5c8,0x0000000086780000)
 Metaspace       used 13473K, capacity 13716K, committed 14080K, reserved 1060864K
  class space    used 1625K, capacity 1704K, committed 1792K, reserved 1048576K
Event: 179.951 GC heap after
Heap after GC invocations=401 (full 0):
 PSYoungGen      total 27136K, used 2828K [0x00000000d5b80000, 0x00000000d7980000, 0x0000000100000000)
  eden space 23552K, 0% used [0x00000000d5b80000,0x00000000d5b80000,0x00000000d7280000)
  from space 3584K, 78% used [0x00000000d7280000,0x00000000d7543030,0x00000000d7600000)
  to   space 3584K, 0% used [0x00000000d7600000,0x00000000d7600000,0x00000000d7980000)
 ParOldGen       total 87552K, used 46781K [0x0000000081200000, 0x0000000086780000, 0x00000000d5b80000)
  object space 87552K, 53% used [0x0000000081200000,0x0000000083faf5d8,0x0000000086780000)
 Metaspace       used 13473K, capacity 13716K, committed 14080K, reserved 1060864K
  class space    used 1625K, capacity 1704K, committed 1792K, reserved 1048576K
}

