# JRE version: Java(TM) SE Runtime Environment (8.0_131-b11) (build 1.8.0_131-b11)
# Java VM: Java HotSpot(TM) 64-Bit Server VM (25.131-b11 mixed mode windows-amd64 compressed oops)
Heap:
 PSYoungGen      total 29184K, used 23353K [0x00000000d5b80000, 0x00000000d7d00000, 0x0000000100000000)
  eden space 24064K, 81% used [0x00000000d5b80000,0x00000000d6ea26e8,0x00000000d7300000)
  from space 5120K, 73% used [0x00000000d7300000,0x00000000d76ac040,0x00000000d7800000)
  to   space 5120K, 0% used [0x00000000d7800000,0x00000000d7800000,0x00000000d7d00000)
 ParOldGen       total 87552K, used 17839K [0x0000000081200000, 0x0000000086780000, 0x00000000d5b80000)
  object space 87552K, 20% used [0x0000000081200000,0x000000008236bd10,0x0000000086780000)
 Metaspace       used 13229K, capacity 13492K, committed 13824K, reserved 1060864K
  class space    used 1593K, capacity 1672K, committed 1792K, reserved 1048576K
GC Heap History (10 events):
Event: 52.730 GC heap before
{Heap before GC invocations=31 (full 0):
 PSYoungGen      total 29184K, used 27687K [0x00000000d5b80000, 0x00000000d7d00000, 0x0000000100000000)
  eden space 24064K, 99% used [0x00000000d5b80000,0x00000000d72ddc90,0x00000000d7300000)
  from space 5120K, 73% used [0x00000000d7800000,0x00000000d7bac040,0x00000000d7d00000)
  to   space 5120K, 0% used [0x00000000d7300000,0x00000000d7300000,0x00000000d7800000)
 ParOldGen       total 87552K, used 17775K [0x0000000081200000, 0x0000000086780000, 0x00000000d5b80000)
  object space 87552K, 20% used [0x0000000081200000,0x000000008235bd10,0x0000000086780000)
 Metaspace       used 13215K, capacity 13428K, committed 13824K, reserved 1060864K
  class space    used 1593K, capacity 1672K, committed 1792K, reserved 1048576K
Event: 52.731 GC heap after
Heap after GC invocations=31 (full 0):
 PSYoungGen      total 29184K, used 3760K [0x00000000d5b80000, 0x00000000d7d00000, 0x0000000100000000)
  eden space 24064K, 0% used [0x00000000d5b80000,0x00000000d5b80000,0x00000000d7300000)
  from space 5120K, 73% used [0x00000000d7300000,0x00000000d76ac040,0x00000000d7800000)
  to   space 5120K, 0% used [0x00000000d7800000,0x00000000d7800000,0x00000000d7d00000)
 ParOldGen       total 87552K, used 17783K [0x0000000081200000, 0x0000000086780000, 0x00000000d5b80000)
  object space 87552K, 20% used [0x0000000081200000,0x000000008235dd10,0x0000000086780000)
 Metaspace       used 13215K, capacity 13428K, committed 13824K, reserved 1060864K
  class space    used 1593K, capacity 1672K, committed 1792K, reserved 1048576K
}
Event: 54.033 GC heap before
{Heap before GC invocations=32 (full 0):
 PSYoungGen      total 29184K, used 27661K [0x00000000d5b80000, 0x00000000d7d00000, 0x0000000100000000)
  eden space 24064K, 99% used [0x00000000d5b80000,0x00000000d72d7600,0x00000000d7300000)
  from space 5120K, 73% used [0x00000000d7300000,0x00000000d76ac040,0x00000000d7800000)
  to   space 5120K, 0% used [0x00000000d7800000,0x00000000d7800000,0x00000000d7d00000)
 ParOldGen       total 87552K, used 17783K [0x0000000081200000, 0x0000000086780000, 0x00000000d5b80000)
  object space 87552K, 20% used [0x0000000081200000,0x000000008235dd10,0x0000000086780000)
 Metaspace       used 13215K, capacity 13428K, committed 13824K, reserved 1060864K
  class space    used 1593K, capacity 1672K, committed 1792K, reserved 1048576K
Event: 54.034 GC heap after
Heap after GC invocations=32 (full 0):
 PSYoungGen      total 29184K, used 3760K [0x00000000d5b80000, 0x00000000d7d00000, 0x0000000100000000)
  eden space 24064K, 0% used [0x00000000d5b80000,0x00000000d5b80000,0x00000000d7300000)
  from space 5120K, 73% used [0x00000000d7800000,0x00000000d7bac040,0x00000000d7d00000)
  to   space 5120K, 0% used [0x00000000d7300000,0x00000000d7300000,0x00000000d7800000)
 ParOldGen       total 87552K, used 17791K [0x0000000081200000, 0x0000000086780000, 0x00000000d5b80000)
  object space 87552K, 20% used [0x0000000081200000,0x000000008235fd10,0x0000000086780000)
 Metaspace       used 13215K, capacity 13428K, committed 13824K, reserved 1060864K
  class space    used 1593K, capacity 1672K, committed 1792K, reserved 1048576K
}
Event: 55.346 GC heap before
{Heap before GC invocations=33 (full 0):
 PSYoungGen      total 29184K, used 27663K [0x00000000d5b80000, 0x00000000d7d00000, 0x0000000100000000)
  eden space 24064K, 99% used [0x00000000d5b80000,0x00000000d72d7e60,0x00000000d7300000)
  from space 5120K, 73% used [0x00000000d7800000,0x00000000d7bac040,0x00000000d7d00000)
  to   space 5120K, 0% used [0x00000000d7300000,0x00000000d7300000,0x00000000d7800000)
 ParOldGen       total 87552K, used 17791K [0x0000000081200000, 0x0000000086780000, 0x00000000d5b80000)
  object space 87552K, 20% used [0x0000000081200000,0x000000008235fd10,0x0000000086780000)
 Metaspace       used 13215K, capacity 13428K, committed 13824K, reserved 1060864K
  class space    used 1593K, capacity 1672K, committed 1792K, reserved 1048576K
Event: 55.347 GC heap after
Heap after GC invocations=33 (full 0):
 PSYoungGen      total 29184K, used 2860K [0x00000000d5b80000, 0x00000000d7d00000, 0x0000000100000000)
  eden space 24064K, 0% used [0x00000000d5b80000,0x00000000d5b80000,0x00000000d7300000)
  from space 5120K, 55% used [0x00000000d7300000,0x00000000d75cb030,0x00000000d7800000)
  to   space 5120K, 0% used [0x00000000d7800000,0x00000000d7800000,0x00000000d7d00000)
 ParOldGen       total 87552K, used 17799K [0x0000000081200000, 0x0000000086780000, 0x00000000d5b80000)
  object space 87552K, 20% used [0x0000000081200000,0x0000000082361d10,0x0000000086780000)
 Metaspace       used 13215K, capacity 13428K, committed 13824K, reserved 1060864K
  class space    used 1593K, capacity 1672K, committed 1792K, reserved 1048576K
}
Event: 56.658 GC heap before
{Heap before GC invocations=34 (full 0):
 PSYoungGen      total 29184K, used 26809K [0x00000000d5b80000, 0x00000000d7d00000, 0x0000000100000000)
  eden space 24064K, 99% used [0x00000000d5b80000,0x00000000d72e3698,0x00000000d7300000)
  from space 5120K, 55% used [0x00000000d7300000,0x00000000d75cb030,0x00000000d7800000)
  to   space 5120K, 0% used [0x00000000d7800000,0x00000000d7800000,0x00000000d7d00000)
 ParOldGen       total 87552K, used 17799K [0x0000000081200000, 0x0000000086780000, 0x00000000d5b80000)
  object space 87552K, 20% used [0x0000000081200000,0x0000000082361d10,0x0000000086780000)
 Metaspace       used 13218K, capacity 13428K, committed 13824K, reserved 1060864K
  class space    used 1593K, capacity 1672K, committed 1792K, reserved 1048576K
Event: 56.659 GC heap after
Heap after GC invocations=34 (full 0):
 PSYoungGen      total 29184K, used 1928K [0x00000000d5b80000, 0x00000000d7d00000, 0x0000000100000000)
  eden space 24064K, 0% used [0x00000000d5b80000,0x00000000d5b80000,0x00000000d7300000)
  from space 5120K, 37% used [0x00000000d7800000,0x00000000d79e2020,0x00000000d7d00000)
  to   space 5120K, 0% used [0x00000000d7300000,0x00000000d7300000,0x00000000d7800000)
 ParOldGen       total 87552K, used 17815K [0x0000000081200000, 0x0000000086780000, 0x00000000d5b80000)
  object space 87552K, 20% used [0x0000000081200000,0x0000000082365d10,0x0000000086780000)
 Metaspace       used 13218K, capacity 13428K, committed 13824K, reserved 1060864K
  class space    used 1593K, capacity 1672K, committed 1792K, reserved 1048576K
}
Event: 57.969 GC heap before
{Heap before GC invocations=35 (full 0):
 PSYoungGen      total 29184K, used 25853K [0x00000000d5b80000, 0x00000000d7d00000, 0x0000000100000000)
  eden space 24064K, 99% used [0x00000000d5b80000,0x00000000d72dd6d0,0x00000000d7300000)
  from space 5120K, 37% used [0x00000000d7800000,0x00000000d79e2020,0x00000000d7d00000)
  to   space 5120K, 0% used [0x00000000d7300000,0x00000000d7300000,0x00000000d7800000)
 ParOldGen       total 87552K, used 17815K [0x0000000081200000, 0x0000000086780000, 0x00000000d5b80000)
  object space 87552K, 20% used [0x0000000081200000,0x0000000082365d10,0x0000000086780000)
 Metaspace       used 13218K, capacity 13428K, committed 13824K, reserved 1060864K
  class space    used 1593K, capacity 1672K, committed 1792K, reserved 1048576K
Event: 57.971 GC heap after
Heap after GC invocations=35 (full 0):
 PSYoungGen      total 29184K, used 3760K [0x00000000d5b80000, 0x00000000d7d00000, 0x0000000100000000)
  eden space 24064K, 0% used [0x00000000d5b80000,0x00000000d5b80000,0x00000000d7300000)
  from space 5120K, 73% used [0x00000000d7300000,0x00000000d76ac040,0x00000000d7800000)
  to   space 5120K, 0% used [0x00000000d7800000,0x00000000d7800000,0x00000000d7d00000)
 ParOldGen       total 87552K, used 17839K [0x0000000081200000, 0x0000000086780000, 0x00000000d5b80000)
  object space 87552K, 20% used [0x0000000081200000,0x000000008236bd10,0x0000000086780000)
 Metaspace       used 13218K, capacity 13428K, committed 13824K, reserved 1060864K
  class space    used 1593K, capacity 1672K, committed 1792K, reserved 1048576K
}

