# JRE version: Java(TM) SE Runtime Environment (8.0_131-b11) (build 1.8.0_131-b11)
# Java VM: Java HotSpot(TM) 64-Bit Server VM (25.131-b11 mixed mode windows-amd64 compressed oops)
Heap:
 PSYoungGen      total 35840K, used 23532K [0x00000000d5b80000, 0x00000000d8500000, 0x0000000100000000)
  eden space 30208K, 65% used [0x00000000d5b80000,0x00000000d6ed7258,0x00000000d7900000)
  from space 5632K, 66% used [0x00000000d7f80000,0x00000000d8324040,0x00000000d8500000)
  to   space 6144K, 0% used [0x00000000d7900000,0x00000000d7900000,0x00000000d7f00000)
 ParOldGen       total 87552K, used 18827K [0x0000000081200000, 0x0000000086780000, 0x00000000d5b80000)
  object space 87552K, 21% used [0x0000000081200000,0x0000000082462f58,0x0000000086780000)
 Metaspace       used 12593K, capacity 12812K, committed 12928K, reserved 1060864K
  class space    used 1554K, capacity 1640K, committed 1664K, reserved 1048576K
GC Heap History (10 events):
Event: 13.552 GC heap before
{Heap before GC invocations=6 (full 0):
 PSYoungGen      total 37888K, used 37416K [0x00000000d5b80000, 0x00000000d8780000, 0x0000000100000000)
  eden space 32768K, 98% used [0x00000000d5b80000,0x00000000d7b12198,0x00000000d7b80000)
  from space 5120K, 99% used [0x00000000d7c00000,0x00000000d80f8050,0x00000000d8100000)
  to   space 6144K, 0% used [0x00000000d8180000,0x00000000d8180000,0x00000000d8780000)
 ParOldGen       total 87552K, used 17305K [0x0000000081200000, 0x0000000086780000, 0x00000000d5b80000)
  object space 87552K, 19% used [0x0000000081200000,0x00000000822e67d0,0x0000000086780000)
 Metaspace       used 12469K, capacity 12684K, committed 12928K, reserved 1060864K
  class space    used 1554K, capacity 1640K, committed 1664K, reserved 1048576K
Event: 13.555 GC heap after
Heap after GC invocations=6 (full 0):
 PSYoungGen      total 37888K, used 2436K [0x00000000d5b80000, 0x00000000d8700000, 0x0000000100000000)
  eden space 32256K, 0% used [0x00000000d5b80000,0x00000000d5b80000,0x00000000d7b00000)
  from space 5632K, 43% used [0x00000000d8180000,0x00000000d83e1030,0x00000000d8700000)
  to   space 6144K, 0% used [0x00000000d7b00000,0x00000000d7b00000,0x00000000d8100000)
 ParOldGen       total 87552K, used 17313K [0x0000000081200000, 0x0000000086780000, 0x00000000d5b80000)
  object space 87552K, 19% used [0x0000000081200000,0x00000000822e87d0,0x0000000086780000)
 Metaspace       used 12469K, capacity 12684K, committed 12928K, reserved 1060864K
  class space    used 1554K, capacity 1640K, committed 1664K, reserved 1048576K
}
Event: 15.270 GC heap before
{Heap before GC invocations=7 (full 0):
 PSYoungGen      total 37888K, used 34598K [0x00000000d5b80000, 0x00000000d8700000, 0x0000000100000000)
  eden space 32256K, 99% used [0x00000000d5b80000,0x00000000d7ae8b00,0x00000000d7b00000)
  from space 5632K, 43% used [0x00000000d8180000,0x00000000d83e1030,0x00000000d8700000)
  to   space 6144K, 0% used [0x00000000d7b00000,0x00000000d7b00000,0x00000000d8100000)
 ParOldGen       total 87552K, used 17313K [0x0000000081200000, 0x0000000086780000, 0x00000000d5b80000)
  object space 87552K, 19% used [0x0000000081200000,0x00000000822e87d0,0x0000000086780000)
 Metaspace       used 12475K, capacity 12684K, committed 12928K, reserved 1060864K
  class space    used 1554K, capacity 1640K, committed 1664K, reserved 1048576K
Event: 15.273 GC heap after
Heap after GC invocations=7 (full 0):
 PSYoungGen      total 37888K, used 1960K [0x00000000d5b80000, 0x00000000d8780000, 0x0000000100000000)
  eden space 31744K, 0% used [0x00000000d5b80000,0x00000000d5b80000,0x00000000d7a80000)
  from space 6144K, 31% used [0x00000000d7b00000,0x00000000d7cea020,0x00000000d8100000)
  to   space 6656K, 0% used [0x00000000d8100000,0x00000000d8100000,0x00000000d8780000)
 ParOldGen       total 87552K, used 18779K [0x0000000081200000, 0x0000000086780000, 0x00000000d5b80000)
  object space 87552K, 21% used [0x0000000081200000,0x0000000082456f58,0x0000000086780000)
 Metaspace       used 12475K, capacity 12684K, committed 12928K, reserved 1060864K
  class space    used 1554K, capacity 1640K, committed 1664K, reserved 1048576K
}
Event: 16.983 GC heap before
{Heap before GC invocations=8 (full 0):
 PSYoungGen      total 37888K, used 33289K [0x00000000d5b80000, 0x00000000d8780000, 0x0000000100000000)
  eden space 31744K, 98% used [0x00000000d5b80000,0x00000000d7a18740,0x00000000d7a80000)
  from space 6144K, 31% used [0x00000000d7b00000,0x00000000d7cea020,0x00000000d8100000)
  to   space 6656K, 0% used [0x00000000d8100000,0x00000000d8100000,0x00000000d8780000)
 ParOldGen       total 87552K, used 18779K [0x0000000081200000, 0x0000000086780000, 0x00000000d5b80000)
  object space 87552K, 21% used [0x0000000081200000,0x0000000082456f58,0x0000000086780000)
 Metaspace       used 12479K, capacity 12684K, committed 12928K, reserved 1060864K
  class space    used 1554K, capacity 1640K, committed 1664K, reserved 1048576K
Event: 16.984 GC heap after
Heap after GC invocations=8 (full 0):
 PSYoungGen      total 37376K, used 2860K [0x00000000d5b80000, 0x00000000d8700000, 0x0000000100000000)
  eden space 31232K, 0% used [0x00000000d5b80000,0x00000000d5b80000,0x00000000d7a00000)
  from space 6144K, 46% used [0x00000000d8100000,0x00000000d83cb030,0x00000000d8700000)
  to   space 6656K, 0% used [0x00000000d7a00000,0x00000000d7a00000,0x00000000d8080000)
 ParOldGen       total 87552K, used 18795K [0x0000000081200000, 0x0000000086780000, 0x00000000d5b80000)
  object space 87552K, 21% used [0x0000000081200000,0x000000008245af58,0x0000000086780000)
 Metaspace       used 12479K, capacity 12684K, committed 12928K, reserved 1060864K
  class space    used 1554K, capacity 1640K, committed 1664K, reserved 1048576K
}
Event: 18.693 GC heap before
{Heap before GC invocations=9 (full 0):
 PSYoungGen      total 37376K, used 33445K [0x00000000d5b80000, 0x00000000d8700000, 0x0000000100000000)
  eden space 31232K, 97% used [0x00000000d5b80000,0x00000000d795e638,0x00000000d7a00000)
  from space 6144K, 46% used [0x00000000d8100000,0x00000000d83cb030,0x00000000d8700000)
  to   space 6656K, 0% used [0x00000000d7a00000,0x00000000d7a00000,0x00000000d8080000)
 ParOldGen       total 87552K, used 18795K [0x0000000081200000, 0x0000000086780000, 0x00000000d5b80000)
  object space 87552K, 21% used [0x0000000081200000,0x000000008245af58,0x0000000086780000)
 Metaspace       used 12491K, capacity 12684K, committed 12928K, reserved 1060864K
  class space    used 1554K, capacity 1640K, committed 1664K, reserved 1048576K
Event: 18.694 GC heap after
Heap after GC invocations=9 (full 0):
 PSYoungGen      total 33792K, used 2828K [0x00000000d5b80000, 0x00000000d8580000, 0x0000000100000000)
  eden space 30720K, 0% used [0x00000000d5b80000,0x00000000d5b80000,0x00000000d7980000)
  from space 3072K, 92% used [0x00000000d7a00000,0x00000000d7cc3030,0x00000000d7d00000)
  to   space 6144K, 0% used [0x00000000d7f80000,0x00000000d7f80000,0x00000000d8580000)
 ParOldGen       total 87552K, used 18811K [0x0000000081200000, 0x0000000086780000, 0x00000000d5b80000)
  object space 87552K, 21% used [0x0000000081200000,0x000000008245ef58,0x0000000086780000)
 Metaspace       used 12491K, capacity 12684K, committed 12928K, reserved 1060864K
  class space    used 1554K, capacity 1640K, committed 1664K, reserved 1048576K
}
Event: 20.307 GC heap before
{Heap before GC invocations=10 (full 0):
 PSYoungGen      total 33792K, used 33304K [0x00000000d5b80000, 0x00000000d8580000, 0x0000000100000000)
  eden space 30720K, 99% used [0x00000000d5b80000,0x00000000d7943050,0x00000000d7980000)
  from space 3072K, 92% used [0x00000000d7a00000,0x00000000d7cc3030,0x00000000d7d00000)
  to   space 6144K, 0% used [0x00000000d7f80000,0x00000000d7f80000,0x00000000d8580000)
 ParOldGen       total 87552K, used 18811K [0x0000000081200000, 0x0000000086780000, 0x00000000d5b80000)
  object space 87552K, 21% used [0x0000000081200000,0x000000008245ef58,0x0000000086780000)
 Metaspace       used 12569K, capacity 12748K, committed 12928K, reserved 1060864K
  class space    used 1554K, capacity 1640K, committed 1664K, reserved 1048576K
Event: 20.309 GC heap after
Heap after GC invocations=10 (full 0):
 PSYoungGen      total 35840K, used 3728K [0x00000000d5b80000, 0x00000000d8500000, 0x0000000100000000)
  eden space 30208K, 0% used [0x00000000d5b80000,0x00000000d5b80000,0x00000000d7900000)
  from space 5632K, 66% used [0x00000000d7f80000,0x00000000d8324040,0x00000000d8500000)
  to   space 6144K, 0% used [0x00000000d7900000,0x00000000d7900000,0x00000000d7f00000)
 ParOldGen       total 87552K, used 18827K [0x0000000081200000, 0x0000000086780000, 0x00000000d5b80000)
  object space 87552K, 21% used [0x0000000081200000,0x0000000082462f58,0x0000000086780000)
 Metaspace       used 12569K, capacity 12748K, committed 12928K, reserved 1060864K
  class space    used 1554K, capacity 1640K, committed 1664K, reserved 1048576K
}

