# JRE version: Java(TM) SE Runtime Environment (8.0_131-b11) (build 1.8.0_131-b11)
# Java VM: Java HotSpot(TM) 64-Bit Server VM (25.131-b11 mixed mode windows-amd64 compressed oops)
Heap:
 PSYoungGen      total 25088K, used 22320K [0x00000000d5b80000, 0x00000000d7800000, 0x0000000100000000)
  eden space 20992K, 96% used [0x00000000d5b80000,0x00000000d6f62120,0x00000000d7000000)
  from space 4096K, 47% used [0x00000000d7400000,0x00000000d75ea020,0x00000000d7800000)
  to   space 4096K, 0% used [0x00000000d7000000,0x00000000d7000000,0x00000000d7400000)
 ParOldGen       total 87552K, used 43435K [0x0000000081200000, 0x0000000086780000, 0x00000000d5b80000)
  object space 87552K, 49% used [0x0000000081200000,0x0000000083c6ae60,0x0000000086780000)
 Metaspace       used 13387K, capacity 13594K, committed 13824K, reserved 1060864K
  class space    used 1622K, capacity 1705K, committed 1792K, reserved 1048576K
GC Heap History (10 events):
Event: 192.389 GC heap before
{Heap before GC invocations=440 (full 0):
 PSYoungGen      total 25088K, used 23082K [0x00000000d5b80000, 0x00000000d7800000, 0x0000000100000000)
  eden space 20992K, 96% used [0x00000000d5b80000,0x00000000d6f3f970,0x00000000d7000000)
  from space 4096K, 69% used [0x00000000d7000000,0x00000000d72cb030,0x00000000d7400000)
  to   space 4096K, 0% used [0x00000000d7400000,0x00000000d7400000,0x00000000d7800000)
 ParOldGen       total 87552K, used 43347K [0x0000000081200000, 0x0000000086780000, 0x00000000d5b80000)
  object space 87552K, 49% used [0x0000000081200000,0x0000000083c54e60,0x0000000086780000)
 Metaspace       used 13385K, capacity 13594K, committed 13824K, reserved 1060864K
  class space    used 1622K, capacity 1705K, committed 1792K, reserved 1048576K
Event: 192.390 GC heap after
Heap after GC invocations=440 (full 0):
 PSYoungGen      total 25088K, used 2860K [0x00000000d5b80000, 0x00000000d7800000, 0x0000000100000000)
  eden space 20992K, 0% used [0x00000000d5b80000,0x00000000d5b80000,0x00000000d7000000)
  from space 4096K, 69% used [0x00000000d7400000,0x00000000d76cb030,0x00000000d7800000)
  to   space 4096K, 0% used [0x00000000d7000000,0x00000000d7000000,0x00000000d7400000)
 ParOldGen       total 87552K, used 43371K [0x0000000081200000, 0x0000000086780000, 0x00000000d5b80000)
  object space 87552K, 49% used [0x0000000081200000,0x0000000083c5ae60,0x0000000086780000)
 Metaspace       used 13385K, capacity 13594K, committed 13824K, reserved 1060864K
  class space    used 1622K, capacity 1705K, committed 1792K, reserved 1048576K
}
Event: 192.754 GC heap before
{Heap before GC invocations=441 (full 0):
 PSYoungGen      total 25088K, used 23078K [0x00000000d5b80000, 0x00000000d7800000, 0x0000000100000000)
  eden space 20992K, 96% used [0x00000000d5b80000,0x00000000d6f3e9c8,0x00000000d7000000)
  from space 4096K, 69% used [0x00000000d7400000,0x00000000d76cb030,0x00000000d7800000)
  to   space 4096K, 0% used [0x00000000d7000000,0x00000000d7000000,0x00000000d7400000)
 ParOldGen       total 87552K, used 43371K [0x0000000081200000, 0x0000000086780000, 0x00000000d5b80000)
  object space 87552K, 49% used [0x0000000081200000,0x0000000083c5ae60,0x0000000086780000)
 Metaspace       used 13385K, capacity 13594K, committed 13824K, reserved 1060864K
  class space    used 1622K, capacity 1705K, committed 1792K, reserved 1048576K
Event: 192.755 GC heap after
Heap after GC invocations=441 (full 0):
 PSYoungGen      total 25088K, used 2860K [0x00000000d5b80000, 0x00000000d7800000, 0x0000000100000000)
  eden space 20992K, 0% used [0x00000000d5b80000,0x00000000d5b80000,0x00000000d7000000)
  from space 4096K, 69% used [0x00000000d7000000,0x00000000d72cb030,0x00000000d7400000)
  to   space 4096K, 0% used [0x00000000d7400000,0x00000000d7400000,0x00000000d7800000)
 ParOldGen       total 87552K, used 43395K [0x0000000081200000, 0x0000000086780000, 0x00000000d5b80000)
  object space 87552K, 49% used [0x0000000081200000,0x0000000083c60e60,0x0000000086780000)
 Metaspace       used 13385K, capacity 13594K, committed 13824K, reserved 1060864K
  class space    used 1622K, capacity 1705K, committed 1792K, reserved 1048576K
}
Event: 193.126 GC heap before
{Heap before GC invocations=442 (full 0):
 PSYoungGen      total 25088K, used 23099K [0x00000000d5b80000, 0x00000000d7800000, 0x0000000100000000)
  eden space 20992K, 96% used [0x00000000d5b80000,0x00000000d6f43d88,0x00000000d7000000)
  from space 4096K, 69% used [0x00000000d7000000,0x00000000d72cb030,0x00000000d7400000)
  to   space 4096K, 0% used [0x00000000d7400000,0x00000000d7400000,0x00000000d7800000)
 ParOldGen       total 87552K, used 43395K [0x0000000081200000, 0x0000000086780000, 0x00000000d5b80000)
  object space 87552K, 49% used [0x0000000081200000,0x0000000083c60e60,0x0000000086780000)
 Metaspace       used 13385K, capacity 13594K, committed 13824K, reserved 1060864K
  class space    used 1622K, capacity 1705K, committed 1792K, reserved 1048576K
Event: 193.127 GC heap after
Heap after GC invocations=442 (full 0):
 PSYoungGen      total 25088K, used 2860K [0x00000000d5b80000, 0x00000000d7800000, 0x0000000100000000)
  eden space 20992K, 0% used [0x00000000d5b80000,0x00000000d5b80000,0x00000000d7000000)
  from space 4096K, 69% used [0x00000000d7400000,0x00000000d76cb030,0x00000000d7800000)
  to   space 4096K, 0% used [0x00000000d7000000,0x00000000d7000000,0x00000000d7400000)
 ParOldGen       total 87552K, used 43403K [0x0000000081200000, 0x0000000086780000, 0x00000000d5b80000)
  object space 87552K, 49% used [0x0000000081200000,0x0000000083c62e60,0x0000000086780000)
 Metaspace       used 13385K, capacity 13594K, committed 13824K, reserved 1060864K
  class space    used 1622K, capacity 1705K, committed 1792K, reserved 1048576K
}
Event: 193.489 GC heap before
{Heap before GC invocations=443 (full 0):
 PSYoungGen      total 25088K, used 23078K [0x00000000d5b80000, 0x00000000d7800000, 0x0000000100000000)
  eden space 20992K, 96% used [0x00000000d5b80000,0x00000000d6f3e978,0x00000000d7000000)
  from space 4096K, 69% used [0x00000000d7400000,0x00000000d76cb030,0x00000000d7800000)
  to   space 4096K, 0% used [0x00000000d7000000,0x00000000d7000000,0x00000000d7400000)
 ParOldGen       total 87552K, used 43403K [0x0000000081200000, 0x0000000086780000, 0x00000000d5b80000)
  object space 87552K, 49% used [0x0000000081200000,0x0000000083c62e60,0x0000000086780000)
 Metaspace       used 13385K, capacity 13594K, committed 13824K, reserved 1060864K
  class space    used 1622K, capacity 1705K, committed 1792K, reserved 1048576K
Event: 193.490 GC heap after
Heap after GC invocations=443 (full 0):
 PSYoungGen      total 25088K, used 2860K [0x00000000d5b80000, 0x00000000d7800000, 0x0000000100000000)
  eden space 20992K, 0% used [0x00000000d5b80000,0x00000000d5b80000,0x00000000d7000000)
  from space 4096K, 69% used [0x00000000d7000000,0x00000000d72cb030,0x00000000d7400000)
  to   space 4096K, 0% used [0x00000000d7400000,0x00000000d7400000,0x00000000d7800000)
 ParOldGen       total 87552K, used 43427K [0x0000000081200000, 0x0000000086780000, 0x00000000d5b80000)
  object space 87552K, 49% used [0x0000000081200000,0x0000000083c68e60,0x0000000086780000)
 Metaspace       used 13385K, capacity 13594K, committed 13824K, reserved 1060864K
  class space    used 1622K, capacity 1705K, committed 1792K, reserved 1048576K
}
Event: 193.862 GC heap before
{Heap before GC invocations=444 (full 0):
 PSYoungGen      total 25088K, used 23105K [0x00000000d5b80000, 0x00000000d7800000, 0x0000000100000000)
  eden space 20992K, 96% used [0x00000000d5b80000,0x00000000d6f45588,0x00000000d7000000)
  from space 4096K, 69% used [0x00000000d7000000,0x00000000d72cb030,0x00000000d7400000)
  to   space 4096K, 0% used [0x00000000d7400000,0x00000000d7400000,0x00000000d7800000)
 ParOldGen       total 87552K, used 43427K [0x0000000081200000, 0x0000000086780000, 0x00000000d5b80000)
  object space 87552K, 49% used [0x0000000081200000,0x0000000083c68e60,0x0000000086780000)
 Metaspace       used 13386K, capacity 13594K, committed 13824K, reserved 1060864K
  class space    used 1622K, capacity 1705K, committed 1792K, reserved 1048576K
Event: 193.863 GC heap after
Heap after GC invocations=444 (full 0):
 PSYoungGen      total 25088K, used 1960K [0x00000000d5b80000, 0x00000000d7800000, 0x0000000100000000)
  eden space 20992K, 0% used [0x00000000d5b80000,0x00000000d5b80000,0x00000000d7000000)
  from space 4096K, 47% used [0x00000000d7400000,0x00000000d75ea020,0x00000000d7800000)
  to   space 4096K, 0% used [0x00000000d7000000,0x00000000d7000000,0x00000000d7400000)
 ParOldGen       total 87552K, used 43435K [0x0000000081200000, 0x0000000086780000, 0x00000000d5b80000)
  object space 87552K, 49% used [0x0000000081200000,0x0000000083c6ae60,0x0000000086780000)
 Metaspace       used 13386K, capacity 13594K, committed 13824K, reserved 1060864K
  class space    used 1622K, capacity 1705K, committed 1792K, reserved 1048576K
}

