# JRE version: Java(TM) SE Runtime Environment (8.0_131-b11) (build 1.8.0_131-b11)
# Java VM: Java HotSpot(TM) 64-Bit Server VM (25.131-b11 mixed mode windows-amd64 compressed oops)
Heap:
 PSYoungGen      total 200192K, used 74490K [0x00000000d5b80000, 0x00000000e5900000, 0x0000000100000000)
  eden space 196096K, 36% used [0x00000000d5b80000,0x00000000da08a858,0x00000000e1b00000)
  from space 4096K, 92% used [0x00000000e5180000,0x00000000e5534040,0x00000000e5580000)
  to   space 3584K, 0% used [0x00000000e5580000,0x00000000e5580000,0x00000000e5900000)
 ParOldGen       total 87552K, used 17602K [0x0000000081200000, 0x0000000086780000, 0x00000000d5b80000)
  object space 87552K, 20% used [0x0000000081200000,0x0000000082330a00,0x0000000086780000)
 Metaspace       used 12991K, capacity 13236K, committed 13568K, reserved 1060864K
  class space    used 1576K, capacity 1672K, committed 1792K, reserved 1048576K
GC Heap History (10 events):
Event: 35.663 GC heap before
{Heap before GC invocations=11 (full 0):
 PSYoungGen      total 246784K, used 246308K [0x00000000d5b80000, 0x00000000e6580000, 0x0000000100000000)
  eden space 243712K, 99% used [0x00000000d5b80000,0x00000000e4936088,0x00000000e4980000)
  from space 3072K, 94% used [0x00000000e6280000,0x00000000e6553030,0x00000000e6580000)
  to   space 5632K, 0% used [0x00000000e5a80000,0x00000000e5a80000,0x00000000e6000000)
 ParOldGen       total 87552K, used 17474K [0x0000000081200000, 0x0000000086780000, 0x00000000d5b80000)
  object space 87552K, 19% used [0x0000000081200000,0x0000000082310a00,0x0000000086780000)
 Metaspace       used 12967K, capacity 13236K, committed 13568K, reserved 1060864K
  class space    used 1576K, capacity 1672K, committed 1792K, reserved 1048576K
Event: 35.665 GC heap after
Heap after GC invocations=11 (full 0):
 PSYoungGen      total 236544K, used 2860K [0x00000000d5b80000, 0x00000000e6300000, 0x0000000100000000)
  eden space 233472K, 0% used [0x00000000d5b80000,0x00000000d5b80000,0x00000000e3f80000)
  from space 3072K, 93% used [0x00000000e5a80000,0x00000000e5d4b030,0x00000000e5d80000)
  to   space 5632K, 0% used [0x00000000e5d80000,0x00000000e5d80000,0x00000000e6300000)
 ParOldGen       total 87552K, used 17506K [0x0000000081200000, 0x0000000086780000, 0x00000000d5b80000)
  object space 87552K, 19% used [0x0000000081200000,0x0000000082318a00,0x0000000086780000)
 Metaspace       used 12967K, capacity 13236K, committed 13568K, reserved 1060864K
  class space    used 1576K, capacity 1672K, committed 1792K, reserved 1048576K
}
Event: 40.766 GC heap before
{Heap before GC invocations=12 (full 0):
 PSYoungGen      total 236544K, used 236189K [0x00000000d5b80000, 0x00000000e6300000, 0x0000000100000000)
  eden space 233472K, 99% used [0x00000000d5b80000,0x00000000e3f5c410,0x00000000e3f80000)
  from space 3072K, 93% used [0x00000000e5a80000,0x00000000e5d4b030,0x00000000e5d80000)
  to   space 5632K, 0% used [0x00000000e5d80000,0x00000000e5d80000,0x00000000e6300000)
 ParOldGen       total 87552K, used 17506K [0x0000000081200000, 0x0000000086780000, 0x00000000d5b80000)
  object space 87552K, 19% used [0x0000000081200000,0x0000000082318a00,0x0000000086780000)
 Metaspace       used 12972K, capacity 13236K, committed 13568K, reserved 1060864K
  class space    used 1576K, capacity 1672K, committed 1792K, reserved 1048576K
Event: 40.768 GC heap after
Heap after GC invocations=12 (full 0):
 PSYoungGen      total 225792K, used 1992K [0x00000000d5b80000, 0x00000000e5f80000, 0x0000000100000000)
  eden space 223744K, 0% used [0x00000000d5b80000,0x00000000d5b80000,0x00000000e3600000)
  from space 2048K, 97% used [0x00000000e5d80000,0x00000000e5f72020,0x00000000e5f80000)
  to   space 6144K, 0% used [0x00000000e5380000,0x00000000e5380000,0x00000000e5980000)
 ParOldGen       total 87552K, used 17530K [0x0000000081200000, 0x0000000086780000, 0x00000000d5b80000)
  object space 87552K, 20% used [0x0000000081200000,0x000000008231ea00,0x0000000086780000)
 Metaspace       used 12972K, capacity 13236K, committed 13568K, reserved 1060864K
  class space    used 1576K, capacity 1672K, committed 1792K, reserved 1048576K
}
Event: 46.545 GC heap before
{Heap before GC invocations=13 (full 0):
 PSYoungGen      total 225792K, used 225404K [0x00000000d5b80000, 0x00000000e5f80000, 0x0000000100000000)
  eden space 223744K, 99% used [0x00000000d5b80000,0x00000000e35ad128,0x00000000e3600000)
  from space 2048K, 97% used [0x00000000e5d80000,0x00000000e5f72020,0x00000000e5f80000)
  to   space 6144K, 0% used [0x00000000e5380000,0x00000000e5380000,0x00000000e5980000)
 ParOldGen       total 87552K, used 17530K [0x0000000081200000, 0x0000000086780000, 0x00000000d5b80000)
  object space 87552K, 20% used [0x0000000081200000,0x000000008231ea00,0x0000000086780000)
 Metaspace       used 12981K, capacity 13236K, committed 13568K, reserved 1060864K
  class space    used 1576K, capacity 1672K, committed 1792K, reserved 1048576K
Event: 46.548 GC heap after
Heap after GC invocations=13 (full 0):
 PSYoungGen      total 218112K, used 3792K [0x00000000d5b80000, 0x00000000e5e00000, 0x0000000100000000)
  eden space 214016K, 0% used [0x00000000d5b80000,0x00000000d5b80000,0x00000000e2c80000)
  from space 4096K, 92% used [0x00000000e5380000,0x00000000e5734040,0x00000000e5780000)
  to   space 5632K, 0% used [0x00000000e5880000,0x00000000e5880000,0x00000000e5e00000)
 ParOldGen       total 87552K, used 17554K [0x0000000081200000, 0x0000000086780000, 0x00000000d5b80000)
  object space 87552K, 20% used [0x0000000081200000,0x0000000082324a00,0x0000000086780000)
 Metaspace       used 12981K, capacity 13236K, committed 13568K, reserved 1060864K
  class space    used 1576K, capacity 1672K, committed 1792K, reserved 1048576K
}
Event: 51.767 GC heap before
{Heap before GC invocations=14 (full 0):
 PSYoungGen      total 218112K, used 217073K [0x00000000d5b80000, 0x00000000e5e00000, 0x0000000100000000)
  eden space 214016K, 99% used [0x00000000d5b80000,0x00000000e2bc8638,0x00000000e2c80000)
  from space 4096K, 92% used [0x00000000e5380000,0x00000000e5734040,0x00000000e5780000)
  to   space 5632K, 0% used [0x00000000e5880000,0x00000000e5880000,0x00000000e5e00000)
 ParOldGen       total 87552K, used 17554K [0x0000000081200000, 0x0000000086780000, 0x00000000d5b80000)
  object space 87552K, 20% used [0x0000000081200000,0x0000000082324a00,0x0000000086780000)
 Metaspace       used 12982K, capacity 13236K, committed 13568K, reserved 1060864K
  class space    used 1576K, capacity 1672K, committed 1792K, reserved 1048576K
Event: 51.773 GC heap after
Heap after GC invocations=14 (full 0):
 PSYoungGen      total 208896K, used 3760K [0x00000000d5b80000, 0x00000000e5c80000, 0x0000000100000000)
  eden space 204800K, 0% used [0x00000000d5b80000,0x00000000d5b80000,0x00000000e2380000)
  from space 4096K, 91% used [0x00000000e5880000,0x00000000e5c2c040,0x00000000e5c80000)
  to   space 5632K, 0% used [0x00000000e5180000,0x00000000e5180000,0x00000000e5700000)
 ParOldGen       total 87552K, used 17586K [0x0000000081200000, 0x0000000086780000, 0x00000000d5b80000)
  object space 87552K, 20% used [0x0000000081200000,0x000000008232ca00,0x0000000086780000)
 Metaspace       used 12982K, capacity 13236K, committed 13568K, reserved 1060864K
  class space    used 1576K, capacity 1672K, committed 1792K, reserved 1048576K
}
Event: 56.941 GC heap before
{Heap before GC invocations=15 (full 0):
 PSYoungGen      total 208896K, used 208367K [0x00000000d5b80000, 0x00000000e5c80000, 0x0000000100000000)
  eden space 204800K, 99% used [0x00000000d5b80000,0x00000000e234fc68,0x00000000e2380000)
  from space 4096K, 91% used [0x00000000e5880000,0x00000000e5c2c040,0x00000000e5c80000)
  to   space 5632K, 0% used [0x00000000e5180000,0x00000000e5180000,0x00000000e5700000)
 ParOldGen       total 87552K, used 17586K [0x0000000081200000, 0x0000000086780000, 0x00000000d5b80000)
  object space 87552K, 20% used [0x0000000081200000,0x000000008232ca00,0x0000000086780000)
 Metaspace       used 12983K, capacity 13236K, committed 13568K, reserved 1060864K
  class space    used 1576K, capacity 1672K, committed 1792K, reserved 1048576K
Event: 56.943 GC heap after
Heap after GC invocations=15 (full 0):
 PSYoungGen      total 200192K, used 3792K [0x00000000d5b80000, 0x00000000e5900000, 0x0000000100000000)
  eden space 196096K, 0% used [0x00000000d5b80000,0x00000000d5b80000,0x00000000e1b00000)
  from space 4096K, 92% used [0x00000000e5180000,0x00000000e5534040,0x00000000e5580000)
  to   space 3584K, 0% used [0x00000000e5580000,0x00000000e5580000,0x00000000e5900000)
 ParOldGen       total 87552K, used 17602K [0x0000000081200000, 0x0000000086780000, 0x00000000d5b80000)
  object space 87552K, 20% used [0x0000000081200000,0x0000000082330a00,0x0000000086780000)
 Metaspace       used 12983K, capacity 13236K, committed 13568K, reserved 1060864K
  class space    used 1576K, capacity 1672K, committed 1792K, reserved 1048576K
}

