# JRE version: Java(TM) SE Runtime Environment (8.0_131-b11) (build 1.8.0_131-b11)
# Java VM: Java HotSpot(TM) 64-Bit Server VM (25.131-b11 mixed mode windows-amd64 compressed oops)
Heap:
 PSYoungGen      total 38400K, used 13674K [0x00000000d5b80000, 0x00000000d8600000, 0x0000000100000000)
  eden space 33280K, 33% used [0x00000000d5b80000,0x00000000d664dab8,0x00000000d7c00000)
  from space 5120K, 51% used [0x00000000d8100000,0x00000000d838d020,0x00000000d8600000)
  to   space 5120K, 0% used [0x00000000d7c00000,0x00000000d7c00000,0x00000000d8100000)
 ParOldGen       total 87552K, used 17486K [0x0000000081200000, 0x0000000086780000, 0x00000000d5b80000)
  object space 87552K, 19% used [0x0000000081200000,0x0000000082313bd8,0x0000000086780000)
 Metaspace       used 11740K, capacity 11938K, committed 12160K, reserved 1060864K
  class space    used 1460K, capacity 1543K, committed 1664K, reserved 1048576K
GC Heap History (8 events):
Event: 6.043 GC heap before
{Heap before GC invocations=1 (full 0):
 PSYoungGen      total 38400K, used 33280K [0x00000000d5b80000, 0x00000000d8600000, 0x0000000100000000)
  eden space 33280K, 100% used [0x00000000d5b80000,0x00000000d7c00000,0x00000000d7c00000)
  from space 5120K, 0% used [0x00000000d8100000,0x00000000d8100000,0x00000000d8600000)
  to   space 5120K, 0% used [0x00000000d7c00000,0x00000000d7c00000,0x00000000d8100000)
 ParOldGen       total 87552K, used 0K [0x0000000081200000, 0x0000000086780000, 0x00000000d5b80000)
  object space 87552K, 0% used [0x0000000081200000,0x0000000081200000,0x0000000086780000)
 Metaspace       used 11598K, capacity 11810K, committed 12160K, reserved 1060864K
  class space    used 1458K, capacity 1543K, committed 1664K, reserved 1048576K
Event: 6.055 GC heap after
Heap after GC invocations=1 (full 0):
 PSYoungGen      total 38400K, used 2800K [0x00000000d5b80000, 0x00000000d8600000, 0x0000000100000000)
  eden space 33280K, 0% used [0x00000000d5b80000,0x00000000d5b80000,0x00000000d7c00000)
  from space 5120K, 54% used [0x00000000d7c00000,0x00000000d7ebc1a0,0x00000000d8100000)
  to   space 5120K, 0% used [0x00000000d8100000,0x00000000d8100000,0x00000000d8600000)
 ParOldGen       total 87552K, used 16562K [0x0000000081200000, 0x0000000086780000, 0x00000000d5b80000)
  object space 87552K, 18% used [0x0000000081200000,0x000000008222cbc8,0x0000000086780000)
 Metaspace       used 11598K, capacity 11810K, committed 12160K, reserved 1060864K
  class space    used 1458K, capacity 1543K, committed 1664K, reserved 1048576K
}
Event: 7.826 GC heap before
{Heap before GC invocations=2 (full 0):
 PSYoungGen      total 38400K, used 36080K [0x00000000d5b80000, 0x00000000d8600000, 0x0000000100000000)
  eden space 33280K, 100% used [0x00000000d5b80000,0x00000000d7c00000,0x00000000d7c00000)
  from space 5120K, 54% used [0x00000000d7c00000,0x00000000d7ebc1a0,0x00000000d8100000)
  to   space 5120K, 0% used [0x00000000d8100000,0x00000000d8100000,0x00000000d8600000)
 ParOldGen       total 87552K, used 16562K [0x0000000081200000, 0x0000000086780000, 0x00000000d5b80000)
  object space 87552K, 18% used [0x0000000081200000,0x000000008222cbc8,0x0000000086780000)
 Metaspace       used 11676K, capacity 11874K, committed 12160K, reserved 1060864K
  class space    used 1458K, capacity 1543K, committed 1664K, reserved 1048576K
Event: 7.829 GC heap after
Heap after GC invocations=2 (full 0):
 PSYoungGen      total 38400K, used 4832K [0x00000000d5b80000, 0x00000000d8600000, 0x0000000100000000)
  eden space 33280K, 0% used [0x00000000d5b80000,0x00000000d5b80000,0x00000000d7c00000)
  from space 5120K, 94% used [0x00000000d8100000,0x00000000d85b8128,0x00000000d8600000)
  to   space 5120K, 0% used [0x00000000d7c00000,0x00000000d7c00000,0x00000000d8100000)
 ParOldGen       total 87552K, used 17470K [0x0000000081200000, 0x0000000086780000, 0x00000000d5b80000)
  object space 87552K, 19% used [0x0000000081200000,0x000000008230fbd8,0x0000000086780000)
 Metaspace       used 11676K, capacity 11874K, committed 12160K, reserved 1060864K
  class space    used 1458K, capacity 1543K, committed 1664K, reserved 1048576K
}
Event: 9.099 GC heap before
{Heap before GC invocations=3 (full 0):
 PSYoungGen      total 38400K, used 37835K [0x00000000d5b80000, 0x00000000d8600000, 0x0000000100000000)
  eden space 33280K, 99% used [0x00000000d5b80000,0x00000000d7bbaca0,0x00000000d7c00000)
  from space 5120K, 94% used [0x00000000d8100000,0x00000000d85b8128,0x00000000d8600000)
  to   space 5120K, 0% used [0x00000000d7c00000,0x00000000d7c00000,0x00000000d8100000)
 ParOldGen       total 87552K, used 17470K [0x0000000081200000, 0x0000000086780000, 0x00000000d5b80000)
  object space 87552K, 19% used [0x0000000081200000,0x000000008230fbd8,0x0000000086780000)
 Metaspace       used 11706K, capacity 11874K, committed 12160K, reserved 1060864K
  class space    used 1459K, capacity 1543K, committed 1664K, reserved 1048576K
Event: 9.102 GC heap after
Heap after GC invocations=3 (full 0):
 PSYoungGen      total 38400K, used 3048K [0x00000000d5b80000, 0x00000000d8600000, 0x0000000100000000)
  eden space 33280K, 0% used [0x00000000d5b80000,0x00000000d5b80000,0x00000000d7c00000)
  from space 5120K, 59% used [0x00000000d7c00000,0x00000000d7efa330,0x00000000d8100000)
  to   space 5120K, 0% used [0x00000000d8100000,0x00000000d8100000,0x00000000d8600000)
 ParOldGen       total 87552K, used 17478K [0x0000000081200000, 0x0000000086780000, 0x00000000d5b80000)
  object space 87552K, 19% used [0x0000000081200000,0x0000000082311bd8,0x0000000086780000)
 Metaspace       used 11706K, capacity 11874K, committed 12160K, reserved 1060864K
  class space    used 1459K, capacity 1543K, committed 1664K, reserved 1048576K
}
Event: 10.402 GC heap before
{Heap before GC invocations=4 (full 0):
 PSYoungGen      total 38400K, used 36295K [0x00000000d5b80000, 0x00000000d8600000, 0x0000000100000000)
  eden space 33280K, 99% used [0x00000000d5b80000,0x00000000d7bf7be0,0x00000000d7c00000)
  from space 5120K, 59% used [0x00000000d7c00000,0x00000000d7efa330,0x00000000d8100000)
  to   space 5120K, 0% used [0x00000000d8100000,0x00000000d8100000,0x00000000d8600000)
 ParOldGen       total 87552K, used 17478K [0x0000000081200000, 0x0000000086780000, 0x00000000d5b80000)
  object space 87552K, 19% used [0x0000000081200000,0x0000000082311bd8,0x0000000086780000)
 Metaspace       used 11730K, capacity 11938K, committed 12160K, reserved 1060864K
  class space    used 1459K, capacity 1543K, committed 1664K, reserved 1048576K
Event: 10.404 GC heap after
Heap after GC invocations=4 (full 0):
 PSYoungGen      total 38400K, used 2612K [0x00000000d5b80000, 0x00000000d8600000, 0x0000000100000000)
  eden space 33280K, 0% used [0x00000000d5b80000,0x00000000d5b80000,0x00000000d7c00000)
  from space 5120K, 51% used [0x00000000d8100000,0x00000000d838d020,0x00000000d8600000)
  to   space 5120K, 0% used [0x00000000d7c00000,0x00000000d7c00000,0x00000000d8100000)
 ParOldGen       total 87552K, used 17486K [0x0000000081200000, 0x0000000086780000, 0x00000000d5b80000)
  object space 87552K, 19% used [0x0000000081200000,0x0000000082313bd8,0x0000000086780000)
 Metaspace       used 11730K, capacity 11938K, committed 12160K, reserved 1060864K
  class space    used 1459K, capacity 1543K, committed 1664K, reserved 1048576K
}

