# JRE version: Java(TM) SE Runtime Environment (8.0_131-b11) (build 1.8.0_131-b11)
# Java VM: Java HotSpot(TM) 64-Bit Server VM (25.131-b11 mixed mode windows-amd64 compressed oops)
Heap:
 PSYoungGen      total 25600K, used 4274K [0x00000000d5b80000, 0x00000000d7800000, 0x0000000100000000)
  eden space 22016K, 6% used [0x00000000d5b80000,0x00000000d5ce9bc0,0x00000000d7100000)
  from space 3584K, 78% used [0x00000000d7100000,0x00000000d73c3030,0x00000000d7480000)
  to   space 3584K, 0% used [0x00000000d7480000,0x00000000d7480000,0x00000000d7800000)
 ParOldGen       total 87552K, used 26596K [0x0000000081200000, 0x0000000086780000, 0x00000000d5b80000)
  object space 87552K, 30% used [0x0000000081200000,0x0000000082bf93b8,0x0000000086780000)
 Metaspace       used 13516K, capacity 13780K, committed 14080K, reserved 1060864K
  class space    used 1626K, capacity 1704K, committed 1792K, reserved 1048576K
GC Heap History (10 events):
Event: 272.338 GC heap before
{Heap before GC invocations=209 (full 0):
 PSYoungGen      total 25600K, used 23994K [0x00000000d5b80000, 0x00000000d7800000, 0x0000000100000000)
  eden space 22016K, 96% used [0x00000000d5b80000,0x00000000d702b9f8,0x00000000d7100000)
  from space 3584K, 78% used [0x00000000d7480000,0x00000000d7743030,0x00000000d7800000)
  to   space 3584K, 0% used [0x00000000d7100000,0x00000000d7100000,0x00000000d7480000)
 ParOldGen       total 87552K, used 25616K [0x0000000081200000, 0x0000000086780000, 0x00000000d5b80000)
  object space 87552K, 29% used [0x0000000081200000,0x0000000082b043a8,0x0000000086780000)
 Metaspace       used 13513K, capacity 13780K, committed 14080K, reserved 1060864K
  class space    used 1626K, capacity 1704K, committed 1792K, reserved 1048576K
Event: 272.338 GC heap after
Heap after GC invocations=209 (full 0):
 PSYoungGen      total 25600K, used 1960K [0x00000000d5b80000, 0x00000000d7800000, 0x0000000100000000)
  eden space 22016K, 0% used [0x00000000d5b80000,0x00000000d5b80000,0x00000000d7100000)
  from space 3584K, 54% used [0x00000000d7100000,0x00000000d72ea020,0x00000000d7480000)
  to   space 3584K, 0% used [0x00000000d7480000,0x00000000d7480000,0x00000000d7800000)
 ParOldGen       total 87552K, used 25640K [0x0000000081200000, 0x0000000086780000, 0x00000000d5b80000)
  object space 87552K, 29% used [0x0000000081200000,0x0000000082b0a3a8,0x0000000086780000)
 Metaspace       used 13513K, capacity 13780K, committed 14080K, reserved 1060864K
  class space    used 1626K, capacity 1704K, committed 1792K, reserved 1048576K
}
Event: 273.544 GC heap before
{Heap before GC invocations=210 (full 0):
 PSYoungGen      total 25600K, used 23147K [0x00000000d5b80000, 0x00000000d7800000, 0x0000000100000000)
  eden space 22016K, 96% used [0x00000000d5b80000,0x00000000d7030d58,0x00000000d7100000)
  from space 3584K, 54% used [0x00000000d7100000,0x00000000d72ea020,0x00000000d7480000)
  to   space 3584K, 0% used [0x00000000d7480000,0x00000000d7480000,0x00000000d7800000)
 ParOldGen       total 87552K, used 25640K [0x0000000081200000, 0x0000000086780000, 0x00000000d5b80000)
  object space 87552K, 29% used [0x0000000081200000,0x0000000082b0a3a8,0x0000000086780000)
 Metaspace       used 13513K, capacity 13780K, committed 14080K, reserved 1060864K
  class space    used 1626K, capacity 1704K, committed 1792K, reserved 1048576K
Event: 273.545 GC heap after
Heap after GC invocations=210 (full 0):
 PSYoungGen      total 25600K, used 1960K [0x00000000d5b80000, 0x00000000d7800000, 0x0000000100000000)
  eden space 22016K, 0% used [0x00000000d5b80000,0x00000000d5b80000,0x00000000d7100000)
  from space 3584K, 54% used [0x00000000d7480000,0x00000000d766a020,0x00000000d7800000)
  to   space 3584K, 0% used [0x00000000d7100000,0x00000000d7100000,0x00000000d7480000)
 ParOldGen       total 87552K, used 25656K [0x0000000081200000, 0x0000000086780000, 0x00000000d5b80000)
  object space 87552K, 29% used [0x0000000081200000,0x0000000082b0e3a8,0x0000000086780000)
 Metaspace       used 13513K, capacity 13780K, committed 14080K, reserved 1060864K
  class space    used 1626K, capacity 1704K, committed 1792K, reserved 1048576K
}
Event: 274.651 GC heap before
{Heap before GC invocations=211 (full 0):
 PSYoungGen      total 25600K, used 23123K [0x00000000d5b80000, 0x00000000d7800000, 0x0000000100000000)
  eden space 22016K, 96% used [0x00000000d5b80000,0x00000000d702ae88,0x00000000d7100000)
  from space 3584K, 54% used [0x00000000d7480000,0x00000000d766a020,0x00000000d7800000)
  to   space 3584K, 0% used [0x00000000d7100000,0x00000000d7100000,0x00000000d7480000)
 ParOldGen       total 87552K, used 25656K [0x0000000081200000, 0x0000000086780000, 0x00000000d5b80000)
  object space 87552K, 29% used [0x0000000081200000,0x0000000082b0e3a8,0x0000000086780000)
 Metaspace       used 13513K, capacity 13780K, committed 14080K, reserved 1060864K
  class space    used 1626K, capacity 1704K, committed 1792K, reserved 1048576K
Event: 274.652 GC heap after
Heap after GC invocations=211 (full 0):
 PSYoungGen      total 25600K, used 2860K [0x00000000d5b80000, 0x00000000d7800000, 0x0000000100000000)
  eden space 22016K, 0% used [0x00000000d5b80000,0x00000000d5b80000,0x00000000d7100000)
  from space 3584K, 79% used [0x00000000d7100000,0x00000000d73cb030,0x00000000d7480000)
  to   space 3584K, 0% used [0x00000000d7480000,0x00000000d7480000,0x00000000d7800000)
 ParOldGen       total 87552K, used 25672K [0x0000000081200000, 0x0000000086780000, 0x00000000d5b80000)
  object space 87552K, 29% used [0x0000000081200000,0x0000000082b123a8,0x0000000086780000)
 Metaspace       used 13513K, capacity 13780K, committed 14080K, reserved 1060864K
  class space    used 1626K, capacity 1704K, committed 1792K, reserved 1048576K
}
Event: 275.861 GC heap before
{Heap before GC invocations=212 (full 0):
 PSYoungGen      total 25600K, used 24062K [0x00000000d5b80000, 0x00000000d7800000, 0x0000000100000000)
  eden space 22016K, 96% used [0x00000000d5b80000,0x00000000d7034810,0x00000000d7100000)
  from space 3584K, 79% used [0x00000000d7100000,0x00000000d73cb030,0x00000000d7480000)
  to   space 3584K, 0% used [0x00000000d7480000,0x00000000d7480000,0x00000000d7800000)
 ParOldGen       total 87552K, used 25672K [0x0000000081200000, 0x0000000086780000, 0x00000000d5b80000)
  object space 87552K, 29% used [0x0000000081200000,0x0000000082b123a8,0x0000000086780000)
 Metaspace       used 13516K, capacity 13780K, committed 14080K, reserved 1060864K
  class space    used 1626K, capacity 1704K, committed 1792K, reserved 1048576K
Event: 275.862 GC heap after
Heap after GC invocations=212 (full 0):
 PSYoungGen      total 25600K, used 2828K [0x00000000d5b80000, 0x00000000d7800000, 0x0000000100000000)
  eden space 22016K, 0% used [0x00000000d5b80000,0x00000000d5b80000,0x00000000d7100000)
  from space 3584K, 78% used [0x00000000d7480000,0x00000000d7743030,0x00000000d7800000)
  to   space 3584K, 0% used [0x00000000d7100000,0x00000000d7100000,0x00000000d7480000)
 ParOldGen       total 87552K, used 25680K [0x0000000081200000, 0x0000000086780000, 0x00000000d5b80000)
  object space 87552K, 29% used [0x0000000081200000,0x0000000082b143a8,0x0000000086780000)
 Metaspace       used 13516K, capacity 13780K, committed 14080K, reserved 1060864K
  class space    used 1626K, capacity 1704K, committed 1792K, reserved 1048576K
}
Event: 276.973 GC heap before
{Heap before GC invocations=213 (full 0):
 PSYoungGen      total 25600K, used 23989K [0x00000000d5b80000, 0x00000000d7800000, 0x0000000100000000)
  eden space 22016K, 96% used [0x00000000d5b80000,0x00000000d702a498,0x00000000d7100000)
  from space 3584K, 78% used [0x00000000d7480000,0x00000000d7743030,0x00000000d7800000)
  to   space 3584K, 0% used [0x00000000d7100000,0x00000000d7100000,0x00000000d7480000)
 ParOldGen       total 87552K, used 25680K [0x0000000081200000, 0x0000000086780000, 0x00000000d5b80000)
  object space 87552K, 29% used [0x0000000081200000,0x0000000082b143a8,0x0000000086780000)
 Metaspace       used 13516K, capacity 13780K, committed 14080K, reserved 1060864K
  class space    used 1626K, capacity 1704K, committed 1792K, reserved 1048576K
Event: 276.974 GC heap after
Heap after GC invocations=213 (full 0):
 PSYoungGen      total 25600K, used 2828K [0x00000000d5b80000, 0x00000000d7800000, 0x0000000100000000)
  eden space 22016K, 0% used [0x00000000d5b80000,0x00000000d5b80000,0x00000000d7100000)
  from space 3584K, 78% used [0x00000000d7100000,0x00000000d73c3030,0x00000000d7480000)
  to   space 3584K, 0% used [0x00000000d7480000,0x00000000d7480000,0x00000000d7800000)
 ParOldGen       total 87552K, used 26596K [0x0000000081200000, 0x0000000086780000, 0x00000000d5b80000)
  object space 87552K, 30% used [0x0000000081200000,0x0000000082bf93b8,0x0000000086780000)
 Metaspace       used 13516K, capacity 13780K, committed 14080K, reserved 1060864K
  class space    used 1626K, capacity 1704K, committed 1792K, reserved 1048576K
}

