# JRE version: Java(TM) SE Runtime Environment (8.0_131-b11) (build 1.8.0_131-b11)
# Java VM: Java HotSpot(TM) 64-Bit Server VM (25.131-b11 mixed mode windows-amd64 compressed oops)
Heap:
 PSYoungGen      total 30208K, used 9717K [0x00000000d5b80000, 0x00000000d8480000, 0x0000000100000000)
  eden space 25600K, 21% used [0x00000000d5b80000,0x00000000d60f29d0,0x00000000d7480000)
  from space 4608K, 89% used [0x00000000d7500000,0x00000000d790aa38,0x00000000d7980000)
  to   space 8192K, 0% used [0x00000000d7c80000,0x00000000d7c80000,0x00000000d8480000)
 ParOldGen       total 87552K, used 23142K [0x0000000081200000, 0x0000000086780000, 0x00000000d5b80000)
  object space 87552K, 26% used [0x0000000081200000,0x0000000082899b90,0x0000000086780000)
 Metaspace       used 13346K, capacity 13580K, committed 13824K, reserved 1060864K
  class space    used 1645K, capacity 1704K, committed 1792K, reserved 1048576K
GC Heap History (10 events):
Event: 22.415 GC heap before
{Heap before GC invocations=15 (full 0):
 PSYoungGen      total 34816K, used 33231K [0x00000000d5b80000, 0x00000000d8600000, 0x0000000100000000)
  eden space 28160K, 100% used [0x00000000d5b80000,0x00000000d7700000,0x00000000d7700000)
  from space 6656K, 76% used [0x00000000d7f80000,0x00000000d8473d18,0x00000000d8600000)
  to   space 7680K, 0% used [0x00000000d7700000,0x00000000d7700000,0x00000000d7e80000)
 ParOldGen       total 87552K, used 23086K [0x0000000081200000, 0x0000000086780000, 0x00000000d5b80000)
  object space 87552K, 26% used [0x0000000081200000,0x000000008288bb90,0x0000000086780000)
 Metaspace       used 13320K, capacity 13516K, committed 13824K, reserved 1060864K
  class space    used 1643K, capacity 1704K, committed 1792K, reserved 1048576K
Event: 22.417 GC heap after
Heap after GC invocations=15 (full 0):
 PSYoungGen      total 33792K, used 5938K [0x00000000d5b80000, 0x00000000d8580000, 0x0000000100000000)
  eden space 27648K, 0% used [0x00000000d5b80000,0x00000000d5b80000,0x00000000d7680000)
  from space 6144K, 96% used [0x00000000d7700000,0x00000000d7cccb08,0x00000000d7d00000)
  to   space 7680K, 0% used [0x00000000d7e00000,0x00000000d7e00000,0x00000000d8580000)
 ParOldGen       total 87552K, used 23094K [0x0000000081200000, 0x0000000086780000, 0x00000000d5b80000)
  object space 87552K, 26% used [0x0000000081200000,0x000000008288db90,0x0000000086780000)
 Metaspace       used 13320K, capacity 13516K, committed 13824K, reserved 1060864K
  class space    used 1643K, capacity 1704K, committed 1792K, reserved 1048576K
}
Event: 23.132 GC heap before
{Heap before GC invocations=16 (full 0):
 PSYoungGen      total 33792K, used 33586K [0x00000000d5b80000, 0x00000000d8580000, 0x0000000100000000)
  eden space 27648K, 100% used [0x00000000d5b80000,0x00000000d7680000,0x00000000d7680000)
  from space 6144K, 96% used [0x00000000d7700000,0x00000000d7cccb08,0x00000000d7d00000)
  to   space 7680K, 0% used [0x00000000d7e00000,0x00000000d7e00000,0x00000000d8580000)
 ParOldGen       total 87552K, used 23094K [0x0000000081200000, 0x0000000086780000, 0x00000000d5b80000)
  object space 87552K, 26% used [0x0000000081200000,0x000000008288db90,0x0000000086780000)
 Metaspace       used 13326K, capacity 13516K, committed 13824K, reserved 1060864K
  class space    used 1643K, capacity 1704K, committed 1792K, reserved 1048576K
Event: 23.134 GC heap after
Heap after GC invocations=16 (full 0):
 PSYoungGen      total 34304K, used 4138K [0x00000000d5b80000, 0x00000000d8500000, 0x0000000100000000)
  eden space 27136K, 0% used [0x00000000d5b80000,0x00000000d5b80000,0x00000000d7600000)
  from space 7168K, 57% used [0x00000000d7e00000,0x00000000d820ab00,0x00000000d8500000)
  to   space 7680K, 0% used [0x00000000d7600000,0x00000000d7600000,0x00000000d7d80000)
 ParOldGen       total 87552K, used 23110K [0x0000000081200000, 0x0000000086780000, 0x00000000d5b80000)
  object space 87552K, 26% used [0x0000000081200000,0x0000000082891b90,0x0000000086780000)
 Metaspace       used 13326K, capacity 13516K, committed 13824K, reserved 1060864K
  class space    used 1643K, capacity 1704K, committed 1792K, reserved 1048576K
}
Event: 23.840 GC heap before
{Heap before GC invocations=17 (full 0):
 PSYoungGen      total 34304K, used 31274K [0x00000000d5b80000, 0x00000000d8500000, 0x0000000100000000)
  eden space 27136K, 100% used [0x00000000d5b80000,0x00000000d7600000,0x00000000d7600000)
  from space 7168K, 57% used [0x00000000d7e00000,0x00000000d820ab00,0x00000000d8500000)
  to   space 7680K, 0% used [0x00000000d7600000,0x00000000d7600000,0x00000000d7d80000)
 ParOldGen       total 87552K, used 23110K [0x0000000081200000, 0x0000000086780000, 0x00000000d5b80000)
  object space 87552K, 26% used [0x0000000081200000,0x0000000082891b90,0x0000000086780000)
 Metaspace       used 13327K, capacity 13516K, committed 13824K, reserved 1060864K
  class space    used 1643K, capacity 1704K, committed 1792K, reserved 1048576K
Event: 23.841 GC heap after
Heap after GC invocations=17 (full 0):
 PSYoungGen      total 34304K, used 3206K [0x00000000d5b80000, 0x00000000d8580000, 0x0000000100000000)
  eden space 26624K, 0% used [0x00000000d5b80000,0x00000000d5b80000,0x00000000d7580000)
  from space 7680K, 41% used [0x00000000d7600000,0x00000000d7921b08,0x00000000d7d80000)
  to   space 8192K, 0% used [0x00000000d7d80000,0x00000000d7d80000,0x00000000d8580000)
 ParOldGen       total 87552K, used 23118K [0x0000000081200000, 0x0000000086780000, 0x00000000d5b80000)
  object space 87552K, 26% used [0x0000000081200000,0x0000000082893b90,0x0000000086780000)
 Metaspace       used 13327K, capacity 13516K, committed 13824K, reserved 1060864K
  class space    used 1643K, capacity 1704K, committed 1792K, reserved 1048576K
}
Event: 24.523 GC heap before
{Heap before GC invocations=18 (full 0):
 PSYoungGen      total 34304K, used 29830K [0x00000000d5b80000, 0x00000000d8580000, 0x0000000100000000)
  eden space 26624K, 100% used [0x00000000d5b80000,0x00000000d7580000,0x00000000d7580000)
  from space 7680K, 41% used [0x00000000d7600000,0x00000000d7921b08,0x00000000d7d80000)
  to   space 8192K, 0% used [0x00000000d7d80000,0x00000000d7d80000,0x00000000d8580000)
 ParOldGen       total 87552K, used 23118K [0x0000000081200000, 0x0000000086780000, 0x00000000d5b80000)
  object space 87552K, 26% used [0x0000000081200000,0x0000000082893b90,0x0000000086780000)
 Metaspace       used 13337K, capacity 13580K, committed 13824K, reserved 1060864K
  class space    used 1643K, capacity 1704K, committed 1792K, reserved 1048576K
Event: 24.524 GC heap after
Heap after GC invocations=18 (full 0):
 PSYoungGen      total 33792K, used 6838K [0x00000000d5b80000, 0x00000000d8500000, 0x0000000100000000)
  eden space 26112K, 0% used [0x00000000d5b80000,0x00000000d5b80000,0x00000000d7500000)
  from space 7680K, 89% used [0x00000000d7d80000,0x00000000d842dba0,0x00000000d8500000)
  to   space 8192K, 0% used [0x00000000d7500000,0x00000000d7500000,0x00000000d7d00000)
 ParOldGen       total 87552K, used 23134K [0x0000000081200000, 0x0000000086780000, 0x00000000d5b80000)
  object space 87552K, 26% used [0x0000000081200000,0x0000000082897b90,0x0000000086780000)
 Metaspace       used 13337K, capacity 13580K, committed 13824K, reserved 1060864K
  class space    used 1643K, capacity 1704K, committed 1792K, reserved 1048576K
}
Event: 25.217 GC heap before
{Heap before GC invocations=19 (full 0):
 PSYoungGen      total 33792K, used 32385K [0x00000000d5b80000, 0x00000000d8500000, 0x0000000100000000)
  eden space 26112K, 97% used [0x00000000d5b80000,0x00000000d7472ad0,0x00000000d7500000)
  from space 7680K, 89% used [0x00000000d7d80000,0x00000000d842dba0,0x00000000d8500000)
  to   space 8192K, 0% used [0x00000000d7500000,0x00000000d7500000,0x00000000d7d00000)
 ParOldGen       total 87552K, used 23134K [0x0000000081200000, 0x0000000086780000, 0x00000000d5b80000)
  object space 87552K, 26% used [0x0000000081200000,0x0000000082897b90,0x0000000086780000)
 Metaspace       used 13338K, capacity 13580K, committed 13824K, reserved 1060864K
  class space    used 1643K, capacity 1704K, committed 1792K, reserved 1048576K
Event: 25.218 GC heap after
Heap after GC invocations=19 (full 0):
 PSYoungGen      total 30208K, used 4138K [0x00000000d5b80000, 0x00000000d8480000, 0x0000000100000000)
  eden space 25600K, 0% used [0x00000000d5b80000,0x00000000d5b80000,0x00000000d7480000)
  from space 4608K, 89% used [0x00000000d7500000,0x00000000d790aa38,0x00000000d7980000)
  to   space 8192K, 0% used [0x00000000d7c80000,0x00000000d7c80000,0x00000000d8480000)
 ParOldGen       total 87552K, used 23142K [0x0000000081200000, 0x0000000086780000, 0x00000000d5b80000)
  object space 87552K, 26% used [0x0000000081200000,0x0000000082899b90,0x0000000086780000)
 Metaspace       used 13338K, capacity 13580K, committed 13824K, reserved 1060864K
  class space    used 1643K, capacity 1704K, committed 1792K, reserved 1048576K
}

