# JRE version: Java(TM) SE Runtime Environment (8.0_131-b11) (build 1.8.0_131-b11)
# Java VM: Java HotSpot(TM) 64-Bit Server VM (25.131-b11 mixed mode windows-amd64 compressed oops)
Heap:
 PSYoungGen      total 28672K, used 5321K [0x00000000d5b80000, 0x00000000d7c00000, 0x0000000100000000)
  eden space 24064K, 10% used [0x00000000d5b80000,0x00000000d5def688,0x00000000d7300000)
  from space 4608K, 61% used [0x00000000d7300000,0x00000000d75c3030,0x00000000d7780000)
  to   space 4608K, 0% used [0x00000000d7780000,0x00000000d7780000,0x00000000d7c00000)
 ParOldGen       total 87552K, used 19314K [0x0000000081200000, 0x0000000086780000, 0x00000000d5b80000)
  object space 87552K, 22% used [0x0000000081200000,0x00000000824dc918,0x0000000086780000)
 Metaspace       used 12808K, capacity 13012K, committed 13184K, reserved 1060864K
  class space    used 1555K, capacity 1640K, committed 1664K, reserved 1048576K
GC Heap History (10 events):
Event: 60.906 GC heap before
{Heap before GC invocations=35 (full 0):
 PSYoungGen      total 29184K, used 26945K [0x00000000d5b80000, 0x00000000d7d00000, 0x0000000100000000)
  eden space 24064K, 96% used [0x00000000d5b80000,0x00000000d722c790,0x00000000d7300000)
  from space 5120K, 72% used [0x00000000d7800000,0x00000000d7ba4040,0x00000000d7d00000)
  to   space 5120K, 0% used [0x00000000d7300000,0x00000000d7300000,0x00000000d7800000)
 ParOldGen       total 87552K, used 19202K [0x0000000081200000, 0x0000000086780000, 0x00000000d5b80000)
  object space 87552K, 21% used [0x0000000081200000,0x00000000824c0918,0x0000000086780000)
 Metaspace       used 12770K, capacity 12948K, committed 13184K, reserved 1060864K
  class space    used 1555K, capacity 1640K, committed 1664K, reserved 1048576K
Event: 60.907 GC heap after
Heap after GC invocations=35 (full 0):
 PSYoungGen      total 29184K, used 2828K [0x00000000d5b80000, 0x00000000d7d00000, 0x0000000100000000)
  eden space 24064K, 0% used [0x00000000d5b80000,0x00000000d5b80000,0x00000000d7300000)
  from space 5120K, 55% used [0x00000000d7300000,0x00000000d75c3030,0x00000000d7800000)
  to   space 5120K, 0% used [0x00000000d7800000,0x00000000d7800000,0x00000000d7d00000)
 ParOldGen       total 87552K, used 19218K [0x0000000081200000, 0x0000000086780000, 0x00000000d5b80000)
  object space 87552K, 21% used [0x0000000081200000,0x00000000824c4918,0x0000000086780000)
 Metaspace       used 12770K, capacity 12948K, committed 13184K, reserved 1060864K
  class space    used 1555K, capacity 1640K, committed 1664K, reserved 1048576K
}
Event: 62.217 GC heap before
{Heap before GC invocations=36 (full 0):
 PSYoungGen      total 29184K, used 26861K [0x00000000d5b80000, 0x00000000d7d00000, 0x0000000100000000)
  eden space 24064K, 99% used [0x00000000d5b80000,0x00000000d72f87b8,0x00000000d7300000)
  from space 5120K, 55% used [0x00000000d7300000,0x00000000d75c3030,0x00000000d7800000)
  to   space 5120K, 0% used [0x00000000d7800000,0x00000000d7800000,0x00000000d7d00000)
 ParOldGen       total 87552K, used 19218K [0x0000000081200000, 0x0000000086780000, 0x00000000d5b80000)
  object space 87552K, 21% used [0x0000000081200000,0x00000000824c4918,0x0000000086780000)
 Metaspace       used 12785K, capacity 12948K, committed 13184K, reserved 1060864K
  class space    used 1555K, capacity 1640K, committed 1664K, reserved 1048576K
Event: 62.218 GC heap after
Heap after GC invocations=36 (full 0):
 PSYoungGen      total 29184K, used 2828K [0x00000000d5b80000, 0x00000000d7d00000, 0x0000000100000000)
  eden space 24064K, 0% used [0x00000000d5b80000,0x00000000d5b80000,0x00000000d7300000)
  from space 5120K, 55% used [0x00000000d7800000,0x00000000d7ac3030,0x00000000d7d00000)
  to   space 5120K, 0% used [0x00000000d7300000,0x00000000d7300000,0x00000000d7800000)
 ParOldGen       total 87552K, used 19234K [0x0000000081200000, 0x0000000086780000, 0x00000000d5b80000)
  object space 87552K, 21% used [0x0000000081200000,0x00000000824c8918,0x0000000086780000)
 Metaspace       used 12785K, capacity 12948K, committed 13184K, reserved 1060864K
  class space    used 1555K, capacity 1640K, committed 1664K, reserved 1048576K
}
Event: 68.062 GC heap before
{Heap before GC invocations=37 (full 0):
 PSYoungGen      total 29184K, used 26892K [0x00000000d5b80000, 0x00000000d7d00000, 0x0000000100000000)
  eden space 24064K, 100% used [0x00000000d5b80000,0x00000000d7300000,0x00000000d7300000)
  from space 5120K, 55% used [0x00000000d7800000,0x00000000d7ac3030,0x00000000d7d00000)
  to   space 5120K, 0% used [0x00000000d7300000,0x00000000d7300000,0x00000000d7800000)
 ParOldGen       total 87552K, used 19234K [0x0000000081200000, 0x0000000086780000, 0x00000000d5b80000)
  object space 87552K, 21% used [0x0000000081200000,0x00000000824c8918,0x0000000086780000)
 Metaspace       used 12800K, capacity 13012K, committed 13184K, reserved 1060864K
  class space    used 1555K, capacity 1640K, committed 1664K, reserved 1048576K
Event: 68.063 GC heap after
Heap after GC invocations=37 (full 0):
 PSYoungGen      total 27136K, used 2860K [0x00000000d5b80000, 0x00000000d7c00000, 0x0000000100000000)
  eden space 24064K, 0% used [0x00000000d5b80000,0x00000000d5b80000,0x00000000d7300000)
  from space 3072K, 93% used [0x00000000d7300000,0x00000000d75cb030,0x00000000d7600000)
  to   space 4608K, 0% used [0x00000000d7780000,0x00000000d7780000,0x00000000d7c00000)
 ParOldGen       total 87552K, used 19258K [0x0000000081200000, 0x0000000086780000, 0x00000000d5b80000)
  object space 87552K, 21% used [0x0000000081200000,0x00000000824ce918,0x0000000086780000)
 Metaspace       used 12800K, capacity 13012K, committed 13184K, reserved 1060864K
  class space    used 1555K, capacity 1640K, committed 1664K, reserved 1048576K
}
Event: 73.136 GC heap before
{Heap before GC invocations=38 (full 0):
 PSYoungGen      total 27136K, used 26805K [0x00000000d5b80000, 0x00000000d7c00000, 0x0000000100000000)
  eden space 24064K, 99% used [0x00000000d5b80000,0x00000000d72e2590,0x00000000d7300000)
  from space 3072K, 93% used [0x00000000d7300000,0x00000000d75cb030,0x00000000d7600000)
  to   space 4608K, 0% used [0x00000000d7780000,0x00000000d7780000,0x00000000d7c00000)
 ParOldGen       total 87552K, used 19258K [0x0000000081200000, 0x0000000086780000, 0x00000000d5b80000)
  object space 87552K, 21% used [0x0000000081200000,0x00000000824ce918,0x0000000086780000)
 Metaspace       used 12804K, capacity 13012K, committed 13184K, reserved 1060864K
  class space    used 1555K, capacity 1640K, committed 1664K, reserved 1048576K
Event: 73.137 GC heap after
Heap after GC invocations=38 (full 0):
 PSYoungGen      total 28672K, used 2828K [0x00000000d5b80000, 0x00000000d7c00000, 0x0000000100000000)
  eden space 24064K, 0% used [0x00000000d5b80000,0x00000000d5b80000,0x00000000d7300000)
  from space 4608K, 61% used [0x00000000d7780000,0x00000000d7a43030,0x00000000d7c00000)
  to   space 4608K, 0% used [0x00000000d7300000,0x00000000d7300000,0x00000000d7780000)
 ParOldGen       total 87552K, used 19290K [0x0000000081200000, 0x0000000086780000, 0x00000000d5b80000)
  object space 87552K, 22% used [0x0000000081200000,0x00000000824d6918,0x0000000086780000)
 Metaspace       used 12804K, capacity 13012K, committed 13184K, reserved 1060864K
  class space    used 1555K, capacity 1640K, committed 1664K, reserved 1048576K
}
Event: 76.664 GC heap before
{Heap before GC invocations=39 (full 0):
 PSYoungGen      total 28672K, used 26748K [0x00000000d5b80000, 0x00000000d7c00000, 0x0000000100000000)
  eden space 24064K, 99% used [0x00000000d5b80000,0x00000000d72dc308,0x00000000d7300000)
  from space 4608K, 61% used [0x00000000d7780000,0x00000000d7a43030,0x00000000d7c00000)
  to   space 4608K, 0% used [0x00000000d7300000,0x00000000d7300000,0x00000000d7780000)
 ParOldGen       total 87552K, used 19290K [0x0000000081200000, 0x0000000086780000, 0x00000000d5b80000)
  object space 87552K, 22% used [0x0000000081200000,0x00000000824d6918,0x0000000086780000)
 Metaspace       used 12804K, capacity 13012K, committed 13184K, reserved 1060864K
  class space    used 1555K, capacity 1640K, committed 1664K, reserved 1048576K
Event: 76.664 GC heap after
Heap after GC invocations=39 (full 0):
 PSYoungGen      total 28672K, used 2828K [0x00000000d5b80000, 0x00000000d7c00000, 0x0000000100000000)
  eden space 24064K, 0% used [0x00000000d5b80000,0x00000000d5b80000,0x00000000d7300000)
  from space 4608K, 61% used [0x00000000d7300000,0x00000000d75c3030,0x00000000d7780000)
  to   space 4608K, 0% used [0x00000000d7780000,0x00000000d7780000,0x00000000d7c00000)
 ParOldGen       total 87552K, used 19314K [0x0000000081200000, 0x0000000086780000, 0x00000000d5b80000)
  object space 87552K, 22% used [0x0000000081200000,0x00000000824dc918,0x0000000086780000)
 Metaspace       used 12804K, capacity 13012K, committed 13184K, reserved 1060864K
  class space    used 1555K, capacity 1640K, committed 1664K, reserved 1048576K
}

