# JRE version: Java(TM) SE Runtime Environment (8.0_131-b11) (build 1.8.0_131-b11)
# Java VM: Java HotSpot(TM) 64-Bit Server VM (25.131-b11 mixed mode windows-amd64 compressed oops)
Heap:
 PSYoungGen      total 27648K, used 17500K [0x00000000d5b80000, 0x00000000d7a80000, 0x0000000100000000)
  eden space 23552K, 60% used [0x00000000d5b80000,0x00000000d6967348,0x00000000d7280000)
  from space 4096K, 79% used [0x00000000d7680000,0x00000000d79affe8,0x00000000d7a80000)
  to   space 4096K, 0% used [0x00000000d7280000,0x00000000d7280000,0x00000000d7680000)
 ParOldGen       total 87552K, used 19834K [0x0000000081200000, 0x0000000086780000, 0x00000000d5b80000)
  object space 87552K, 22% used [0x0000000081200000,0x000000008255e838,0x0000000086780000)
 Metaspace       used 13759K, capacity 13940K, committed 14080K, reserved 1060864K
  class space    used 1657K, capacity 1736K, committed 1792K, reserved 1048576K
GC Heap History (10 events):
Event: 59.255 GC heap before
{Heap before GC invocations=68 (full 0):
 PSYoungGen      total 28160K, used 26194K [0x00000000d5b80000, 0x00000000d7b80000, 0x0000000100000000)
  eden space 23552K, 97% used [0x00000000d5b80000,0x00000000d71dcb70,0x00000000d7280000)
  from space 4608K, 71% used [0x00000000d7280000,0x00000000d75b8088,0x00000000d7700000)
  to   space 4608K, 0% used [0x00000000d7700000,0x00000000d7700000,0x00000000d7b80000)
 ParOldGen       total 87552K, used 19770K [0x0000000081200000, 0x0000000086780000, 0x00000000d5b80000)
  object space 87552K, 22% used [0x0000000081200000,0x000000008254e838,0x0000000086780000)
 Metaspace       used 13747K, capacity 13940K, committed 14080K, reserved 1060864K
  class space    used 1655K, capacity 1736K, committed 1792K, reserved 1048576K
Event: 59.256 GC heap after
Heap after GC invocations=68 (full 0):
 PSYoungGen      total 28160K, used 3264K [0x00000000d5b80000, 0x00000000d7b80000, 0x0000000100000000)
  eden space 23552K, 0% used [0x00000000d5b80000,0x00000000d5b80000,0x00000000d7280000)
  from space 4608K, 70% used [0x00000000d7700000,0x00000000d7a30188,0x00000000d7b80000)
  to   space 4608K, 0% used [0x00000000d7280000,0x00000000d7280000,0x00000000d7700000)
 ParOldGen       total 87552K, used 19786K [0x0000000081200000, 0x0000000086780000, 0x00000000d5b80000)
  object space 87552K, 22% used [0x0000000081200000,0x0000000082552838,0x0000000086780000)
 Metaspace       used 13747K, capacity 13940K, committed 14080K, reserved 1060864K
  class space    used 1655K, capacity 1736K, committed 1792K, reserved 1048576K
}
Event: 59.925 GC heap before
{Heap before GC invocations=69 (full 0):
 PSYoungGen      total 28160K, used 26159K [0x00000000d5b80000, 0x00000000d7b80000, 0x0000000100000000)
  eden space 23552K, 97% used [0x00000000d5b80000,0x00000000d71dbe68,0x00000000d7280000)
  from space 4608K, 70% used [0x00000000d7700000,0x00000000d7a30188,0x00000000d7b80000)
  to   space 4608K, 0% used [0x00000000d7280000,0x00000000d7280000,0x00000000d7700000)
 ParOldGen       total 87552K, used 19786K [0x0000000081200000, 0x0000000086780000, 0x00000000d5b80000)
  object space 87552K, 22% used [0x0000000081200000,0x0000000082552838,0x0000000086780000)
 Metaspace       used 13747K, capacity 13940K, committed 14080K, reserved 1060864K
  class space    used 1655K, capacity 1736K, committed 1792K, reserved 1048576K
Event: 59.926 GC heap after
Heap after GC invocations=69 (full 0):
 PSYoungGen      total 28160K, used 3263K [0x00000000d5b80000, 0x00000000d7b80000, 0x0000000100000000)
  eden space 23552K, 0% used [0x00000000d5b80000,0x00000000d5b80000,0x00000000d7280000)
  from space 4608K, 70% used [0x00000000d7280000,0x00000000d75afee8,0x00000000d7700000)
  to   space 4608K, 0% used [0x00000000d7700000,0x00000000d7700000,0x00000000d7b80000)
 ParOldGen       total 87552K, used 19794K [0x0000000081200000, 0x0000000086780000, 0x00000000d5b80000)
  object space 87552K, 22% used [0x0000000081200000,0x0000000082554838,0x0000000086780000)
 Metaspace       used 13747K, capacity 13940K, committed 14080K, reserved 1060864K
  class space    used 1655K, capacity 1736K, committed 1792K, reserved 1048576K
}
Event: 60.622 GC heap before
{Heap before GC invocations=70 (full 0):
 PSYoungGen      total 28160K, used 26147K [0x00000000d5b80000, 0x00000000d7b80000, 0x0000000100000000)
  eden space 23552K, 97% used [0x00000000d5b80000,0x00000000d71d8fa0,0x00000000d7280000)
  from space 4608K, 70% used [0x00000000d7280000,0x00000000d75afee8,0x00000000d7700000)
  to   space 4608K, 0% used [0x00000000d7700000,0x00000000d7700000,0x00000000d7b80000)
 ParOldGen       total 87552K, used 19794K [0x0000000081200000, 0x0000000086780000, 0x00000000d5b80000)
  object space 87552K, 22% used [0x0000000081200000,0x0000000082554838,0x0000000086780000)
 Metaspace       used 13752K, capacity 13940K, committed 14080K, reserved 1060864K
  class space    used 1655K, capacity 1736K, committed 1792K, reserved 1048576K
Event: 60.623 GC heap after
Heap after GC invocations=70 (full 0):
 PSYoungGen      total 28160K, used 3263K [0x00000000d5b80000, 0x00000000d7b80000, 0x0000000100000000)
  eden space 23552K, 0% used [0x00000000d5b80000,0x00000000d5b80000,0x00000000d7280000)
  from space 4608K, 70% used [0x00000000d7700000,0x00000000d7a2fe10,0x00000000d7b80000)
  to   space 4608K, 0% used [0x00000000d7280000,0x00000000d7280000,0x00000000d7700000)
 ParOldGen       total 87552K, used 19810K [0x0000000081200000, 0x0000000086780000, 0x00000000d5b80000)
  object space 87552K, 22% used [0x0000000081200000,0x0000000082558838,0x0000000086780000)
 Metaspace       used 13752K, capacity 13940K, committed 14080K, reserved 1060864K
  class space    used 1655K, capacity 1736K, committed 1792K, reserved 1048576K
}
Event: 61.303 GC heap before
{Heap before GC invocations=71 (full 0):
 PSYoungGen      total 28160K, used 26163K [0x00000000d5b80000, 0x00000000d7b80000, 0x0000000100000000)
  eden space 23552K, 97% used [0x00000000d5b80000,0x00000000d71dcf20,0x00000000d7280000)
  from space 4608K, 70% used [0x00000000d7700000,0x00000000d7a2fe10,0x00000000d7b80000)
  to   space 4608K, 0% used [0x00000000d7280000,0x00000000d7280000,0x00000000d7700000)
 ParOldGen       total 87552K, used 19810K [0x0000000081200000, 0x0000000086780000, 0x00000000d5b80000)
  object space 87552K, 22% used [0x0000000081200000,0x0000000082558838,0x0000000086780000)
 Metaspace       used 13752K, capacity 13940K, committed 14080K, reserved 1060864K
  class space    used 1655K, capacity 1736K, committed 1792K, reserved 1048576K
Event: 61.304 GC heap after
Heap after GC invocations=71 (full 0):
 PSYoungGen      total 27136K, used 3263K [0x00000000d5b80000, 0x00000000d7a80000, 0x0000000100000000)
  eden space 23552K, 0% used [0x00000000d5b80000,0x00000000d5b80000,0x00000000d7280000)
  from space 3584K, 91% used [0x00000000d7280000,0x00000000d75aff00,0x00000000d7600000)
  to   space 4096K, 0% used [0x00000000d7680000,0x00000000d7680000,0x00000000d7a80000)
 ParOldGen       total 87552K, used 19826K [0x0000000081200000, 0x0000000086780000, 0x00000000d5b80000)
  object space 87552K, 22% used [0x0000000081200000,0x000000008255c838,0x0000000086780000)
 Metaspace       used 13752K, capacity 13940K, committed 14080K, reserved 1060864K
  class space    used 1655K, capacity 1736K, committed 1792K, reserved 1048576K
}
Event: 61.996 GC heap before
{Heap before GC invocations=72 (full 0):
 PSYoungGen      total 27136K, used 26165K [0x00000000d5b80000, 0x00000000d7a80000, 0x0000000100000000)
  eden space 23552K, 97% used [0x00000000d5b80000,0x00000000d71dd610,0x00000000d7280000)
  from space 3584K, 91% used [0x00000000d7280000,0x00000000d75aff00,0x00000000d7600000)
  to   space 4096K, 0% used [0x00000000d7680000,0x00000000d7680000,0x00000000d7a80000)
 ParOldGen       total 87552K, used 19826K [0x0000000081200000, 0x0000000086780000, 0x00000000d5b80000)
  object space 87552K, 22% used [0x0000000081200000,0x000000008255c838,0x0000000086780000)
 Metaspace       used 13752K, capacity 13940K, committed 14080K, reserved 1060864K
  class space    used 1655K, capacity 1736K, committed 1792K, reserved 1048576K
Event: 61.997 GC heap after
Heap after GC invocations=72 (full 0):
 PSYoungGen      total 27648K, used 3263K [0x00000000d5b80000, 0x00000000d7a80000, 0x0000000100000000)
  eden space 23552K, 0% used [0x00000000d5b80000,0x00000000d5b80000,0x00000000d7280000)
  from space 4096K, 79% used [0x00000000d7680000,0x00000000d79affe8,0x00000000d7a80000)
  to   space 4096K, 0% used [0x00000000d7280000,0x00000000d7280000,0x00000000d7680000)
 ParOldGen       total 87552K, used 19834K [0x0000000081200000, 0x0000000086780000, 0x00000000d5b80000)
  object space 87552K, 22% used [0x0000000081200000,0x000000008255e838,0x0000000086780000)
 Metaspace       used 13752K, capacity 13940K, committed 14080K, reserved 1060864K
  class space    used 1655K, capacity 1736K, committed 1792K, reserved 1048576K
}

