# JRE version: Java(TM) SE Runtime Environment (8.0_131-b11) (build 1.8.0_131-b11)
# Java VM: Java HotSpot(TM) 64-Bit Server VM (25.131-b11 mixed mode windows-amd64 compressed oops)
Heap:
 PSYoungGen      total 27136K, used 13336K [0x00000000d5b80000, 0x00000000d7b00000, 0x0000000100000000)
  eden space 22016K, 51% used [0x00000000d5b80000,0x00000000d66a4008,0x00000000d7100000)
  from space 5120K, 37% used [0x00000000d7100000,0x00000000d72e2020,0x00000000d7600000)
  to   space 5120K, 0% used [0x00000000d7600000,0x00000000d7600000,0x00000000d7b00000)
 ParOldGen       total 87552K, used 17972K [0x0000000081200000, 0x0000000086780000, 0x00000000d5b80000)
  object space 87552K, 20% used [0x0000000081200000,0x000000008238d100,0x0000000086780000)
 Metaspace       used 13012K, capacity 13236K, committed 13568K, reserved 1060864K
  class space    used 1576K, capacity 1672K, committed 1792K, reserved 1048576K
GC Heap History (10 events):
Event: 63.249 GC heap before
{Heap before GC invocations=43 (full 0):
 PSYoungGen      total 27136K, used 24889K [0x00000000d5b80000, 0x00000000d7b00000, 0x0000000100000000)
  eden space 22016K, 96% used [0x00000000d5b80000,0x00000000d702a3e0,0x00000000d7100000)
  from space 5120K, 72% used [0x00000000d7600000,0x00000000d79a4040,0x00000000d7b00000)
  to   space 5120K, 0% used [0x00000000d7100000,0x00000000d7100000,0x00000000d7600000)
 ParOldGen       total 87552K, used 17908K [0x0000000081200000, 0x0000000086780000, 0x00000000d5b80000)
  object space 87552K, 20% used [0x0000000081200000,0x000000008237d100,0x0000000086780000)
 Metaspace       used 13012K, capacity 13236K, committed 13568K, reserved 1060864K
  class space    used 1576K, capacity 1672K, committed 1792K, reserved 1048576K
Event: 63.250 GC heap after
Heap after GC invocations=43 (full 0):
 PSYoungGen      total 27136K, used 2860K [0x00000000d5b80000, 0x00000000d7b00000, 0x0000000100000000)
  eden space 22016K, 0% used [0x00000000d5b80000,0x00000000d5b80000,0x00000000d7100000)
  from space 5120K, 55% used [0x00000000d7100000,0x00000000d73cb030,0x00000000d7600000)
  to   space 5120K, 0% used [0x00000000d7600000,0x00000000d7600000,0x00000000d7b00000)
 ParOldGen       total 87552K, used 17932K [0x0000000081200000, 0x0000000086780000, 0x00000000d5b80000)
  object space 87552K, 20% used [0x0000000081200000,0x0000000082383100,0x0000000086780000)
 Metaspace       used 13012K, capacity 13236K, committed 13568K, reserved 1060864K
  class space    used 1576K, capacity 1672K, committed 1792K, reserved 1048576K
}
Event: 64.355 GC heap before
{Heap before GC invocations=44 (full 0):
 PSYoungGen      total 27136K, used 24023K [0x00000000d5b80000, 0x00000000d7b00000, 0x0000000100000000)
  eden space 22016K, 96% used [0x00000000d5b80000,0x00000000d702ac30,0x00000000d7100000)
  from space 5120K, 55% used [0x00000000d7100000,0x00000000d73cb030,0x00000000d7600000)
  to   space 5120K, 0% used [0x00000000d7600000,0x00000000d7600000,0x00000000d7b00000)
 ParOldGen       total 87552K, used 17932K [0x0000000081200000, 0x0000000086780000, 0x00000000d5b80000)
  object space 87552K, 20% used [0x0000000081200000,0x0000000082383100,0x0000000086780000)
 Metaspace       used 13012K, capacity 13236K, committed 13568K, reserved 1060864K
  class space    used 1576K, capacity 1672K, committed 1792K, reserved 1048576K
Event: 64.356 GC heap after
Heap after GC invocations=44 (full 0):
 PSYoungGen      total 27136K, used 3728K [0x00000000d5b80000, 0x00000000d7b00000, 0x0000000100000000)
  eden space 22016K, 0% used [0x00000000d5b80000,0x00000000d5b80000,0x00000000d7100000)
  from space 5120K, 72% used [0x00000000d7600000,0x00000000d79a4040,0x00000000d7b00000)
  to   space 5120K, 0% used [0x00000000d7100000,0x00000000d7100000,0x00000000d7600000)
 ParOldGen       total 87552K, used 17940K [0x0000000081200000, 0x0000000086780000, 0x00000000d5b80000)
  object space 87552K, 20% used [0x0000000081200000,0x0000000082385100,0x0000000086780000)
 Metaspace       used 13012K, capacity 13236K, committed 13568K, reserved 1060864K
  class space    used 1576K, capacity 1672K, committed 1792K, reserved 1048576K
}
Event: 65.566 GC heap before
{Heap before GC invocations=45 (full 0):
 PSYoungGen      total 27136K, used 24897K [0x00000000d5b80000, 0x00000000d7b00000, 0x0000000100000000)
  eden space 22016K, 96% used [0x00000000d5b80000,0x00000000d702c4e0,0x00000000d7100000)
  from space 5120K, 72% used [0x00000000d7600000,0x00000000d79a4040,0x00000000d7b00000)
  to   space 5120K, 0% used [0x00000000d7100000,0x00000000d7100000,0x00000000d7600000)
 ParOldGen       total 87552K, used 17940K [0x0000000081200000, 0x0000000086780000, 0x00000000d5b80000)
  object space 87552K, 20% used [0x0000000081200000,0x0000000082385100,0x0000000086780000)
 Metaspace       used 13012K, capacity 13236K, committed 13568K, reserved 1060864K
  class space    used 1576K, capacity 1672K, committed 1792K, reserved 1048576K
Event: 65.566 GC heap after
Heap after GC invocations=45 (full 0):
 PSYoungGen      total 27136K, used 2860K [0x00000000d5b80000, 0x00000000d7b00000, 0x0000000100000000)
  eden space 22016K, 0% used [0x00000000d5b80000,0x00000000d5b80000,0x00000000d7100000)
  from space 5120K, 55% used [0x00000000d7100000,0x00000000d73cb030,0x00000000d7600000)
  to   space 5120K, 0% used [0x00000000d7600000,0x00000000d7600000,0x00000000d7b00000)
 ParOldGen       total 87552K, used 17956K [0x0000000081200000, 0x0000000086780000, 0x00000000d5b80000)
  object space 87552K, 20% used [0x0000000081200000,0x0000000082389100,0x0000000086780000)
 Metaspace       used 13012K, capacity 13236K, committed 13568K, reserved 1060864K
  class space    used 1576K, capacity 1672K, committed 1792K, reserved 1048576K
}
Event: 66.676 GC heap before
{Heap before GC invocations=46 (full 0):
 PSYoungGen      total 27136K, used 24031K [0x00000000d5b80000, 0x00000000d7b00000, 0x0000000100000000)
  eden space 22016K, 96% used [0x00000000d5b80000,0x00000000d702cd48,0x00000000d7100000)
  from space 5120K, 55% used [0x00000000d7100000,0x00000000d73cb030,0x00000000d7600000)
  to   space 5120K, 0% used [0x00000000d7600000,0x00000000d7600000,0x00000000d7b00000)
 ParOldGen       total 87552K, used 17956K [0x0000000081200000, 0x0000000086780000, 0x00000000d5b80000)
  object space 87552K, 20% used [0x0000000081200000,0x0000000082389100,0x0000000086780000)
 Metaspace       used 13012K, capacity 13236K, committed 13568K, reserved 1060864K
  class space    used 1576K, capacity 1672K, committed 1792K, reserved 1048576K
Event: 66.677 GC heap after
Heap after GC invocations=46 (full 0):
 PSYoungGen      total 27136K, used 3760K [0x00000000d5b80000, 0x00000000d7b00000, 0x0000000100000000)
  eden space 22016K, 0% used [0x00000000d5b80000,0x00000000d5b80000,0x00000000d7100000)
  from space 5120K, 73% used [0x00000000d7600000,0x00000000d79ac040,0x00000000d7b00000)
  to   space 5120K, 0% used [0x00000000d7100000,0x00000000d7100000,0x00000000d7600000)
 ParOldGen       total 87552K, used 17964K [0x0000000081200000, 0x0000000086780000, 0x00000000d5b80000)
  object space 87552K, 20% used [0x0000000081200000,0x000000008238b100,0x0000000086780000)
 Metaspace       used 13012K, capacity 13236K, committed 13568K, reserved 1060864K
  class space    used 1576K, capacity 1672K, committed 1792K, reserved 1048576K
}
Event: 67.885 GC heap before
{Heap before GC invocations=47 (full 0):
 PSYoungGen      total 27136K, used 24921K [0x00000000d5b80000, 0x00000000d7b00000, 0x0000000100000000)
  eden space 22016K, 96% used [0x00000000d5b80000,0x00000000d702a478,0x00000000d7100000)
  from space 5120K, 73% used [0x00000000d7600000,0x00000000d79ac040,0x00000000d7b00000)
  to   space 5120K, 0% used [0x00000000d7100000,0x00000000d7100000,0x00000000d7600000)
 ParOldGen       total 87552K, used 17964K [0x0000000081200000, 0x0000000086780000, 0x00000000d5b80000)
  object space 87552K, 20% used [0x0000000081200000,0x000000008238b100,0x0000000086780000)
 Metaspace       used 13012K, capacity 13236K, committed 13568K, reserved 1060864K
  class space    used 1576K, capacity 1672K, committed 1792K, reserved 1048576K
Event: 67.886 GC heap after
Heap after GC invocations=47 (full 0):
 PSYoungGen      total 27136K, used 1928K [0x00000000d5b80000, 0x00000000d7b00000, 0x0000000100000000)
  eden space 22016K, 0% used [0x00000000d5b80000,0x00000000d5b80000,0x00000000d7100000)
  from space 5120K, 37% used [0x00000000d7100000,0x00000000d72e2020,0x00000000d7600000)
  to   space 5120K, 0% used [0x00000000d7600000,0x00000000d7600000,0x00000000d7b00000)
 ParOldGen       total 87552K, used 17972K [0x0000000081200000, 0x0000000086780000, 0x00000000d5b80000)
  object space 87552K, 20% used [0x0000000081200000,0x000000008238d100,0x0000000086780000)
 Metaspace       used 13012K, capacity 13236K, committed 13568K, reserved 1060864K
  class space    used 1576K, capacity 1672K, committed 1792K, reserved 1048576K
}

