# JRE version: Java(TM) SE Runtime Environment (8.0_131-b11) (build 1.8.0_131-b11)
# Java VM: Java HotSpot(TM) 64-Bit Server VM (25.131-b11 mixed mode windows-amd64 compressed oops)
Heap:
 PSYoungGen      total 27136K, used 7899K [0x00000000d5b80000, 0x00000000d7a00000, 0x0000000100000000)
  eden space 23040K, 25% used [0x00000000d5b80000,0x00000000d6154f60,0x00000000d7200000)
  from space 4096K, 47% used [0x00000000d7600000,0x00000000d77e2020,0x00000000d7a00000)
  to   space 4096K, 0% used [0x00000000d7200000,0x00000000d7200000,0x00000000d7600000)
 ParOldGen       total 87552K, used 20288K [0x0000000081200000, 0x0000000086780000, 0x00000000d5b80000)
  object space 87552K, 23% used [0x0000000081200000,0x00000000825d0110,0x0000000086780000)
 Metaspace       used 13451K, capacity 13716K, committed 14080K, reserved 1060864K
  class space    used 1628K, capacity 1704K, committed 1792K, reserved 1048576K
GC Heap History (10 events):
Event: 187.781 GC heap before
{Heap before GC invocations=136 (full 0):
 PSYoungGen      total 27648K, used 25172K [0x00000000d5b80000, 0x00000000d7b00000, 0x0000000100000000)
  eden space 23040K, 96% used [0x00000000d5b80000,0x00000000d714a1d8,0x00000000d7200000)
  from space 4608K, 62% used [0x00000000d7200000,0x00000000d74cb030,0x00000000d7680000)
  to   space 4608K, 0% used [0x00000000d7680000,0x00000000d7680000,0x00000000d7b00000)
 ParOldGen       total 87552K, used 20208K [0x0000000081200000, 0x0000000086780000, 0x00000000d5b80000)
  object space 87552K, 23% used [0x0000000081200000,0x00000000825bc110,0x0000000086780000)
 Metaspace       used 13449K, capacity 13652K, committed 13824K, reserved 1060864K
  class space    used 1628K, capacity 1704K, committed 1792K, reserved 1048576K
Event: 187.782 GC heap after
Heap after GC invocations=136 (full 0):
 PSYoungGen      total 26624K, used 2860K [0x00000000d5b80000, 0x00000000d7a00000, 0x0000000100000000)
  eden space 23040K, 0% used [0x00000000d5b80000,0x00000000d5b80000,0x00000000d7200000)
  from space 3584K, 79% used [0x00000000d7680000,0x00000000d794b030,0x00000000d7a00000)
  to   space 4096K, 0% used [0x00000000d7200000,0x00000000d7200000,0x00000000d7600000)
 ParOldGen       total 87552K, used 20224K [0x0000000081200000, 0x0000000086780000, 0x00000000d5b80000)
  object space 87552K, 23% used [0x0000000081200000,0x00000000825c0110,0x0000000086780000)
 Metaspace       used 13449K, capacity 13652K, committed 13824K, reserved 1060864K
  class space    used 1628K, capacity 1704K, committed 1792K, reserved 1048576K
}
Event: 189.090 GC heap before
{Heap before GC invocations=137 (full 0):
 PSYoungGen      total 26624K, used 25840K [0x00000000d5b80000, 0x00000000d7a00000, 0x0000000100000000)
  eden space 23040K, 99% used [0x00000000d5b80000,0x00000000d71f1088,0x00000000d7200000)
  from space 3584K, 79% used [0x00000000d7680000,0x00000000d794b030,0x00000000d7a00000)
  to   space 4096K, 0% used [0x00000000d7200000,0x00000000d7200000,0x00000000d7600000)
 ParOldGen       total 87552K, used 20224K [0x0000000081200000, 0x0000000086780000, 0x00000000d5b80000)
  object space 87552K, 23% used [0x0000000081200000,0x00000000825c0110,0x0000000086780000)
 Metaspace       used 13450K, capacity 13652K, committed 13824K, reserved 1060864K
  class space    used 1628K, capacity 1704K, committed 1792K, reserved 1048576K
Event: 189.091 GC heap after
Heap after GC invocations=137 (full 0):
 PSYoungGen      total 27136K, used 2860K [0x00000000d5b80000, 0x00000000d7a00000, 0x0000000100000000)
  eden space 23040K, 0% used [0x00000000d5b80000,0x00000000d5b80000,0x00000000d7200000)
  from space 4096K, 69% used [0x00000000d7200000,0x00000000d74cb030,0x00000000d7600000)
  to   space 4096K, 0% used [0x00000000d7600000,0x00000000d7600000,0x00000000d7a00000)
 ParOldGen       total 87552K, used 20232K [0x0000000081200000, 0x0000000086780000, 0x00000000d5b80000)
  object space 87552K, 23% used [0x0000000081200000,0x00000000825c2110,0x0000000086780000)
 Metaspace       used 13450K, capacity 13652K, committed 13824K, reserved 1060864K
  class space    used 1628K, capacity 1704K, committed 1792K, reserved 1048576K
}
Event: 190.300 GC heap before
{Heap before GC invocations=138 (full 0):
 PSYoungGen      total 27136K, used 25844K [0x00000000d5b80000, 0x00000000d7a00000, 0x0000000100000000)
  eden space 23040K, 99% used [0x00000000d5b80000,0x00000000d71f2328,0x00000000d7200000)
  from space 4096K, 69% used [0x00000000d7200000,0x00000000d74cb030,0x00000000d7600000)
  to   space 4096K, 0% used [0x00000000d7600000,0x00000000d7600000,0x00000000d7a00000)
 ParOldGen       total 87552K, used 20232K [0x0000000081200000, 0x0000000086780000, 0x00000000d5b80000)
  object space 87552K, 23% used [0x0000000081200000,0x00000000825c2110,0x0000000086780000)
 Metaspace       used 13450K, capacity 13652K, committed 13824K, reserved 1060864K
  class space    used 1628K, capacity 1704K, committed 1792K, reserved 1048576K
Event: 190.300 GC heap after
Heap after GC invocations=138 (full 0):
 PSYoungGen      total 27136K, used 2860K [0x00000000d5b80000, 0x00000000d7a00000, 0x0000000100000000)
  eden space 23040K, 0% used [0x00000000d5b80000,0x00000000d5b80000,0x00000000d7200000)
  from space 4096K, 69% used [0x00000000d7600000,0x00000000d78cb030,0x00000000d7a00000)
  to   space 4096K, 0% used [0x00000000d7200000,0x00000000d7200000,0x00000000d7600000)
 ParOldGen       total 87552K, used 20256K [0x0000000081200000, 0x0000000086780000, 0x00000000d5b80000)
  object space 87552K, 23% used [0x0000000081200000,0x00000000825c8110,0x0000000086780000)
 Metaspace       used 13450K, capacity 13652K, committed 13824K, reserved 1060864K
  class space    used 1628K, capacity 1704K, committed 1792K, reserved 1048576K
}
Event: 191.511 GC heap before
{Heap before GC invocations=139 (full 0):
 PSYoungGen      total 27136K, used 25001K [0x00000000d5b80000, 0x00000000d7a00000, 0x0000000100000000)
  eden space 23040K, 96% used [0x00000000d5b80000,0x00000000d711f7b8,0x00000000d7200000)
  from space 4096K, 69% used [0x00000000d7600000,0x00000000d78cb030,0x00000000d7a00000)
  to   space 4096K, 0% used [0x00000000d7200000,0x00000000d7200000,0x00000000d7600000)
 ParOldGen       total 87552K, used 20256K [0x0000000081200000, 0x0000000086780000, 0x00000000d5b80000)
  object space 87552K, 23% used [0x0000000081200000,0x00000000825c8110,0x0000000086780000)
 Metaspace       used 13451K, capacity 13652K, committed 13824K, reserved 1060864K
  class space    used 1628K, capacity 1704K, committed 1792K, reserved 1048576K
Event: 191.512 GC heap after
Heap after GC invocations=139 (full 0):
 PSYoungGen      total 27136K, used 2828K [0x00000000d5b80000, 0x00000000d7a00000, 0x0000000100000000)
  eden space 23040K, 0% used [0x00000000d5b80000,0x00000000d5b80000,0x00000000d7200000)
  from space 4096K, 69% used [0x00000000d7200000,0x00000000d74c3030,0x00000000d7600000)
  to   space 4096K, 0% used [0x00000000d7600000,0x00000000d7600000,0x00000000d7a00000)
 ParOldGen       total 87552K, used 20272K [0x0000000081200000, 0x0000000086780000, 0x00000000d5b80000)
  object space 87552K, 23% used [0x0000000081200000,0x00000000825cc110,0x0000000086780000)
 Metaspace       used 13451K, capacity 13652K, committed 13824K, reserved 1060864K
  class space    used 1628K, capacity 1704K, committed 1792K, reserved 1048576K
}
Event: 192.820 GC heap before
{Heap before GC invocations=140 (full 0):
 PSYoungGen      total 27136K, used 25826K [0x00000000d5b80000, 0x00000000d7a00000, 0x0000000100000000)
  eden space 23040K, 99% used [0x00000000d5b80000,0x00000000d71f5b80,0x00000000d7200000)
  from space 4096K, 69% used [0x00000000d7200000,0x00000000d74c3030,0x00000000d7600000)
  to   space 4096K, 0% used [0x00000000d7600000,0x00000000d7600000,0x00000000d7a00000)
 ParOldGen       total 87552K, used 20272K [0x0000000081200000, 0x0000000086780000, 0x00000000d5b80000)
  object space 87552K, 23% used [0x0000000081200000,0x00000000825cc110,0x0000000086780000)
 Metaspace       used 13451K, capacity 13652K, committed 13824K, reserved 1060864K
  class space    used 1628K, capacity 1704K, committed 1792K, reserved 1048576K
Event: 192.821 GC heap after
Heap after GC invocations=140 (full 0):
 PSYoungGen      total 27136K, used 1928K [0x00000000d5b80000, 0x00000000d7a00000, 0x0000000100000000)
  eden space 23040K, 0% used [0x00000000d5b80000,0x00000000d5b80000,0x00000000d7200000)
  from space 4096K, 47% used [0x00000000d7600000,0x00000000d77e2020,0x00000000d7a00000)
  to   space 4096K, 0% used [0x00000000d7200000,0x00000000d7200000,0x00000000d7600000)
 ParOldGen       total 87552K, used 20288K [0x0000000081200000, 0x0000000086780000, 0x00000000d5b80000)
  object space 87552K, 23% used [0x0000000081200000,0x00000000825d0110,0x0000000086780000)
 Metaspace       used 13451K, capacity 13652K, committed 13824K, reserved 1060864K
  class space    used 1628K, capacity 1704K, committed 1792K, reserved 1048576K
}

