# JRE version: Java(TM) SE Runtime Environment (8.0_131-b11) (build 1.8.0_131-b11)
# Java VM: Java HotSpot(TM) 64-Bit Server VM (25.131-b11 mixed mode windows-amd64 compressed oops)
Heap:
 PSYoungGen      total 32768K, used 8914K [0x00000000d5b80000, 0x00000000d8880000, 0x0000000100000000)
  eden space 27648K, 13% used [0x00000000d5b80000,0x00000000d5f47878,0x00000000d7680000)
  from space 5120K, 98% used [0x00000000d7700000,0x00000000d7bed278,0x00000000d7c00000)
  to   space 9216K, 0% used [0x00000000d7f80000,0x00000000d7f80000,0x00000000d8880000)
 ParOldGen       total 87040K, used 25220K [0x0000000081200000, 0x0000000086700000, 0x00000000d5b80000)
  object space 87040K, 28% used [0x0000000081200000,0x0000000082aa1078,0x0000000086700000)
 Metaspace       used 13418K, capacity 13652K, committed 13824K, reserved 1060864K
  class space    used 1646K, capacity 1704K, committed 1792K, reserved 1048576K
GC Heap History (10 events):
Event: 22.402 GC heap before
{Heap before GC invocations=12 (full 1):
 PSYoungGen      total 39424K, used 34417K [0x00000000d5b80000, 0x00000000d8c00000, 0x0000000100000000)
  eden space 30208K, 100% used [0x00000000d5b80000,0x00000000d7900000,0x00000000d7900000)
  from space 9216K, 45% used [0x00000000d8300000,0x00000000d871c460,0x00000000d8c00000)
  to   space 9728K, 0% used [0x00000000d7900000,0x00000000d7900000,0x00000000d8280000)
 ParOldGen       total 87040K, used 24200K [0x0000000081200000, 0x0000000086700000, 0x00000000d5b80000)
  object space 87040K, 27% used [0x0000000081200000,0x00000000829a2068,0x0000000086700000)
 Metaspace       used 13374K, capacity 13580K, committed 13824K, reserved 1060864K
  class space    used 1644K, capacity 1704K, committed 1792K, reserved 1048576K
Event: 22.403 GC heap after
Heap after GC invocations=12 (full 1):
 PSYoungGen      total 39424K, used 2313K [0x00000000d5b80000, 0x00000000d8c80000, 0x0000000100000000)
  eden space 29696K, 0% used [0x00000000d5b80000,0x00000000d5b80000,0x00000000d7880000)
  from space 9728K, 23% used [0x00000000d7900000,0x00000000d7b424c8,0x00000000d8280000)
  to   space 10240K, 0% used [0x00000000d8280000,0x00000000d8280000,0x00000000d8c80000)
 ParOldGen       total 87040K, used 25180K [0x0000000081200000, 0x0000000086700000, 0x00000000d5b80000)
  object space 87040K, 28% used [0x0000000081200000,0x0000000082a97078,0x0000000086700000)
 Metaspace       used 13374K, capacity 13580K, committed 13824K, reserved 1060864K
  class space    used 1644K, capacity 1704K, committed 1792K, reserved 1048576K
}
Event: 23.491 GC heap before
{Heap before GC invocations=13 (full 1):
 PSYoungGen      total 39424K, used 32009K [0x00000000d5b80000, 0x00000000d8c80000, 0x0000000100000000)
  eden space 29696K, 100% used [0x00000000d5b80000,0x00000000d7880000,0x00000000d7880000)
  from space 9728K, 23% used [0x00000000d7900000,0x00000000d7b424c8,0x00000000d8280000)
  to   space 10240K, 0% used [0x00000000d8280000,0x00000000d8280000,0x00000000d8c80000)
 ParOldGen       total 87040K, used 25180K [0x0000000081200000, 0x0000000086700000, 0x00000000d5b80000)
  object space 87040K, 28% used [0x0000000081200000,0x0000000082a97078,0x0000000086700000)
 Metaspace       used 13385K, capacity 13588K, committed 13824K, reserved 1060864K
  class space    used 1644K, capacity 1704K, committed 1792K, reserved 1048576K
Event: 23.493 GC heap after
Heap after GC invocations=13 (full 1):
 PSYoungGen      total 38912K, used 4177K [0x00000000d5b80000, 0x00000000d8c00000, 0x0000000100000000)
  eden space 29184K, 0% used [0x00000000d5b80000,0x00000000d5b80000,0x00000000d7800000)
  from space 9728K, 42% used [0x00000000d8280000,0x00000000d8694488,0x00000000d8c00000)
  to   space 10240K, 0% used [0x00000000d7800000,0x00000000d7800000,0x00000000d8200000)
 ParOldGen       total 87040K, used 25196K [0x0000000081200000, 0x0000000086700000, 0x00000000d5b80000)
  object space 87040K, 28% used [0x0000000081200000,0x0000000082a9b078,0x0000000086700000)
 Metaspace       used 13385K, capacity 13588K, committed 13824K, reserved 1060864K
  class space    used 1644K, capacity 1704K, committed 1792K, reserved 1048576K
}
Event: 24.590 GC heap before
{Heap before GC invocations=14 (full 1):
 PSYoungGen      total 38912K, used 33205K [0x00000000d5b80000, 0x00000000d8c00000, 0x0000000100000000)
  eden space 29184K, 99% used [0x00000000d5b80000,0x00000000d77d9018,0x00000000d7800000)
  from space 9728K, 42% used [0x00000000d8280000,0x00000000d8694488,0x00000000d8c00000)
  to   space 10240K, 0% used [0x00000000d7800000,0x00000000d7800000,0x00000000d8200000)
 ParOldGen       total 87040K, used 25196K [0x0000000081200000, 0x0000000086700000, 0x00000000d5b80000)
  object space 87040K, 28% used [0x0000000081200000,0x0000000082a9b078,0x0000000086700000)
 Metaspace       used 13393K, capacity 13588K, committed 13824K, reserved 1060864K
  class space    used 1644K, capacity 1704K, committed 1792K, reserved 1048576K
Event: 24.591 GC heap after
Heap after GC invocations=14 (full 1):
 PSYoungGen      total 32256K, used 3245K [0x00000000d5b80000, 0x00000000d8a80000, 0x0000000100000000)
  eden space 28672K, 0% used [0x00000000d5b80000,0x00000000d5b80000,0x00000000d7780000)
  from space 3584K, 90% used [0x00000000d7800000,0x00000000d7b2b578,0x00000000d7b80000)
  to   space 9728K, 0% used [0x00000000d8100000,0x00000000d8100000,0x00000000d8a80000)
 ParOldGen       total 87040K, used 25204K [0x0000000081200000, 0x0000000086700000, 0x00000000d5b80000)
  object space 87040K, 28% used [0x0000000081200000,0x0000000082a9d078,0x0000000086700000)
 Metaspace       used 13393K, capacity 13588K, committed 13824K, reserved 1060864K
  class space    used 1644K, capacity 1704K, committed 1792K, reserved 1048576K
}
Event: 25.702 GC heap before
{Heap before GC invocations=15 (full 1):
 PSYoungGen      total 32256K, used 31917K [0x00000000d5b80000, 0x00000000d8a80000, 0x0000000100000000)
  eden space 28672K, 100% used [0x00000000d5b80000,0x00000000d7780000,0x00000000d7780000)
  from space 3584K, 90% used [0x00000000d7800000,0x00000000d7b2b578,0x00000000d7b80000)
  to   space 9728K, 0% used [0x00000000d8100000,0x00000000d8100000,0x00000000d8a80000)
 ParOldGen       total 87040K, used 25204K [0x0000000081200000, 0x0000000086700000, 0x00000000d5b80000)
  object space 87040K, 28% used [0x0000000081200000,0x0000000082a9d078,0x0000000086700000)
 Metaspace       used 13408K, capacity 13652K, committed 13824K, reserved 1060864K
  class space    used 1644K, capacity 1704K, committed 1792K, reserved 1048576K
Event: 25.703 GC heap after
Heap after GC invocations=15 (full 1):
 PSYoungGen      total 37376K, used 3244K [0x00000000d5b80000, 0x00000000d8a00000, 0x0000000100000000)
  eden space 28160K, 0% used [0x00000000d5b80000,0x00000000d5b80000,0x00000000d7700000)
  from space 9216K, 35% used [0x00000000d8100000,0x00000000d842b350,0x00000000d8a00000)
  to   space 9728K, 0% used [0x00000000d7700000,0x00000000d7700000,0x00000000d8080000)
 ParOldGen       total 87040K, used 25220K [0x0000000081200000, 0x0000000086700000, 0x00000000d5b80000)
  object space 87040K, 28% used [0x0000000081200000,0x0000000082aa1078,0x0000000086700000)
 Metaspace       used 13408K, capacity 13652K, committed 13824K, reserved 1060864K
  class space    used 1644K, capacity 1704K, committed 1792K, reserved 1048576K
}
Event: 26.726 GC heap before
{Heap before GC invocations=16 (full 1):
 PSYoungGen      total 37376K, used 31404K [0x00000000d5b80000, 0x00000000d8a00000, 0x0000000100000000)
  eden space 28160K, 100% used [0x00000000d5b80000,0x00000000d7700000,0x00000000d7700000)
  from space 9216K, 35% used [0x00000000d8100000,0x00000000d842b350,0x00000000d8a00000)
  to   space 9728K, 0% used [0x00000000d7700000,0x00000000d7700000,0x00000000d8080000)
 ParOldGen       total 87040K, used 25220K [0x0000000081200000, 0x0000000086700000, 0x00000000d5b80000)
  object space 87040K, 28% used [0x0000000081200000,0x0000000082aa1078,0x0000000086700000)
 Metaspace       used 13411K, capacity 13652K, committed 13824K, reserved 1060864K
  class space    used 1644K, capacity 1704K, committed 1792K, reserved 1048576K
Event: 26.728 GC heap after
Heap after GC invocations=16 (full 1):
 PSYoungGen      total 32768K, used 5044K [0x00000000d5b80000, 0x00000000d8880000, 0x0000000100000000)
  eden space 27648K, 0% used [0x00000000d5b80000,0x00000000d5b80000,0x00000000d7680000)
  from space 5120K, 98% used [0x00000000d7700000,0x00000000d7bed278,0x00000000d7c00000)
  to   space 9216K, 0% used [0x00000000d7f80000,0x00000000d7f80000,0x00000000d8880000)
 ParOldGen       total 87040K, used 25220K [0x0000000081200000, 0x0000000086700000, 0x00000000d5b80000)
  object space 87040K, 28% used [0x0000000081200000,0x0000000082aa1078,0x0000000086700000)
 Metaspace       used 13411K, capacity 13652K, committed 13824K, reserved 1060864K
  class space    used 1644K, capacity 1704K, committed 1792K, reserved 1048576K
}

