# JRE version: Java(TM) SE Runtime Environment (8.0_131-b11) (build 1.8.0_131-b11)
# Java VM: Java HotSpot(TM) 64-Bit Server VM (25.131-b11 mixed mode windows-amd64 compressed oops)
Heap:
 PSYoungGen      total 26624K, used 22901K [0x00000000d5b80000, 0x00000000d8f00000, 0x0000000100000000)
  eden space 24064K, 86% used [0x00000000d5b80000,0x00000000d6fb6418,0x00000000d7300000)
  from space 2560K, 86% used [0x00000000d7300000,0x00000000d7527260,0x00000000d7580000)
  to   space 14336K, 0% used [0x00000000d8100000,0x00000000d8100000,0x00000000d8f00000)
 ParOldGen       total 57344K, used 12551K [0x0000000081200000, 0x0000000084a00000, 0x00000000d5b80000)
  object space 57344K, 21% used [0x0000000081200000,0x0000000081e41ec0,0x0000000084a00000)
 Metaspace       used 11996K, capacity 12206K, committed 12416K, reserved 1060864K
  class space    used 1443K, capacity 1543K, committed 1664K, reserved 1048576K
GC Heap History (10 events):
Event: 39.380 GC heap before
{Heap before GC invocations=24 (full 1):
 PSYoungGen      total 40960K, used 29000K [0x00000000d5b80000, 0x00000000d9700000, 0x0000000100000000)
  eden space 24064K, 100% used [0x00000000d5b80000,0x00000000d7300000,0x00000000d7300000)
  from space 16896K, 29% used [0x00000000d8680000,0x00000000d8b52360,0x00000000d9700000)
  to   space 18432K, 0% used [0x00000000d7300000,0x00000000d7300000,0x00000000d8500000)
 ParOldGen       total 57344K, used 12471K [0x0000000081200000, 0x0000000084a00000, 0x00000000d5b80000)
  object space 57344K, 21% used [0x0000000081200000,0x0000000081e2dec0,0x0000000084a00000)
 Metaspace       used 11984K, capacity 12206K, committed 12416K, reserved 1060864K
  class space    used 1441K, capacity 1543K, committed 1664K, reserved 1048576K
Event: 39.381 GC heap after
Heap after GC invocations=24 (full 1):
 PSYoungGen      total 28160K, used 4068K [0x00000000d5b80000, 0x00000000d9500000, 0x0000000100000000)
  eden space 24064K, 0% used [0x00000000d5b80000,0x00000000d5b80000,0x00000000d7300000)
  from space 4096K, 99% used [0x00000000d7300000,0x00000000d76f93f0,0x00000000d7700000)
  to   space 17408K, 0% used [0x00000000d8400000,0x00000000d8400000,0x00000000d9500000)
 ParOldGen       total 57344K, used 12487K [0x0000000081200000, 0x0000000084a00000, 0x00000000d5b80000)
  object space 57344K, 21% used [0x0000000081200000,0x0000000081e31ec0,0x0000000084a00000)
 Metaspace       used 11984K, capacity 12206K, committed 12416K, reserved 1060864K
  class space    used 1441K, capacity 1543K, committed 1664K, reserved 1048576K
}
Event: 40.071 GC heap before
{Heap before GC invocations=25 (full 1):
 PSYoungGen      total 28160K, used 28132K [0x00000000d5b80000, 0x00000000d9500000, 0x0000000100000000)
  eden space 24064K, 100% used [0x00000000d5b80000,0x00000000d7300000,0x00000000d7300000)
  from space 4096K, 99% used [0x00000000d7300000,0x00000000d76f93f0,0x00000000d7700000)
  to   space 17408K, 0% used [0x00000000d8400000,0x00000000d8400000,0x00000000d9500000)
 ParOldGen       total 57344K, used 12487K [0x0000000081200000, 0x0000000084a00000, 0x00000000d5b80000)
  object space 57344K, 21% used [0x0000000081200000,0x0000000081e31ec0,0x0000000084a00000)
 Metaspace       used 11984K, capacity 12206K, committed 12416K, reserved 1060864K
  class space    used 1441K, capacity 1543K, committed 1664K, reserved 1048576K
Event: 40.073 GC heap after
Heap after GC invocations=25 (full 1):
 PSYoungGen      total 39424K, used 4968K [0x00000000d5b80000, 0x00000000d9300000, 0x0000000100000000)
  eden space 24064K, 0% used [0x00000000d5b80000,0x00000000d5b80000,0x00000000d7300000)
  from space 15360K, 32% used [0x00000000d8400000,0x00000000d88da2e8,0x00000000d9300000)
  to   space 16384K, 0% used [0x00000000d7300000,0x00000000d7300000,0x00000000d8300000)
 ParOldGen       total 57344K, used 12511K [0x0000000081200000, 0x0000000084a00000, 0x00000000d5b80000)
  object space 57344K, 21% used [0x0000000081200000,0x0000000081e37ec0,0x0000000084a00000)
 Metaspace       used 11984K, capacity 12206K, committed 12416K, reserved 1060864K
  class space    used 1441K, capacity 1543K, committed 1664K, reserved 1048576K
}
Event: 40.754 GC heap before
{Heap before GC invocations=26 (full 1):
 PSYoungGen      total 39424K, used 28196K [0x00000000d5b80000, 0x00000000d9300000, 0x0000000100000000)
  eden space 24064K, 96% used [0x00000000d5b80000,0x00000000d722f048,0x00000000d7300000)
  from space 15360K, 32% used [0x00000000d8400000,0x00000000d88da2e8,0x00000000d9300000)
  to   space 16384K, 0% used [0x00000000d7300000,0x00000000d7300000,0x00000000d8300000)
 ParOldGen       total 57344K, used 12511K [0x0000000081200000, 0x0000000084a00000, 0x00000000d5b80000)
  object space 57344K, 21% used [0x0000000081200000,0x0000000081e37ec0,0x0000000084a00000)
 Metaspace       used 11985K, capacity 12206K, committed 12416K, reserved 1060864K
  class space    used 1441K, capacity 1543K, committed 1664K, reserved 1048576K
Event: 40.755 GC heap after
Heap after GC invocations=26 (full 1):
 PSYoungGen      total 27648K, used 3104K [0x00000000d5b80000, 0x00000000d9200000, 0x0000000100000000)
  eden space 24064K, 0% used [0x00000000d5b80000,0x00000000d5b80000,0x00000000d7300000)
  from space 3584K, 86% used [0x00000000d7300000,0x00000000d7608218,0x00000000d7680000)
  to   space 15872K, 0% used [0x00000000d8280000,0x00000000d8280000,0x00000000d9200000)
 ParOldGen       total 57344K, used 12527K [0x0000000081200000, 0x0000000084a00000, 0x00000000d5b80000)
  object space 57344K, 21% used [0x0000000081200000,0x0000000081e3bec0,0x0000000084a00000)
 Metaspace       used 11985K, capacity 12206K, committed 12416K, reserved 1060864K
  class space    used 1441K, capacity 1543K, committed 1664K, reserved 1048576K
}
Event: 41.373 GC heap before
{Heap before GC invocations=27 (full 1):
 PSYoungGen      total 27648K, used 27168K [0x00000000d5b80000, 0x00000000d9200000, 0x0000000100000000)
  eden space 24064K, 100% used [0x00000000d5b80000,0x00000000d7300000,0x00000000d7300000)
  from space 3584K, 86% used [0x00000000d7300000,0x00000000d7608218,0x00000000d7680000)
  to   space 15872K, 0% used [0x00000000d8280000,0x00000000d8280000,0x00000000d9200000)
 ParOldGen       total 57344K, used 12527K [0x0000000081200000, 0x0000000084a00000, 0x00000000d5b80000)
  object space 57344K, 21% used [0x0000000081200000,0x0000000081e3bec0,0x0000000084a00000)
 Metaspace       used 11988K, capacity 12206K, committed 12416K, reserved 1060864K
  class space    used 1441K, capacity 1543K, committed 1664K, reserved 1048576K
Event: 41.375 GC heap after
Heap after GC invocations=27 (full 1):
 PSYoungGen      total 37888K, used 4936K [0x00000000d5b80000, 0x00000000d9000000, 0x0000000100000000)
  eden space 24064K, 0% used [0x00000000d5b80000,0x00000000d5b80000,0x00000000d7300000)
  from space 13824K, 35% used [0x00000000d8280000,0x00000000d8752058,0x00000000d9000000)
  to   space 14848K, 0% used [0x00000000d7300000,0x00000000d7300000,0x00000000d8180000)
 ParOldGen       total 57344K, used 12543K [0x0000000081200000, 0x0000000084a00000, 0x00000000d5b80000)
  object space 57344K, 21% used [0x0000000081200000,0x0000000081e3fec0,0x0000000084a00000)
 Metaspace       used 11988K, capacity 12206K, committed 12416K, reserved 1060864K
  class space    used 1441K, capacity 1543K, committed 1664K, reserved 1048576K
}
Event: 42.027 GC heap before
{Heap before GC invocations=28 (full 1):
 PSYoungGen      total 37888K, used 29000K [0x00000000d5b80000, 0x00000000d9000000, 0x0000000100000000)
  eden space 24064K, 100% used [0x00000000d5b80000,0x00000000d7300000,0x00000000d7300000)
  from space 13824K, 35% used [0x00000000d8280000,0x00000000d8752058,0x00000000d9000000)
  to   space 14848K, 0% used [0x00000000d7300000,0x00000000d7300000,0x00000000d8180000)
 ParOldGen       total 57344K, used 12543K [0x0000000081200000, 0x0000000084a00000, 0x00000000d5b80000)
  object space 57344K, 21% used [0x0000000081200000,0x0000000081e3fec0,0x0000000084a00000)
 Metaspace       used 11988K, capacity 12206K, committed 12416K, reserved 1060864K
  class space    used 1441K, capacity 1543K, committed 1664K, reserved 1048576K
Event: 42.028 GC heap after
Heap after GC invocations=28 (full 1):
 PSYoungGen      total 26624K, used 2204K [0x00000000d5b80000, 0x00000000d8f00000, 0x0000000100000000)
  eden space 24064K, 0% used [0x00000000d5b80000,0x00000000d5b80000,0x00000000d7300000)
  from space 2560K, 86% used [0x00000000d7300000,0x00000000d7527260,0x00000000d7580000)
  to   space 14336K, 0% used [0x00000000d8100000,0x00000000d8100000,0x00000000d8f00000)
 ParOldGen       total 57344K, used 12551K [0x0000000081200000, 0x0000000084a00000, 0x00000000d5b80000)
  object space 57344K, 21% used [0x0000000081200000,0x0000000081e41ec0,0x0000000084a00000)
 Metaspace       used 11988K, capacity 12206K, committed 12416K, reserved 1060864K
  class space    used 1441K, capacity 1543K, committed 1664K, reserved 1048576K
}

