# JRE version: Java(TM) SE Runtime Environment (8.0_131-b11) (build 1.8.0_131-b11)
# Java VM: Java HotSpot(TM) 64-Bit Server VM (25.131-b11 mixed mode windows-amd64 compressed oops)
Heap:
 PSYoungGen      total 33792K, used 8176K [0x00000000d5b80000, 0x00000000d8200000, 0x0000000100000000)
  eden space 29184K, 21% used [0x00000000d5b80000,0x00000000d619a2b8,0x00000000d7800000)
  from space 4608K, 41% used [0x00000000d7d80000,0x00000000d7f62020,0x00000000d8200000)
  to   space 5120K, 0% used [0x00000000d7800000,0x00000000d7800000,0x00000000d7d00000)
 ParOldGen       total 87552K, used 18851K [0x0000000081200000, 0x0000000086780000, 0x00000000d5b80000)
  object space 87552K, 21% used [0x0000000081200000,0x0000000082468f58,0x0000000086780000)
 Metaspace       used 12666K, capacity 12884K, committed 13184K, reserved 1060864K
  class space    used 1562K, capacity 1640K, committed 1664K, reserved 1048576K
GC Heap History (10 events):
Event: 17.468 GC heap before
{Heap before GC invocations=8 (full 0):
 PSYoungGen      total 33792K, used 33200K [0x00000000d5b80000, 0x00000000d8480000, 0x0000000100000000)
  eden space 31744K, 98% used [0x00000000d5b80000,0x00000000d7a02190,0x00000000d7a80000)
  from space 2048K, 95% used [0x00000000d7b00000,0x00000000d7cea020,0x00000000d7d00000)
  to   space 5120K, 0% used [0x00000000d7f80000,0x00000000d7f80000,0x00000000d8480000)
 ParOldGen       total 87552K, used 18771K [0x0000000081200000, 0x0000000086780000, 0x00000000d5b80000)
  object space 87552K, 21% used [0x0000000081200000,0x0000000082454f58,0x0000000086780000)
 Metaspace       used 12619K, capacity 12812K, committed 12928K, reserved 1060864K
  class space    used 1562K, capacity 1640K, committed 1664K, reserved 1048576K
Event: 17.469 GC heap after
Heap after GC invocations=8 (full 0):
 PSYoungGen      total 35840K, used 2860K [0x00000000d5b80000, 0x00000000d8400000, 0x0000000100000000)
  eden space 31232K, 0% used [0x00000000d5b80000,0x00000000d5b80000,0x00000000d7a00000)
  from space 4608K, 62% used [0x00000000d7f80000,0x00000000d824b030,0x00000000d8400000)
  to   space 5120K, 0% used [0x00000000d7a00000,0x00000000d7a00000,0x00000000d7f00000)
 ParOldGen       total 87552K, used 18795K [0x0000000081200000, 0x0000000086780000, 0x00000000d5b80000)
  object space 87552K, 21% used [0x0000000081200000,0x000000008245af58,0x0000000086780000)
 Metaspace       used 12619K, capacity 12812K, committed 12928K, reserved 1060864K
  class space    used 1562K, capacity 1640K, committed 1664K, reserved 1048576K
}
Event: 19.187 GC heap before
{Heap before GC invocations=9 (full 0):
 PSYoungGen      total 35840K, used 34084K [0x00000000d5b80000, 0x00000000d8400000, 0x0000000100000000)
  eden space 31232K, 99% used [0x00000000d5b80000,0x00000000d79fe1e8,0x00000000d7a00000)
  from space 4608K, 62% used [0x00000000d7f80000,0x00000000d824b030,0x00000000d8400000)
  to   space 5120K, 0% used [0x00000000d7a00000,0x00000000d7a00000,0x00000000d7f00000)
 ParOldGen       total 87552K, used 18795K [0x0000000081200000, 0x0000000086780000, 0x00000000d5b80000)
  object space 87552K, 21% used [0x0000000081200000,0x000000008245af58,0x0000000086780000)
 Metaspace       used 12620K, capacity 12812K, committed 12928K, reserved 1060864K
  class space    used 1562K, capacity 1640K, committed 1664K, reserved 1048576K
Event: 19.188 GC heap after
Heap after GC invocations=9 (full 0):
 PSYoungGen      total 34816K, used 3728K [0x00000000d5b80000, 0x00000000d8380000, 0x0000000100000000)
  eden space 30720K, 0% used [0x00000000d5b80000,0x00000000d5b80000,0x00000000d7980000)
  from space 4096K, 91% used [0x00000000d7a00000,0x00000000d7da4040,0x00000000d7e00000)
  to   space 5120K, 0% used [0x00000000d7e80000,0x00000000d7e80000,0x00000000d8380000)
 ParOldGen       total 87552K, used 18803K [0x0000000081200000, 0x0000000086780000, 0x00000000d5b80000)
  object space 87552K, 21% used [0x0000000081200000,0x000000008245cf58,0x0000000086780000)
 Metaspace       used 12620K, capacity 12812K, committed 12928K, reserved 1060864K
  class space    used 1562K, capacity 1640K, committed 1664K, reserved 1048576K
}
Event: 20.898 GC heap before
{Heap before GC invocations=10 (full 0):
 PSYoungGen      total 34816K, used 34038K [0x00000000d5b80000, 0x00000000d8380000, 0x0000000100000000)
  eden space 30720K, 98% used [0x00000000d5b80000,0x00000000d7919b00,0x00000000d7980000)
  from space 4096K, 91% used [0x00000000d7a00000,0x00000000d7da4040,0x00000000d7e00000)
  to   space 5120K, 0% used [0x00000000d7e80000,0x00000000d7e80000,0x00000000d8380000)
 ParOldGen       total 87552K, used 18803K [0x0000000081200000, 0x0000000086780000, 0x00000000d5b80000)
  object space 87552K, 21% used [0x0000000081200000,0x000000008245cf58,0x0000000086780000)
 Metaspace       used 12621K, capacity 12812K, committed 12928K, reserved 1060864K
  class space    used 1562K, capacity 1640K, committed 1664K, reserved 1048576K
Event: 20.899 GC heap after
Heap after GC invocations=10 (full 0):
 PSYoungGen      total 34816K, used 1928K [0x00000000d5b80000, 0x00000000d8300000, 0x0000000100000000)
  eden space 30208K, 0% used [0x00000000d5b80000,0x00000000d5b80000,0x00000000d7900000)
  from space 4608K, 41% used [0x00000000d7e80000,0x00000000d8062020,0x00000000d8300000)
  to   space 5120K, 0% used [0x00000000d7900000,0x00000000d7900000,0x00000000d7e00000)
 ParOldGen       total 87552K, used 18811K [0x0000000081200000, 0x0000000086780000, 0x00000000d5b80000)
  object space 87552K, 21% used [0x0000000081200000,0x000000008245ef58,0x0000000086780000)
 Metaspace       used 12621K, capacity 12812K, committed 12928K, reserved 1060864K
  class space    used 1562K, capacity 1640K, committed 1664K, reserved 1048576K
}
Event: 22.510 GC heap before
{Heap before GC invocations=11 (full 0):
 PSYoungGen      total 34816K, used 31577K [0x00000000d5b80000, 0x00000000d8300000, 0x0000000100000000)
  eden space 30208K, 98% used [0x00000000d5b80000,0x00000000d7874690,0x00000000d7900000)
  from space 4608K, 41% used [0x00000000d7e80000,0x00000000d8062020,0x00000000d8300000)
  to   space 5120K, 0% used [0x00000000d7900000,0x00000000d7900000,0x00000000d7e00000)
 ParOldGen       total 87552K, used 18811K [0x0000000081200000, 0x0000000086780000, 0x00000000d5b80000)
  object space 87552K, 21% used [0x0000000081200000,0x000000008245ef58,0x0000000086780000)
 Metaspace       used 12627K, capacity 12812K, committed 12928K, reserved 1060864K
  class space    used 1562K, capacity 1640K, committed 1664K, reserved 1048576K
Event: 22.511 GC heap after
Heap after GC invocations=11 (full 0):
 PSYoungGen      total 32768K, used 2828K [0x00000000d5b80000, 0x00000000d8280000, 0x0000000100000000)
  eden space 29696K, 0% used [0x00000000d5b80000,0x00000000d5b80000,0x00000000d7880000)
  from space 3072K, 92% used [0x00000000d7900000,0x00000000d7bc3030,0x00000000d7c00000)
  to   space 5120K, 0% used [0x00000000d7d80000,0x00000000d7d80000,0x00000000d8280000)
 ParOldGen       total 87552K, used 18827K [0x0000000081200000, 0x0000000086780000, 0x00000000d5b80000)
  object space 87552K, 21% used [0x0000000081200000,0x0000000082462f58,0x0000000086780000)
 Metaspace       used 12627K, capacity 12812K, committed 12928K, reserved 1060864K
  class space    used 1562K, capacity 1640K, committed 1664K, reserved 1048576K
}
Event: 24.125 GC heap before
{Heap before GC invocations=12 (full 0):
 PSYoungGen      total 32768K, used 32339K [0x00000000d5b80000, 0x00000000d8280000, 0x0000000100000000)
  eden space 29696K, 99% used [0x00000000d5b80000,0x00000000d7851c80,0x00000000d7880000)
  from space 3072K, 92% used [0x00000000d7900000,0x00000000d7bc3030,0x00000000d7c00000)
  to   space 5120K, 0% used [0x00000000d7d80000,0x00000000d7d80000,0x00000000d8280000)
 ParOldGen       total 87552K, used 18827K [0x0000000081200000, 0x0000000086780000, 0x00000000d5b80000)
  object space 87552K, 21% used [0x0000000081200000,0x0000000082462f58,0x0000000086780000)
 Metaspace       used 12665K, capacity 12884K, committed 13184K, reserved 1060864K
  class space    used 1562K, capacity 1640K, committed 1664K, reserved 1048576K
Event: 24.126 GC heap after
Heap after GC invocations=12 (full 0):
 PSYoungGen      total 33792K, used 1928K [0x00000000d5b80000, 0x00000000d8200000, 0x0000000100000000)
  eden space 29184K, 0% used [0x00000000d5b80000,0x00000000d5b80000,0x00000000d7800000)
  from space 4608K, 41% used [0x00000000d7d80000,0x00000000d7f62020,0x00000000d8200000)
  to   space 5120K, 0% used [0x00000000d7800000,0x00000000d7800000,0x00000000d7d00000)
 ParOldGen       total 87552K, used 18851K [0x0000000081200000, 0x0000000086780000, 0x00000000d5b80000)
  object space 87552K, 21% used [0x0000000081200000,0x0000000082468f58,0x0000000086780000)
 Metaspace       used 12665K, capacity 12884K, committed 13184K, reserved 1060864K
  class space    used 1562K, capacity 1640K, committed 1664K, reserved 1048576K
}

