# JRE version: Java(TM) SE Runtime Environment (8.0_131-b11) (build 1.8.0_131-b11)
# Java VM: Java HotSpot(TM) 64-Bit Server VM (25.131-b11 mixed mode windows-amd64 compressed oops)
Heap:
 PSYoungGen      total 29184K, used 11567K [0x00000000d5b80000, 0x00000000d7d00000, 0x0000000100000000)
  eden space 24064K, 36% used [0x00000000d5b80000,0x00000000d6408d28,0x00000000d7300000)
  from space 5120K, 55% used [0x00000000d7300000,0x00000000d75c3030,0x00000000d7800000)
  to   space 5120K, 0% used [0x00000000d7800000,0x00000000d7800000,0x00000000d7d00000)
 ParOldGen       total 87552K, used 18102K [0x0000000081200000, 0x0000000086780000, 0x00000000d5b80000)
  object space 87552K, 20% used [0x0000000081200000,0x00000000823ad948,0x0000000086780000)
 Metaspace       used 13019K, capacity 13242K, committed 13568K, reserved 1060864K
  class space    used 1583K, capacity 1673K, committed 1792K, reserved 1048576K
GC Heap History (10 events):
Event: 30.875 GC heap before
{Heap before GC invocations=45 (full 0):
 PSYoungGen      total 29184K, used 27647K [0x00000000d5b80000, 0x00000000d7d00000, 0x0000000100000000)
  eden space 24064K, 99% used [0x00000000d5b80000,0x00000000d72d3cb0,0x00000000d7300000)
  from space 5120K, 73% used [0x00000000d7800000,0x00000000d7bac040,0x00000000d7d00000)
  to   space 5120K, 0% used [0x00000000d7300000,0x00000000d7300000,0x00000000d7800000)
 ParOldGen       total 87552K, used 18030K [0x0000000081200000, 0x0000000086780000, 0x00000000d5b80000)
  object space 87552K, 20% used [0x0000000081200000,0x000000008239b948,0x0000000086780000)
 Metaspace       used 13016K, capacity 13242K, committed 13568K, reserved 1060864K
  class space    used 1583K, capacity 1673K, committed 1792K, reserved 1048576K
Event: 30.876 GC heap after
Heap after GC invocations=45 (full 0):
 PSYoungGen      total 29184K, used 2828K [0x00000000d5b80000, 0x00000000d7d00000, 0x0000000100000000)
  eden space 24064K, 0% used [0x00000000d5b80000,0x00000000d5b80000,0x00000000d7300000)
  from space 5120K, 55% used [0x00000000d7300000,0x00000000d75c3030,0x00000000d7800000)
  to   space 5120K, 0% used [0x00000000d7800000,0x00000000d7800000,0x00000000d7d00000)
 ParOldGen       total 87552K, used 18046K [0x0000000081200000, 0x0000000086780000, 0x00000000d5b80000)
  object space 87552K, 20% used [0x0000000081200000,0x000000008239f948,0x0000000086780000)
 Metaspace       used 13016K, capacity 13242K, committed 13568K, reserved 1060864K
  class space    used 1583K, capacity 1673K, committed 1792K, reserved 1048576K
}
Event: 31.306 GC heap before
{Heap before GC invocations=46 (full 0):
 PSYoungGen      total 29184K, used 26734K [0x00000000d5b80000, 0x00000000d7d00000, 0x0000000100000000)
  eden space 24064K, 99% used [0x00000000d5b80000,0x00000000d72d8850,0x00000000d7300000)
  from space 5120K, 55% used [0x00000000d7300000,0x00000000d75c3030,0x00000000d7800000)
  to   space 5120K, 0% used [0x00000000d7800000,0x00000000d7800000,0x00000000d7d00000)
 ParOldGen       total 87552K, used 18046K [0x0000000081200000, 0x0000000086780000, 0x00000000d5b80000)
  object space 87552K, 20% used [0x0000000081200000,0x000000008239f948,0x0000000086780000)
 Metaspace       used 13018K, capacity 13242K, committed 13568K, reserved 1060864K
  class space    used 1583K, capacity 1673K, committed 1792K, reserved 1048576K
Event: 31.307 GC heap after
Heap after GC invocations=46 (full 0):
 PSYoungGen      total 29184K, used 2860K [0x00000000d5b80000, 0x00000000d7d00000, 0x0000000100000000)
  eden space 24064K, 0% used [0x00000000d5b80000,0x00000000d5b80000,0x00000000d7300000)
  from space 5120K, 55% used [0x00000000d7800000,0x00000000d7acb030,0x00000000d7d00000)
  to   space 5120K, 0% used [0x00000000d7300000,0x00000000d7300000,0x00000000d7800000)
 ParOldGen       total 87552K, used 18054K [0x0000000081200000, 0x0000000086780000, 0x00000000d5b80000)
  object space 87552K, 20% used [0x0000000081200000,0x00000000823a1948,0x0000000086780000)
 Metaspace       used 13018K, capacity 13242K, committed 13568K, reserved 1060864K
  class space    used 1583K, capacity 1673K, committed 1792K, reserved 1048576K
}
Event: 31.743 GC heap before
{Heap before GC invocations=47 (full 0):
 PSYoungGen      total 29184K, used 26743K [0x00000000d5b80000, 0x00000000d7d00000, 0x0000000100000000)
  eden space 24064K, 99% used [0x00000000d5b80000,0x00000000d72d2c38,0x00000000d7300000)
  from space 5120K, 55% used [0x00000000d7800000,0x00000000d7acb030,0x00000000d7d00000)
  to   space 5120K, 0% used [0x00000000d7300000,0x00000000d7300000,0x00000000d7800000)
 ParOldGen       total 87552K, used 18054K [0x0000000081200000, 0x0000000086780000, 0x00000000d5b80000)
  object space 87552K, 20% used [0x0000000081200000,0x00000000823a1948,0x0000000086780000)
 Metaspace       used 13018K, capacity 13242K, committed 13568K, reserved 1060864K
  class space    used 1583K, capacity 1673K, committed 1792K, reserved 1048576K
Event: 31.744 GC heap after
Heap after GC invocations=47 (full 0):
 PSYoungGen      total 29184K, used 3760K [0x00000000d5b80000, 0x00000000d7d00000, 0x0000000100000000)
  eden space 24064K, 0% used [0x00000000d5b80000,0x00000000d5b80000,0x00000000d7300000)
  from space 5120K, 73% used [0x00000000d7300000,0x00000000d76ac040,0x00000000d7800000)
  to   space 5120K, 0% used [0x00000000d7800000,0x00000000d7800000,0x00000000d7d00000)
 ParOldGen       total 87552K, used 18070K [0x0000000081200000, 0x0000000086780000, 0x00000000d5b80000)
  object space 87552K, 20% used [0x0000000081200000,0x00000000823a5948,0x0000000086780000)
 Metaspace       used 13018K, capacity 13242K, committed 13568K, reserved 1060864K
  class space    used 1583K, capacity 1673K, committed 1792K, reserved 1048576K
}
Event: 32.176 GC heap before
{Heap before GC invocations=48 (full 0):
 PSYoungGen      total 29184K, used 27660K [0x00000000d5b80000, 0x00000000d7d00000, 0x0000000100000000)
  eden space 24064K, 99% used [0x00000000d5b80000,0x00000000d72d6ff8,0x00000000d7300000)
  from space 5120K, 73% used [0x00000000d7300000,0x00000000d76ac040,0x00000000d7800000)
  to   space 5120K, 0% used [0x00000000d7800000,0x00000000d7800000,0x00000000d7d00000)
 ParOldGen       total 87552K, used 18070K [0x0000000081200000, 0x0000000086780000, 0x00000000d5b80000)
  object space 87552K, 20% used [0x0000000081200000,0x00000000823a5948,0x0000000086780000)
 Metaspace       used 13018K, capacity 13242K, committed 13568K, reserved 1060864K
  class space    used 1583K, capacity 1673K, committed 1792K, reserved 1048576K
Event: 32.177 GC heap after
Heap after GC invocations=48 (full 0):
 PSYoungGen      total 29184K, used 3760K [0x00000000d5b80000, 0x00000000d7d00000, 0x0000000100000000)
  eden space 24064K, 0% used [0x00000000d5b80000,0x00000000d5b80000,0x00000000d7300000)
  from space 5120K, 73% used [0x00000000d7800000,0x00000000d7bac040,0x00000000d7d00000)
  to   space 5120K, 0% used [0x00000000d7300000,0x00000000d7300000,0x00000000d7800000)
 ParOldGen       total 87552K, used 18086K [0x0000000081200000, 0x0000000086780000, 0x00000000d5b80000)
  object space 87552K, 20% used [0x0000000081200000,0x00000000823a9948,0x0000000086780000)
 Metaspace       used 13018K, capacity 13242K, committed 13568K, reserved 1060864K
  class space    used 1583K, capacity 1673K, committed 1792K, reserved 1048576K
}
Event: 32.611 GC heap before
{Heap before GC invocations=49 (full 0):
 PSYoungGen      total 29184K, used 27639K [0x00000000d5b80000, 0x00000000d7d00000, 0x0000000100000000)
  eden space 24064K, 99% used [0x00000000d5b80000,0x00000000d72d1c10,0x00000000d7300000)
  from space 5120K, 73% used [0x00000000d7800000,0x00000000d7bac040,0x00000000d7d00000)
  to   space 5120K, 0% used [0x00000000d7300000,0x00000000d7300000,0x00000000d7800000)
 ParOldGen       total 87552K, used 18086K [0x0000000081200000, 0x0000000086780000, 0x00000000d5b80000)
  object space 87552K, 20% used [0x0000000081200000,0x00000000823a9948,0x0000000086780000)
 Metaspace       used 13018K, capacity 13242K, committed 13568K, reserved 1060864K
  class space    used 1583K, capacity 1673K, committed 1792K, reserved 1048576K
Event: 32.612 GC heap after
Heap after GC invocations=49 (full 0):
 PSYoungGen      total 29184K, used 2828K [0x00000000d5b80000, 0x00000000d7d00000, 0x0000000100000000)
  eden space 24064K, 0% used [0x00000000d5b80000,0x00000000d5b80000,0x00000000d7300000)
  from space 5120K, 55% used [0x00000000d7300000,0x00000000d75c3030,0x00000000d7800000)
  to   space 5120K, 0% used [0x00000000d7800000,0x00000000d7800000,0x00000000d7d00000)
 ParOldGen       total 87552K, used 18102K [0x0000000081200000, 0x0000000086780000, 0x00000000d5b80000)
  object space 87552K, 20% used [0x0000000081200000,0x00000000823ad948,0x0000000086780000)
 Metaspace       used 13018K, capacity 13242K, committed 13568K, reserved 1060864K
  class space    used 1583K, capacity 1673K, committed 1792K, reserved 1048576K
}

