# JRE version: Java(TM) SE Runtime Environment (8.0_131-b11) (build 1.8.0_131-b11)
# Java VM: Java HotSpot(TM) 64-Bit Server VM (25.131-b11 mixed mode windows-amd64 compressed oops)
Heap:
 PSYoungGen      total 27648K, used 25177K [0x00000000d5b80000, 0x00000000d7a00000, 0x0000000100000000)
  eden space 24064K, 92% used [0x00000000d5b80000,0x00000000d7153628,0x00000000d7300000)
  from space 3584K, 78% used [0x00000000d7300000,0x00000000d75c3030,0x00000000d7680000)
  to   space 3584K, 0% used [0x00000000d7680000,0x00000000d7680000,0x00000000d7a00000)
 ParOldGen       total 87552K, used 18055K [0x0000000081200000, 0x0000000086780000, 0x00000000d5b80000)
  object space 87552K, 20% used [0x0000000081200000,0x00000000823a1d10,0x0000000086780000)
 Metaspace       used 12937K, capacity 13172K, committed 13568K, reserved 1060864K
  class space    used 1574K, capacity 1672K, committed 1792K, reserved 1048576K
GC Heap History (10 events):
Event: 90.088 GC heap before
{Heap before GC invocations=61 (full 0):
 PSYoungGen      total 27648K, used 26736K [0x00000000d5b80000, 0x00000000d7a00000, 0x0000000100000000)
  eden space 24064K, 99% used [0x00000000d5b80000,0x00000000d72d13c0,0x00000000d7300000)
  from space 3584K, 79% used [0x00000000d7680000,0x00000000d794b030,0x00000000d7a00000)
  to   space 3584K, 0% used [0x00000000d7300000,0x00000000d7300000,0x00000000d7680000)
 ParOldGen       total 87552K, used 18015K [0x0000000081200000, 0x0000000086780000, 0x00000000d5b80000)
  object space 87552K, 20% used [0x0000000081200000,0x0000000082397d10,0x0000000086780000)
 Metaspace       used 12931K, capacity 13172K, committed 13568K, reserved 1060864K
  class space    used 1574K, capacity 1672K, committed 1792K, reserved 1048576K
Event: 90.089 GC heap after
Heap after GC invocations=61 (full 0):
 PSYoungGen      total 27648K, used 2860K [0x00000000d5b80000, 0x00000000d7a00000, 0x0000000100000000)
  eden space 24064K, 0% used [0x00000000d5b80000,0x00000000d5b80000,0x00000000d7300000)
  from space 3584K, 79% used [0x00000000d7300000,0x00000000d75cb030,0x00000000d7680000)
  to   space 3584K, 0% used [0x00000000d7680000,0x00000000d7680000,0x00000000d7a00000)
 ParOldGen       total 87552K, used 18023K [0x0000000081200000, 0x0000000086780000, 0x00000000d5b80000)
  object space 87552K, 20% used [0x0000000081200000,0x0000000082399d10,0x0000000086780000)
 Metaspace       used 12931K, capacity 13172K, committed 13568K, reserved 1060864K
  class space    used 1574K, capacity 1672K, committed 1792K, reserved 1048576K
}
Event: 91.402 GC heap before
{Heap before GC invocations=62 (full 0):
 PSYoungGen      total 27648K, used 26736K [0x00000000d5b80000, 0x00000000d7a00000, 0x0000000100000000)
  eden space 24064K, 99% used [0x00000000d5b80000,0x00000000d72d13c0,0x00000000d7300000)
  from space 3584K, 79% used [0x00000000d7300000,0x00000000d75cb030,0x00000000d7680000)
  to   space 3584K, 0% used [0x00000000d7680000,0x00000000d7680000,0x00000000d7a00000)
 ParOldGen       total 87552K, used 18023K [0x0000000081200000, 0x0000000086780000, 0x00000000d5b80000)
  object space 87552K, 20% used [0x0000000081200000,0x0000000082399d10,0x0000000086780000)
 Metaspace       used 12931K, capacity 13172K, committed 13568K, reserved 1060864K
  class space    used 1574K, capacity 1672K, committed 1792K, reserved 1048576K
Event: 91.403 GC heap after
Heap after GC invocations=62 (full 0):
 PSYoungGen      total 27648K, used 2860K [0x00000000d5b80000, 0x00000000d7a00000, 0x0000000100000000)
  eden space 24064K, 0% used [0x00000000d5b80000,0x00000000d5b80000,0x00000000d7300000)
  from space 3584K, 79% used [0x00000000d7680000,0x00000000d794b030,0x00000000d7a00000)
  to   space 3584K, 0% used [0x00000000d7300000,0x00000000d7300000,0x00000000d7680000)
 ParOldGen       total 87552K, used 18031K [0x0000000081200000, 0x0000000086780000, 0x00000000d5b80000)
  object space 87552K, 20% used [0x0000000081200000,0x000000008239bd10,0x0000000086780000)
 Metaspace       used 12931K, capacity 13172K, committed 13568K, reserved 1060864K
  class space    used 1574K, capacity 1672K, committed 1792K, reserved 1048576K
}
Event: 92.717 GC heap before
{Heap before GC invocations=63 (full 0):
 PSYoungGen      total 27648K, used 26736K [0x00000000d5b80000, 0x00000000d7a00000, 0x0000000100000000)
  eden space 24064K, 99% used [0x00000000d5b80000,0x00000000d72d13c0,0x00000000d7300000)
  from space 3584K, 79% used [0x00000000d7680000,0x00000000d794b030,0x00000000d7a00000)
  to   space 3584K, 0% used [0x00000000d7300000,0x00000000d7300000,0x00000000d7680000)
 ParOldGen       total 87552K, used 18031K [0x0000000081200000, 0x0000000086780000, 0x00000000d5b80000)
  object space 87552K, 20% used [0x0000000081200000,0x000000008239bd10,0x0000000086780000)
 Metaspace       used 12931K, capacity 13172K, committed 13568K, reserved 1060864K
  class space    used 1574K, capacity 1672K, committed 1792K, reserved 1048576K
Event: 92.718 GC heap after
Heap after GC invocations=63 (full 0):
 PSYoungGen      total 27648K, used 2860K [0x00000000d5b80000, 0x00000000d7a00000, 0x0000000100000000)
  eden space 24064K, 0% used [0x00000000d5b80000,0x00000000d5b80000,0x00000000d7300000)
  from space 3584K, 79% used [0x00000000d7300000,0x00000000d75cb030,0x00000000d7680000)
  to   space 3584K, 0% used [0x00000000d7680000,0x00000000d7680000,0x00000000d7a00000)
 ParOldGen       total 87552K, used 18039K [0x0000000081200000, 0x0000000086780000, 0x00000000d5b80000)
  object space 87552K, 20% used [0x0000000081200000,0x000000008239dd10,0x0000000086780000)
 Metaspace       used 12931K, capacity 13172K, committed 13568K, reserved 1060864K
  class space    used 1574K, capacity 1672K, committed 1792K, reserved 1048576K
}
Event: 94.029 GC heap before
{Heap before GC invocations=64 (full 0):
 PSYoungGen      total 27648K, used 26736K [0x00000000d5b80000, 0x00000000d7a00000, 0x0000000100000000)
  eden space 24064K, 99% used [0x00000000d5b80000,0x00000000d72d13c0,0x00000000d7300000)
  from space 3584K, 79% used [0x00000000d7300000,0x00000000d75cb030,0x00000000d7680000)
  to   space 3584K, 0% used [0x00000000d7680000,0x00000000d7680000,0x00000000d7a00000)
 ParOldGen       total 87552K, used 18039K [0x0000000081200000, 0x0000000086780000, 0x00000000d5b80000)
  object space 87552K, 20% used [0x0000000081200000,0x000000008239dd10,0x0000000086780000)
 Metaspace       used 12931K, capacity 13172K, committed 13568K, reserved 1060864K
  class space    used 1574K, capacity 1672K, committed 1792K, reserved 1048576K
Event: 94.030 GC heap after
Heap after GC invocations=64 (full 0):
 PSYoungGen      total 27648K, used 1896K [0x00000000d5b80000, 0x00000000d7a00000, 0x0000000100000000)
  eden space 24064K, 0% used [0x00000000d5b80000,0x00000000d5b80000,0x00000000d7300000)
  from space 3584K, 52% used [0x00000000d7680000,0x00000000d785a020,0x00000000d7a00000)
  to   space 3584K, 0% used [0x00000000d7300000,0x00000000d7300000,0x00000000d7680000)
 ParOldGen       total 87552K, used 18047K [0x0000000081200000, 0x0000000086780000, 0x00000000d5b80000)
  object space 87552K, 20% used [0x0000000081200000,0x000000008239fd10,0x0000000086780000)
 Metaspace       used 12931K, capacity 13172K, committed 13568K, reserved 1060864K
  class space    used 1574K, capacity 1672K, committed 1792K, reserved 1048576K
}
Event: 95.341 GC heap before
{Heap before GC invocations=65 (full 0):
 PSYoungGen      total 27648K, used 25816K [0x00000000d5b80000, 0x00000000d7a00000, 0x0000000100000000)
  eden space 24064K, 99% used [0x00000000d5b80000,0x00000000d72dc168,0x00000000d7300000)
  from space 3584K, 52% used [0x00000000d7680000,0x00000000d785a020,0x00000000d7a00000)
  to   space 3584K, 0% used [0x00000000d7300000,0x00000000d7300000,0x00000000d7680000)
 ParOldGen       total 87552K, used 18047K [0x0000000081200000, 0x0000000086780000, 0x00000000d5b80000)
  object space 87552K, 20% used [0x0000000081200000,0x000000008239fd10,0x0000000086780000)
 Metaspace       used 12931K, capacity 13172K, committed 13568K, reserved 1060864K
  class space    used 1574K, capacity 1672K, committed 1792K, reserved 1048576K
Event: 95.341 GC heap after
Heap after GC invocations=65 (full 0):
 PSYoungGen      total 27648K, used 2828K [0x00000000d5b80000, 0x00000000d7a00000, 0x0000000100000000)
  eden space 24064K, 0% used [0x00000000d5b80000,0x00000000d5b80000,0x00000000d7300000)
  from space 3584K, 78% used [0x00000000d7300000,0x00000000d75c3030,0x00000000d7680000)
  to   space 3584K, 0% used [0x00000000d7680000,0x00000000d7680000,0x00000000d7a00000)
 ParOldGen       total 87552K, used 18055K [0x0000000081200000, 0x0000000086780000, 0x00000000d5b80000)
  object space 87552K, 20% used [0x0000000081200000,0x00000000823a1d10,0x0000000086780000)
 Metaspace       used 12931K, capacity 13172K, committed 13568K, reserved 1060864K
  class space    used 1574K, capacity 1672K, committed 1792K, reserved 1048576K
}

