# JRE version: Java(TM) SE Runtime Environment (8.0_131-b11) (build 1.8.0_131-b11)
# Java VM: Java HotSpot(TM) 64-Bit Server VM (25.131-b11 mixed mode windows-amd64 compressed oops)
Heap:
 PSYoungGen      total 30720K, used 20024K [0x00000000d5b80000, 0x00000000d8000000, 0x0000000100000000)
  eden space 26112K, 64% used [0x00000000d5b80000,0x00000000d6beb060,0x00000000d7500000)
  from space 4608K, 69% used [0x00000000d7b80000,0x00000000d7ea30b0,0x00000000d8000000)
  to   space 5632K, 0% used [0x00000000d7500000,0x00000000d7500000,0x00000000d7a80000)
 ParOldGen       total 87552K, used 20802K [0x0000000081200000, 0x0000000086780000, 0x00000000d5b80000)
  object space 87552K, 23% used [0x0000000081200000,0x0000000082650858,0x0000000086780000)
 Metaspace       used 13281K, capacity 13516K, committed 13824K, reserved 1060864K
  class space    used 1646K, capacity 1704K, committed 1792K, reserved 1048576K
GC Heap History (10 events):
Event: 18.327 GC heap before
{Heap before GC invocations=14 (full 0):
 PSYoungGen      total 32768K, used 31964K [0x00000000d5b80000, 0x00000000d8080000, 0x0000000100000000)
  eden space 28672K, 97% used [0x00000000d5b80000,0x00000000d76bea78,0x00000000d7780000)
  from space 4096K, 99% used [0x00000000d7880000,0x00000000d7c787f0,0x00000000d7c80000)
  to   space 4096K, 0% used [0x00000000d7c80000,0x00000000d7c80000,0x00000000d8080000)
 ParOldGen       total 87552K, used 18906K [0x0000000081200000, 0x0000000086780000, 0x00000000d5b80000)
  object space 87552K, 21% used [0x0000000081200000,0x0000000082476838,0x0000000086780000)
 Metaspace       used 13203K, capacity 13388K, committed 13568K, reserved 1060864K
  class space    used 1644K, capacity 1704K, committed 1792K, reserved 1048576K
Event: 18.328 GC heap after
Heap after GC invocations=14 (full 0):
 PSYoungGen      total 31744K, used 3187K [0x00000000d5b80000, 0x00000000d8000000, 0x0000000100000000)
  eden space 28160K, 0% used [0x00000000d5b80000,0x00000000d5b80000,0x00000000d7700000)
  from space 3584K, 88% used [0x00000000d7c80000,0x00000000d7f9cfa8,0x00000000d8000000)
  to   space 4608K, 0% used [0x00000000d7700000,0x00000000d7700000,0x00000000d7b80000)
 ParOldGen       total 87552K, used 18922K [0x0000000081200000, 0x0000000086780000, 0x00000000d5b80000)
  object space 87552K, 21% used [0x0000000081200000,0x000000008247a838,0x0000000086780000)
 Metaspace       used 13203K, capacity 13388K, committed 13568K, reserved 1060864K
  class space    used 1644K, capacity 1704K, committed 1792K, reserved 1048576K
}
Event: 19.082 GC heap before
{Heap before GC invocations=15 (full 0):
 PSYoungGen      total 31744K, used 31347K [0x00000000d5b80000, 0x00000000d8000000, 0x0000000100000000)
  eden space 28160K, 100% used [0x00000000d5b80000,0x00000000d7700000,0x00000000d7700000)
  from space 3584K, 88% used [0x00000000d7c80000,0x00000000d7f9cfa8,0x00000000d8000000)
  to   space 4608K, 0% used [0x00000000d7700000,0x00000000d7700000,0x00000000d7b80000)
 ParOldGen       total 87552K, used 18922K [0x0000000081200000, 0x0000000086780000, 0x00000000d5b80000)
  object space 87552K, 21% used [0x0000000081200000,0x000000008247a838,0x0000000086780000)
 Metaspace       used 13204K, capacity 13388K, committed 13568K, reserved 1060864K
  class space    used 1644K, capacity 1704K, committed 1792K, reserved 1048576K
Event: 19.083 GC heap after
Heap after GC invocations=15 (full 0):
 PSYoungGen      total 32256K, used 4144K [0x00000000d5b80000, 0x00000000d7f80000, 0x0000000100000000)
  eden space 27648K, 0% used [0x00000000d5b80000,0x00000000d5b80000,0x00000000d7680000)
  from space 4608K, 89% used [0x00000000d7700000,0x00000000d7b0c148,0x00000000d7b80000)
  to   space 4096K, 0% used [0x00000000d7b80000,0x00000000d7b80000,0x00000000d7f80000)
 ParOldGen       total 87552K, used 18938K [0x0000000081200000, 0x0000000086780000, 0x00000000d5b80000)
  object space 87552K, 21% used [0x0000000081200000,0x000000008247e838,0x0000000086780000)
 Metaspace       used 13204K, capacity 13388K, committed 13568K, reserved 1060864K
  class space    used 1644K, capacity 1704K, committed 1792K, reserved 1048576K
}
Event: 19.845 GC heap before
{Heap before GC invocations=16 (full 0):
 PSYoungGen      total 32256K, used 31792K [0x00000000d5b80000, 0x00000000d7f80000, 0x0000000100000000)
  eden space 27648K, 100% used [0x00000000d5b80000,0x00000000d7680000,0x00000000d7680000)
  from space 4608K, 89% used [0x00000000d7700000,0x00000000d7b0c148,0x00000000d7b80000)
  to   space 4096K, 0% used [0x00000000d7b80000,0x00000000d7b80000,0x00000000d7f80000)
 ParOldGen       total 87552K, used 18938K [0x0000000081200000, 0x0000000086780000, 0x00000000d5b80000)
  object space 87552K, 21% used [0x0000000081200000,0x000000008247e838,0x0000000086780000)
 Metaspace       used 13253K, capacity 13452K, committed 13824K, reserved 1060864K
  class space    used 1644K, capacity 1704K, committed 1792K, reserved 1048576K
Event: 19.847 GC heap after
Heap after GC invocations=16 (full 0):
 PSYoungGen      total 31232K, used 4077K [0x00000000d5b80000, 0x00000000d8100000, 0x0000000100000000)
  eden space 27136K, 0% used [0x00000000d5b80000,0x00000000d5b80000,0x00000000d7600000)
  from space 4096K, 99% used [0x00000000d7b80000,0x00000000d7f7b430,0x00000000d7f80000)
  to   space 5632K, 0% used [0x00000000d7600000,0x00000000d7600000,0x00000000d7b80000)
 ParOldGen       total 87552K, used 20762K [0x0000000081200000, 0x0000000086780000, 0x00000000d5b80000)
  object space 87552K, 23% used [0x0000000081200000,0x0000000082646858,0x0000000086780000)
 Metaspace       used 13253K, capacity 13452K, committed 13824K, reserved 1060864K
  class space    used 1644K, capacity 1704K, committed 1792K, reserved 1048576K
}
Event: 20.603 GC heap before
{Heap before GC invocations=17 (full 0):
 PSYoungGen      total 31232K, used 31213K [0x00000000d5b80000, 0x00000000d8100000, 0x0000000100000000)
  eden space 27136K, 100% used [0x00000000d5b80000,0x00000000d7600000,0x00000000d7600000)
  from space 4096K, 99% used [0x00000000d7b80000,0x00000000d7f7b430,0x00000000d7f80000)
  to   space 5632K, 0% used [0x00000000d7600000,0x00000000d7600000,0x00000000d7b80000)
 ParOldGen       total 87552K, used 20762K [0x0000000081200000, 0x0000000086780000, 0x00000000d5b80000)
  object space 87552K, 23% used [0x0000000081200000,0x0000000082646858,0x0000000086780000)
 Metaspace       used 13265K, capacity 13452K, committed 13824K, reserved 1060864K
  class space    used 1644K, capacity 1704K, committed 1792K, reserved 1048576K
Event: 20.604 GC heap after
Heap after GC invocations=17 (full 0):
 PSYoungGen      total 32256K, used 5044K [0x00000000d5b80000, 0x00000000d8180000, 0x0000000100000000)
  eden space 26624K, 0% used [0x00000000d5b80000,0x00000000d5b80000,0x00000000d7580000)
  from space 5632K, 89% used [0x00000000d7600000,0x00000000d7aed080,0x00000000d7b80000)
  to   space 6144K, 0% used [0x00000000d7b80000,0x00000000d7b80000,0x00000000d8180000)
 ParOldGen       total 87552K, used 20778K [0x0000000081200000, 0x0000000086780000, 0x00000000d5b80000)
  object space 87552K, 23% used [0x0000000081200000,0x000000008264a858,0x0000000086780000)
 Metaspace       used 13265K, capacity 13452K, committed 13824K, reserved 1060864K
  class space    used 1644K, capacity 1704K, committed 1792K, reserved 1048576K
}
Event: 21.329 GC heap before
{Heap before GC invocations=18 (full 0):
 PSYoungGen      total 32256K, used 30896K [0x00000000d5b80000, 0x00000000d8180000, 0x0000000100000000)
  eden space 26624K, 97% used [0x00000000d5b80000,0x00000000d74befe8,0x00000000d7580000)
  from space 5632K, 89% used [0x00000000d7600000,0x00000000d7aed080,0x00000000d7b80000)
  to   space 6144K, 0% used [0x00000000d7b80000,0x00000000d7b80000,0x00000000d8180000)
 ParOldGen       total 87552K, used 20778K [0x0000000081200000, 0x0000000086780000, 0x00000000d5b80000)
  object space 87552K, 23% used [0x0000000081200000,0x000000008264a858,0x0000000086780000)
 Metaspace       used 13273K, capacity 13516K, committed 13824K, reserved 1060864K
  class space    used 1644K, capacity 1704K, committed 1792K, reserved 1048576K
Event: 21.330 GC heap after
Heap after GC invocations=18 (full 0):
 PSYoungGen      total 30720K, used 3212K [0x00000000d5b80000, 0x00000000d8000000, 0x0000000100000000)
  eden space 26112K, 0% used [0x00000000d5b80000,0x00000000d5b80000,0x00000000d7500000)
  from space 4608K, 69% used [0x00000000d7b80000,0x00000000d7ea30b0,0x00000000d8000000)
  to   space 5632K, 0% used [0x00000000d7500000,0x00000000d7500000,0x00000000d7a80000)
 ParOldGen       total 87552K, used 20802K [0x0000000081200000, 0x0000000086780000, 0x00000000d5b80000)
  object space 87552K, 23% used [0x0000000081200000,0x0000000082650858,0x0000000086780000)
 Metaspace       used 13273K, capacity 13516K, committed 13824K, reserved 1060864K
  class space    used 1644K, capacity 1704K, committed 1792K, reserved 1048576K
}

