# JRE version: Java(TM) SE Runtime Environment (8.0_131-b11) (build 1.8.0_131-b11)
# Java VM: Java HotSpot(TM) 64-Bit Server VM (25.131-b11 mixed mode windows-amd64 compressed oops)
Heap:
 PSYoungGen      total 26112K, used 16045K [0x00000000d5b80000, 0x00000000d7900000, 0x0000000100000000)
  eden space 22016K, 59% used [0x00000000d5b80000,0x00000000d6860588,0x00000000d7100000)
  from space 4096K, 69% used [0x00000000d7500000,0x00000000d77cb030,0x00000000d7900000)
  to   space 4096K, 0% used [0x00000000d7100000,0x00000000d7100000,0x00000000d7500000)
 ParOldGen       total 87552K, used 24268K [0x0000000081200000, 0x0000000086780000, 0x00000000d5b80000)
  object space 87552K, 27% used [0x0000000081200000,0x00000000829b3078,0x0000000086780000)
 Metaspace       used 12985K, capacity 13236K, committed 13568K, reserved 1060864K
  class space    used 1577K, capacity 1672K, committed 1792K, reserved 1048576K
GC Heap History (10 events):
Event: 56.879 GC heap before
{Heap before GC invocations=118 (full 0):
 PSYoungGen      total 26112K, used 23093K [0x00000000d5b80000, 0x00000000d7900000, 0x0000000100000000)
  eden space 22016K, 96% used [0x00000000d5b80000,0x00000000d702b568,0x00000000d7100000)
  from space 4096K, 47% used [0x00000000d7100000,0x00000000d72e2020,0x00000000d7500000)
  to   space 4096K, 0% used [0x00000000d7500000,0x00000000d7500000,0x00000000d7900000)
 ParOldGen       total 87552K, used 24196K [0x0000000081200000, 0x0000000086780000, 0x00000000d5b80000)
  object space 87552K, 27% used [0x0000000081200000,0x00000000829a1078,0x0000000086780000)
 Metaspace       used 12983K, capacity 13236K, committed 13568K, reserved 1060864K
  class space    used 1577K, capacity 1672K, committed 1792K, reserved 1048576K
Event: 56.880 GC heap after
Heap after GC invocations=118 (full 0):
 PSYoungGen      total 26112K, used 2860K [0x00000000d5b80000, 0x00000000d7900000, 0x0000000100000000)
  eden space 22016K, 0% used [0x00000000d5b80000,0x00000000d5b80000,0x00000000d7100000)
  from space 4096K, 69% used [0x00000000d7500000,0x00000000d77cb030,0x00000000d7900000)
  to   space 4096K, 0% used [0x00000000d7100000,0x00000000d7100000,0x00000000d7500000)
 ParOldGen       total 87552K, used 24204K [0x0000000081200000, 0x0000000086780000, 0x00000000d5b80000)
  object space 87552K, 27% used [0x0000000081200000,0x00000000829a3078,0x0000000086780000)
 Metaspace       used 12983K, capacity 13236K, committed 13568K, reserved 1060864K
  class space    used 1577K, capacity 1672K, committed 1792K, reserved 1048576K
}
Event: 57.247 GC heap before
{Heap before GC invocations=119 (full 0):
 PSYoungGen      total 26112K, used 23997K [0x00000000d5b80000, 0x00000000d7900000, 0x0000000100000000)
  eden space 22016K, 96% used [0x00000000d5b80000,0x00000000d70247c8,0x00000000d7100000)
  from space 4096K, 69% used [0x00000000d7500000,0x00000000d77cb030,0x00000000d7900000)
  to   space 4096K, 0% used [0x00000000d7100000,0x00000000d7100000,0x00000000d7500000)
 ParOldGen       total 87552K, used 24204K [0x0000000081200000, 0x0000000086780000, 0x00000000d5b80000)
  object space 87552K, 27% used [0x0000000081200000,0x00000000829a3078,0x0000000086780000)
 Metaspace       used 12983K, capacity 13236K, committed 13568K, reserved 1060864K
  class space    used 1577K, capacity 1672K, committed 1792K, reserved 1048576K
Event: 57.248 GC heap after
Heap after GC invocations=119 (full 0):
 PSYoungGen      total 26112K, used 2828K [0x00000000d5b80000, 0x00000000d7900000, 0x0000000100000000)
  eden space 22016K, 0% used [0x00000000d5b80000,0x00000000d5b80000,0x00000000d7100000)
  from space 4096K, 69% used [0x00000000d7100000,0x00000000d73c3030,0x00000000d7500000)
  to   space 4096K, 0% used [0x00000000d7500000,0x00000000d7500000,0x00000000d7900000)
 ParOldGen       total 87552K, used 24228K [0x0000000081200000, 0x0000000086780000, 0x00000000d5b80000)
  object space 87552K, 27% used [0x0000000081200000,0x00000000829a9078,0x0000000086780000)
 Metaspace       used 12983K, capacity 13236K, committed 13568K, reserved 1060864K
  class space    used 1577K, capacity 1672K, committed 1792K, reserved 1048576K
}
Event: 57.647 GC heap before
{Heap before GC invocations=120 (full 0):
 PSYoungGen      total 26112K, used 23974K [0x00000000d5b80000, 0x00000000d7900000, 0x0000000100000000)
  eden space 22016K, 96% used [0x00000000d5b80000,0x00000000d70269a8,0x00000000d7100000)
  from space 4096K, 69% used [0x00000000d7100000,0x00000000d73c3030,0x00000000d7500000)
  to   space 4096K, 0% used [0x00000000d7500000,0x00000000d7500000,0x00000000d7900000)
 ParOldGen       total 87552K, used 24228K [0x0000000081200000, 0x0000000086780000, 0x00000000d5b80000)
  object space 87552K, 27% used [0x0000000081200000,0x00000000829a9078,0x0000000086780000)
 Metaspace       used 12984K, capacity 13236K, committed 13568K, reserved 1060864K
  class space    used 1577K, capacity 1672K, committed 1792K, reserved 1048576K
Event: 57.648 GC heap after
Heap after GC invocations=120 (full 0):
 PSYoungGen      total 26112K, used 2860K [0x00000000d5b80000, 0x00000000d7900000, 0x0000000100000000)
  eden space 22016K, 0% used [0x00000000d5b80000,0x00000000d5b80000,0x00000000d7100000)
  from space 4096K, 69% used [0x00000000d7500000,0x00000000d77cb030,0x00000000d7900000)
  to   space 4096K, 0% used [0x00000000d7100000,0x00000000d7100000,0x00000000d7500000)
 ParOldGen       total 87552K, used 24236K [0x0000000081200000, 0x0000000086780000, 0x00000000d5b80000)
  object space 87552K, 27% used [0x0000000081200000,0x00000000829ab078,0x0000000086780000)
 Metaspace       used 12984K, capacity 13236K, committed 13568K, reserved 1060864K
  class space    used 1577K, capacity 1672K, committed 1792K, reserved 1048576K
}
Event: 58.016 GC heap before
{Heap before GC invocations=121 (full 0):
 PSYoungGen      total 26112K, used 24027K [0x00000000d5b80000, 0x00000000d7900000, 0x0000000100000000)
  eden space 22016K, 96% used [0x00000000d5b80000,0x00000000d702be48,0x00000000d7100000)
  from space 4096K, 69% used [0x00000000d7500000,0x00000000d77cb030,0x00000000d7900000)
  to   space 4096K, 0% used [0x00000000d7100000,0x00000000d7100000,0x00000000d7500000)
 ParOldGen       total 87552K, used 24236K [0x0000000081200000, 0x0000000086780000, 0x00000000d5b80000)
  object space 87552K, 27% used [0x0000000081200000,0x00000000829ab078,0x0000000086780000)
 Metaspace       used 12984K, capacity 13236K, committed 13568K, reserved 1060864K
  class space    used 1577K, capacity 1672K, committed 1792K, reserved 1048576K
Event: 58.017 GC heap after
Heap after GC invocations=121 (full 0):
 PSYoungGen      total 26112K, used 2860K [0x00000000d5b80000, 0x00000000d7900000, 0x0000000100000000)
  eden space 22016K, 0% used [0x00000000d5b80000,0x00000000d5b80000,0x00000000d7100000)
  from space 4096K, 69% used [0x00000000d7100000,0x00000000d73cb030,0x00000000d7500000)
  to   space 4096K, 0% used [0x00000000d7500000,0x00000000d7500000,0x00000000d7900000)
 ParOldGen       total 87552K, used 24244K [0x0000000081200000, 0x0000000086780000, 0x00000000d5b80000)
  object space 87552K, 27% used [0x0000000081200000,0x00000000829ad078,0x0000000086780000)
 Metaspace       used 12984K, capacity 13236K, committed 13568K, reserved 1060864K
  class space    used 1577K, capacity 1672K, committed 1792K, reserved 1048576K
}
Event: 58.417 GC heap before
{Heap before GC invocations=122 (full 0):
 PSYoungGen      total 26112K, used 23998K [0x00000000d5b80000, 0x00000000d7900000, 0x0000000100000000)
  eden space 22016K, 96% used [0x00000000d5b80000,0x00000000d7024a10,0x00000000d7100000)
  from space 4096K, 69% used [0x00000000d7100000,0x00000000d73cb030,0x00000000d7500000)
  to   space 4096K, 0% used [0x00000000d7500000,0x00000000d7500000,0x00000000d7900000)
 ParOldGen       total 87552K, used 24244K [0x0000000081200000, 0x0000000086780000, 0x00000000d5b80000)
  object space 87552K, 27% used [0x0000000081200000,0x00000000829ad078,0x0000000086780000)
 Metaspace       used 12984K, capacity 13236K, committed 13568K, reserved 1060864K
  class space    used 1577K, capacity 1672K, committed 1792K, reserved 1048576K
Event: 58.418 GC heap after
Heap after GC invocations=122 (full 0):
 PSYoungGen      total 26112K, used 2860K [0x00000000d5b80000, 0x00000000d7900000, 0x0000000100000000)
  eden space 22016K, 0% used [0x00000000d5b80000,0x00000000d5b80000,0x00000000d7100000)
  from space 4096K, 69% used [0x00000000d7500000,0x00000000d77cb030,0x00000000d7900000)
  to   space 4096K, 0% used [0x00000000d7100000,0x00000000d7100000,0x00000000d7500000)
 ParOldGen       total 87552K, used 24268K [0x0000000081200000, 0x0000000086780000, 0x00000000d5b80000)
  object space 87552K, 27% used [0x0000000081200000,0x00000000829b3078,0x0000000086780000)
 Metaspace       used 12984K, capacity 13236K, committed 13568K, reserved 1060864K
  class space    used 1577K, capacity 1672K, committed 1792K, reserved 1048576K
}

