# JRE version: Java(TM) SE Runtime Environment (8.0_131-b11) (build 1.8.0_131-b11)
# Java VM: Java HotSpot(TM) 64-Bit Server VM (25.131-b11 mixed mode windows-amd64 compressed oops)
Heap:
 PSYoungGen      total 29184K, used 10729K [0x00000000d5b80000, 0x00000000d7d00000, 0x0000000100000000)
  eden space 24064K, 29% used [0x00000000d5b80000,0x00000000d6256550,0x00000000d7300000)
  from space 5120K, 72% used [0x00000000d7300000,0x00000000d76a4040,0x00000000d7800000)
  to   space 5120K, 0% used [0x00000000d7800000,0x00000000d7800000,0x00000000d7d00000)
 ParOldGen       total 87552K, used 19030K [0x0000000081200000, 0x0000000086780000, 0x00000000d5b80000)
  object space 87552K, 21% used [0x0000000081200000,0x0000000082495b48,0x0000000086780000)
 Metaspace       used 12738K, capacity 12948K, committed 13184K, reserved 1060864K
  class space    used 1555K, capacity 1640K, committed 1664K, reserved 1048576K
GC Heap History (10 events):
Event: 41.989 GC heap before
{Heap before GC invocations=19 (full 0):
 PSYoungGen      total 30208K, used 28521K [0x00000000d5b80000, 0x00000000d7e00000, 0x0000000100000000)
  eden space 26112K, 98% used [0x00000000d5b80000,0x00000000d749f550,0x00000000d7500000)
  from space 4096K, 68% used [0x00000000d7a00000,0x00000000d7cbb030,0x00000000d7e00000)
  to   space 4608K, 0% used [0x00000000d7500000,0x00000000d7500000,0x00000000d7980000)
 ParOldGen       total 87552K, used 18942K [0x0000000081200000, 0x0000000086780000, 0x00000000d5b80000)
  object space 87552K, 21% used [0x0000000081200000,0x000000008247fb48,0x0000000086780000)
 Metaspace       used 12709K, capacity 12884K, committed 13184K, reserved 1060864K
  class space    used 1555K, capacity 1640K, committed 1664K, reserved 1048576K
Event: 41.993 GC heap after
Heap after GC invocations=19 (full 0):
 PSYoungGen      total 29696K, used 3760K [0x00000000d5b80000, 0x00000000d7d80000, 0x0000000100000000)
  eden space 25600K, 0% used [0x00000000d5b80000,0x00000000d5b80000,0x00000000d7480000)
  from space 4096K, 91% used [0x00000000d7500000,0x00000000d78ac040,0x00000000d7900000)
  to   space 4608K, 0% used [0x00000000d7900000,0x00000000d7900000,0x00000000d7d80000)
 ParOldGen       total 87552K, used 18966K [0x0000000081200000, 0x0000000086780000, 0x00000000d5b80000)
  object space 87552K, 21% used [0x0000000081200000,0x0000000082485b48,0x0000000086780000)
 Metaspace       used 12709K, capacity 12884K, committed 13184K, reserved 1060864K
  class space    used 1555K, capacity 1640K, committed 1664K, reserved 1048576K
}
Event: 43.389 GC heap before
{Heap before GC invocations=20 (full 0):
 PSYoungGen      total 29696K, used 28567K [0x00000000d5b80000, 0x00000000d7d80000, 0x0000000100000000)
  eden space 25600K, 96% used [0x00000000d5b80000,0x00000000d73b9c90,0x00000000d7480000)
  from space 4096K, 91% used [0x00000000d7500000,0x00000000d78ac040,0x00000000d7900000)
  to   space 4608K, 0% used [0x00000000d7900000,0x00000000d7900000,0x00000000d7d80000)
 ParOldGen       total 87552K, used 18966K [0x0000000081200000, 0x0000000086780000, 0x00000000d5b80000)
  object space 87552K, 21% used [0x0000000081200000,0x0000000082485b48,0x0000000086780000)
 Metaspace       used 12711K, capacity 12884K, committed 13184K, reserved 1060864K
  class space    used 1555K, capacity 1640K, committed 1664K, reserved 1048576K
Event: 43.394 GC heap after
Heap after GC invocations=20 (full 0):
 PSYoungGen      total 29184K, used 2860K [0x00000000d5b80000, 0x00000000d7d00000, 0x0000000100000000)
  eden space 25088K, 0% used [0x00000000d5b80000,0x00000000d5b80000,0x00000000d7400000)
  from space 4096K, 69% used [0x00000000d7900000,0x00000000d7bcb030,0x00000000d7d00000)
  to   space 4608K, 0% used [0x00000000d7400000,0x00000000d7400000,0x00000000d7880000)
 ParOldGen       total 87552K, used 18982K [0x0000000081200000, 0x0000000086780000, 0x00000000d5b80000)
  object space 87552K, 21% used [0x0000000081200000,0x0000000082489b48,0x0000000086780000)
 Metaspace       used 12711K, capacity 12884K, committed 13184K, reserved 1060864K
  class space    used 1555K, capacity 1640K, committed 1664K, reserved 1048576K
}
Event: 44.743 GC heap before
{Heap before GC invocations=21 (full 0):
 PSYoungGen      total 29184K, used 27657K [0x00000000d5b80000, 0x00000000d7d00000, 0x0000000100000000)
  eden space 25088K, 98% used [0x00000000d5b80000,0x00000000d73b7460,0x00000000d7400000)
  from space 4096K, 69% used [0x00000000d7900000,0x00000000d7bcb030,0x00000000d7d00000)
  to   space 4608K, 0% used [0x00000000d7400000,0x00000000d7400000,0x00000000d7880000)
 ParOldGen       total 87552K, used 18982K [0x0000000081200000, 0x0000000086780000, 0x00000000d5b80000)
  object space 87552K, 21% used [0x0000000081200000,0x0000000082489b48,0x0000000086780000)
 Metaspace       used 12711K, capacity 12884K, committed 13184K, reserved 1060864K
  class space    used 1555K, capacity 1640K, committed 1664K, reserved 1048576K
Event: 44.748 GC heap after
Heap after GC invocations=21 (full 0):
 PSYoungGen      total 28672K, used 3728K [0x00000000d5b80000, 0x00000000d7c80000, 0x0000000100000000)
  eden space 24576K, 0% used [0x00000000d5b80000,0x00000000d5b80000,0x00000000d7380000)
  from space 4096K, 91% used [0x00000000d7400000,0x00000000d77a4040,0x00000000d7800000)
  to   space 4608K, 0% used [0x00000000d7800000,0x00000000d7800000,0x00000000d7c80000)
 ParOldGen       total 87552K, used 18998K [0x0000000081200000, 0x0000000086780000, 0x00000000d5b80000)
  object space 87552K, 21% used [0x0000000081200000,0x000000008248db48,0x0000000086780000)
 Metaspace       used 12711K, capacity 12884K, committed 13184K, reserved 1060864K
  class space    used 1555K, capacity 1640K, committed 1664K, reserved 1048576K
}
Event: 46.037 GC heap before
{Heap before GC invocations=22 (full 0):
 PSYoungGen      total 28672K, used 27615K [0x00000000d5b80000, 0x00000000d7c80000, 0x0000000100000000)
  eden space 24576K, 97% used [0x00000000d5b80000,0x00000000d72d3ce8,0x00000000d7380000)
  from space 4096K, 91% used [0x00000000d7400000,0x00000000d77a4040,0x00000000d7800000)
  to   space 4608K, 0% used [0x00000000d7800000,0x00000000d7800000,0x00000000d7c80000)
 ParOldGen       total 87552K, used 18998K [0x0000000081200000, 0x0000000086780000, 0x00000000d5b80000)
  object space 87552K, 21% used [0x0000000081200000,0x000000008248db48,0x0000000086780000)
 Metaspace       used 12724K, capacity 12948K, committed 13184K, reserved 1060864K
  class space    used 1555K, capacity 1640K, committed 1664K, reserved 1048576K
Event: 46.041 GC heap after
Heap after GC invocations=22 (full 0):
 PSYoungGen      total 28672K, used 3760K [0x00000000d5b80000, 0x00000000d7d00000, 0x0000000100000000)
  eden space 24064K, 0% used [0x00000000d5b80000,0x00000000d5b80000,0x00000000d7300000)
  from space 4608K, 81% used [0x00000000d7800000,0x00000000d7bac040,0x00000000d7c80000)
  to   space 5120K, 0% used [0x00000000d7300000,0x00000000d7300000,0x00000000d7800000)
 ParOldGen       total 87552K, used 19006K [0x0000000081200000, 0x0000000086780000, 0x00000000d5b80000)
  object space 87552K, 21% used [0x0000000081200000,0x000000008248fb48,0x0000000086780000)
 Metaspace       used 12724K, capacity 12948K, committed 13184K, reserved 1060864K
  class space    used 1555K, capacity 1640K, committed 1664K, reserved 1048576K
}
Event: 47.370 GC heap before
{Heap before GC invocations=23 (full 0):
 PSYoungGen      total 28672K, used 27744K [0x00000000d5b80000, 0x00000000d7d00000, 0x0000000100000000)
  eden space 24064K, 99% used [0x00000000d5b80000,0x00000000d72ec250,0x00000000d7300000)
  from space 4608K, 81% used [0x00000000d7800000,0x00000000d7bac040,0x00000000d7c80000)
  to   space 5120K, 0% used [0x00000000d7300000,0x00000000d7300000,0x00000000d7800000)
 ParOldGen       total 87552K, used 19006K [0x0000000081200000, 0x0000000086780000, 0x00000000d5b80000)
  object space 87552K, 21% used [0x0000000081200000,0x000000008248fb48,0x0000000086780000)
 Metaspace       used 12737K, capacity 12948K, committed 13184K, reserved 1060864K
  class space    used 1555K, capacity 1640K, committed 1664K, reserved 1048576K
Event: 47.374 GC heap after
Heap after GC invocations=23 (full 0):
 PSYoungGen      total 29184K, used 3728K [0x00000000d5b80000, 0x00000000d7d00000, 0x0000000100000000)
  eden space 24064K, 0% used [0x00000000d5b80000,0x00000000d5b80000,0x00000000d7300000)
  from space 5120K, 72% used [0x00000000d7300000,0x00000000d76a4040,0x00000000d7800000)
  to   space 5120K, 0% used [0x00000000d7800000,0x00000000d7800000,0x00000000d7d00000)
 ParOldGen       total 87552K, used 19030K [0x0000000081200000, 0x0000000086780000, 0x00000000d5b80000)
  object space 87552K, 21% used [0x0000000081200000,0x0000000082495b48,0x0000000086780000)
 Metaspace       used 12737K, capacity 12948K, committed 13184K, reserved 1060864K
  class space    used 1555K, capacity 1640K, committed 1664K, reserved 1048576K
}

