# JRE version: Java(TM) SE Runtime Environment (8.0_131-b11) (build 1.8.0_131-b11)
# Java VM: Java HotSpot(TM) 64-Bit Server VM (25.131-b11 mixed mode windows-amd64 compressed oops)
Heap:
 PSYoungGen      total 32256K, used 18452K [0x00000000d5b80000, 0x00000000d8080000, 0x0000000100000000)
  eden space 27648K, 52% used [0x00000000d5b80000,0x00000000d698c488,0x00000000d7680000)
  from space 4608K, 88% used [0x00000000d7700000,0x00000000d7af8ec8,0x00000000d7b80000)
  to   space 5120K, 0% used [0x00000000d7b80000,0x00000000d7b80000,0x00000000d8080000)
 ParOldGen       total 87552K, used 19392K [0x0000000081200000, 0x0000000086780000, 0x00000000d5b80000)
  object space 87552K, 22% used [0x0000000081200000,0x00000000824f03e0,0x0000000086780000)
 Metaspace       used 11958K, capacity 12198K, committed 12416K, reserved 1060864K
  class space    used 1456K, capacity 1543K, committed 1664K, reserved 1048576K
GC Heap History (10 events):
Event: 21.284 GC heap before
{Heap before GC invocations=11 (full 0):
 PSYoungGen      total 34816K, used 32136K [0x00000000d5b80000, 0x00000000d8300000, 0x0000000100000000)
  eden space 30208K, 100% used [0x00000000d5b80000,0x00000000d7900000,0x00000000d7900000)
  from space 4608K, 41% used [0x00000000d7e80000,0x00000000d8062020,0x00000000d8300000)
  to   space 5120K, 0% used [0x00000000d7900000,0x00000000d7900000,0x00000000d7e00000)
 ParOldGen       total 87552K, used 18330K [0x0000000081200000, 0x0000000086780000, 0x00000000d5b80000)
  object space 87552K, 20% used [0x0000000081200000,0x00000000823e6b70,0x0000000086780000)
 Metaspace       used 11932K, capacity 12198K, committed 12416K, reserved 1060864K
  class space    used 1454K, capacity 1543K, committed 1664K, reserved 1048576K
Event: 21.286 GC heap after
Heap after GC invocations=11 (full 0):
 PSYoungGen      total 33280K, used 3166K [0x00000000d5b80000, 0x00000000d8280000, 0x0000000100000000)
  eden space 29696K, 0% used [0x00000000d5b80000,0x00000000d5b80000,0x00000000d7880000)
  from space 3584K, 88% used [0x00000000d7900000,0x00000000d7c17bb0,0x00000000d7c80000)
  to   space 5120K, 0% used [0x00000000d7d80000,0x00000000d7d80000,0x00000000d8280000)
 ParOldGen       total 87552K, used 18346K [0x0000000081200000, 0x0000000086780000, 0x00000000d5b80000)
  object space 87552K, 20% used [0x0000000081200000,0x00000000823eab70,0x0000000086780000)
 Metaspace       used 11932K, capacity 12198K, committed 12416K, reserved 1060864K
  class space    used 1454K, capacity 1543K, committed 1664K, reserved 1048576K
}
Event: 22.656 GC heap before
{Heap before GC invocations=12 (full 0):
 PSYoungGen      total 33280K, used 32346K [0x00000000d5b80000, 0x00000000d8280000, 0x0000000100000000)
  eden space 29696K, 98% used [0x00000000d5b80000,0x00000000d77fede8,0x00000000d7880000)
  from space 3584K, 88% used [0x00000000d7900000,0x00000000d7c17bb0,0x00000000d7c80000)
  to   space 5120K, 0% used [0x00000000d7d80000,0x00000000d7d80000,0x00000000d8280000)
 ParOldGen       total 87552K, used 18346K [0x0000000081200000, 0x0000000086780000, 0x00000000d5b80000)
  object space 87552K, 20% used [0x0000000081200000,0x00000000823eab70,0x0000000086780000)
 Metaspace       used 11935K, capacity 12198K, committed 12416K, reserved 1060864K
  class space    used 1454K, capacity 1543K, committed 1664K, reserved 1048576K
Event: 22.657 GC heap after
Heap after GC invocations=12 (full 0):
 PSYoungGen      total 32768K, used 3167K [0x00000000d5b80000, 0x00000000d8100000, 0x0000000100000000)
  eden space 29184K, 0% used [0x00000000d5b80000,0x00000000d5b80000,0x00000000d7800000)
  from space 3584K, 88% used [0x00000000d7d80000,0x00000000d8097d80,0x00000000d8100000)
  to   space 4608K, 0% used [0x00000000d7800000,0x00000000d7800000,0x00000000d7c80000)
 ParOldGen       total 87552K, used 18354K [0x0000000081200000, 0x0000000086780000, 0x00000000d5b80000)
  object space 87552K, 20% used [0x0000000081200000,0x00000000823ecb70,0x0000000086780000)
 Metaspace       used 11935K, capacity 12198K, committed 12416K, reserved 1060864K
  class space    used 1454K, capacity 1543K, committed 1664K, reserved 1048576K
}
Event: 24.925 GC heap before
{Heap before GC invocations=13 (full 0):
 PSYoungGen      total 32768K, used 32351K [0x00000000d5b80000, 0x00000000d8100000, 0x0000000100000000)
  eden space 29184K, 100% used [0x00000000d5b80000,0x00000000d7800000,0x00000000d7800000)
  from space 3584K, 88% used [0x00000000d7d80000,0x00000000d8097d80,0x00000000d8100000)
  to   space 4608K, 0% used [0x00000000d7800000,0x00000000d7800000,0x00000000d7c80000)
 ParOldGen       total 87552K, used 18354K [0x0000000081200000, 0x0000000086780000, 0x00000000d5b80000)
  object space 87552K, 20% used [0x0000000081200000,0x00000000823ecb70,0x0000000086780000)
 Metaspace       used 11936K, capacity 12198K, committed 12416K, reserved 1060864K
  class space    used 1454K, capacity 1543K, committed 1664K, reserved 1048576K
Event: 24.983 GC heap after
Heap after GC invocations=13 (full 0):
 PSYoungGen      total 32256K, used 3167K [0x00000000d5b80000, 0x00000000d8080000, 0x0000000100000000)
  eden space 28672K, 0% used [0x00000000d5b80000,0x00000000d5b80000,0x00000000d7780000)
  from space 3584K, 88% used [0x00000000d7800000,0x00000000d7b17f20,0x00000000d7b80000)
  to   space 4608K, 0% used [0x00000000d7c00000,0x00000000d7c00000,0x00000000d8080000)
 ParOldGen       total 87552K, used 18362K [0x0000000081200000, 0x0000000086780000, 0x00000000d5b80000)
  object space 87552K, 20% used [0x0000000081200000,0x00000000823eeb70,0x0000000086780000)
 Metaspace       used 11936K, capacity 12198K, committed 12416K, reserved 1060864K
  class space    used 1454K, capacity 1543K, committed 1664K, reserved 1048576K
}
Event: 26.851 GC heap before
{Heap before GC invocations=14 (full 0):
 PSYoungGen      total 32256K, used 31839K [0x00000000d5b80000, 0x00000000d8080000, 0x0000000100000000)
  eden space 28672K, 100% used [0x00000000d5b80000,0x00000000d7780000,0x00000000d7780000)
  from space 3584K, 88% used [0x00000000d7800000,0x00000000d7b17f20,0x00000000d7b80000)
  to   space 4608K, 0% used [0x00000000d7c00000,0x00000000d7c00000,0x00000000d8080000)
 ParOldGen       total 87552K, used 18362K [0x0000000081200000, 0x0000000086780000, 0x00000000d5b80000)
  object space 87552K, 20% used [0x0000000081200000,0x00000000823eeb90,0x0000000086780000)
 Metaspace       used 11938K, capacity 12198K, committed 12416K, reserved 1060864K
  class space    used 1454K, capacity 1543K, committed 1664K, reserved 1048576K
Event: 26.853 GC heap after
Heap after GC invocations=14 (full 0):
 PSYoungGen      total 32256K, used 4067K [0x00000000d5b80000, 0x00000000d8000000, 0x0000000100000000)
  eden space 28160K, 0% used [0x00000000d5b80000,0x00000000d5b80000,0x00000000d7700000)
  from space 4096K, 99% used [0x00000000d7c00000,0x00000000d7ff8d98,0x00000000d8000000)
  to   space 4608K, 0% used [0x00000000d7700000,0x00000000d7700000,0x00000000d7b80000)
 ParOldGen       total 87552K, used 19270K [0x0000000081200000, 0x0000000086780000, 0x00000000d5b80000)
  object space 87552K, 22% used [0x0000000081200000,0x00000000824d1ba0,0x0000000086780000)
 Metaspace       used 11938K, capacity 12198K, committed 12416K, reserved 1060864K
  class space    used 1454K, capacity 1543K, committed 1664K, reserved 1048576K
}
Event: 28.246 GC heap before
{Heap before GC invocations=15 (full 0):
 PSYoungGen      total 32256K, used 32227K [0x00000000d5b80000, 0x00000000d8000000, 0x0000000100000000)
  eden space 28160K, 100% used [0x00000000d5b80000,0x00000000d7700000,0x00000000d7700000)
  from space 4096K, 99% used [0x00000000d7c00000,0x00000000d7ff8d98,0x00000000d8000000)
  to   space 4608K, 0% used [0x00000000d7700000,0x00000000d7700000,0x00000000d7b80000)
 ParOldGen       total 87552K, used 19376K [0x0000000081200000, 0x0000000086780000, 0x00000000d5b80000)
  object space 87552K, 22% used [0x0000000081200000,0x00000000824ec3e0,0x0000000086780000)
 Metaspace       used 11949K, capacity 12198K, committed 12416K, reserved 1060864K
  class space    used 1454K, capacity 1543K, committed 1664K, reserved 1048576K
Event: 28.248 GC heap after
Heap after GC invocations=15 (full 0):
 PSYoungGen      total 32256K, used 4067K [0x00000000d5b80000, 0x00000000d8080000, 0x0000000100000000)
  eden space 27648K, 0% used [0x00000000d5b80000,0x00000000d5b80000,0x00000000d7680000)
  from space 4608K, 88% used [0x00000000d7700000,0x00000000d7af8ec8,0x00000000d7b80000)
  to   space 5120K, 0% used [0x00000000d7b80000,0x00000000d7b80000,0x00000000d8080000)
 ParOldGen       total 87552K, used 19392K [0x0000000081200000, 0x0000000086780000, 0x00000000d5b80000)
  object space 87552K, 22% used [0x0000000081200000,0x00000000824f03e0,0x0000000086780000)
 Metaspace       used 11949K, capacity 12198K, committed 12416K, reserved 1060864K
  class space    used 1454K, capacity 1543K, committed 1664K, reserved 1048576K
}

