# JRE version: Java(TM) SE Runtime Environment (8.0_131-b11) (build 1.8.0_131-b11)
# Java VM: Java HotSpot(TM) 64-Bit Server VM (25.131-b11 mixed mode windows-amd64 compressed oops)
Heap:
 PSYoungGen      total 27648K, used 12658K [0x00000000d5b80000, 0x00000000d7d80000, 0x0000000100000000)
  eden space 24576K, 39% used [0x00000000d5b80000,0x00000000d6511908,0x00000000d7380000)
  from space 3072K, 93% used [0x00000000d7400000,0x00000000d76cb030,0x00000000d7700000)
  to   space 5120K, 0% used [0x00000000d7880000,0x00000000d7880000,0x00000000d7d80000)
 ParOldGen       total 87552K, used 19006K [0x0000000081200000, 0x0000000086780000, 0x00000000d5b80000)
  object space 87552K, 21% used [0x0000000081200000,0x000000008248fb48,0x0000000086780000)
 Metaspace       used 12725K, capacity 12884K, committed 13184K, reserved 1060864K
  class space    used 1562K, capacity 1640K, committed 1664K, reserved 1048576K
GC Heap History (10 events):
Event: 34.269 GC heap before
{Heap before GC invocations=17 (full 0):
 PSYoungGen      total 32256K, used 30522K [0x00000000d5b80000, 0x00000000d8100000, 0x0000000100000000)
  eden space 27136K, 98% used [0x00000000d5b80000,0x00000000d75a2b38,0x00000000d7600000)
  from space 5120K, 73% used [0x00000000d7c00000,0x00000000d7fac040,0x00000000d8100000)
  to   space 5632K, 0% used [0x00000000d7600000,0x00000000d7600000,0x00000000d7b80000)
 ParOldGen       total 87552K, used 18934K [0x0000000081200000, 0x0000000086780000, 0x00000000d5b80000)
  object space 87552K, 21% used [0x0000000081200000,0x000000008247db48,0x0000000086780000)
 Metaspace       used 12717K, capacity 12884K, committed 13184K, reserved 1060864K
  class space    used 1562K, capacity 1640K, committed 1664K, reserved 1048576K
Event: 34.275 GC heap after
Heap after GC invocations=17 (full 0):
 PSYoungGen      total 29696K, used 2828K [0x00000000d5b80000, 0x00000000d7f80000, 0x0000000100000000)
  eden space 26624K, 0% used [0x00000000d5b80000,0x00000000d5b80000,0x00000000d7580000)
  from space 3072K, 92% used [0x00000000d7600000,0x00000000d78c3030,0x00000000d7900000)
  to   space 5120K, 0% used [0x00000000d7a80000,0x00000000d7a80000,0x00000000d7f80000)
 ParOldGen       total 87552K, used 18958K [0x0000000081200000, 0x0000000086780000, 0x00000000d5b80000)
  object space 87552K, 21% used [0x0000000081200000,0x0000000082483b48,0x0000000086780000)
 Metaspace       used 12717K, capacity 12884K, committed 13184K, reserved 1060864K
  class space    used 1562K, capacity 1640K, committed 1664K, reserved 1048576K
}
Event: 35.687 GC heap before
{Heap before GC invocations=18 (full 0):
 PSYoungGen      total 29696K, used 28820K [0x00000000d5b80000, 0x00000000d7f80000, 0x0000000100000000)
  eden space 26624K, 97% used [0x00000000d5b80000,0x00000000d74e2388,0x00000000d7580000)
  from space 3072K, 92% used [0x00000000d7600000,0x00000000d78c3030,0x00000000d7900000)
  to   space 5120K, 0% used [0x00000000d7a80000,0x00000000d7a80000,0x00000000d7f80000)
 ParOldGen       total 87552K, used 18958K [0x0000000081200000, 0x0000000086780000, 0x00000000d5b80000)
  object space 87552K, 21% used [0x0000000081200000,0x0000000082483b48,0x0000000086780000)
 Metaspace       used 12723K, capacity 12884K, committed 13184K, reserved 1060864K
  class space    used 1562K, capacity 1640K, committed 1664K, reserved 1048576K
Event: 35.691 GC heap after
Heap after GC invocations=18 (full 0):
 PSYoungGen      total 30720K, used 2828K [0x00000000d5b80000, 0x00000000d7f00000, 0x0000000100000000)
  eden space 26112K, 0% used [0x00000000d5b80000,0x00000000d5b80000,0x00000000d7500000)
  from space 4608K, 61% used [0x00000000d7a80000,0x00000000d7d43030,0x00000000d7f00000)
  to   space 5120K, 0% used [0x00000000d7500000,0x00000000d7500000,0x00000000d7a00000)
 ParOldGen       total 87552K, used 18974K [0x0000000081200000, 0x0000000086780000, 0x00000000d5b80000)
  object space 87552K, 21% used [0x0000000081200000,0x0000000082487b48,0x0000000086780000)
 Metaspace       used 12723K, capacity 12884K, committed 13184K, reserved 1060864K
  class space    used 1562K, capacity 1640K, committed 1664K, reserved 1048576K
}
Event: 37.093 GC heap before
{Heap before GC invocations=19 (full 0):
 PSYoungGen      total 30720K, used 28543K [0x00000000d5b80000, 0x00000000d7f00000, 0x0000000100000000)
  eden space 26112K, 98% used [0x00000000d5b80000,0x00000000d749cce0,0x00000000d7500000)
  from space 4608K, 61% used [0x00000000d7a80000,0x00000000d7d43030,0x00000000d7f00000)
  to   space 5120K, 0% used [0x00000000d7500000,0x00000000d7500000,0x00000000d7a00000)
 ParOldGen       total 87552K, used 18974K [0x0000000081200000, 0x0000000086780000, 0x00000000d5b80000)
  object space 87552K, 21% used [0x0000000081200000,0x0000000082487b48,0x0000000086780000)
 Metaspace       used 12723K, capacity 12884K, committed 13184K, reserved 1060864K
  class space    used 1562K, capacity 1640K, committed 1664K, reserved 1048576K
Event: 37.098 GC heap after
Heap after GC invocations=19 (full 0):
 PSYoungGen      total 28672K, used 2828K [0x00000000d5b80000, 0x00000000d7e80000, 0x0000000100000000)
  eden space 25600K, 0% used [0x00000000d5b80000,0x00000000d5b80000,0x00000000d7480000)
  from space 3072K, 92% used [0x00000000d7500000,0x00000000d77c3030,0x00000000d7800000)
  to   space 5120K, 0% used [0x00000000d7980000,0x00000000d7980000,0x00000000d7e80000)
 ParOldGen       total 87552K, used 18990K [0x0000000081200000, 0x0000000086780000, 0x00000000d5b80000)
  object space 87552K, 21% used [0x0000000081200000,0x000000008248bb48,0x0000000086780000)
 Metaspace       used 12723K, capacity 12884K, committed 13184K, reserved 1060864K
  class space    used 1562K, capacity 1640K, committed 1664K, reserved 1048576K
}
Event: 38.514 GC heap before
{Heap before GC invocations=20 (full 0):
 PSYoungGen      total 28672K, used 27634K [0x00000000d5b80000, 0x00000000d7e80000, 0x0000000100000000)
  eden space 25600K, 96% used [0x00000000d5b80000,0x00000000d73b98c0,0x00000000d7480000)
  from space 3072K, 92% used [0x00000000d7500000,0x00000000d77c3030,0x00000000d7800000)
  to   space 5120K, 0% used [0x00000000d7980000,0x00000000d7980000,0x00000000d7e80000)
 ParOldGen       total 87552K, used 18990K [0x0000000081200000, 0x0000000086780000, 0x00000000d5b80000)
  object space 87552K, 21% used [0x0000000081200000,0x000000008248bb48,0x0000000086780000)
 Metaspace       used 12723K, capacity 12884K, committed 13184K, reserved 1060864K
  class space    used 1562K, capacity 1640K, committed 1664K, reserved 1048576K
Event: 38.518 GC heap after
Heap after GC invocations=20 (full 0):
 PSYoungGen      total 29696K, used 3760K [0x00000000d5b80000, 0x00000000d7e00000, 0x0000000100000000)
  eden space 25088K, 0% used [0x00000000d5b80000,0x00000000d5b80000,0x00000000d7400000)
  from space 4608K, 81% used [0x00000000d7980000,0x00000000d7d2c040,0x00000000d7e00000)
  to   space 5120K, 0% used [0x00000000d7400000,0x00000000d7400000,0x00000000d7900000)
 ParOldGen       total 87552K, used 18998K [0x0000000081200000, 0x0000000086780000, 0x00000000d5b80000)
  object space 87552K, 21% used [0x0000000081200000,0x000000008248db48,0x0000000086780000)
 Metaspace       used 12723K, capacity 12884K, committed 13184K, reserved 1060864K
  class space    used 1562K, capacity 1640K, committed 1664K, reserved 1048576K
}
Event: 39.917 GC heap before
{Heap before GC invocations=21 (full 0):
 PSYoungGen      total 29696K, used 28556K [0x00000000d5b80000, 0x00000000d7e00000, 0x0000000100000000)
  eden space 25088K, 98% used [0x00000000d5b80000,0x00000000d73b7220,0x00000000d7400000)
  from space 4608K, 81% used [0x00000000d7980000,0x00000000d7d2c040,0x00000000d7e00000)
  to   space 5120K, 0% used [0x00000000d7400000,0x00000000d7400000,0x00000000d7900000)
 ParOldGen       total 87552K, used 18998K [0x0000000081200000, 0x0000000086780000, 0x00000000d5b80000)
  object space 87552K, 21% used [0x0000000081200000,0x000000008248db48,0x0000000086780000)
 Metaspace       used 12725K, capacity 12884K, committed 13184K, reserved 1060864K
  class space    used 1562K, capacity 1640K, committed 1664K, reserved 1048576K
Event: 39.921 GC heap after
Heap after GC invocations=21 (full 0):
 PSYoungGen      total 27648K, used 2860K [0x00000000d5b80000, 0x00000000d7d80000, 0x0000000100000000)
  eden space 24576K, 0% used [0x00000000d5b80000,0x00000000d5b80000,0x00000000d7380000)
  from space 3072K, 93% used [0x00000000d7400000,0x00000000d76cb030,0x00000000d7700000)
  to   space 5120K, 0% used [0x00000000d7880000,0x00000000d7880000,0x00000000d7d80000)
 ParOldGen       total 87552K, used 19006K [0x0000000081200000, 0x0000000086780000, 0x00000000d5b80000)
  object space 87552K, 21% used [0x0000000081200000,0x000000008248fb48,0x0000000086780000)
 Metaspace       used 12725K, capacity 12884K, committed 13184K, reserved 1060864K
  class space    used 1562K, capacity 1640K, committed 1664K, reserved 1048576K
}

