# JRE version: Java(TM) SE Runtime Environment (8.0_131-b11) (build 1.8.0_131-b11)
# Java VM: Java HotSpot(TM) 64-Bit Server VM (25.131-b11 mixed mode windows-amd64 compressed oops)
Heap:
 PSYoungGen      total 69632K, used 54292K [0x00000000d5b80000, 0x00000000da480000, 0x0000000100000000)
  eden space 64512K, 76% used [0x00000000d5b80000,0x00000000d8bd60e8,0x00000000d9a80000)
  from space 5120K, 93% used [0x00000000d9c80000,0x00000000da12f040,0x00000000da180000)
  to   space 3072K, 0% used [0x00000000da180000,0x00000000da180000,0x00000000da480000)
 ParOldGen       total 87552K, used 16746K [0x0000000081200000, 0x0000000086780000, 0x00000000d5b80000)
  object space 87552K, 19% used [0x0000000081200000,0x000000008225ab90,0x0000000086780000)
 Metaspace       used 12649K, capacity 12876K, committed 13184K, reserved 1060864K
  class space    used 1555K, capacity 1640K, committed 1664K, reserved 1048576K
GC Heap History (10 events):
Event: 6.309 GC heap before
{Heap before GC invocations=1 (full 0):
 PSYoungGen      total 38400K, used 33199K [0x00000000d5b80000, 0x00000000d8600000, 0x0000000100000000)
  eden space 33280K, 99% used [0x00000000d5b80000,0x00000000d7bebc60,0x00000000d7c00000)
  from space 5120K, 0% used [0x00000000d8100000,0x00000000d8100000,0x00000000d8600000)
  to   space 5120K, 0% used [0x00000000d7c00000,0x00000000d7c00000,0x00000000d8100000)
 ParOldGen       total 87552K, used 0K [0x0000000081200000, 0x0000000086780000, 0x00000000d5b80000)
  object space 87552K, 0% used [0x0000000081200000,0x0000000081200000,0x0000000086780000)
 Metaspace       used 12335K, capacity 12524K, committed 12672K, reserved 1060864K
  class space    used 1546K, capacity 1608K, committed 1664K, reserved 1048576K
Event: 6.385 GC heap after
Heap after GC invocations=1 (full 0):
 PSYoungGen      total 38400K, used 3098K [0x00000000d5b80000, 0x00000000da680000, 0x0000000100000000)
  eden space 33280K, 0% used [0x00000000d5b80000,0x00000000d5b80000,0x00000000d7c00000)
  from space 5120K, 60% used [0x00000000d7c00000,0x00000000d7f069f0,0x00000000d8100000)
  to   space 5120K, 0% used [0x00000000da180000,0x00000000da180000,0x00000000da680000)
 ParOldGen       total 87552K, used 16714K [0x0000000081200000, 0x0000000086780000, 0x00000000d5b80000)
  object space 87552K, 19% used [0x0000000081200000,0x0000000082252b90,0x0000000086780000)
 Metaspace       used 12335K, capacity 12524K, committed 12672K, reserved 1060864K
  class space    used 1546K, capacity 1608K, committed 1664K, reserved 1048576K
}
Event: 8.026 GC heap before
{Heap before GC invocations=2 (full 0):
 PSYoungGen      total 38400K, used 35968K [0x00000000d5b80000, 0x00000000da680000, 0x0000000100000000)
  eden space 33280K, 98% used [0x00000000d5b80000,0x00000000d7b998f0,0x00000000d7c00000)
  from space 5120K, 60% used [0x00000000d7c00000,0x00000000d7f069f0,0x00000000d8100000)
  to   space 5120K, 0% used [0x00000000da180000,0x00000000da180000,0x00000000da680000)
 ParOldGen       total 87552K, used 16714K [0x0000000081200000, 0x0000000086780000, 0x00000000d5b80000)
  object space 87552K, 19% used [0x0000000081200000,0x0000000082252b90,0x0000000086780000)
 Metaspace       used 12359K, capacity 12524K, committed 12672K, reserved 1060864K
  class space    used 1546K, capacity 1608K, committed 1664K, reserved 1048576K
Event: 8.047 GC heap after
Heap after GC invocations=2 (full 0):
 PSYoungGen      total 71680K, used 2948K [0x00000000d5b80000, 0x00000000da680000, 0x0000000100000000)
  eden space 66560K, 0% used [0x00000000d5b80000,0x00000000d5b80000,0x00000000d9c80000)
  from space 5120K, 57% used [0x00000000da180000,0x00000000da461010,0x00000000da680000)
  to   space 5120K, 0% used [0x00000000d9c80000,0x00000000d9c80000,0x00000000da180000)
 ParOldGen       total 87552K, used 16722K [0x0000000081200000, 0x0000000086780000, 0x00000000d5b80000)
  object space 87552K, 19% used [0x0000000081200000,0x0000000082254b90,0x0000000086780000)
 Metaspace       used 12359K, capacity 12524K, committed 12672K, reserved 1060864K
  class space    used 1546K, capacity 1608K, committed 1664K, reserved 1048576K
}
Event: 11.759 GC heap before
{Heap before GC invocations=3 (full 0):
 PSYoungGen      total 71680K, used 68950K [0x00000000d5b80000, 0x00000000da680000, 0x0000000100000000)
  eden space 66560K, 99% used [0x00000000d5b80000,0x00000000d9bf4a88,0x00000000d9c80000)
  from space 5120K, 57% used [0x00000000da180000,0x00000000da461010,0x00000000da680000)
  to   space 5120K, 0% used [0x00000000d9c80000,0x00000000d9c80000,0x00000000da180000)
 ParOldGen       total 87552K, used 16722K [0x0000000081200000, 0x0000000086780000, 0x00000000d5b80000)
  object space 87552K, 19% used [0x0000000081200000,0x0000000082254b90,0x0000000086780000)
 Metaspace       used 12606K, capacity 12812K, committed 12928K, reserved 1060864K
  class space    used 1554K, capacity 1640K, committed 1664K, reserved 1048576K
Event: 11.782 GC heap after
Heap after GC invocations=3 (full 0):
 PSYoungGen      total 71680K, used 3989K [0x00000000d5b80000, 0x00000000da680000, 0x0000000100000000)
  eden space 66560K, 0% used [0x00000000d5b80000,0x00000000d5b80000,0x00000000d9c80000)
  from space 5120K, 77% used [0x00000000d9c80000,0x00000000da0657a8,0x00000000da180000)
  to   space 5120K, 0% used [0x00000000da180000,0x00000000da180000,0x00000000da680000)
 ParOldGen       total 87552K, used 16730K [0x0000000081200000, 0x0000000086780000, 0x00000000d5b80000)
  object space 87552K, 19% used [0x0000000081200000,0x0000000082256b90,0x0000000086780000)
 Metaspace       used 12606K, capacity 12812K, committed 12928K, reserved 1060864K
  class space    used 1554K, capacity 1640K, committed 1664K, reserved 1048576K
}
Event: 16.063 GC heap before
{Heap before GC invocations=4 (full 0):
 PSYoungGen      total 71680K, used 70415K [0x00000000d5b80000, 0x00000000da680000, 0x0000000100000000)
  eden space 66560K, 99% used [0x00000000d5b80000,0x00000000d9c5e6e8,0x00000000d9c80000)
  from space 5120K, 77% used [0x00000000d9c80000,0x00000000da0657a8,0x00000000da180000)
  to   space 5120K, 0% used [0x00000000da180000,0x00000000da180000,0x00000000da680000)
 ParOldGen       total 87552K, used 16730K [0x0000000081200000, 0x0000000086780000, 0x00000000d5b80000)
  object space 87552K, 19% used [0x0000000081200000,0x0000000082256b90,0x0000000086780000)
 Metaspace       used 12626K, capacity 12812K, committed 12928K, reserved 1060864K
  class space    used 1555K, capacity 1640K, committed 1664K, reserved 1048576K
Event: 16.082 GC heap after
Heap after GC invocations=4 (full 0):
 PSYoungGen      total 71680K, used 3028K [0x00000000d5b80000, 0x00000000da680000, 0x0000000100000000)
  eden space 66560K, 0% used [0x00000000d5b80000,0x00000000d5b80000,0x00000000d9c80000)
  from space 5120K, 59% used [0x00000000da180000,0x00000000da475020,0x00000000da680000)
  to   space 5120K, 0% used [0x00000000d9c80000,0x00000000d9c80000,0x00000000da180000)
 ParOldGen       total 87552K, used 16738K [0x0000000081200000, 0x0000000086780000, 0x00000000d5b80000)
  object space 87552K, 19% used [0x0000000081200000,0x0000000082258b90,0x0000000086780000)
 Metaspace       used 12626K, capacity 12812K, committed 12928K, reserved 1060864K
  class space    used 1555K, capacity 1640K, committed 1664K, reserved 1048576K
}
Event: 21.125 GC heap before
{Heap before GC invocations=5 (full 0):
 PSYoungGen      total 71680K, used 68739K [0x00000000d5b80000, 0x00000000da680000, 0x0000000100000000)
  eden space 66560K, 98% used [0x00000000d5b80000,0x00000000d9babef8,0x00000000d9c80000)
  from space 5120K, 59% used [0x00000000da180000,0x00000000da475020,0x00000000da680000)
  to   space 5120K, 0% used [0x00000000d9c80000,0x00000000d9c80000,0x00000000da180000)
 ParOldGen       total 87552K, used 16738K [0x0000000081200000, 0x0000000086780000, 0x00000000d5b80000)
  object space 87552K, 19% used [0x0000000081200000,0x0000000082258b90,0x0000000086780000)
 Metaspace       used 12640K, capacity 12876K, committed 13184K, reserved 1060864K
  class space    used 1555K, capacity 1640K, committed 1664K, reserved 1048576K
Event: 21.147 GC heap after
Heap after GC invocations=5 (full 0):
 PSYoungGen      total 69632K, used 4796K [0x00000000d5b80000, 0x00000000da480000, 0x0000000100000000)
  eden space 64512K, 0% used [0x00000000d5b80000,0x00000000d5b80000,0x00000000d9a80000)
  from space 5120K, 93% used [0x00000000d9c80000,0x00000000da12f040,0x00000000da180000)
  to   space 3072K, 0% used [0x00000000da180000,0x00000000da180000,0x00000000da480000)
 ParOldGen       total 87552K, used 16746K [0x0000000081200000, 0x0000000086780000, 0x00000000d5b80000)
  object space 87552K, 19% used [0x0000000081200000,0x000000008225ab90,0x0000000086780000)
 Metaspace       used 12640K, capacity 12876K, committed 13184K, reserved 1060864K
  class space    used 1555K, capacity 1640K, committed 1664K, reserved 1048576K
}

