# JRE version: Java(TM) SE Runtime Environment (8.0_131-b11) (build 1.8.0_131-b11)
# Java VM: Java HotSpot(TM) 64-Bit Server VM (25.131-b11 mixed mode windows-amd64 compressed oops)
Heap:
 PSYoungGen      total 34304K, used 18018K [0x00000000d5b80000, 0x00000000d8300000, 0x0000000100000000)
  eden space 29184K, 52% used [0x00000000d5b80000,0x00000000d6a55950,0x00000000d7800000)
  from space 5120K, 55% used [0x00000000d7e00000,0x00000000d80c3030,0x00000000d8300000)
  to   space 5632K, 0% used [0x00000000d7800000,0x00000000d7800000,0x00000000d7d80000)
 ParOldGen       total 87552K, used 17509K [0x0000000081200000, 0x0000000086780000, 0x00000000d5b80000)
  object space 87552K, 19% used [0x0000000081200000,0x0000000082319438,0x0000000086780000)
 Metaspace       used 12798K, capacity 13044K, committed 13312K, reserved 1060864K
  class space    used 1574K, capacity 1672K, committed 1792K, reserved 1048576K
GC Heap History (10 events):
Event: 17.846 GC heap before
{Heap before GC invocations=8 (full 0):
 PSYoungGen      total 33792K, used 33376K [0x00000000d5b80000, 0x00000000d8680000, 0x0000000100000000)
  eden space 31744K, 98% used [0x00000000d5b80000,0x00000000d7a2e1d0,0x00000000d7a80000)
  from space 2048K, 95% used [0x00000000d7b00000,0x00000000d7cea020,0x00000000d7d00000)
  to   space 6144K, 0% used [0x00000000d8080000,0x00000000d8080000,0x00000000d8680000)
 ParOldGen       total 87552K, used 17397K [0x0000000081200000, 0x0000000086780000, 0x00000000d5b80000)
  object space 87552K, 19% used [0x0000000081200000,0x00000000822fd438,0x0000000086780000)
 Metaspace       used 12595K, capacity 12780K, committed 13056K, reserved 1060864K
  class space    used 1569K, capacity 1672K, committed 1792K, reserved 1048576K
Event: 17.846 GC heap after
Heap after GC invocations=8 (full 0):
 PSYoungGen      total 35840K, used 3760K [0x00000000d5b80000, 0x00000000d8500000, 0x0000000100000000)
  eden space 31232K, 0% used [0x00000000d5b80000,0x00000000d5b80000,0x00000000d7a00000)
  from space 4608K, 81% used [0x00000000d8080000,0x00000000d842c040,0x00000000d8500000)
  to   space 5632K, 0% used [0x00000000d7a00000,0x00000000d7a00000,0x00000000d7f80000)
 ParOldGen       total 87552K, used 17413K [0x0000000081200000, 0x0000000086780000, 0x00000000d5b80000)
  object space 87552K, 19% used [0x0000000081200000,0x0000000082301438,0x0000000086780000)
 Metaspace       used 12595K, capacity 12780K, committed 13056K, reserved 1060864K
  class space    used 1569K, capacity 1672K, committed 1792K, reserved 1048576K
}
Event: 19.575 GC heap before
{Heap before GC invocations=9 (full 0):
 PSYoungGen      total 35840K, used 34348K [0x00000000d5b80000, 0x00000000d8500000, 0x0000000100000000)
  eden space 31232K, 97% used [0x00000000d5b80000,0x00000000d795f0a0,0x00000000d7a00000)
  from space 4608K, 81% used [0x00000000d8080000,0x00000000d842c040,0x00000000d8500000)
  to   space 5632K, 0% used [0x00000000d7a00000,0x00000000d7a00000,0x00000000d7f80000)
 ParOldGen       total 87552K, used 17413K [0x0000000081200000, 0x0000000086780000, 0x00000000d5b80000)
  object space 87552K, 19% used [0x0000000081200000,0x0000000082301438,0x0000000086780000)
 Metaspace       used 12747K, capacity 12972K, committed 13312K, reserved 1060864K
  class space    used 1574K, capacity 1672K, committed 1792K, reserved 1048576K
Event: 19.576 GC heap after
Heap after GC invocations=9 (full 0):
 PSYoungGen      total 33792K, used 2937K [0x00000000d5b80000, 0x00000000d8480000, 0x0000000100000000)
  eden space 30720K, 0% used [0x00000000d5b80000,0x00000000d5b80000,0x00000000d7980000)
  from space 3072K, 95% used [0x00000000d7a00000,0x00000000d7cde798,0x00000000d7d00000)
  to   space 5632K, 0% used [0x00000000d7f00000,0x00000000d7f00000,0x00000000d8480000)
 ParOldGen       total 87552K, used 17421K [0x0000000081200000, 0x0000000086780000, 0x00000000d5b80000)
  object space 87552K, 19% used [0x0000000081200000,0x0000000082303438,0x0000000086780000)
 Metaspace       used 12747K, capacity 12972K, committed 13312K, reserved 1060864K
  class space    used 1574K, capacity 1672K, committed 1792K, reserved 1048576K
}
Event: 21.190 GC heap before
{Heap before GC invocations=10 (full 0):
 PSYoungGen      total 33792K, used 33119K [0x00000000d5b80000, 0x00000000d8480000, 0x0000000100000000)
  eden space 30720K, 98% used [0x00000000d5b80000,0x00000000d78f9548,0x00000000d7980000)
  from space 3072K, 95% used [0x00000000d7a00000,0x00000000d7cde798,0x00000000d7d00000)
  to   space 5632K, 0% used [0x00000000d7f00000,0x00000000d7f00000,0x00000000d8480000)
 ParOldGen       total 87552K, used 17421K [0x0000000081200000, 0x0000000086780000, 0x00000000d5b80000)
  object space 87552K, 19% used [0x0000000081200000,0x0000000082303438,0x0000000086780000)
 Metaspace       used 12750K, capacity 12972K, committed 13312K, reserved 1060864K
  class space    used 1574K, capacity 1672K, committed 1792K, reserved 1048576K
Event: 21.192 GC heap after
Heap after GC invocations=10 (full 0):
 PSYoungGen      total 35328K, used 2860K [0x00000000d5b80000, 0x00000000d8400000, 0x0000000100000000)
  eden space 30208K, 0% used [0x00000000d5b80000,0x00000000d5b80000,0x00000000d7900000)
  from space 5120K, 55% used [0x00000000d7f00000,0x00000000d81cb030,0x00000000d8400000)
  to   space 5632K, 0% used [0x00000000d7900000,0x00000000d7900000,0x00000000d7e80000)
 ParOldGen       total 87552K, used 17453K [0x0000000081200000, 0x0000000086780000, 0x00000000d5b80000)
  object space 87552K, 19% used [0x0000000081200000,0x000000008230b438,0x0000000086780000)
 Metaspace       used 12750K, capacity 12972K, committed 13312K, reserved 1060864K
  class space    used 1574K, capacity 1672K, committed 1792K, reserved 1048576K
}
Event: 22.805 GC heap before
{Heap before GC invocations=11 (full 0):
 PSYoungGen      total 35328K, used 32355K [0x00000000d5b80000, 0x00000000d8400000, 0x0000000100000000)
  eden space 30208K, 97% used [0x00000000d5b80000,0x00000000d784de50,0x00000000d7900000)
  from space 5120K, 55% used [0x00000000d7f00000,0x00000000d81cb030,0x00000000d8400000)
  to   space 5632K, 0% used [0x00000000d7900000,0x00000000d7900000,0x00000000d7e80000)
 ParOldGen       total 87552K, used 17453K [0x0000000081200000, 0x0000000086780000, 0x00000000d5b80000)
  object space 87552K, 19% used [0x0000000081200000,0x000000008230b438,0x0000000086780000)
 Metaspace       used 12764K, capacity 13036K, committed 13312K, reserved 1060864K
  class space    used 1574K, capacity 1672K, committed 1792K, reserved 1048576K
Event: 22.806 GC heap after
Heap after GC invocations=11 (full 0):
 PSYoungGen      total 32768K, used 2828K [0x00000000d5b80000, 0x00000000d8380000, 0x0000000100000000)
  eden space 29696K, 0% used [0x00000000d5b80000,0x00000000d5b80000,0x00000000d7880000)
  from space 3072K, 92% used [0x00000000d7900000,0x00000000d7bc3030,0x00000000d7c00000)
  to   space 5632K, 0% used [0x00000000d7e00000,0x00000000d7e00000,0x00000000d8380000)
 ParOldGen       total 87552K, used 17485K [0x0000000081200000, 0x0000000086780000, 0x00000000d5b80000)
  object space 87552K, 19% used [0x0000000081200000,0x0000000082313438,0x0000000086780000)
 Metaspace       used 12764K, capacity 13036K, committed 13312K, reserved 1060864K
  class space    used 1574K, capacity 1672K, committed 1792K, reserved 1048576K
}
Event: 24.421 GC heap before
{Heap before GC invocations=12 (full 0):
 PSYoungGen      total 32768K, used 32246K [0x00000000d5b80000, 0x00000000d8380000, 0x0000000100000000)
  eden space 29696K, 99% used [0x00000000d5b80000,0x00000000d783aae0,0x00000000d7880000)
  from space 3072K, 92% used [0x00000000d7900000,0x00000000d7bc3030,0x00000000d7c00000)
  to   space 5632K, 0% used [0x00000000d7e00000,0x00000000d7e00000,0x00000000d8380000)
 ParOldGen       total 87552K, used 17485K [0x0000000081200000, 0x0000000086780000, 0x00000000d5b80000)
  object space 87552K, 19% used [0x0000000081200000,0x0000000082313438,0x0000000086780000)
 Metaspace       used 12783K, capacity 13044K, committed 13312K, reserved 1060864K
  class space    used 1574K, capacity 1672K, committed 1792K, reserved 1048576K
Event: 24.422 GC heap after
Heap after GC invocations=12 (full 0):
 PSYoungGen      total 34304K, used 2828K [0x00000000d5b80000, 0x00000000d8300000, 0x0000000100000000)
  eden space 29184K, 0% used [0x00000000d5b80000,0x00000000d5b80000,0x00000000d7800000)
  from space 5120K, 55% used [0x00000000d7e00000,0x00000000d80c3030,0x00000000d8300000)
  to   space 5632K, 0% used [0x00000000d7800000,0x00000000d7800000,0x00000000d7d80000)
 ParOldGen       total 87552K, used 17509K [0x0000000081200000, 0x0000000086780000, 0x00000000d5b80000)
  object space 87552K, 19% used [0x0000000081200000,0x0000000082319438,0x0000000086780000)
 Metaspace       used 12783K, capacity 13044K, committed 13312K, reserved 1060864K
  class space    used 1574K, capacity 1672K, committed 1792K, reserved 1048576K
}

