# JRE version: Java(TM) SE Runtime Environment (8.0_131-b11) (build 1.8.0_131-b11)
# Java VM: Java HotSpot(TM) 64-Bit Server VM (25.131-b11 mixed mode windows-amd64 compressed oops)
Heap:
 PSYoungGen      total 33792K, used 21601K [0x00000000d5b80000, 0x00000000d8200000, 0x0000000100000000)
  eden space 29184K, 63% used [0x00000000d5b80000,0x00000000d6d77f68,0x00000000d7800000)
  from space 4608K, 69% used [0x00000000d7d80000,0x00000000d80a0620,0x00000000d8200000)
  to   space 5120K, 0% used [0x00000000d7800000,0x00000000d7800000,0x00000000d7d00000)
 ParOldGen       total 87552K, used 20170K [0x0000000081200000, 0x0000000086780000, 0x00000000d5b80000)
  object space 87552K, 23% used [0x0000000081200000,0x00000000825b2b90,0x0000000086780000)
 Metaspace       used 11850K, capacity 12070K, committed 12416K, reserved 1060864K
  class space    used 1460K, capacity 1543K, committed 1664K, reserved 1048576K
GC Heap History (10 events):
Event: 16.984 GC heap before
{Heap before GC invocations=8 (full 0):
 PSYoungGen      total 34304K, used 34025K [0x00000000d5b80000, 0x00000000d8480000, 0x0000000100000000)
  eden space 31744K, 99% used [0x00000000d5b80000,0x00000000d7a73000,0x00000000d7a80000)
  from space 2560K, 91% used [0x00000000d7b00000,0x00000000d7d47660,0x00000000d7d80000)
  to   space 5120K, 0% used [0x00000000d7f80000,0x00000000d7f80000,0x00000000d8480000)
 ParOldGen       total 87552K, used 19174K [0x0000000081200000, 0x0000000086780000, 0x00000000d5b80000)
  object space 87552K, 21% used [0x0000000081200000,0x00000000824b9b80,0x0000000086780000)
 Metaspace       used 11778K, capacity 11942K, committed 12160K, reserved 1060864K
  class space    used 1459K, capacity 1543K, committed 1664K, reserved 1048576K
Event: 16.986 GC heap after
Heap after GC invocations=8 (full 0):
 PSYoungGen      total 35840K, used 1896K [0x00000000d5b80000, 0x00000000d8400000, 0x0000000100000000)
  eden space 31232K, 0% used [0x00000000d5b80000,0x00000000d5b80000,0x00000000d7a00000)
  from space 4608K, 41% used [0x00000000d7f80000,0x00000000d815a020,0x00000000d8400000)
  to   space 5120K, 0% used [0x00000000d7a00000,0x00000000d7a00000,0x00000000d7f00000)
 ParOldGen       total 87552K, used 19190K [0x0000000081200000, 0x0000000086780000, 0x00000000d5b80000)
  object space 87552K, 21% used [0x0000000081200000,0x00000000824bdb80,0x0000000086780000)
 Metaspace       used 11778K, capacity 11942K, committed 12160K, reserved 1060864K
  class space    used 1459K, capacity 1543K, committed 1664K, reserved 1048576K
}
Event: 18.310 GC heap before
{Heap before GC invocations=9 (full 0):
 PSYoungGen      total 35840K, used 33128K [0x00000000d5b80000, 0x00000000d8400000, 0x0000000100000000)
  eden space 31232K, 100% used [0x00000000d5b80000,0x00000000d7a00000,0x00000000d7a00000)
  from space 4608K, 41% used [0x00000000d7f80000,0x00000000d815a020,0x00000000d8400000)
  to   space 5120K, 0% used [0x00000000d7a00000,0x00000000d7a00000,0x00000000d7f00000)
 ParOldGen       total 87552K, used 19190K [0x0000000081200000, 0x0000000086780000, 0x00000000d5b80000)
  object space 87552K, 21% used [0x0000000081200000,0x00000000824bdb80,0x0000000086780000)
 Metaspace       used 11779K, capacity 11942K, committed 12160K, reserved 1060864K
  class space    used 1459K, capacity 1543K, committed 1664K, reserved 1048576K
Event: 18.311 GC heap after
Heap after GC invocations=9 (full 0):
 PSYoungGen      total 34304K, used 3201K [0x00000000d5b80000, 0x00000000d8380000, 0x0000000100000000)
  eden space 30720K, 0% used [0x00000000d5b80000,0x00000000d5b80000,0x00000000d7980000)
  from space 3584K, 89% used [0x00000000d7a00000,0x00000000d7d20568,0x00000000d7d80000)
  to   space 5120K, 0% used [0x00000000d7e80000,0x00000000d7e80000,0x00000000d8380000)
 ParOldGen       total 87552K, used 19206K [0x0000000081200000, 0x0000000086780000, 0x00000000d5b80000)
  object space 87552K, 21% used [0x0000000081200000,0x00000000824c1b80,0x0000000086780000)
 Metaspace       used 11779K, capacity 11942K, committed 12160K, reserved 1060864K
  class space    used 1459K, capacity 1543K, committed 1664K, reserved 1048576K
}
Event: 19.536 GC heap before
{Heap before GC invocations=10 (full 0):
 PSYoungGen      total 34304K, used 33771K [0x00000000d5b80000, 0x00000000d8380000, 0x0000000100000000)
  eden space 30720K, 99% used [0x00000000d5b80000,0x00000000d795aa50,0x00000000d7980000)
  from space 3584K, 89% used [0x00000000d7a00000,0x00000000d7d20568,0x00000000d7d80000)
  to   space 5120K, 0% used [0x00000000d7e80000,0x00000000d7e80000,0x00000000d8380000)
 ParOldGen       total 87552K, used 19206K [0x0000000081200000, 0x0000000086780000, 0x00000000d5b80000)
  object space 87552K, 21% used [0x0000000081200000,0x00000000824c1b80,0x0000000086780000)
 Metaspace       used 11796K, capacity 12006K, committed 12160K, reserved 1060864K
  class space    used 1459K, capacity 1543K, committed 1664K, reserved 1048576K
Event: 19.537 GC heap after
Heap after GC invocations=10 (full 0):
 PSYoungGen      total 33792K, used 2860K [0x00000000d5b80000, 0x00000000d8200000, 0x0000000100000000)
  eden space 30208K, 0% used [0x00000000d5b80000,0x00000000d5b80000,0x00000000d7900000)
  from space 3584K, 79% used [0x00000000d7e80000,0x00000000d814b030,0x00000000d8200000)
  to   space 4608K, 0% used [0x00000000d7900000,0x00000000d7900000,0x00000000d7d80000)
 ParOldGen       total 87552K, used 19230K [0x0000000081200000, 0x0000000086780000, 0x00000000d5b80000)
  object space 87552K, 21% used [0x0000000081200000,0x00000000824c7b80,0x0000000086780000)
 Metaspace       used 11796K, capacity 12006K, committed 12160K, reserved 1060864K
  class space    used 1459K, capacity 1543K, committed 1664K, reserved 1048576K
}
Event: 20.669 GC heap before
{Heap before GC invocations=11 (full 0):
 PSYoungGen      total 33792K, used 33068K [0x00000000d5b80000, 0x00000000d8200000, 0x0000000100000000)
  eden space 30208K, 100% used [0x00000000d5b80000,0x00000000d7900000,0x00000000d7900000)
  from space 3584K, 79% used [0x00000000d7e80000,0x00000000d814b030,0x00000000d8200000)
  to   space 4608K, 0% used [0x00000000d7900000,0x00000000d7900000,0x00000000d7d80000)
 ParOldGen       total 87552K, used 19230K [0x0000000081200000, 0x0000000086780000, 0x00000000d5b80000)
  object space 87552K, 21% used [0x0000000081200000,0x00000000824c7b80,0x0000000086780000)
 Metaspace       used 11823K, capacity 12070K, committed 12416K, reserved 1060864K
  class space    used 1459K, capacity 1543K, committed 1664K, reserved 1048576K
Event: 20.671 GC heap after
Heap after GC invocations=11 (full 0):
 PSYoungGen      total 34304K, used 4133K [0x00000000d5b80000, 0x00000000d8280000, 0x0000000100000000)
  eden space 29696K, 0% used [0x00000000d5b80000,0x00000000d5b80000,0x00000000d7880000)
  from space 4608K, 89% used [0x00000000d7900000,0x00000000d7d097c0,0x00000000d7d80000)
  to   space 5120K, 0% used [0x00000000d7d80000,0x00000000d7d80000,0x00000000d8280000)
 ParOldGen       total 87552K, used 20146K [0x0000000081200000, 0x0000000086780000, 0x00000000d5b80000)
  object space 87552K, 23% used [0x0000000081200000,0x00000000825acb90,0x0000000086780000)
 Metaspace       used 11823K, capacity 12070K, committed 12416K, reserved 1060864K
  class space    used 1459K, capacity 1543K, committed 1664K, reserved 1048576K
}
Event: 21.876 GC heap before
{Heap before GC invocations=12 (full 0):
 PSYoungGen      total 34304K, used 33508K [0x00000000d5b80000, 0x00000000d8280000, 0x0000000100000000)
  eden space 29696K, 98% used [0x00000000d5b80000,0x00000000d782f8d0,0x00000000d7880000)
  from space 4608K, 89% used [0x00000000d7900000,0x00000000d7d097c0,0x00000000d7d80000)
  to   space 5120K, 0% used [0x00000000d7d80000,0x00000000d7d80000,0x00000000d8280000)
 ParOldGen       total 87552K, used 20146K [0x0000000081200000, 0x0000000086780000, 0x00000000d5b80000)
  object space 87552K, 23% used [0x0000000081200000,0x00000000825acb90,0x0000000086780000)
 Metaspace       used 11838K, capacity 12070K, committed 12416K, reserved 1060864K
  class space    used 1459K, capacity 1543K, committed 1664K, reserved 1048576K
Event: 21.877 GC heap after
Heap after GC invocations=12 (full 0):
 PSYoungGen      total 33792K, used 3201K [0x00000000d5b80000, 0x00000000d8200000, 0x0000000100000000)
  eden space 29184K, 0% used [0x00000000d5b80000,0x00000000d5b80000,0x00000000d7800000)
  from space 4608K, 69% used [0x00000000d7d80000,0x00000000d80a0620,0x00000000d8200000)
  to   space 5120K, 0% used [0x00000000d7800000,0x00000000d7800000,0x00000000d7d00000)
 ParOldGen       total 87552K, used 20170K [0x0000000081200000, 0x0000000086780000, 0x00000000d5b80000)
  object space 87552K, 23% used [0x0000000081200000,0x00000000825b2b90,0x0000000086780000)
 Metaspace       used 11838K, capacity 12070K, committed 12416K, reserved 1060864K
  class space    used 1459K, capacity 1543K, committed 1664K, reserved 1048576K
}

