# JRE version: Java(TM) SE Runtime Environment (8.0_131-b11) (build 1.8.0_131-b11)
# Java VM: Java HotSpot(TM) 64-Bit Server VM (25.131-b11 mixed mode windows-amd64 compressed oops)
Heap:
 PSYoungGen      total 28160K, used 23278K [0x00000000d5b80000, 0x00000000d7b80000, 0x0000000100000000)
  eden space 23552K, 82% used [0x00000000d5b80000,0x00000000d6e8f7c8,0x00000000d7280000)
  from space 4608K, 81% used [0x00000000d7700000,0x00000000d7aac040,0x00000000d7b80000)
  to   space 4608K, 0% used [0x00000000d7280000,0x00000000d7280000,0x00000000d7700000)
 ParOldGen       total 87552K, used 20097K [0x0000000081200000, 0x0000000086780000, 0x00000000d5b80000)
  object space 87552K, 22% used [0x0000000081200000,0x00000000825a0448,0x0000000086780000)
 Metaspace       used 13399K, capacity 13652K, committed 13824K, reserved 1060864K
  class space    used 1627K, capacity 1704K, committed 1792K, reserved 1048576K
GC Heap History (10 events):
Event: 176.585 GC heap before
{Heap before GC invocations=128 (full 0):
 PSYoungGen      total 28160K, used 25824K [0x00000000d5b80000, 0x00000000d7b80000, 0x0000000100000000)
  eden space 23552K, 97% used [0x00000000d5b80000,0x00000000d71f51a8,0x00000000d7280000)
  from space 4608K, 61% used [0x00000000d7280000,0x00000000d7543030,0x00000000d7700000)
  to   space 4608K, 0% used [0x00000000d7700000,0x00000000d7700000,0x00000000d7b80000)
 ParOldGen       total 87552K, used 20009K [0x0000000081200000, 0x0000000086780000, 0x00000000d5b80000)
  object space 87552K, 22% used [0x0000000081200000,0x000000008258a448,0x0000000086780000)
 Metaspace       used 13398K, capacity 13652K, committed 13824K, reserved 1060864K
  class space    used 1627K, capacity 1704K, committed 1792K, reserved 1048576K
Event: 176.586 GC heap after
Heap after GC invocations=128 (full 0):
 PSYoungGen      total 28160K, used 3760K [0x00000000d5b80000, 0x00000000d7b80000, 0x0000000100000000)
  eden space 23552K, 0% used [0x00000000d5b80000,0x00000000d5b80000,0x00000000d7280000)
  from space 4608K, 81% used [0x00000000d7700000,0x00000000d7aac040,0x00000000d7b80000)
  to   space 4608K, 0% used [0x00000000d7280000,0x00000000d7280000,0x00000000d7700000)
 ParOldGen       total 87552K, used 20025K [0x0000000081200000, 0x0000000086780000, 0x00000000d5b80000)
  object space 87552K, 22% used [0x0000000081200000,0x000000008258e448,0x0000000086780000)
 Metaspace       used 13398K, capacity 13652K, committed 13824K, reserved 1060864K
  class space    used 1627K, capacity 1704K, committed 1792K, reserved 1048576K
}
Event: 177.895 GC heap before
{Heap before GC invocations=129 (full 0):
 PSYoungGen      total 28160K, used 26778K [0x00000000d5b80000, 0x00000000d7b80000, 0x0000000100000000)
  eden space 23552K, 97% used [0x00000000d5b80000,0x00000000d71faa28,0x00000000d7280000)
  from space 4608K, 81% used [0x00000000d7700000,0x00000000d7aac040,0x00000000d7b80000)
  to   space 4608K, 0% used [0x00000000d7280000,0x00000000d7280000,0x00000000d7700000)
 ParOldGen       total 87552K, used 20025K [0x0000000081200000, 0x0000000086780000, 0x00000000d5b80000)
  object space 87552K, 22% used [0x0000000081200000,0x000000008258e448,0x0000000086780000)
 Metaspace       used 13398K, capacity 13652K, committed 13824K, reserved 1060864K
  class space    used 1627K, capacity 1704K, committed 1792K, reserved 1048576K
Event: 177.896 GC heap after
Heap after GC invocations=129 (full 0):
 PSYoungGen      total 28160K, used 2860K [0x00000000d5b80000, 0x00000000d7b80000, 0x0000000100000000)
  eden space 23552K, 0% used [0x00000000d5b80000,0x00000000d5b80000,0x00000000d7280000)
  from space 4608K, 62% used [0x00000000d7280000,0x00000000d754b030,0x00000000d7700000)
  to   space 4608K, 0% used [0x00000000d7700000,0x00000000d7700000,0x00000000d7b80000)
 ParOldGen       total 87552K, used 20041K [0x0000000081200000, 0x0000000086780000, 0x00000000d5b80000)
  object space 87552K, 22% used [0x0000000081200000,0x0000000082592448,0x0000000086780000)
 Metaspace       used 13398K, capacity 13652K, committed 13824K, reserved 1060864K
  class space    used 1627K, capacity 1704K, committed 1792K, reserved 1048576K
}
Event: 179.107 GC heap before
{Heap before GC invocations=130 (full 0):
 PSYoungGen      total 28160K, used 25876K [0x00000000d5b80000, 0x00000000d7b80000, 0x0000000100000000)
  eden space 23552K, 97% used [0x00000000d5b80000,0x00000000d71fa128,0x00000000d7280000)
  from space 4608K, 62% used [0x00000000d7280000,0x00000000d754b030,0x00000000d7700000)
  to   space 4608K, 0% used [0x00000000d7700000,0x00000000d7700000,0x00000000d7b80000)
 ParOldGen       total 87552K, used 20041K [0x0000000081200000, 0x0000000086780000, 0x00000000d5b80000)
  object space 87552K, 22% used [0x0000000081200000,0x0000000082592448,0x0000000086780000)
 Metaspace       used 13398K, capacity 13652K, committed 13824K, reserved 1060864K
  class space    used 1627K, capacity 1704K, committed 1792K, reserved 1048576K
Event: 179.108 GC heap after
Heap after GC invocations=130 (full 0):
 PSYoungGen      total 28160K, used 3728K [0x00000000d5b80000, 0x00000000d7b80000, 0x0000000100000000)
  eden space 23552K, 0% used [0x00000000d5b80000,0x00000000d5b80000,0x00000000d7280000)
  from space 4608K, 80% used [0x00000000d7700000,0x00000000d7aa4040,0x00000000d7b80000)
  to   space 4608K, 0% used [0x00000000d7280000,0x00000000d7280000,0x00000000d7700000)
 ParOldGen       total 87552K, used 20057K [0x0000000081200000, 0x0000000086780000, 0x00000000d5b80000)
  object space 87552K, 22% used [0x0000000081200000,0x0000000082596448,0x0000000086780000)
 Metaspace       used 13398K, capacity 13652K, committed 13824K, reserved 1060864K
  class space    used 1627K, capacity 1704K, committed 1792K, reserved 1048576K
}
Event: 180.418 GC heap before
{Heap before GC invocations=131 (full 0):
 PSYoungGen      total 28160K, used 26757K [0x00000000d5b80000, 0x00000000d7b80000, 0x0000000100000000)
  eden space 23552K, 97% used [0x00000000d5b80000,0x00000000d71fd518,0x00000000d7280000)
  from space 4608K, 80% used [0x00000000d7700000,0x00000000d7aa4040,0x00000000d7b80000)
  to   space 4608K, 0% used [0x00000000d7280000,0x00000000d7280000,0x00000000d7700000)
 ParOldGen       total 87552K, used 20057K [0x0000000081200000, 0x0000000086780000, 0x00000000d5b80000)
  object space 87552K, 22% used [0x0000000081200000,0x0000000082596448,0x0000000086780000)
 Metaspace       used 13398K, capacity 13652K, committed 13824K, reserved 1060864K
  class space    used 1627K, capacity 1704K, committed 1792K, reserved 1048576K
Event: 180.419 GC heap after
Heap after GC invocations=131 (full 0):
 PSYoungGen      total 28160K, used 2828K [0x00000000d5b80000, 0x00000000d7b80000, 0x0000000100000000)
  eden space 23552K, 0% used [0x00000000d5b80000,0x00000000d5b80000,0x00000000d7280000)
  from space 4608K, 61% used [0x00000000d7280000,0x00000000d7543030,0x00000000d7700000)
  to   space 4608K, 0% used [0x00000000d7700000,0x00000000d7700000,0x00000000d7b80000)
 ParOldGen       total 87552K, used 20081K [0x0000000081200000, 0x0000000086780000, 0x00000000d5b80000)
  object space 87552K, 22% used [0x0000000081200000,0x000000008259c448,0x0000000086780000)
 Metaspace       used 13398K, capacity 13652K, committed 13824K, reserved 1060864K
  class space    used 1627K, capacity 1704K, committed 1792K, reserved 1048576K
}
Event: 181.629 GC heap before
{Heap before GC invocations=132 (full 0):
 PSYoungGen      total 28160K, used 25826K [0x00000000d5b80000, 0x00000000d7b80000, 0x0000000100000000)
  eden space 23552K, 97% used [0x00000000d5b80000,0x00000000d71f5828,0x00000000d7280000)
  from space 4608K, 61% used [0x00000000d7280000,0x00000000d7543030,0x00000000d7700000)
  to   space 4608K, 0% used [0x00000000d7700000,0x00000000d7700000,0x00000000d7b80000)
 ParOldGen       total 87552K, used 20081K [0x0000000081200000, 0x0000000086780000, 0x00000000d5b80000)
  object space 87552K, 22% used [0x0000000081200000,0x000000008259c448,0x0000000086780000)
 Metaspace       used 13398K, capacity 13652K, committed 13824K, reserved 1060864K
  class space    used 1627K, capacity 1704K, committed 1792K, reserved 1048576K
Event: 181.631 GC heap after
Heap after GC invocations=132 (full 0):
 PSYoungGen      total 28160K, used 3760K [0x00000000d5b80000, 0x00000000d7b80000, 0x0000000100000000)
  eden space 23552K, 0% used [0x00000000d5b80000,0x00000000d5b80000,0x00000000d7280000)
  from space 4608K, 81% used [0x00000000d7700000,0x00000000d7aac040,0x00000000d7b80000)
  to   space 4608K, 0% used [0x00000000d7280000,0x00000000d7280000,0x00000000d7700000)
 ParOldGen       total 87552K, used 20097K [0x0000000081200000, 0x0000000086780000, 0x00000000d5b80000)
  object space 87552K, 22% used [0x0000000081200000,0x00000000825a0448,0x0000000086780000)
 Metaspace       used 13398K, capacity 13652K, committed 13824K, reserved 1060864K
  class space    used 1627K, capacity 1704K, committed 1792K, reserved 1048576K
}

