# JRE version: Java(TM) SE Runtime Environment (8.0_131-b11) (build 1.8.0_131-b11)
# Java VM: Java HotSpot(TM) 64-Bit Server VM (25.131-b11 mixed mode windows-amd64 compressed oops)
Heap:
 PSYoungGen      total 32768K, used 21728K [0x00000000d5b80000, 0x00000000d8080000, 0x0000000100000000)
  eden space 28672K, 62% used [0x00000000d5b80000,0x00000000d6d14160,0x00000000d7780000)
  from space 4096K, 91% used [0x00000000d7800000,0x00000000d7ba4040,0x00000000d7c00000)
  to   space 4608K, 0% used [0x00000000d7c00000,0x00000000d7c00000,0x00000000d8080000)
 ParOldGen       total 87552K, used 18850K [0x0000000081200000, 0x0000000086780000, 0x00000000d5b80000)
  object space 87552K, 21% used [0x0000000081200000,0x0000000082468800,0x0000000086780000)
 Metaspace       used 12629K, capacity 12820K, committed 12928K, reserved 1060864K
  class space    used 1555K, capacity 1640K, committed 1664K, reserved 1048576K
GC Heap History (10 events):
Event: 19.343 GC heap before
{Heap before GC invocations=9 (full 0):
 PSYoungGen      total 35840K, used 33208K [0x00000000d5b80000, 0x00000000d8400000, 0x0000000100000000)
  eden space 31232K, 97% used [0x00000000d5b80000,0x00000000d792b0b8,0x00000000d7a00000)
  from space 4608K, 61% used [0x00000000d7f80000,0x00000000d8243030,0x00000000d8400000)
  to   space 5120K, 0% used [0x00000000d7a00000,0x00000000d7a00000,0x00000000d7f00000)
 ParOldGen       total 87552K, used 18778K [0x0000000081200000, 0x0000000086780000, 0x00000000d5b80000)
  object space 87552K, 21% used [0x0000000081200000,0x0000000082456800,0x0000000086780000)
 Metaspace       used 12586K, capacity 12812K, committed 12928K, reserved 1060864K
  class space    used 1555K, capacity 1640K, committed 1664K, reserved 1048576K
Event: 19.344 GC heap after
Heap after GC invocations=9 (full 0):
 PSYoungGen      total 33792K, used 2828K [0x00000000d5b80000, 0x00000000d8280000, 0x0000000100000000)
  eden space 30720K, 0% used [0x00000000d5b80000,0x00000000d5b80000,0x00000000d7980000)
  from space 3072K, 92% used [0x00000000d7a00000,0x00000000d7cc3030,0x00000000d7d00000)
  to   space 4608K, 0% used [0x00000000d7e00000,0x00000000d7e00000,0x00000000d8280000)
 ParOldGen       total 87552K, used 18794K [0x0000000081200000, 0x0000000086780000, 0x00000000d5b80000)
  object space 87552K, 21% used [0x0000000081200000,0x000000008245a800,0x0000000086780000)
 Metaspace       used 12586K, capacity 12812K, committed 12928K, reserved 1060864K
  class space    used 1555K, capacity 1640K, committed 1664K, reserved 1048576K
}
Event: 21.059 GC heap before
{Heap before GC invocations=10 (full 0):
 PSYoungGen      total 33792K, used 33138K [0x00000000d5b80000, 0x00000000d8280000, 0x0000000100000000)
  eden space 30720K, 98% used [0x00000000d5b80000,0x00000000d79198d8,0x00000000d7980000)
  from space 3072K, 92% used [0x00000000d7a00000,0x00000000d7cc3030,0x00000000d7d00000)
  to   space 4608K, 0% used [0x00000000d7e00000,0x00000000d7e00000,0x00000000d8280000)
 ParOldGen       total 87552K, used 18794K [0x0000000081200000, 0x0000000086780000, 0x00000000d5b80000)
  object space 87552K, 21% used [0x0000000081200000,0x000000008245a800,0x0000000086780000)
 Metaspace       used 12591K, capacity 12812K, committed 12928K, reserved 1060864K
  class space    used 1555K, capacity 1640K, committed 1664K, reserved 1048576K
Event: 21.060 GC heap after
Heap after GC invocations=10 (full 0):
 PSYoungGen      total 34304K, used 2860K [0x00000000d5b80000, 0x00000000d8200000, 0x0000000100000000)
  eden space 30208K, 0% used [0x00000000d5b80000,0x00000000d5b80000,0x00000000d7900000)
  from space 4096K, 69% used [0x00000000d7e00000,0x00000000d80cb030,0x00000000d8200000)
  to   space 4608K, 0% used [0x00000000d7900000,0x00000000d7900000,0x00000000d7d80000)
 ParOldGen       total 87552K, used 18810K [0x0000000081200000, 0x0000000086780000, 0x00000000d5b80000)
  object space 87552K, 21% used [0x0000000081200000,0x000000008245e800,0x0000000086780000)
 Metaspace       used 12591K, capacity 12812K, committed 12928K, reserved 1060864K
  class space    used 1555K, capacity 1640K, committed 1664K, reserved 1048576K
}
Event: 22.672 GC heap before
{Heap before GC invocations=11 (full 0):
 PSYoungGen      total 34304K, used 32293K [0x00000000d5b80000, 0x00000000d8200000, 0x0000000100000000)
  eden space 30208K, 97% used [0x00000000d5b80000,0x00000000d783e4e8,0x00000000d7900000)
  from space 4096K, 69% used [0x00000000d7e00000,0x00000000d80cb030,0x00000000d8200000)
  to   space 4608K, 0% used [0x00000000d7900000,0x00000000d7900000,0x00000000d7d80000)
 ParOldGen       total 87552K, used 18810K [0x0000000081200000, 0x0000000086780000, 0x00000000d5b80000)
  object space 87552K, 21% used [0x0000000081200000,0x000000008245e800,0x0000000086780000)
 Metaspace       used 12595K, capacity 12812K, committed 12928K, reserved 1060864K
  class space    used 1555K, capacity 1640K, committed 1664K, reserved 1048576K
Event: 22.673 GC heap after
Heap after GC invocations=11 (full 0):
 PSYoungGen      total 34304K, used 996K [0x00000000d5b80000, 0x00000000d8280000, 0x0000000100000000)
  eden space 29696K, 0% used [0x00000000d5b80000,0x00000000d5b80000,0x00000000d7880000)
  from space 4608K, 21% used [0x00000000d7900000,0x00000000d79f9010,0x00000000d7d80000)
  to   space 5120K, 0% used [0x00000000d7d80000,0x00000000d7d80000,0x00000000d8280000)
 ParOldGen       total 87552K, used 18826K [0x0000000081200000, 0x0000000086780000, 0x00000000d5b80000)
  object space 87552K, 21% used [0x0000000081200000,0x0000000082462800,0x0000000086780000)
 Metaspace       used 12595K, capacity 12812K, committed 12928K, reserved 1060864K
  class space    used 1555K, capacity 1640K, committed 1664K, reserved 1048576K
}
Event: 24.282 GC heap before
{Heap before GC invocations=12 (full 0):
 PSYoungGen      total 34304K, used 30382K [0x00000000d5b80000, 0x00000000d8280000, 0x0000000100000000)
  eden space 29696K, 98% used [0x00000000d5b80000,0x00000000d7832998,0x00000000d7880000)
  from space 4608K, 21% used [0x00000000d7900000,0x00000000d79f9010,0x00000000d7d80000)
  to   space 5120K, 0% used [0x00000000d7d80000,0x00000000d7d80000,0x00000000d8280000)
 ParOldGen       total 87552K, used 18826K [0x0000000081200000, 0x0000000086780000, 0x00000000d5b80000)
  object space 87552K, 21% used [0x0000000081200000,0x0000000082462800,0x0000000086780000)
 Metaspace       used 12599K, capacity 12812K, committed 12928K, reserved 1060864K
  class space    used 1555K, capacity 1640K, committed 1664K, reserved 1048576K
Event: 24.283 GC heap after
Heap after GC invocations=12 (full 0):
 PSYoungGen      total 32768K, used 2828K [0x00000000d5b80000, 0x00000000d8100000, 0x0000000100000000)
  eden space 29184K, 0% used [0x00000000d5b80000,0x00000000d5b80000,0x00000000d7800000)
  from space 3584K, 78% used [0x00000000d7d80000,0x00000000d8043030,0x00000000d8100000)
  to   space 4608K, 0% used [0x00000000d7800000,0x00000000d7800000,0x00000000d7c80000)
 ParOldGen       total 87552K, used 18842K [0x0000000081200000, 0x0000000086780000, 0x00000000d5b80000)
  object space 87552K, 21% used [0x0000000081200000,0x0000000082466800,0x0000000086780000)
 Metaspace       used 12599K, capacity 12812K, committed 12928K, reserved 1060864K
  class space    used 1555K, capacity 1640K, committed 1664K, reserved 1048576K
}
Event: 25.794 GC heap before
{Heap before GC invocations=13 (full 0):
 PSYoungGen      total 32768K, used 31496K [0x00000000d5b80000, 0x00000000d8100000, 0x0000000100000000)
  eden space 29184K, 98% used [0x00000000d5b80000,0x00000000d777f398,0x00000000d7800000)
  from space 3584K, 78% used [0x00000000d7d80000,0x00000000d8043030,0x00000000d8100000)
  to   space 4608K, 0% used [0x00000000d7800000,0x00000000d7800000,0x00000000d7c80000)
 ParOldGen       total 87552K, used 18842K [0x0000000081200000, 0x0000000086780000, 0x00000000d5b80000)
  object space 87552K, 21% used [0x0000000081200000,0x0000000082466800,0x0000000086780000)
 Metaspace       used 12613K, capacity 12820K, committed 12928K, reserved 1060864K
  class space    used 1555K, capacity 1640K, committed 1664K, reserved 1048576K
Event: 25.795 GC heap after
Heap after GC invocations=13 (full 0):
 PSYoungGen      total 32768K, used 3728K [0x00000000d5b80000, 0x00000000d8080000, 0x0000000100000000)
  eden space 28672K, 0% used [0x00000000d5b80000,0x00000000d5b80000,0x00000000d7780000)
  from space 4096K, 91% used [0x00000000d7800000,0x00000000d7ba4040,0x00000000d7c00000)
  to   space 4608K, 0% used [0x00000000d7c00000,0x00000000d7c00000,0x00000000d8080000)
 ParOldGen       total 87552K, used 18850K [0x0000000081200000, 0x0000000086780000, 0x00000000d5b80000)
  object space 87552K, 21% used [0x0000000081200000,0x0000000082468800,0x0000000086780000)
 Metaspace       used 12613K, capacity 12820K, committed 12928K, reserved 1060864K
  class space    used 1555K, capacity 1640K, committed 1664K, reserved 1048576K
}

