# JRE version: Java(TM) SE Runtime Environment (8.0_131-b11) (build 1.8.0_131-b11)
# Java VM: Java HotSpot(TM) 64-Bit Server VM (25.131-b11 mixed mode windows-amd64 compressed oops)
Heap:
 PSYoungGen      total 35328K, used 18979K [0x00000000d5b80000, 0x00000000d8300000, 0x0000000100000000)
  eden space 31232K, 51% used [0x00000000d5b80000,0x00000000d6b45d48,0x00000000d7a00000)
  from space 4096K, 69% used [0x00000000d7f00000,0x00000000d81c3030,0x00000000d8300000)
  to   space 4608K, 0% used [0x00000000d7a00000,0x00000000d7a00000,0x00000000d7e80000)
 ParOldGen       total 87552K, used 17394K [0x0000000081200000, 0x0000000086780000, 0x00000000d5b80000)
  object space 87552K, 19% used [0x0000000081200000,0x00000000822fca28,0x0000000086780000)
 Metaspace       used 12672K, capacity 12820K, committed 12928K, reserved 1060864K
  class space    used 1568K, capacity 1640K, committed 1664K, reserved 1048576K
GC Heap History (10 events):
Event: 12.198 GC heap before
{Heap before GC invocations=4 (full 0):
 PSYoungGen      total 38400K, used 36304K [0x00000000d5b80000, 0x00000000d8600000, 0x0000000100000000)
  eden space 33280K, 97% used [0x00000000d5b80000,0x00000000d7b26070,0x00000000d7c00000)
  from space 5120K, 76% used [0x00000000d7c00000,0x00000000d7fce030,0x00000000d8100000)
  to   space 5120K, 0% used [0x00000000d8100000,0x00000000d8100000,0x00000000d8600000)
 ParOldGen       total 87552K, used 15327K [0x0000000081200000, 0x0000000086780000, 0x00000000d5b80000)
  object space 87552K, 17% used [0x0000000081200000,0x00000000820f7d70,0x0000000086780000)
 Metaspace       used 12589K, capacity 12748K, committed 12928K, reserved 1060864K
  class space    used 1568K, capacity 1640K, committed 1664K, reserved 1048576K
Event: 12.201 GC heap after
Heap after GC invocations=4 (full 0):
 PSYoungGen      total 38400K, used 3044K [0x00000000d5b80000, 0x00000000d8600000, 0x0000000100000000)
  eden space 33280K, 0% used [0x00000000d5b80000,0x00000000d5b80000,0x00000000d7c00000)
  from space 5120K, 59% used [0x00000000d8100000,0x00000000d83f9010,0x00000000d8600000)
  to   space 5120K, 0% used [0x00000000d7c00000,0x00000000d7c00000,0x00000000d8100000)
 ParOldGen       total 87552K, used 15335K [0x0000000081200000, 0x0000000086780000, 0x00000000d5b80000)
  object space 87552K, 17% used [0x0000000081200000,0x00000000820f9d70,0x0000000086780000)
 Metaspace       used 12589K, capacity 12748K, committed 12928K, reserved 1060864K
  class space    used 1568K, capacity 1640K, committed 1664K, reserved 1048576K
}
Event: 13.914 GC heap before
{Heap before GC invocations=5 (full 0):
 PSYoungGen      total 38400K, used 35503K [0x00000000d5b80000, 0x00000000d8600000, 0x0000000100000000)
  eden space 33280K, 97% used [0x00000000d5b80000,0x00000000d7b32d48,0x00000000d7c00000)
  from space 5120K, 59% used [0x00000000d8100000,0x00000000d83f9010,0x00000000d8600000)
  to   space 5120K, 0% used [0x00000000d7c00000,0x00000000d7c00000,0x00000000d8100000)
 ParOldGen       total 87552K, used 15335K [0x0000000081200000, 0x0000000086780000, 0x00000000d5b80000)
  object space 87552K, 17% used [0x0000000081200000,0x00000000820f9d70,0x0000000086780000)
 Metaspace       used 12606K, capacity 12748K, committed 12928K, reserved 1060864K
  class space    used 1568K, capacity 1640K, committed 1664K, reserved 1048576K
Event: 13.917 GC heap after
Heap after GC invocations=5 (full 0):
 PSYoungGen      total 36864K, used 3912K [0x00000000d5b80000, 0x00000000d8480000, 0x0000000100000000)
  eden space 32768K, 0% used [0x00000000d5b80000,0x00000000d5b80000,0x00000000d7b80000)
  from space 4096K, 95% used [0x00000000d7c00000,0x00000000d7fd2040,0x00000000d8000000)
  to   space 4608K, 0% used [0x00000000d8000000,0x00000000d8000000,0x00000000d8480000)
 ParOldGen       total 87552K, used 15343K [0x0000000081200000, 0x0000000086780000, 0x00000000d5b80000)
  object space 87552K, 17% used [0x0000000081200000,0x00000000820fbd70,0x0000000086780000)
 Metaspace       used 12606K, capacity 12748K, committed 12928K, reserved 1060864K
  class space    used 1568K, capacity 1640K, committed 1664K, reserved 1048576K
}
Event: 15.731 GC heap before
{Heap before GC invocations=6 (full 0):
 PSYoungGen      total 36864K, used 36250K [0x00000000d5b80000, 0x00000000d8480000, 0x0000000100000000)
  eden space 32768K, 98% used [0x00000000d5b80000,0x00000000d7b14ac8,0x00000000d7b80000)
  from space 4096K, 95% used [0x00000000d7c00000,0x00000000d7fd2040,0x00000000d8000000)
  to   space 4608K, 0% used [0x00000000d8000000,0x00000000d8000000,0x00000000d8480000)
 ParOldGen       total 87552K, used 15343K [0x0000000081200000, 0x0000000086780000, 0x00000000d5b80000)
  object space 87552K, 17% used [0x0000000081200000,0x00000000820fbd70,0x0000000086780000)
 Metaspace       used 12655K, capacity 12820K, committed 12928K, reserved 1060864K
  class space    used 1568K, capacity 1640K, committed 1664K, reserved 1048576K
Event: 15.735 GC heap after
Heap after GC invocations=6 (full 0):
 PSYoungGen      total 36352K, used 3012K [0x00000000d5b80000, 0x00000000d8400000, 0x0000000100000000)
  eden space 32256K, 0% used [0x00000000d5b80000,0x00000000d5b80000,0x00000000d7b00000)
  from space 4096K, 73% used [0x00000000d8000000,0x00000000d82f1010,0x00000000d8400000)
  to   space 4608K, 0% used [0x00000000d7b00000,0x00000000d7b00000,0x00000000d7f80000)
 ParOldGen       total 87552K, used 15351K [0x0000000081200000, 0x0000000086780000, 0x00000000d5b80000)
  object space 87552K, 17% used [0x0000000081200000,0x00000000820fdd70,0x0000000086780000)
 Metaspace       used 12655K, capacity 12820K, committed 12928K, reserved 1060864K
  class space    used 1568K, capacity 1640K, committed 1664K, reserved 1048576K
}
Event: 17.437 GC heap before
{Heap before GC invocations=7 (full 0):
 PSYoungGen      total 36352K, used 35213K [0x00000000d5b80000, 0x00000000d8400000, 0x0000000100000000)
  eden space 32256K, 99% used [0x00000000d5b80000,0x00000000d7af24b8,0x00000000d7b00000)
  from space 4096K, 73% used [0x00000000d8000000,0x00000000d82f1010,0x00000000d8400000)
  to   space 4608K, 0% used [0x00000000d7b00000,0x00000000d7b00000,0x00000000d7f80000)
 ParOldGen       total 87552K, used 15351K [0x0000000081200000, 0x0000000086780000, 0x00000000d5b80000)
  object space 87552K, 17% used [0x0000000081200000,0x00000000820fdd70,0x0000000086780000)
 Metaspace       used 12668K, capacity 12820K, committed 12928K, reserved 1060864K
  class space    used 1568K, capacity 1640K, committed 1664K, reserved 1048576K
Event: 17.441 GC heap after
Heap after GC invocations=7 (full 0):
 PSYoungGen      total 33792K, used 1960K [0x00000000d5b80000, 0x00000000d8380000, 0x0000000100000000)
  eden space 31744K, 0% used [0x00000000d5b80000,0x00000000d5b80000,0x00000000d7a80000)
  from space 2048K, 95% used [0x00000000d7b00000,0x00000000d7cea020,0x00000000d7d00000)
  to   space 4608K, 0% used [0x00000000d7f00000,0x00000000d7f00000,0x00000000d8380000)
 ParOldGen       total 87552K, used 17370K [0x0000000081200000, 0x0000000086780000, 0x00000000d5b80000)
  object space 87552K, 19% used [0x0000000081200000,0x00000000822f6a28,0x0000000086780000)
 Metaspace       used 12668K, capacity 12820K, committed 12928K, reserved 1060864K
  class space    used 1568K, capacity 1640K, committed 1664K, reserved 1048576K
}
Event: 19.148 GC heap before
{Heap before GC invocations=8 (full 0):
 PSYoungGen      total 33792K, used 33228K [0x00000000d5b80000, 0x00000000d8380000, 0x0000000100000000)
  eden space 31744K, 98% used [0x00000000d5b80000,0x00000000d7a090b0,0x00000000d7a80000)
  from space 2048K, 95% used [0x00000000d7b00000,0x00000000d7cea020,0x00000000d7d00000)
  to   space 4608K, 0% used [0x00000000d7f00000,0x00000000d7f00000,0x00000000d8380000)
 ParOldGen       total 87552K, used 17370K [0x0000000081200000, 0x0000000086780000, 0x00000000d5b80000)
  object space 87552K, 19% used [0x0000000081200000,0x00000000822f6a28,0x0000000086780000)
 Metaspace       used 12668K, capacity 12820K, committed 12928K, reserved 1060864K
  class space    used 1568K, capacity 1640K, committed 1664K, reserved 1048576K
Event: 19.149 GC heap after
Heap after GC invocations=8 (full 0):
 PSYoungGen      total 35328K, used 2828K [0x00000000d5b80000, 0x00000000d8300000, 0x0000000100000000)
  eden space 31232K, 0% used [0x00000000d5b80000,0x00000000d5b80000,0x00000000d7a00000)
  from space 4096K, 69% used [0x00000000d7f00000,0x00000000d81c3030,0x00000000d8300000)
  to   space 4608K, 0% used [0x00000000d7a00000,0x00000000d7a00000,0x00000000d7e80000)
 ParOldGen       total 87552K, used 17394K [0x0000000081200000, 0x0000000086780000, 0x00000000d5b80000)
  object space 87552K, 19% used [0x0000000081200000,0x00000000822fca28,0x0000000086780000)
 Metaspace       used 12668K, capacity 12820K, committed 12928K, reserved 1060864K
  class space    used 1568K, capacity 1640K, committed 1664K, reserved 1048576K
}

