# JRE version: Java(TM) SE Runtime Environment (8.0_131-b11) (build 1.8.0_131-b11)
# Java VM: Java HotSpot(TM) 64-Bit Server VM (25.131-b11 mixed mode windows-amd64 compressed oops)
Heap:
 PSYoungGen      total 25600K, used 18724K [0x00000000d5b80000, 0x00000000d7880000, 0x0000000100000000)
  eden space 21504K, 73% used [0x00000000d5b80000,0x00000000d6b062c8,0x00000000d7080000)
  from space 4096K, 69% used [0x00000000d7080000,0x00000000d7343030,0x00000000d7480000)
  to   space 4096K, 0% used [0x00000000d7480000,0x00000000d7480000,0x00000000d7880000)
 ParOldGen       total 87552K, used 45828K [0x0000000081200000, 0x0000000086780000, 0x00000000d5b80000)
  object space 87552K, 52% used [0x0000000081200000,0x0000000083ec12a0,0x0000000086780000)
 Metaspace       used 13541K, capacity 13780K, committed 14080K, reserved 1060864K
  class space    used 1631K, capacity 1704K, committed 1792K, reserved 1048576K
GC Heap History (10 events):
Event: 435.258 GC heap before
{Heap before GC invocations=341 (full 0):
 PSYoungGen      total 25600K, used 23981K [0x00000000d5b80000, 0x00000000d7880000, 0x0000000100000000)
  eden space 21504K, 98% used [0x00000000d5b80000,0x00000000d7028720,0x00000000d7080000)
  from space 4096K, 69% used [0x00000000d7480000,0x00000000d7743030,0x00000000d7880000)
  to   space 4096K, 0% used [0x00000000d7080000,0x00000000d7080000,0x00000000d7480000)
 ParOldGen       total 87552K, used 45764K [0x0000000081200000, 0x0000000086780000, 0x00000000d5b80000)
  object space 87552K, 52% used [0x0000000081200000,0x0000000083eb12a0,0x0000000086780000)
 Metaspace       used 13540K, capacity 13780K, committed 14080K, reserved 1060864K
  class space    used 1631K, capacity 1704K, committed 1792K, reserved 1048576K
Event: 435.259 GC heap after
Heap after GC invocations=341 (full 0):
 PSYoungGen      total 25600K, used 3728K [0x00000000d5b80000, 0x00000000d7880000, 0x0000000100000000)
  eden space 21504K, 0% used [0x00000000d5b80000,0x00000000d5b80000,0x00000000d7080000)
  from space 4096K, 91% used [0x00000000d7080000,0x00000000d7424040,0x00000000d7480000)
  to   space 4096K, 0% used [0x00000000d7480000,0x00000000d7480000,0x00000000d7880000)
 ParOldGen       total 87552K, used 45772K [0x0000000081200000, 0x0000000086780000, 0x00000000d5b80000)
  object space 87552K, 52% used [0x0000000081200000,0x0000000083eb32a0,0x0000000086780000)
 Metaspace       used 13540K, capacity 13780K, committed 14080K, reserved 1060864K
  class space    used 1631K, capacity 1704K, committed 1792K, reserved 1048576K
}
Event: 436.465 GC heap before
{Heap before GC invocations=342 (full 0):
 PSYoungGen      total 25600K, used 24881K [0x00000000d5b80000, 0x00000000d7880000, 0x0000000100000000)
  eden space 21504K, 98% used [0x00000000d5b80000,0x00000000d7028710,0x00000000d7080000)
  from space 4096K, 91% used [0x00000000d7080000,0x00000000d7424040,0x00000000d7480000)
  to   space 4096K, 0% used [0x00000000d7480000,0x00000000d7480000,0x00000000d7880000)
 ParOldGen       total 87552K, used 45772K [0x0000000081200000, 0x0000000086780000, 0x00000000d5b80000)
  object space 87552K, 52% used [0x0000000081200000,0x0000000083eb32a0,0x0000000086780000)
 Metaspace       used 13540K, capacity 13780K, committed 14080K, reserved 1060864K
  class space    used 1631K, capacity 1704K, committed 1792K, reserved 1048576K
Event: 436.466 GC heap after
Heap after GC invocations=342 (full 0):
 PSYoungGen      total 25600K, used 2860K [0x00000000d5b80000, 0x00000000d7880000, 0x0000000100000000)
  eden space 21504K, 0% used [0x00000000d5b80000,0x00000000d5b80000,0x00000000d7080000)
  from space 4096K, 69% used [0x00000000d7480000,0x00000000d774b030,0x00000000d7880000)
  to   space 4096K, 0% used [0x00000000d7080000,0x00000000d7080000,0x00000000d7480000)
 ParOldGen       total 87552K, used 45788K [0x0000000081200000, 0x0000000086780000, 0x00000000d5b80000)
  object space 87552K, 52% used [0x0000000081200000,0x0000000083eb72a0,0x0000000086780000)
 Metaspace       used 13540K, capacity 13780K, committed 14080K, reserved 1060864K
  class space    used 1631K, capacity 1704K, committed 1792K, reserved 1048576K
}
Event: 437.578 GC heap before
{Heap before GC invocations=343 (full 0):
 PSYoungGen      total 25600K, used 24011K [0x00000000d5b80000, 0x00000000d7880000, 0x0000000100000000)
  eden space 21504K, 98% used [0x00000000d5b80000,0x00000000d7027eb0,0x00000000d7080000)
  from space 4096K, 69% used [0x00000000d7480000,0x00000000d774b030,0x00000000d7880000)
  to   space 4096K, 0% used [0x00000000d7080000,0x00000000d7080000,0x00000000d7480000)
 ParOldGen       total 87552K, used 45788K [0x0000000081200000, 0x0000000086780000, 0x00000000d5b80000)
  object space 87552K, 52% used [0x0000000081200000,0x0000000083eb72a0,0x0000000086780000)
 Metaspace       used 13540K, capacity 13780K, committed 14080K, reserved 1060864K
  class space    used 1631K, capacity 1704K, committed 1792K, reserved 1048576K
Event: 437.579 GC heap after
Heap after GC invocations=343 (full 0):
 PSYoungGen      total 25600K, used 2860K [0x00000000d5b80000, 0x00000000d7880000, 0x0000000100000000)
  eden space 21504K, 0% used [0x00000000d5b80000,0x00000000d5b80000,0x00000000d7080000)
  from space 4096K, 69% used [0x00000000d7080000,0x00000000d734b030,0x00000000d7480000)
  to   space 4096K, 0% used [0x00000000d7480000,0x00000000d7480000,0x00000000d7880000)
 ParOldGen       total 87552K, used 45804K [0x0000000081200000, 0x0000000086780000, 0x00000000d5b80000)
  object space 87552K, 52% used [0x0000000081200000,0x0000000083ebb2a0,0x0000000086780000)
 Metaspace       used 13540K, capacity 13780K, committed 14080K, reserved 1060864K
  class space    used 1631K, capacity 1704K, committed 1792K, reserved 1048576K
}
Event: 438.785 GC heap before
{Heap before GC invocations=344 (full 0):
 PSYoungGen      total 25600K, used 24011K [0x00000000d5b80000, 0x00000000d7880000, 0x0000000100000000)
  eden space 21504K, 98% used [0x00000000d5b80000,0x00000000d7027e90,0x00000000d7080000)
  from space 4096K, 69% used [0x00000000d7080000,0x00000000d734b030,0x00000000d7480000)
  to   space 4096K, 0% used [0x00000000d7480000,0x00000000d7480000,0x00000000d7880000)
 ParOldGen       total 87552K, used 45804K [0x0000000081200000, 0x0000000086780000, 0x00000000d5b80000)
  object space 87552K, 52% used [0x0000000081200000,0x0000000083ebb2a0,0x0000000086780000)
 Metaspace       used 13540K, capacity 13780K, committed 14080K, reserved 1060864K
  class space    used 1631K, capacity 1704K, committed 1792K, reserved 1048576K
Event: 438.786 GC heap after
Heap after GC invocations=344 (full 0):
 PSYoungGen      total 25600K, used 2860K [0x00000000d5b80000, 0x00000000d7880000, 0x0000000100000000)
  eden space 21504K, 0% used [0x00000000d5b80000,0x00000000d5b80000,0x00000000d7080000)
  from space 4096K, 69% used [0x00000000d7480000,0x00000000d774b030,0x00000000d7880000)
  to   space 4096K, 0% used [0x00000000d7080000,0x00000000d7080000,0x00000000d7480000)
 ParOldGen       total 87552K, used 45812K [0x0000000081200000, 0x0000000086780000, 0x00000000d5b80000)
  object space 87552K, 52% used [0x0000000081200000,0x0000000083ebd2a0,0x0000000086780000)
 Metaspace       used 13540K, capacity 13780K, committed 14080K, reserved 1060864K
  class space    used 1631K, capacity 1704K, committed 1792K, reserved 1048576K
}
Event: 439.893 GC heap before
{Heap before GC invocations=345 (full 0):
 PSYoungGen      total 25600K, used 24011K [0x00000000d5b80000, 0x00000000d7880000, 0x0000000100000000)
  eden space 21504K, 98% used [0x00000000d5b80000,0x00000000d7027df8,0x00000000d7080000)
  from space 4096K, 69% used [0x00000000d7480000,0x00000000d774b030,0x00000000d7880000)
  to   space 4096K, 0% used [0x00000000d7080000,0x00000000d7080000,0x00000000d7480000)
 ParOldGen       total 87552K, used 45812K [0x0000000081200000, 0x0000000086780000, 0x00000000d5b80000)
  object space 87552K, 52% used [0x0000000081200000,0x0000000083ebd2a0,0x0000000086780000)
 Metaspace       used 13540K, capacity 13780K, committed 14080K, reserved 1060864K
  class space    used 1631K, capacity 1704K, committed 1792K, reserved 1048576K
Event: 439.895 GC heap after
Heap after GC invocations=345 (full 0):
 PSYoungGen      total 25600K, used 2828K [0x00000000d5b80000, 0x00000000d7880000, 0x0000000100000000)
  eden space 21504K, 0% used [0x00000000d5b80000,0x00000000d5b80000,0x00000000d7080000)
  from space 4096K, 69% used [0x00000000d7080000,0x00000000d7343030,0x00000000d7480000)
  to   space 4096K, 0% used [0x00000000d7480000,0x00000000d7480000,0x00000000d7880000)
 ParOldGen       total 87552K, used 45828K [0x0000000081200000, 0x0000000086780000, 0x00000000d5b80000)
  object space 87552K, 52% used [0x0000000081200000,0x0000000083ec12a0,0x0000000086780000)
 Metaspace       used 13540K, capacity 13780K, committed 14080K, reserved 1060864K
  class space    used 1631K, capacity 1704K, committed 1792K, reserved 1048576K
}

