# JRE version: Java(TM) SE Runtime Environment (8.0_131-b11) (build 1.8.0_131-b11)
# Java VM: Java HotSpot(TM) 64-Bit Server VM (25.131-b11 mixed mode windows-amd64 compressed oops)
Heap:
 PSYoungGen      total 36864K, used 24077K [0x00000000d5b80000, 0x00000000d8700000, 0x0000000100000000)
  eden space 30208K, 70% used [0x00000000d5b80000,0x00000000d705dac8,0x00000000d7900000)
  from space 6656K, 40% used [0x00000000d8080000,0x00000000d8325a50,0x00000000d8700000)
  to   space 7168K, 0% used [0x00000000d7900000,0x00000000d7900000,0x00000000d8000000)
 ParOldGen       total 87552K, used 21420K [0x0000000081200000, 0x0000000086780000, 0x00000000d5b80000)
  object space 87552K, 24% used [0x0000000081200000,0x00000000826eb188,0x0000000086780000)
 Metaspace       used 13464K, capacity 13676K, committed 13824K, reserved 1060864K
  class space    used 1658K, capacity 1736K, committed 1792K, reserved 1048576K
GC Heap History (10 events):
Event: 17.346 GC heap before
{Heap before GC invocations=6 (full 0):
 PSYoungGen      total 37888K, used 36855K [0x00000000d5b80000, 0x00000000d8a80000, 0x0000000100000000)
  eden space 32768K, 99% used [0x00000000d5b80000,0x00000000d7b4da98,0x00000000d7b80000)
  from space 5120K, 83% used [0x00000000d7c00000,0x00000000d8030550,0x00000000d8100000)
  to   space 7680K, 0% used [0x00000000d8300000,0x00000000d8300000,0x00000000d8a80000)
 ParOldGen       total 87552K, used 19368K [0x0000000081200000, 0x0000000086780000, 0x00000000d5b80000)
  object space 87552K, 22% used [0x0000000081200000,0x00000000824ea108,0x0000000086780000)
 Metaspace       used 13376K, capacity 13548K, committed 13824K, reserved 1060864K
  class space    used 1656K, capacity 1736K, committed 1792K, reserved 1048576K
Event: 17.350 GC heap after
Heap after GC invocations=6 (full 0):
 PSYoungGen      total 39424K, used 3370K [0x00000000d5b80000, 0x00000000d8a00000, 0x0000000100000000)
  eden space 32256K, 0% used [0x00000000d5b80000,0x00000000d5b80000,0x00000000d7b00000)
  from space 7168K, 47% used [0x00000000d8300000,0x00000000d864a920,0x00000000d8a00000)
  to   space 7680K, 0% used [0x00000000d7b00000,0x00000000d7b00000,0x00000000d8280000)
 ParOldGen       total 87552K, used 19376K [0x0000000081200000, 0x0000000086780000, 0x00000000d5b80000)
  object space 87552K, 22% used [0x0000000081200000,0x00000000824ec108,0x0000000086780000)
 Metaspace       used 13376K, capacity 13548K, committed 13824K, reserved 1060864K
  class space    used 1656K, capacity 1736K, committed 1792K, reserved 1048576K
}
Event: 18.453 GC heap before
{Heap before GC invocations=7 (full 0):
 PSYoungGen      total 39424K, used 35626K [0x00000000d5b80000, 0x00000000d8a00000, 0x0000000100000000)
  eden space 32256K, 100% used [0x00000000d5b80000,0x00000000d7b00000,0x00000000d7b00000)
  from space 7168K, 47% used [0x00000000d8300000,0x00000000d864a920,0x00000000d8a00000)
  to   space 7680K, 0% used [0x00000000d7b00000,0x00000000d7b00000,0x00000000d8280000)
 ParOldGen       total 87552K, used 19376K [0x0000000081200000, 0x0000000086780000, 0x00000000d5b80000)
  object space 87552K, 22% used [0x0000000081200000,0x00000000824ec108,0x0000000086780000)
 Metaspace       used 13378K, capacity 13548K, committed 13824K, reserved 1060864K
  class space    used 1656K, capacity 1736K, committed 1792K, reserved 1048576K
Event: 18.456 GC heap after
Heap after GC invocations=7 (full 0):
 PSYoungGen      total 33280K, used 1092K [0x00000000d5b80000, 0x00000000d8980000, 0x0000000100000000)
  eden space 31744K, 0% used [0x00000000d5b80000,0x00000000d5b80000,0x00000000d7a80000)
  from space 1536K, 71% used [0x00000000d7b00000,0x00000000d7c11010,0x00000000d7c80000)
  to   space 7680K, 0% used [0x00000000d8200000,0x00000000d8200000,0x00000000d8980000)
 ParOldGen       total 87552K, used 21364K [0x0000000081200000, 0x0000000086780000, 0x00000000d5b80000)
  object space 87552K, 24% used [0x0000000081200000,0x00000000826dd188,0x0000000086780000)
 Metaspace       used 13378K, capacity 13548K, committed 13824K, reserved 1060864K
  class space    used 1656K, capacity 1736K, committed 1792K, reserved 1048576K
}
Event: 19.882 GC heap before
{Heap before GC invocations=8 (full 0):
 PSYoungGen      total 33280K, used 32836K [0x00000000d5b80000, 0x00000000d8980000, 0x0000000100000000)
  eden space 31744K, 100% used [0x00000000d5b80000,0x00000000d7a80000,0x00000000d7a80000)
  from space 1536K, 71% used [0x00000000d7b00000,0x00000000d7c11010,0x00000000d7c80000)
  to   space 7680K, 0% used [0x00000000d8200000,0x00000000d8200000,0x00000000d8980000)
 ParOldGen       total 87552K, used 21364K [0x0000000081200000, 0x0000000086780000, 0x00000000d5b80000)
  object space 87552K, 24% used [0x0000000081200000,0x00000000826dd188,0x0000000086780000)
 Metaspace       used 13392K, capacity 13548K, committed 13824K, reserved 1060864K
  class space    used 1656K, capacity 1736K, committed 1792K, reserved 1048576K
Event: 19.883 GC heap after
Heap after GC invocations=8 (full 0):
 PSYoungGen      total 38400K, used 2334K [0x00000000d5b80000, 0x00000000d8900000, 0x0000000100000000)
  eden space 31232K, 0% used [0x00000000d5b80000,0x00000000d5b80000,0x00000000d7a00000)
  from space 7168K, 32% used [0x00000000d8200000,0x00000000d8447960,0x00000000d8900000)
  to   space 7680K, 0% used [0x00000000d7a00000,0x00000000d7a00000,0x00000000d8180000)
 ParOldGen       total 87552K, used 21380K [0x0000000081200000, 0x0000000086780000, 0x00000000d5b80000)
  object space 87552K, 24% used [0x0000000081200000,0x00000000826e1188,0x0000000086780000)
 Metaspace       used 13392K, capacity 13548K, committed 13824K, reserved 1060864K
  class space    used 1656K, capacity 1736K, committed 1792K, reserved 1048576K
}
Event: 20.949 GC heap before
{Heap before GC invocations=9 (full 0):
 PSYoungGen      total 38400K, used 33566K [0x00000000d5b80000, 0x00000000d8900000, 0x0000000100000000)
  eden space 31232K, 100% used [0x00000000d5b80000,0x00000000d7a00000,0x00000000d7a00000)
  from space 7168K, 32% used [0x00000000d8200000,0x00000000d8447960,0x00000000d8900000)
  to   space 7680K, 0% used [0x00000000d7a00000,0x00000000d7a00000,0x00000000d8180000)
 ParOldGen       total 87552K, used 21380K [0x0000000081200000, 0x0000000086780000, 0x00000000d5b80000)
  object space 87552K, 24% used [0x0000000081200000,0x00000000826e1188,0x0000000086780000)
 Metaspace       used 13402K, capacity 13612K, committed 13824K, reserved 1060864K
  class space    used 1656K, capacity 1736K, committed 1792K, reserved 1048576K
Event: 20.950 GC heap after
Heap after GC invocations=9 (full 0):
 PSYoungGen      total 33792K, used 2892K [0x00000000d5b80000, 0x00000000d8780000, 0x0000000100000000)
  eden space 30720K, 0% used [0x00000000d5b80000,0x00000000d5b80000,0x00000000d7980000)
  from space 3072K, 94% used [0x00000000d7a00000,0x00000000d7cd3030,0x00000000d7d00000)
  to   space 7168K, 0% used [0x00000000d8080000,0x00000000d8080000,0x00000000d8780000)
 ParOldGen       total 87552K, used 21404K [0x0000000081200000, 0x0000000086780000, 0x00000000d5b80000)
  object space 87552K, 24% used [0x0000000081200000,0x00000000826e7188,0x0000000086780000)
 Metaspace       used 13402K, capacity 13612K, committed 13824K, reserved 1060864K
  class space    used 1656K, capacity 1736K, committed 1792K, reserved 1048576K
}
Event: 22.014 GC heap before
{Heap before GC invocations=10 (full 0):
 PSYoungGen      total 33792K, used 33365K [0x00000000d5b80000, 0x00000000d8780000, 0x0000000100000000)
  eden space 30720K, 99% used [0x00000000d5b80000,0x00000000d7942720,0x00000000d7980000)
  from space 3072K, 94% used [0x00000000d7a00000,0x00000000d7cd3030,0x00000000d7d00000)
  to   space 7168K, 0% used [0x00000000d8080000,0x00000000d8080000,0x00000000d8780000)
 ParOldGen       total 87552K, used 21404K [0x0000000081200000, 0x0000000086780000, 0x00000000d5b80000)
  object space 87552K, 24% used [0x0000000081200000,0x00000000826e7188,0x0000000086780000)
 Metaspace       used 13408K, capacity 13612K, committed 13824K, reserved 1060864K
  class space    used 1656K, capacity 1736K, committed 1792K, reserved 1048576K
Event: 22.015 GC heap after
Heap after GC invocations=10 (full 0):
 PSYoungGen      total 36864K, used 2710K [0x00000000d5b80000, 0x00000000d8700000, 0x0000000100000000)
  eden space 30208K, 0% used [0x00000000d5b80000,0x00000000d5b80000,0x00000000d7900000)
  from space 6656K, 40% used [0x00000000d8080000,0x00000000d8325a50,0x00000000d8700000)
  to   space 7168K, 0% used [0x00000000d7900000,0x00000000d7900000,0x00000000d8000000)
 ParOldGen       total 87552K, used 21420K [0x0000000081200000, 0x0000000086780000, 0x00000000d5b80000)
  object space 87552K, 24% used [0x0000000081200000,0x00000000826eb188,0x0000000086780000)
 Metaspace       used 13408K, capacity 13612K, committed 13824K, reserved 1060864K
  class space    used 1656K, capacity 1736K, committed 1792K, reserved 1048576K
}

