# JRE version: Java(TM) SE Runtime Environment (8.0_131-b11) (build 1.8.0_131-b11)
# Java VM: Java HotSpot(TM) 64-Bit Server VM (25.131-b11 mixed mode windows-amd64 compressed oops)
Heap:
 PSYoungGen      total 27136K, used 13311K [0x00000000d5b80000, 0x00000000d7980000, 0x0000000100000000)
  eden space 23552K, 48% used [0x00000000d5b80000,0x00000000d669dec8,0x00000000d7280000)
  from space 3584K, 53% used [0x00000000d7280000,0x00000000d7462020,0x00000000d7600000)
  to   space 3584K, 0% used [0x00000000d7600000,0x00000000d7600000,0x00000000d7980000)
 ParOldGen       total 87552K, used 29756K [0x0000000081200000, 0x0000000086780000, 0x00000000d5b80000)
  object space 87552K, 33% used [0x0000000081200000,0x0000000082f0f1c0,0x0000000086780000)
 Metaspace       used 13316K, capacity 13588K, committed 13824K, reserved 1060864K
  class space    used 1623K, capacity 1704K, committed 1792K, reserved 1048576K
GC Heap History (10 events):
Event: 233.425 GC heap before
{Heap before GC invocations=171 (full 0):
 PSYoungGen      total 27136K, used 25845K [0x00000000d5b80000, 0x00000000d7980000, 0x0000000100000000)
  eden space 23552K, 97% used [0x00000000d5b80000,0x00000000d71fa7b8,0x00000000d7280000)
  from space 3584K, 78% used [0x00000000d7600000,0x00000000d78c3030,0x00000000d7980000)
  to   space 3584K, 0% used [0x00000000d7280000,0x00000000d7280000,0x00000000d7600000)
 ParOldGen       total 87552K, used 27876K [0x0000000081200000, 0x0000000086780000, 0x00000000d5b80000)
  object space 87552K, 31% used [0x0000000081200000,0x0000000082d391a0,0x0000000086780000)
 Metaspace       used 13312K, capacity 13524K, committed 13824K, reserved 1060864K
  class space    used 1623K, capacity 1704K, committed 1792K, reserved 1048576K
Event: 233.426 GC heap after
Heap after GC invocations=171 (full 0):
 PSYoungGen      total 27136K, used 2860K [0x00000000d5b80000, 0x00000000d7980000, 0x0000000100000000)
  eden space 23552K, 0% used [0x00000000d5b80000,0x00000000d5b80000,0x00000000d7280000)
  from space 3584K, 79% used [0x00000000d7280000,0x00000000d754b030,0x00000000d7600000)
  to   space 3584K, 0% used [0x00000000d7600000,0x00000000d7600000,0x00000000d7980000)
 ParOldGen       total 87552K, used 27892K [0x0000000081200000, 0x0000000086780000, 0x00000000d5b80000)
  object space 87552K, 31% used [0x0000000081200000,0x0000000082d3d1a0,0x0000000086780000)
 Metaspace       used 13312K, capacity 13524K, committed 13824K, reserved 1060864K
  class space    used 1623K, capacity 1704K, committed 1792K, reserved 1048576K
}
Event: 234.637 GC heap before
{Heap before GC invocations=172 (full 0):
 PSYoungGen      total 27136K, used 25851K [0x00000000d5b80000, 0x00000000d7980000, 0x0000000100000000)
  eden space 23552K, 97% used [0x00000000d5b80000,0x00000000d71f3d18,0x00000000d7280000)
  from space 3584K, 79% used [0x00000000d7280000,0x00000000d754b030,0x00000000d7600000)
  to   space 3584K, 0% used [0x00000000d7600000,0x00000000d7600000,0x00000000d7980000)
 ParOldGen       total 87552K, used 27892K [0x0000000081200000, 0x0000000086780000, 0x00000000d5b80000)
  object space 87552K, 31% used [0x0000000081200000,0x0000000082d3d1a0,0x0000000086780000)
 Metaspace       used 13312K, capacity 13524K, committed 13824K, reserved 1060864K
  class space    used 1623K, capacity 1704K, committed 1792K, reserved 1048576K
Event: 234.639 GC heap after
Heap after GC invocations=172 (full 0):
 PSYoungGen      total 27136K, used 2828K [0x00000000d5b80000, 0x00000000d7980000, 0x0000000100000000)
  eden space 23552K, 0% used [0x00000000d5b80000,0x00000000d5b80000,0x00000000d7280000)
  from space 3584K, 78% used [0x00000000d7600000,0x00000000d78c3030,0x00000000d7980000)
  to   space 3584K, 0% used [0x00000000d7280000,0x00000000d7280000,0x00000000d7600000)
 ParOldGen       total 87552K, used 28808K [0x0000000081200000, 0x0000000086780000, 0x00000000d5b80000)
  object space 87552K, 32% used [0x0000000081200000,0x0000000082e221b0,0x0000000086780000)
 Metaspace       used 13312K, capacity 13524K, committed 13824K, reserved 1060864K
  class space    used 1623K, capacity 1704K, committed 1792K, reserved 1048576K
}
Event: 235.946 GC heap before
{Heap before GC invocations=173 (full 0):
 PSYoungGen      total 27136K, used 25819K [0x00000000d5b80000, 0x00000000d7980000, 0x0000000100000000)
  eden space 23552K, 97% used [0x00000000d5b80000,0x00000000d71f3d50,0x00000000d7280000)
  from space 3584K, 78% used [0x00000000d7600000,0x00000000d78c3030,0x00000000d7980000)
  to   space 3584K, 0% used [0x00000000d7280000,0x00000000d7280000,0x00000000d7600000)
 ParOldGen       total 87552K, used 28808K [0x0000000081200000, 0x0000000086780000, 0x00000000d5b80000)
  object space 87552K, 32% used [0x0000000081200000,0x0000000082e221b0,0x0000000086780000)
 Metaspace       used 13312K, capacity 13524K, committed 13824K, reserved 1060864K
  class space    used 1623K, capacity 1704K, committed 1792K, reserved 1048576K
Event: 235.947 GC heap after
Heap after GC invocations=173 (full 0):
 PSYoungGen      total 27136K, used 1928K [0x00000000d5b80000, 0x00000000d7980000, 0x0000000100000000)
  eden space 23552K, 0% used [0x00000000d5b80000,0x00000000d5b80000,0x00000000d7280000)
  from space 3584K, 53% used [0x00000000d7280000,0x00000000d7462020,0x00000000d7600000)
  to   space 3584K, 0% used [0x00000000d7600000,0x00000000d7600000,0x00000000d7980000)
 ParOldGen       total 87552K, used 28824K [0x0000000081200000, 0x0000000086780000, 0x00000000d5b80000)
  object space 87552K, 32% used [0x0000000081200000,0x0000000082e261b0,0x0000000086780000)
 Metaspace       used 13312K, capacity 13524K, committed 13824K, reserved 1060864K
  class space    used 1623K, capacity 1704K, committed 1792K, reserved 1048576K
}
Event: 237.155 GC heap before
{Heap before GC invocations=174 (full 0):
 PSYoungGen      total 27136K, used 24921K [0x00000000d5b80000, 0x00000000d7980000, 0x0000000100000000)
  eden space 23552K, 97% used [0x00000000d5b80000,0x00000000d71f45e8,0x00000000d7280000)
  from space 3584K, 53% used [0x00000000d7280000,0x00000000d7462020,0x00000000d7600000)
  to   space 3584K, 0% used [0x00000000d7600000,0x00000000d7600000,0x00000000d7980000)
 ParOldGen       total 87552K, used 28824K [0x0000000081200000, 0x0000000086780000, 0x00000000d5b80000)
  object space 87552K, 32% used [0x0000000081200000,0x0000000082e261b0,0x0000000086780000)
 Metaspace       used 13312K, capacity 13524K, committed 13824K, reserved 1060864K
  class space    used 1623K, capacity 1704K, committed 1792K, reserved 1048576K
Event: 237.156 GC heap after
Heap after GC invocations=174 (full 0):
 PSYoungGen      total 27136K, used 2860K [0x00000000d5b80000, 0x00000000d7980000, 0x0000000100000000)
  eden space 23552K, 0% used [0x00000000d5b80000,0x00000000d5b80000,0x00000000d7280000)
  from space 3584K, 79% used [0x00000000d7600000,0x00000000d78cb030,0x00000000d7980000)
  to   space 3584K, 0% used [0x00000000d7280000,0x00000000d7280000,0x00000000d7600000)
 ParOldGen       total 87552K, used 29740K [0x0000000081200000, 0x0000000086780000, 0x00000000d5b80000)
  object space 87552K, 33% used [0x0000000081200000,0x0000000082f0b1c0,0x0000000086780000)
 Metaspace       used 13312K, capacity 13524K, committed 13824K, reserved 1060864K
  class space    used 1623K, capacity 1704K, committed 1792K, reserved 1048576K
}
Event: 238.468 GC heap before
{Heap before GC invocations=175 (full 0):
 PSYoungGen      total 27136K, used 25908K [0x00000000d5b80000, 0x00000000d7980000, 0x0000000100000000)
  eden space 23552K, 97% used [0x00000000d5b80000,0x00000000d72022d8,0x00000000d7280000)
  from space 3584K, 79% used [0x00000000d7600000,0x00000000d78cb030,0x00000000d7980000)
  to   space 3584K, 0% used [0x00000000d7280000,0x00000000d7280000,0x00000000d7600000)
 ParOldGen       total 87552K, used 29740K [0x0000000081200000, 0x0000000086780000, 0x00000000d5b80000)
  object space 87552K, 33% used [0x0000000081200000,0x0000000082f0b1c0,0x0000000086780000)
 Metaspace       used 13316K, capacity 13588K, committed 13824K, reserved 1060864K
  class space    used 1623K, capacity 1704K, committed 1792K, reserved 1048576K
Event: 238.469 GC heap after
Heap after GC invocations=175 (full 0):
 PSYoungGen      total 27136K, used 1928K [0x00000000d5b80000, 0x00000000d7980000, 0x0000000100000000)
  eden space 23552K, 0% used [0x00000000d5b80000,0x00000000d5b80000,0x00000000d7280000)
  from space 3584K, 53% used [0x00000000d7280000,0x00000000d7462020,0x00000000d7600000)
  to   space 3584K, 0% used [0x00000000d7600000,0x00000000d7600000,0x00000000d7980000)
 ParOldGen       total 87552K, used 29756K [0x0000000081200000, 0x0000000086780000, 0x00000000d5b80000)
  object space 87552K, 33% used [0x0000000081200000,0x0000000082f0f1c0,0x0000000086780000)
 Metaspace       used 13316K, capacity 13588K, committed 13824K, reserved 1060864K
  class space    used 1623K, capacity 1704K, committed 1792K, reserved 1048576K
}

