# JRE version: Java(TM) SE Runtime Environment (8.0_131-b11) (build 1.8.0_131-b11)
# Java VM: Java HotSpot(TM) 64-Bit Server VM (25.131-b11 mixed mode windows-amd64 compressed oops)
Heap:
 PSYoungGen      total 38400K, used 16649K [0x00000000d5b80000, 0x00000000d8600000, 0x0000000100000000)
  eden space 33280K, 41% used [0x00000000d5b80000,0x00000000d68d9538,0x00000000d7c00000)
  from space 5120K, 58% used [0x00000000d7c00000,0x00000000d7ee9030,0x00000000d8100000)
  to   space 5120K, 0% used [0x00000000d8100000,0x00000000d8100000,0x00000000d8600000)
 ParOldGen       total 87552K, used 15327K [0x0000000081200000, 0x0000000086780000, 0x00000000d5b80000)
  object space 87552K, 17% used [0x0000000081200000,0x00000000820f7d70,0x0000000086780000)
 Metaspace       used 12546K, capacity 12812K, committed 12928K, reserved 1060864K
  class space    used 1552K, capacity 1640K, committed 1664K, reserved 1048576K
GC Heap History (6 events):
Event: 5.266 GC heap before
{Heap before GC invocations=1 (full 0):
 PSYoungGen      total 38400K, used 32732K [0x00000000d5b80000, 0x00000000d8600000, 0x0000000100000000)
  eden space 33280K, 98% used [0x00000000d5b80000,0x00000000d7b77350,0x00000000d7c00000)
  from space 5120K, 0% used [0x00000000d8100000,0x00000000d8100000,0x00000000d8600000)
  to   space 5120K, 0% used [0x00000000d7c00000,0x00000000d7c00000,0x00000000d8100000)
 ParOldGen       total 87552K, used 0K [0x0000000081200000, 0x0000000086780000, 0x00000000d5b80000)
  object space 87552K, 0% used [0x0000000081200000,0x0000000081200000,0x0000000086780000)
 Metaspace       used 12234K, capacity 12396K, committed 12672K, reserved 1060864K
  class space    used 1545K, capacity 1608K, committed 1664K, reserved 1048576K
Event: 5.274 GC heap after
Heap after GC invocations=1 (full 0):
 PSYoungGen      total 38400K, used 3129K [0x00000000d5b80000, 0x00000000d8600000, 0x0000000100000000)
  eden space 33280K, 0% used [0x00000000d5b80000,0x00000000d5b80000,0x00000000d7c00000)
  from space 5120K, 61% used [0x00000000d7c00000,0x00000000d7f0e700,0x00000000d8100000)
  to   space 5120K, 0% used [0x00000000d8100000,0x00000000d8100000,0x00000000d8600000)
 ParOldGen       total 87552K, used 15311K [0x0000000081200000, 0x0000000086780000, 0x00000000d5b80000)
  object space 87552K, 17% used [0x0000000081200000,0x00000000820f3d70,0x0000000086780000)
 Metaspace       used 12234K, capacity 12396K, committed 12672K, reserved 1060864K
  class space    used 1545K, capacity 1608K, committed 1664K, reserved 1048576K
}
Event: 6.992 GC heap before
{Heap before GC invocations=2 (full 0):
 PSYoungGen      total 38400K, used 36221K [0x00000000d5b80000, 0x00000000d8600000, 0x0000000100000000)
  eden space 33280K, 99% used [0x00000000d5b80000,0x00000000d7bd0d50,0x00000000d7c00000)
  from space 5120K, 61% used [0x00000000d7c00000,0x00000000d7f0e700,0x00000000d8100000)
  to   space 5120K, 0% used [0x00000000d8100000,0x00000000d8100000,0x00000000d8600000)
 ParOldGen       total 87552K, used 15311K [0x0000000081200000, 0x0000000086780000, 0x00000000d5b80000)
  object space 87552K, 17% used [0x0000000081200000,0x00000000820f3d70,0x0000000086780000)
 Metaspace       used 12512K, capacity 12748K, committed 12928K, reserved 1060864K
  class space    used 1552K, capacity 1640K, committed 1664K, reserved 1048576K
Event: 6.995 GC heap after
Heap after GC invocations=2 (full 0):
 PSYoungGen      total 38400K, used 3025K [0x00000000d5b80000, 0x00000000d8600000, 0x0000000100000000)
  eden space 33280K, 0% used [0x00000000d5b80000,0x00000000d5b80000,0x00000000d7c00000)
  from space 5120K, 59% used [0x00000000d8100000,0x00000000d83f4778,0x00000000d8600000)
  to   space 5120K, 0% used [0x00000000d7c00000,0x00000000d7c00000,0x00000000d8100000)
 ParOldGen       total 87552K, used 15319K [0x0000000081200000, 0x0000000086780000, 0x00000000d5b80000)
  object space 87552K, 17% used [0x0000000081200000,0x00000000820f5d70,0x0000000086780000)
 Metaspace       used 12512K, capacity 12748K, committed 12928K, reserved 1060864K
  class space    used 1552K, capacity 1640K, committed 1664K, reserved 1048576K
}
Event: 8.709 GC heap before
{Heap before GC invocations=3 (full 0):
 PSYoungGen      total 38400K, used 35553K [0x00000000d5b80000, 0x00000000d8600000, 0x0000000100000000)
  eden space 33280K, 97% used [0x00000000d5b80000,0x00000000d7b43f20,0x00000000d7c00000)
  from space 5120K, 59% used [0x00000000d8100000,0x00000000d83f4778,0x00000000d8600000)
  to   space 5120K, 0% used [0x00000000d7c00000,0x00000000d7c00000,0x00000000d8100000)
 ParOldGen       total 87552K, used 15319K [0x0000000081200000, 0x0000000086780000, 0x00000000d5b80000)
  object space 87552K, 17% used [0x0000000081200000,0x00000000820f5d70,0x0000000086780000)
 Metaspace       used 12540K, capacity 12812K, committed 12928K, reserved 1060864K
  class space    used 1552K, capacity 1640K, committed 1664K, reserved 1048576K
Event: 8.718 GC heap after
Heap after GC invocations=3 (full 0):
 PSYoungGen      total 38400K, used 2980K [0x00000000d5b80000, 0x00000000d8600000, 0x0000000100000000)
  eden space 33280K, 0% used [0x00000000d5b80000,0x00000000d5b80000,0x00000000d7c00000)
  from space 5120K, 58% used [0x00000000d7c00000,0x00000000d7ee9030,0x00000000d8100000)
  to   space 5120K, 0% used [0x00000000d8100000,0x00000000d8100000,0x00000000d8600000)
 ParOldGen       total 87552K, used 15327K [0x0000000081200000, 0x0000000086780000, 0x00000000d5b80000)
  object space 87552K, 17% used [0x0000000081200000,0x00000000820f7d70,0x0000000086780000)
 Metaspace       used 12540K, capacity 12812K, committed 12928K, reserved 1060864K
  class space    used 1552K, capacity 1640K, committed 1664K, reserved 1048576K
}

