# JRE version: Java(TM) SE Runtime Environment (8.0_131-b11) (build 1.8.0_131-b11)
# Java VM: Java HotSpot(TM) 64-Bit Server VM (25.131-b11 mixed mode windows-amd64 compressed oops)
Heap:
 PSYoungGen      total 28160K, used 26924K [0x00000000d5b80000, 0x00000000d7b00000, 0x0000000100000000)
  eden space 24064K, 100% used [0x00000000d5b80000,0x00000000d7300000,0x00000000d7300000)
  from space 4096K, 69% used [0x00000000d7300000,0x00000000d75cb030,0x00000000d7700000)
  to   space 4096K, 0% used [0x00000000d7700000,0x00000000d7700000,0x00000000d7b00000)
 ParOldGen       total 87552K, used 51876K [0x0000000081200000, 0x0000000086780000, 0x00000000d5b80000)
  object space 87552K, 59% used [0x0000000081200000,0x00000000844a90b8,0x0000000086780000)
 Metaspace       used 12967K, capacity 13140K, committed 13440K, reserved 1060864K
  class space    used 1558K, capacity 1640K, committed 1664K, reserved 1048576K
GC Heap History (10 events):
Event: 48.163 GC heap before
{Heap before GC invocations=29 (full 0):
 PSYoungGen      total 27648K, used 26739K [0x00000000d5b80000, 0x00000000d7b00000, 0x0000000100000000)
  eden space 24064K, 99% used [0x00000000d5b80000,0x00000000d72d1cc8,0x00000000d7300000)
  from space 3584K, 79% used [0x00000000d7780000,0x00000000d7a4b030,0x00000000d7b00000)
  to   space 4096K, 0% used [0x00000000d7300000,0x00000000d7300000,0x00000000d7700000)
 ParOldGen       total 87552K, used 51796K [0x0000000081200000, 0x0000000086780000, 0x00000000d5b80000)
  object space 87552K, 59% used [0x0000000081200000,0x00000000844950b8,0x0000000086780000)
 Metaspace       used 12959K, capacity 13140K, committed 13440K, reserved 1060864K
  class space    used 1558K, capacity 1640K, committed 1664K, reserved 1048576K
Event: 48.164 GC heap after
Heap after GC invocations=29 (full 0):
 PSYoungGen      total 28160K, used 2860K [0x00000000d5b80000, 0x00000000d7b00000, 0x0000000100000000)
  eden space 24064K, 0% used [0x00000000d5b80000,0x00000000d5b80000,0x00000000d7300000)
  from space 4096K, 69% used [0x00000000d7300000,0x00000000d75cb030,0x00000000d7700000)
  to   space 4096K, 0% used [0x00000000d7700000,0x00000000d7700000,0x00000000d7b00000)
 ParOldGen       total 87552K, used 51812K [0x0000000081200000, 0x0000000086780000, 0x00000000d5b80000)
  object space 87552K, 59% used [0x0000000081200000,0x00000000844990b8,0x0000000086780000)
 Metaspace       used 12959K, capacity 13140K, committed 13440K, reserved 1060864K
  class space    used 1558K, capacity 1640K, committed 1664K, reserved 1048576K
}
Event: 49.472 GC heap before
{Heap before GC invocations=30 (full 0):
 PSYoungGen      total 28160K, used 26737K [0x00000000d5b80000, 0x00000000d7b00000, 0x0000000100000000)
  eden space 24064K, 99% used [0x00000000d5b80000,0x00000000d72d1440,0x00000000d7300000)
  from space 4096K, 69% used [0x00000000d7300000,0x00000000d75cb030,0x00000000d7700000)
  to   space 4096K, 0% used [0x00000000d7700000,0x00000000d7700000,0x00000000d7b00000)
 ParOldGen       total 87552K, used 51812K [0x0000000081200000, 0x0000000086780000, 0x00000000d5b80000)
  object space 87552K, 59% used [0x0000000081200000,0x00000000844990b8,0x0000000086780000)
 Metaspace       used 12959K, capacity 13140K, committed 13440K, reserved 1060864K
  class space    used 1558K, capacity 1640K, committed 1664K, reserved 1048576K
Event: 49.473 GC heap after
Heap after GC invocations=30 (full 0):
 PSYoungGen      total 28160K, used 2828K [0x00000000d5b80000, 0x00000000d7b00000, 0x0000000100000000)
  eden space 24064K, 0% used [0x00000000d5b80000,0x00000000d5b80000,0x00000000d7300000)
  from space 4096K, 69% used [0x00000000d7700000,0x00000000d79c3030,0x00000000d7b00000)
  to   space 4096K, 0% used [0x00000000d7300000,0x00000000d7300000,0x00000000d7700000)
 ParOldGen       total 87552K, used 51844K [0x0000000081200000, 0x0000000086780000, 0x00000000d5b80000)
  object space 87552K, 59% used [0x0000000081200000,0x00000000844a10b8,0x0000000086780000)
 Metaspace       used 12959K, capacity 13140K, committed 13440K, reserved 1060864K
  class space    used 1558K, capacity 1640K, committed 1664K, reserved 1048576K
}
Event: 50.784 GC heap before
{Heap before GC invocations=31 (full 0):
 PSYoungGen      total 28160K, used 26705K [0x00000000d5b80000, 0x00000000d7b00000, 0x0000000100000000)
  eden space 24064K, 99% used [0x00000000d5b80000,0x00000000d72d1410,0x00000000d7300000)
  from space 4096K, 69% used [0x00000000d7700000,0x00000000d79c3030,0x00000000d7b00000)
  to   space 4096K, 0% used [0x00000000d7300000,0x00000000d7300000,0x00000000d7700000)
 ParOldGen       total 87552K, used 51844K [0x0000000081200000, 0x0000000086780000, 0x00000000d5b80000)
  object space 87552K, 59% used [0x0000000081200000,0x00000000844a10b8,0x0000000086780000)
 Metaspace       used 12967K, capacity 13140K, committed 13440K, reserved 1060864K
  class space    used 1558K, capacity 1640K, committed 1664K, reserved 1048576K
Event: 50.785 GC heap after
Heap after GC invocations=31 (full 0):
 PSYoungGen      total 28160K, used 2796K [0x00000000d5b80000, 0x00000000d7b00000, 0x0000000100000000)
  eden space 24064K, 0% used [0x00000000d5b80000,0x00000000d5b80000,0x00000000d7300000)
  from space 4096K, 68% used [0x00000000d7300000,0x00000000d75bb030,0x00000000d7700000)
  to   space 4096K, 0% used [0x00000000d7700000,0x00000000d7700000,0x00000000d7b00000)
 ParOldGen       total 87552K, used 51852K [0x0000000081200000, 0x0000000086780000, 0x00000000d5b80000)
  object space 87552K, 59% used [0x0000000081200000,0x00000000844a30b8,0x0000000086780000)
 Metaspace       used 12967K, capacity 13140K, committed 13440K, reserved 1060864K
  class space    used 1558K, capacity 1640K, committed 1664K, reserved 1048576K
}
Event: 52.092 GC heap before
{Heap before GC invocations=32 (full 0):
 PSYoungGen      total 28160K, used 26673K [0x00000000d5b80000, 0x00000000d7b00000, 0x0000000100000000)
  eden space 24064K, 99% used [0x00000000d5b80000,0x00000000d72d13f8,0x00000000d7300000)
  from space 4096K, 68% used [0x00000000d7300000,0x00000000d75bb030,0x00000000d7700000)
  to   space 4096K, 0% used [0x00000000d7700000,0x00000000d7700000,0x00000000d7b00000)
 ParOldGen       total 87552K, used 51852K [0x0000000081200000, 0x0000000086780000, 0x00000000d5b80000)
  object space 87552K, 59% used [0x0000000081200000,0x00000000844a30b8,0x0000000086780000)
 Metaspace       used 12967K, capacity 13140K, committed 13440K, reserved 1060864K
  class space    used 1558K, capacity 1640K, committed 1664K, reserved 1048576K
Event: 52.093 GC heap after
Heap after GC invocations=32 (full 0):
 PSYoungGen      total 28160K, used 2860K [0x00000000d5b80000, 0x00000000d7b00000, 0x0000000100000000)
  eden space 24064K, 0% used [0x00000000d5b80000,0x00000000d5b80000,0x00000000d7300000)
  from space 4096K, 69% used [0x00000000d7700000,0x00000000d79cb030,0x00000000d7b00000)
  to   space 4096K, 0% used [0x00000000d7300000,0x00000000d7300000,0x00000000d7700000)
 ParOldGen       total 87552K, used 51860K [0x0000000081200000, 0x0000000086780000, 0x00000000d5b80000)
  object space 87552K, 59% used [0x0000000081200000,0x00000000844a50b8,0x0000000086780000)
 Metaspace       used 12967K, capacity 13140K, committed 13440K, reserved 1060864K
  class space    used 1558K, capacity 1640K, committed 1664K, reserved 1048576K
}
Event: 53.402 GC heap before
{Heap before GC invocations=33 (full 0):
 PSYoungGen      total 28160K, used 26737K [0x00000000d5b80000, 0x00000000d7b00000, 0x0000000100000000)
  eden space 24064K, 99% used [0x00000000d5b80000,0x00000000d72d13e8,0x00000000d7300000)
  from space 4096K, 69% used [0x00000000d7700000,0x00000000d79cb030,0x00000000d7b00000)
  to   space 4096K, 0% used [0x00000000d7300000,0x00000000d7300000,0x00000000d7700000)
 ParOldGen       total 87552K, used 51860K [0x0000000081200000, 0x0000000086780000, 0x00000000d5b80000)
  object space 87552K, 59% used [0x0000000081200000,0x00000000844a50b8,0x0000000086780000)
 Metaspace       used 12967K, capacity 13140K, committed 13440K, reserved 1060864K
  class space    used 1558K, capacity 1640K, committed 1664K, reserved 1048576K
Event: 53.402 GC heap after
Heap after GC invocations=33 (full 0):
 PSYoungGen      total 28160K, used 2860K [0x00000000d5b80000, 0x00000000d7b00000, 0x0000000100000000)
  eden space 24064K, 0% used [0x00000000d5b80000,0x00000000d5b80000,0x00000000d7300000)
  from space 4096K, 69% used [0x00000000d7300000,0x00000000d75cb030,0x00000000d7700000)
  to   space 4096K, 0% used [0x00000000d7700000,0x00000000d7700000,0x00000000d7b00000)
 ParOldGen       total 87552K, used 51876K [0x0000000081200000, 0x0000000086780000, 0x00000000d5b80000)
  object space 87552K, 59% used [0x0000000081200000,0x00000000844a90b8,0x0000000086780000)
 Metaspace       used 12967K, capacity 13140K, committed 13440K, reserved 1060864K
  class space    used 1558K, capacity 1640K, committed 1664K, reserved 1048576K
}

