# JRE version: Java(TM) SE Runtime Environment (8.0_131-b11) (build 1.8.0_131-b11)
# Java VM: Java HotSpot(TM) 64-Bit Server VM (25.131-b11 mixed mode windows-amd64 compressed oops)
Heap:
 PSYoungGen      total 36352K, used 16375K [0x00000000d5b80000, 0x00000000d8480000, 0x0000000100000000)
  eden space 31744K, 48% used [0x00000000d5b80000,0x00000000d6a74ca0,0x00000000d7a80000)
  from space 4608K, 23% used [0x00000000d7b00000,0x00000000d7c09010,0x00000000d7f80000)
  to   space 5120K, 0% used [0x00000000d7f80000,0x00000000d7f80000,0x00000000d8480000)
 ParOldGen       total 87552K, used 17389K [0x0000000081200000, 0x0000000086780000, 0x00000000d5b80000)
  object space 87552K, 19% used [0x0000000081200000,0x00000000822fb438,0x0000000086780000)
 Metaspace       used 12764K, capacity 12972K, committed 13312K, reserved 1060864K
  class space    used 1576K, capacity 1672K, committed 1792K, reserved 1048576K
GC Heap History (10 events):
Event: 8.888 GC heap before
{Heap before GC invocations=3 (full 0):
 PSYoungGen      total 38400K, used 35941K [0x00000000d5b80000, 0x00000000d8600000, 0x0000000100000000)
  eden space 33280K, 98% used [0x00000000d5b80000,0x00000000d7ba8618,0x00000000d7c00000)
  from space 5120K, 58% used [0x00000000d8100000,0x00000000d83f1030,0x00000000d8600000)
  to   space 5120K, 0% used [0x00000000d7c00000,0x00000000d7c00000,0x00000000d8100000)
 ParOldGen       total 87552K, used 15319K [0x0000000081200000, 0x0000000086780000, 0x00000000d5b80000)
  object space 87552K, 17% used [0x0000000081200000,0x00000000820f5d70,0x0000000086780000)
 Metaspace       used 12670K, capacity 12908K, committed 13312K, reserved 1060864K
  class space    used 1575K, capacity 1672K, committed 1792K, reserved 1048576K
Event: 8.892 GC heap after
Heap after GC invocations=3 (full 0):
 PSYoungGen      total 38400K, used 4021K [0x00000000d5b80000, 0x00000000d8600000, 0x0000000100000000)
  eden space 33280K, 0% used [0x00000000d5b80000,0x00000000d5b80000,0x00000000d7c00000)
  from space 5120K, 78% used [0x00000000d7c00000,0x00000000d7fed7a8,0x00000000d8100000)
  to   space 5120K, 0% used [0x00000000d8100000,0x00000000d8100000,0x00000000d8600000)
 ParOldGen       total 87552K, used 15327K [0x0000000081200000, 0x0000000086780000, 0x00000000d5b80000)
  object space 87552K, 17% used [0x0000000081200000,0x00000000820f7d70,0x0000000086780000)
 Metaspace       used 12670K, capacity 12908K, committed 13312K, reserved 1060864K
  class space    used 1575K, capacity 1672K, committed 1792K, reserved 1048576K
}
Event: 10.700 GC heap before
{Heap before GC invocations=4 (full 0):
 PSYoungGen      total 38400K, used 37175K [0x00000000d5b80000, 0x00000000d8600000, 0x0000000100000000)
  eden space 33280K, 99% used [0x00000000d5b80000,0x00000000d7be0838,0x00000000d7c00000)
  from space 5120K, 78% used [0x00000000d7c00000,0x00000000d7fed7a8,0x00000000d8100000)
  to   space 5120K, 0% used [0x00000000d8100000,0x00000000d8100000,0x00000000d8600000)
 ParOldGen       total 87552K, used 15327K [0x0000000081200000, 0x0000000086780000, 0x00000000d5b80000)
  object space 87552K, 17% used [0x0000000081200000,0x00000000820f7d70,0x0000000086780000)
 Metaspace       used 12719K, capacity 12908K, committed 13312K, reserved 1060864K
  class space    used 1576K, capacity 1672K, committed 1792K, reserved 1048576K
Event: 10.703 GC heap after
Heap after GC invocations=4 (full 0):
 PSYoungGen      total 38400K, used 3044K [0x00000000d5b80000, 0x00000000d8600000, 0x0000000100000000)
  eden space 33280K, 0% used [0x00000000d5b80000,0x00000000d5b80000,0x00000000d7c00000)
  from space 5120K, 59% used [0x00000000d8100000,0x00000000d83f9010,0x00000000d8600000)
  to   space 5120K, 0% used [0x00000000d7c00000,0x00000000d7c00000,0x00000000d8100000)
 ParOldGen       total 87552K, used 15335K [0x0000000081200000, 0x0000000086780000, 0x00000000d5b80000)
  object space 87552K, 17% used [0x0000000081200000,0x00000000820f9d70,0x0000000086780000)
 Metaspace       used 12719K, capacity 12908K, committed 13312K, reserved 1060864K
  class space    used 1576K, capacity 1672K, committed 1792K, reserved 1048576K
}
Event: 12.416 GC heap before
{Heap before GC invocations=5 (full 0):
 PSYoungGen      total 38400K, used 35653K [0x00000000d5b80000, 0x00000000d8600000, 0x0000000100000000)
  eden space 33280K, 97% used [0x00000000d5b80000,0x00000000d7b58408,0x00000000d7c00000)
  from space 5120K, 59% used [0x00000000d8100000,0x00000000d83f9010,0x00000000d8600000)
  to   space 5120K, 0% used [0x00000000d7c00000,0x00000000d7c00000,0x00000000d8100000)
 ParOldGen       total 87552K, used 15335K [0x0000000081200000, 0x0000000086780000, 0x00000000d5b80000)
  object space 87552K, 17% used [0x0000000081200000,0x00000000820f9d70,0x0000000086780000)
 Metaspace       used 12734K, capacity 12972K, committed 13312K, reserved 1060864K
  class space    used 1576K, capacity 1672K, committed 1792K, reserved 1048576K
Event: 12.419 GC heap after
Heap after GC invocations=5 (full 0):
 PSYoungGen      total 36864K, used 3944K [0x00000000d5b80000, 0x00000000d8580000, 0x0000000100000000)
  eden space 32768K, 0% used [0x00000000d5b80000,0x00000000d5b80000,0x00000000d7b80000)
  from space 4096K, 96% used [0x00000000d7c00000,0x00000000d7fda020,0x00000000d8000000)
  to   space 5120K, 0% used [0x00000000d8080000,0x00000000d8080000,0x00000000d8580000)
 ParOldGen       total 87552K, used 15343K [0x0000000081200000, 0x0000000086780000, 0x00000000d5b80000)
  object space 87552K, 17% used [0x0000000081200000,0x00000000820fbd70,0x0000000086780000)
 Metaspace       used 12734K, capacity 12972K, committed 13312K, reserved 1060864K
  class space    used 1576K, capacity 1672K, committed 1792K, reserved 1048576K
}
Event: 14.227 GC heap before
{Heap before GC invocations=6 (full 0):
 PSYoungGen      total 36864K, used 36289K [0x00000000d5b80000, 0x00000000d8580000, 0x0000000100000000)
  eden space 32768K, 98% used [0x00000000d5b80000,0x00000000d7b16568,0x00000000d7b80000)
  from space 4096K, 96% used [0x00000000d7c00000,0x00000000d7fda020,0x00000000d8000000)
  to   space 5120K, 0% used [0x00000000d8080000,0x00000000d8080000,0x00000000d8580000)
 ParOldGen       total 87552K, used 15343K [0x0000000081200000, 0x0000000086780000, 0x00000000d5b80000)
  object space 87552K, 17% used [0x0000000081200000,0x00000000820fbd70,0x0000000086780000)
 Metaspace       used 12746K, capacity 12972K, committed 13312K, reserved 1060864K
  class space    used 1576K, capacity 1672K, committed 1792K, reserved 1048576K
Event: 14.230 GC heap after
Heap after GC invocations=6 (full 0):
 PSYoungGen      total 35840K, used 3060K [0x00000000d5b80000, 0x00000000d8400000, 0x0000000100000000)
  eden space 32256K, 0% used [0x00000000d5b80000,0x00000000d5b80000,0x00000000d7b00000)
  from space 3584K, 85% used [0x00000000d8080000,0x00000000d837d020,0x00000000d8400000)
  to   space 4608K, 0% used [0x00000000d7b00000,0x00000000d7b00000,0x00000000d7f80000)
 ParOldGen       total 87552K, used 15351K [0x0000000081200000, 0x0000000086780000, 0x00000000d5b80000)
  object space 87552K, 17% used [0x0000000081200000,0x00000000820fdd70,0x0000000086780000)
 Metaspace       used 12746K, capacity 12972K, committed 13312K, reserved 1060864K
  class space    used 1576K, capacity 1672K, committed 1792K, reserved 1048576K
}
Event: 15.939 GC heap before
{Heap before GC invocations=7 (full 0):
 PSYoungGen      total 35840K, used 34525K [0x00000000d5b80000, 0x00000000d8400000, 0x0000000100000000)
  eden space 32256K, 97% used [0x00000000d5b80000,0x00000000d7a3a490,0x00000000d7b00000)
  from space 3584K, 85% used [0x00000000d8080000,0x00000000d837d020,0x00000000d8400000)
  to   space 4608K, 0% used [0x00000000d7b00000,0x00000000d7b00000,0x00000000d7f80000)
 ParOldGen       total 87552K, used 15351K [0x0000000081200000, 0x0000000086780000, 0x00000000d5b80000)
  object space 87552K, 17% used [0x0000000081200000,0x00000000820fdd70,0x0000000086780000)
 Metaspace       used 12752K, capacity 12972K, committed 13312K, reserved 1060864K
  class space    used 1576K, capacity 1672K, committed 1792K, reserved 1048576K
Event: 15.942 GC heap after
Heap after GC invocations=7 (full 0):
 PSYoungGen      total 36352K, used 1060K [0x00000000d5b80000, 0x00000000d8480000, 0x0000000100000000)
  eden space 31744K, 0% used [0x00000000d5b80000,0x00000000d5b80000,0x00000000d7a80000)
  from space 4608K, 23% used [0x00000000d7b00000,0x00000000d7c09010,0x00000000d7f80000)
  to   space 5120K, 0% used [0x00000000d7f80000,0x00000000d7f80000,0x00000000d8480000)
 ParOldGen       total 87552K, used 17389K [0x0000000081200000, 0x0000000086780000, 0x00000000d5b80000)
  object space 87552K, 19% used [0x0000000081200000,0x00000000822fb438,0x0000000086780000)
 Metaspace       used 12752K, capacity 12972K, committed 13312K, reserved 1060864K
  class space    used 1576K, capacity 1672K, committed 1792K, reserved 1048576K
}

