# JRE version: Java(TM) SE Runtime Environment (8.0_131-b11) (build 1.8.0_131-b11)
# Java VM: Java HotSpot(TM) 64-Bit Server VM (25.131-b11 mixed mode windows-amd64 compressed oops)
Heap:
 PSYoungGen      total 32768K, used 27002K [0x00000000d5b80000, 0x00000000d8100000, 0x0000000100000000)
  eden space 28160K, 85% used [0x00000000d5b80000,0x00000000d731ba28,0x00000000d7700000)
  from space 4608K, 61% used [0x00000000d7c80000,0x00000000d7f43030,0x00000000d8100000)
  to   space 5120K, 0% used [0x00000000d7700000,0x00000000d7700000,0x00000000d7c00000)
 ParOldGen       total 87552K, used 17533K [0x0000000081200000, 0x0000000086780000, 0x00000000d5b80000)
  object space 87552K, 20% used [0x0000000081200000,0x000000008231f438,0x0000000086780000)
 Metaspace       used 13029K, capacity 13204K, committed 13568K, reserved 1060864K
  class space    used 1614K, capacity 1704K, committed 1792K, reserved 1048576K
GC Heap History (10 events):
Event: 20.817 GC heap before
{Heap before GC invocations=10 (full 0):
 PSYoungGen      total 34816K, used 34051K [0x00000000d5b80000, 0x00000000d8380000, 0x0000000100000000)
  eden space 30720K, 98% used [0x00000000d5b80000,0x00000000d791ce98,0x00000000d7980000)
  from space 4096K, 91% used [0x00000000d7a00000,0x00000000d7da4040,0x00000000d7e00000)
  to   space 5120K, 0% used [0x00000000d7e80000,0x00000000d7e80000,0x00000000d8380000)
 ParOldGen       total 87552K, used 17445K [0x0000000081200000, 0x0000000086780000, 0x00000000d5b80000)
  object space 87552K, 19% used [0x0000000081200000,0x0000000082309438,0x0000000086780000)
 Metaspace       used 12987K, capacity 13204K, committed 13568K, reserved 1060864K
  class space    used 1614K, capacity 1704K, committed 1792K, reserved 1048576K
Event: 20.819 GC heap after
Heap after GC invocations=10 (full 0):
 PSYoungGen      total 34816K, used 1028K [0x00000000d5b80000, 0x00000000d8300000, 0x0000000100000000)
  eden space 30208K, 0% used [0x00000000d5b80000,0x00000000d5b80000,0x00000000d7900000)
  from space 4608K, 22% used [0x00000000d7e80000,0x00000000d7f81010,0x00000000d8300000)
  to   space 5120K, 0% used [0x00000000d7900000,0x00000000d7900000,0x00000000d7e00000)
 ParOldGen       total 87552K, used 17469K [0x0000000081200000, 0x0000000086780000, 0x00000000d5b80000)
  object space 87552K, 19% used [0x0000000081200000,0x000000008230f438,0x0000000086780000)
 Metaspace       used 12987K, capacity 13204K, committed 13568K, reserved 1060864K
  class space    used 1614K, capacity 1704K, committed 1792K, reserved 1048576K
}
Event: 22.436 GC heap before
{Heap before GC invocations=11 (full 0):
 PSYoungGen      total 34816K, used 30457K [0x00000000d5b80000, 0x00000000d8300000, 0x0000000100000000)
  eden space 30208K, 97% used [0x00000000d5b80000,0x00000000d783d630,0x00000000d7900000)
  from space 4608K, 22% used [0x00000000d7e80000,0x00000000d7f81010,0x00000000d8300000)
  to   space 5120K, 0% used [0x00000000d7900000,0x00000000d7900000,0x00000000d7e00000)
 ParOldGen       total 87552K, used 17469K [0x0000000081200000, 0x0000000086780000, 0x00000000d5b80000)
  object space 87552K, 19% used [0x0000000081200000,0x000000008230f438,0x0000000086780000)
 Metaspace       used 13008K, capacity 13204K, committed 13568K, reserved 1060864K
  class space    used 1614K, capacity 1704K, committed 1792K, reserved 1048576K
Event: 22.437 GC heap after
Heap after GC invocations=11 (full 0):
 PSYoungGen      total 31744K, used 1928K [0x00000000d5b80000, 0x00000000d8280000, 0x0000000100000000)
  eden space 29696K, 0% used [0x00000000d5b80000,0x00000000d5b80000,0x00000000d7880000)
  from space 2048K, 94% used [0x00000000d7900000,0x00000000d7ae2020,0x00000000d7b00000)
  to   space 5120K, 0% used [0x00000000d7d80000,0x00000000d7d80000,0x00000000d8280000)
 ParOldGen       total 87552K, used 17485K [0x0000000081200000, 0x0000000086780000, 0x00000000d5b80000)
  object space 87552K, 19% used [0x0000000081200000,0x0000000082313438,0x0000000086780000)
 Metaspace       used 13008K, capacity 13204K, committed 13568K, reserved 1060864K
  class space    used 1614K, capacity 1704K, committed 1792K, reserved 1048576K
}
Event: 24.051 GC heap before
{Heap before GC invocations=12 (full 0):
 PSYoungGen      total 31744K, used 31333K [0x00000000d5b80000, 0x00000000d8280000, 0x0000000100000000)
  eden space 29696K, 99% used [0x00000000d5b80000,0x00000000d7837790,0x00000000d7880000)
  from space 2048K, 94% used [0x00000000d7900000,0x00000000d7ae2020,0x00000000d7b00000)
  to   space 5120K, 0% used [0x00000000d7d80000,0x00000000d7d80000,0x00000000d8280000)
 ParOldGen       total 87552K, used 17485K [0x0000000081200000, 0x0000000086780000, 0x00000000d5b80000)
  object space 87552K, 19% used [0x0000000081200000,0x0000000082313438,0x0000000086780000)
 Metaspace       used 13017K, capacity 13204K, committed 13568K, reserved 1060864K
  class space    used 1614K, capacity 1704K, committed 1792K, reserved 1048576K
Event: 24.052 GC heap after
Heap after GC invocations=12 (full 0):
 PSYoungGen      total 33792K, used 2860K [0x00000000d5b80000, 0x00000000d8200000, 0x0000000100000000)
  eden space 29184K, 0% used [0x00000000d5b80000,0x00000000d5b80000,0x00000000d7800000)
  from space 4608K, 62% used [0x00000000d7d80000,0x00000000d804b030,0x00000000d8200000)
  to   space 5120K, 0% used [0x00000000d7800000,0x00000000d7800000,0x00000000d7d00000)
 ParOldGen       total 87552K, used 17509K [0x0000000081200000, 0x0000000086780000, 0x00000000d5b80000)
  object space 87552K, 19% used [0x0000000081200000,0x0000000082319438,0x0000000086780000)
 Metaspace       used 13017K, capacity 13204K, committed 13568K, reserved 1060864K
  class space    used 1614K, capacity 1704K, committed 1792K, reserved 1048576K
}
Event: 25.564 GC heap before
{Heap before GC invocations=13 (full 0):
 PSYoungGen      total 33792K, used 31364K [0x00000000d5b80000, 0x00000000d8200000, 0x0000000100000000)
  eden space 29184K, 97% used [0x00000000d5b80000,0x00000000d7756188,0x00000000d7800000)
  from space 4608K, 62% used [0x00000000d7d80000,0x00000000d804b030,0x00000000d8200000)
  to   space 5120K, 0% used [0x00000000d7800000,0x00000000d7800000,0x00000000d7d00000)
 ParOldGen       total 87552K, used 17509K [0x0000000081200000, 0x0000000086780000, 0x00000000d5b80000)
  object space 87552K, 19% used [0x0000000081200000,0x0000000082319438,0x0000000086780000)
 Metaspace       used 13022K, capacity 13204K, committed 13568K, reserved 1060864K
  class space    used 1614K, capacity 1704K, committed 1792K, reserved 1048576K
Event: 25.565 GC heap after
Heap after GC invocations=13 (full 0):
 PSYoungGen      total 32768K, used 3728K [0x00000000d5b80000, 0x00000000d8180000, 0x0000000100000000)
  eden space 28672K, 0% used [0x00000000d5b80000,0x00000000d5b80000,0x00000000d7780000)
  from space 4096K, 91% used [0x00000000d7800000,0x00000000d7ba4040,0x00000000d7c00000)
  to   space 5120K, 0% used [0x00000000d7c80000,0x00000000d7c80000,0x00000000d8180000)
 ParOldGen       total 87552K, used 17517K [0x0000000081200000, 0x0000000086780000, 0x00000000d5b80000)
  object space 87552K, 20% used [0x0000000081200000,0x000000008231b438,0x0000000086780000)
 Metaspace       used 13022K, capacity 13204K, committed 13568K, reserved 1060864K
  class space    used 1614K, capacity 1704K, committed 1792K, reserved 1048576K
}
Event: 27.178 GC heap before
{Heap before GC invocations=14 (full 0):
 PSYoungGen      total 32768K, used 32217K [0x00000000d5b80000, 0x00000000d8180000, 0x0000000100000000)
  eden space 28672K, 99% used [0x00000000d5b80000,0x00000000d7752640,0x00000000d7780000)
  from space 4096K, 91% used [0x00000000d7800000,0x00000000d7ba4040,0x00000000d7c00000)
  to   space 5120K, 0% used [0x00000000d7c80000,0x00000000d7c80000,0x00000000d8180000)
 ParOldGen       total 87552K, used 17517K [0x0000000081200000, 0x0000000086780000, 0x00000000d5b80000)
  object space 87552K, 20% used [0x0000000081200000,0x000000008231b438,0x0000000086780000)
 Metaspace       used 13023K, capacity 13204K, committed 13568K, reserved 1060864K
  class space    used 1614K, capacity 1704K, committed 1792K, reserved 1048576K
Event: 27.179 GC heap after
Heap after GC invocations=14 (full 0):
 PSYoungGen      total 32768K, used 2828K [0x00000000d5b80000, 0x00000000d8100000, 0x0000000100000000)
  eden space 28160K, 0% used [0x00000000d5b80000,0x00000000d5b80000,0x00000000d7700000)
  from space 4608K, 61% used [0x00000000d7c80000,0x00000000d7f43030,0x00000000d8100000)
  to   space 5120K, 0% used [0x00000000d7700000,0x00000000d7700000,0x00000000d7c00000)
 ParOldGen       total 87552K, used 17533K [0x0000000081200000, 0x0000000086780000, 0x00000000d5b80000)
  object space 87552K, 20% used [0x0000000081200000,0x000000008231f438,0x0000000086780000)
 Metaspace       used 13023K, capacity 13204K, committed 13568K, reserved 1060864K
  class space    used 1614K, capacity 1704K, committed 1792K, reserved 1048576K
}

