# JRE version: Java(TM) SE Runtime Environment (8.0_131-b11) (build 1.8.0_131-b11)
# Java VM: Java HotSpot(TM) 64-Bit Server VM (25.131-b11 mixed mode windows-amd64 compressed oops)
Heap:
 PSYoungGen      total 32768K, used 5343K [0x00000000d5b80000, 0x00000000d8080000, 0x0000000100000000)
  eden space 28672K, 5% used [0x00000000d5b80000,0x00000000d5d0bfa0,0x00000000d7780000)
  from space 4096K, 91% used [0x00000000d7800000,0x00000000d7bac040,0x00000000d7c00000)
  to   space 4608K, 0% used [0x00000000d7c00000,0x00000000d7c00000,0x00000000d8080000)
 ParOldGen       total 87552K, used 17512K [0x0000000081200000, 0x0000000086780000, 0x00000000d5b80000)
  object space 87552K, 20% used [0x0000000081200000,0x000000008231a138,0x0000000086780000)
 Metaspace       used 12990K, capacity 13172K, committed 13568K, reserved 1060864K
  class space    used 1576K, capacity 1672K, committed 1792K, reserved 1048576K
GC Heap History (10 events):
Event: 21.135 GC heap before
{Heap before GC invocations=9 (full 0):
 PSYoungGen      total 35328K, used 33258K [0x00000000d5b80000, 0x00000000d8300000, 0x0000000100000000)
  eden space 31232K, 97% used [0x00000000d5b80000,0x00000000d792f9c8,0x00000000d7a00000)
  from space 4096K, 69% used [0x00000000d7f00000,0x00000000d81cb030,0x00000000d8300000)
  to   space 4608K, 0% used [0x00000000d7a00000,0x00000000d7a00000,0x00000000d7e80000)
 ParOldGen       total 87552K, used 17416K [0x0000000081200000, 0x0000000086780000, 0x00000000d5b80000)
  object space 87552K, 19% used [0x0000000081200000,0x0000000082302138,0x0000000086780000)
 Metaspace       used 12917K, capacity 13108K, committed 13312K, reserved 1060864K
  class space    used 1575K, capacity 1672K, committed 1792K, reserved 1048576K
Event: 21.136 GC heap after
Heap after GC invocations=9 (full 0):
 PSYoungGen      total 34816K, used 3760K [0x00000000d5b80000, 0x00000000d8280000, 0x0000000100000000)
  eden space 30720K, 0% used [0x00000000d5b80000,0x00000000d5b80000,0x00000000d7980000)
  from space 4096K, 91% used [0x00000000d7a00000,0x00000000d7dac040,0x00000000d7e00000)
  to   space 4608K, 0% used [0x00000000d7e00000,0x00000000d7e00000,0x00000000d8280000)
 ParOldGen       total 87552K, used 17432K [0x0000000081200000, 0x0000000086780000, 0x00000000d5b80000)
  object space 87552K, 19% used [0x0000000081200000,0x0000000082306138,0x0000000086780000)
 Metaspace       used 12917K, capacity 13108K, committed 13312K, reserved 1060864K
  class space    used 1575K, capacity 1672K, committed 1792K, reserved 1048576K
}
Event: 22.848 GC heap before
{Heap before GC invocations=10 (full 0):
 PSYoungGen      total 34816K, used 34194K [0x00000000d5b80000, 0x00000000d8280000, 0x0000000100000000)
  eden space 30720K, 99% used [0x00000000d5b80000,0x00000000d7938a78,0x00000000d7980000)
  from space 4096K, 91% used [0x00000000d7a00000,0x00000000d7dac040,0x00000000d7e00000)
  to   space 4608K, 0% used [0x00000000d7e00000,0x00000000d7e00000,0x00000000d8280000)
 ParOldGen       total 87552K, used 17432K [0x0000000081200000, 0x0000000086780000, 0x00000000d5b80000)
  object space 87552K, 19% used [0x0000000081200000,0x0000000082306138,0x0000000086780000)
 Metaspace       used 12941K, capacity 13172K, committed 13568K, reserved 1060864K
  class space    used 1575K, capacity 1672K, committed 1792K, reserved 1048576K
Event: 22.849 GC heap after
Heap after GC invocations=10 (full 0):
 PSYoungGen      total 34304K, used 2860K [0x00000000d5b80000, 0x00000000d8200000, 0x0000000100000000)
  eden space 30208K, 0% used [0x00000000d5b80000,0x00000000d5b80000,0x00000000d7900000)
  from space 4096K, 69% used [0x00000000d7e00000,0x00000000d80cb030,0x00000000d8200000)
  to   space 4608K, 0% used [0x00000000d7900000,0x00000000d7900000,0x00000000d7d80000)
 ParOldGen       total 87552K, used 17448K [0x0000000081200000, 0x0000000086780000, 0x00000000d5b80000)
  object space 87552K, 19% used [0x0000000081200000,0x000000008230a138,0x0000000086780000)
 Metaspace       used 12941K, capacity 13172K, committed 13568K, reserved 1060864K
  class space    used 1575K, capacity 1672K, committed 1792K, reserved 1048576K
}
Event: 24.462 GC heap before
{Heap before GC invocations=11 (full 0):
 PSYoungGen      total 34304K, used 32338K [0x00000000d5b80000, 0x00000000d8200000, 0x0000000100000000)
  eden space 30208K, 97% used [0x00000000d5b80000,0x00000000d7849920,0x00000000d7900000)
  from space 4096K, 69% used [0x00000000d7e00000,0x00000000d80cb030,0x00000000d8200000)
  to   space 4608K, 0% used [0x00000000d7900000,0x00000000d7900000,0x00000000d7d80000)
 ParOldGen       total 87552K, used 17448K [0x0000000081200000, 0x0000000086780000, 0x00000000d5b80000)
  object space 87552K, 19% used [0x0000000081200000,0x000000008230a138,0x0000000086780000)
 Metaspace       used 12973K, capacity 13172K, committed 13568K, reserved 1060864K
  class space    used 1576K, capacity 1672K, committed 1792K, reserved 1048576K
Event: 24.463 GC heap after
Heap after GC invocations=11 (full 0):
 PSYoungGen      total 32768K, used 2860K [0x00000000d5b80000, 0x00000000d8180000, 0x0000000100000000)
  eden space 29696K, 0% used [0x00000000d5b80000,0x00000000d5b80000,0x00000000d7880000)
  from space 3072K, 93% used [0x00000000d7900000,0x00000000d7bcb030,0x00000000d7c00000)
  to   space 4608K, 0% used [0x00000000d7d00000,0x00000000d7d00000,0x00000000d8180000)
 ParOldGen       total 87552K, used 17472K [0x0000000081200000, 0x0000000086780000, 0x00000000d5b80000)
  object space 87552K, 19% used [0x0000000081200000,0x0000000082310138,0x0000000086780000)
 Metaspace       used 12973K, capacity 13172K, committed 13568K, reserved 1060864K
  class space    used 1576K, capacity 1672K, committed 1792K, reserved 1048576K
}
Event: 26.074 GC heap before
{Heap before GC invocations=12 (full 0):
 PSYoungGen      total 32768K, used 32312K [0x00000000d5b80000, 0x00000000d8180000, 0x0000000100000000)
  eden space 29696K, 99% used [0x00000000d5b80000,0x00000000d7843098,0x00000000d7880000)
  from space 3072K, 93% used [0x00000000d7900000,0x00000000d7bcb030,0x00000000d7c00000)
  to   space 4608K, 0% used [0x00000000d7d00000,0x00000000d7d00000,0x00000000d8180000)
 ParOldGen       total 87552K, used 17472K [0x0000000081200000, 0x0000000086780000, 0x00000000d5b80000)
  object space 87552K, 19% used [0x0000000081200000,0x0000000082310138,0x0000000086780000)
 Metaspace       used 12988K, capacity 13172K, committed 13568K, reserved 1060864K
  class space    used 1576K, capacity 1672K, committed 1792K, reserved 1048576K
Event: 26.075 GC heap after
Heap after GC invocations=12 (full 0):
 PSYoungGen      total 33280K, used 2860K [0x00000000d5b80000, 0x00000000d8100000, 0x0000000100000000)
  eden space 29184K, 0% used [0x00000000d5b80000,0x00000000d5b80000,0x00000000d7800000)
  from space 4096K, 69% used [0x00000000d7d00000,0x00000000d7fcb030,0x00000000d8100000)
  to   space 4608K, 0% used [0x00000000d7800000,0x00000000d7800000,0x00000000d7c80000)
 ParOldGen       total 87552K, used 17496K [0x0000000081200000, 0x0000000086780000, 0x00000000d5b80000)
  object space 87552K, 19% used [0x0000000081200000,0x0000000082316138,0x0000000086780000)
 Metaspace       used 12988K, capacity 13172K, committed 13568K, reserved 1060864K
  class space    used 1576K, capacity 1672K, committed 1792K, reserved 1048576K
}
Event: 27.594 GC heap before
{Heap before GC invocations=13 (full 0):
 PSYoungGen      total 33280K, used 31403K [0x00000000d5b80000, 0x00000000d8100000, 0x0000000100000000)
  eden space 29184K, 97% used [0x00000000d5b80000,0x00000000d775fd90,0x00000000d7800000)
  from space 4096K, 69% used [0x00000000d7d00000,0x00000000d7fcb030,0x00000000d8100000)
  to   space 4608K, 0% used [0x00000000d7800000,0x00000000d7800000,0x00000000d7c80000)
 ParOldGen       total 87552K, used 17496K [0x0000000081200000, 0x0000000086780000, 0x00000000d5b80000)
  object space 87552K, 19% used [0x0000000081200000,0x0000000082316138,0x0000000086780000)
 Metaspace       used 12989K, capacity 13172K, committed 13568K, reserved 1060864K
  class space    used 1576K, capacity 1672K, committed 1792K, reserved 1048576K
Event: 27.595 GC heap after
Heap after GC invocations=13 (full 0):
 PSYoungGen      total 32768K, used 3760K [0x00000000d5b80000, 0x00000000d8080000, 0x0000000100000000)
  eden space 28672K, 0% used [0x00000000d5b80000,0x00000000d5b80000,0x00000000d7780000)
  from space 4096K, 91% used [0x00000000d7800000,0x00000000d7bac040,0x00000000d7c00000)
  to   space 4608K, 0% used [0x00000000d7c00000,0x00000000d7c00000,0x00000000d8080000)
 ParOldGen       total 87552K, used 17512K [0x0000000081200000, 0x0000000086780000, 0x00000000d5b80000)
  object space 87552K, 20% used [0x0000000081200000,0x000000008231a138,0x0000000086780000)
 Metaspace       used 12989K, capacity 13172K, committed 13568K, reserved 1060864K
  class space    used 1576K, capacity 1672K, committed 1792K, reserved 1048576K
}

