# JRE version: Java(TM) SE Runtime Environment (8.0_131-b11) (build 1.8.0_131-b11)
# Java VM: Java HotSpot(TM) 64-Bit Server VM (25.131-b11 mixed mode windows-amd64 compressed oops)
Heap:
 PSYoungGen      total 26624K, used 21474K [0x00000000d5b80000, 0x00000000d7900000, 0x0000000100000000)
  eden space 23040K, 80% used [0x00000000d5b80000,0x00000000d6dada40,0x00000000d7200000)
  from space 3584K, 79% used [0x00000000d7200000,0x00000000d74cb030,0x00000000d7580000)
  to   space 3584K, 0% used [0x00000000d7580000,0x00000000d7580000,0x00000000d7900000)
 ParOldGen       total 87552K, used 42706K [0x0000000081200000, 0x0000000086780000, 0x00000000d5b80000)
  object space 87552K, 48% used [0x0000000081200000,0x0000000083bb4b80,0x0000000086780000)
 Metaspace       used 13012K, capacity 13236K, committed 13568K, reserved 1060864K
  class space    used 1578K, capacity 1672K, committed 1792K, reserved 1048576K
GC Heap History (10 events):
Event: 134.160 GC heap before
{Heap before GC invocations=261 (full 0):
 PSYoungGen      total 26624K, used 25799K [0x00000000d5b80000, 0x00000000d7900000, 0x0000000100000000)
  eden space 23040K, 99% used [0x00000000d5b80000,0x00000000d71eecd0,0x00000000d7200000)
  from space 3584K, 78% used [0x00000000d7580000,0x00000000d7843030,0x00000000d7900000)
  to   space 3584K, 0% used [0x00000000d7200000,0x00000000d7200000,0x00000000d7580000)
 ParOldGen       total 87552K, used 42642K [0x0000000081200000, 0x0000000086780000, 0x00000000d5b80000)
  object space 87552K, 48% used [0x0000000081200000,0x0000000083ba4b80,0x0000000086780000)
 Metaspace       used 13011K, capacity 13236K, committed 13568K, reserved 1060864K
  class space    used 1578K, capacity 1672K, committed 1792K, reserved 1048576K
Event: 134.161 GC heap after
Heap after GC invocations=261 (full 0):
 PSYoungGen      total 26624K, used 2860K [0x00000000d5b80000, 0x00000000d7900000, 0x0000000100000000)
  eden space 23040K, 0% used [0x00000000d5b80000,0x00000000d5b80000,0x00000000d7200000)
  from space 3584K, 79% used [0x00000000d7200000,0x00000000d74cb030,0x00000000d7580000)
  to   space 3584K, 0% used [0x00000000d7580000,0x00000000d7580000,0x00000000d7900000)
 ParOldGen       total 87552K, used 42658K [0x0000000081200000, 0x0000000086780000, 0x00000000d5b80000)
  object space 87552K, 48% used [0x0000000081200000,0x0000000083ba8b80,0x0000000086780000)
 Metaspace       used 13011K, capacity 13236K, committed 13568K, reserved 1060864K
  class space    used 1578K, capacity 1672K, committed 1792K, reserved 1048576K
}
Event: 134.562 GC heap before
{Heap before GC invocations=262 (full 0):
 PSYoungGen      total 26624K, used 25829K [0x00000000d5b80000, 0x00000000d7900000, 0x0000000100000000)
  eden space 23040K, 99% used [0x00000000d5b80000,0x00000000d71ee4a0,0x00000000d7200000)
  from space 3584K, 79% used [0x00000000d7200000,0x00000000d74cb030,0x00000000d7580000)
  to   space 3584K, 0% used [0x00000000d7580000,0x00000000d7580000,0x00000000d7900000)
 ParOldGen       total 87552K, used 42658K [0x0000000081200000, 0x0000000086780000, 0x00000000d5b80000)
  object space 87552K, 48% used [0x0000000081200000,0x0000000083ba8b80,0x0000000086780000)
 Metaspace       used 13011K, capacity 13236K, committed 13568K, reserved 1060864K
  class space    used 1578K, capacity 1672K, committed 1792K, reserved 1048576K
Event: 134.563 GC heap after
Heap after GC invocations=262 (full 0):
 PSYoungGen      total 26624K, used 2828K [0x00000000d5b80000, 0x00000000d7900000, 0x0000000100000000)
  eden space 23040K, 0% used [0x00000000d5b80000,0x00000000d5b80000,0x00000000d7200000)
  from space 3584K, 78% used [0x00000000d7580000,0x00000000d7843030,0x00000000d7900000)
  to   space 3584K, 0% used [0x00000000d7200000,0x00000000d7200000,0x00000000d7580000)
 ParOldGen       total 87552K, used 42666K [0x0000000081200000, 0x0000000086780000, 0x00000000d5b80000)
  object space 87552K, 48% used [0x0000000081200000,0x0000000083baab80,0x0000000086780000)
 Metaspace       used 13011K, capacity 13236K, committed 13568K, reserved 1060864K
  class space    used 1578K, capacity 1672K, committed 1792K, reserved 1048576K
}
Event: 134.999 GC heap before
{Heap before GC invocations=263 (full 0):
 PSYoungGen      total 26624K, used 25799K [0x00000000d5b80000, 0x00000000d7900000, 0x0000000100000000)
  eden space 23040K, 99% used [0x00000000d5b80000,0x00000000d71eed70,0x00000000d7200000)
  from space 3584K, 78% used [0x00000000d7580000,0x00000000d7843030,0x00000000d7900000)
  to   space 3584K, 0% used [0x00000000d7200000,0x00000000d7200000,0x00000000d7580000)
 ParOldGen       total 87552K, used 42666K [0x0000000081200000, 0x0000000086780000, 0x00000000d5b80000)
  object space 87552K, 48% used [0x0000000081200000,0x0000000083baab80,0x0000000086780000)
 Metaspace       used 13011K, capacity 13236K, committed 13568K, reserved 1060864K
  class space    used 1578K, capacity 1672K, committed 1792K, reserved 1048576K
Event: 135.000 GC heap after
Heap after GC invocations=263 (full 0):
 PSYoungGen      total 26624K, used 2860K [0x00000000d5b80000, 0x00000000d7900000, 0x0000000100000000)
  eden space 23040K, 0% used [0x00000000d5b80000,0x00000000d5b80000,0x00000000d7200000)
  from space 3584K, 79% used [0x00000000d7200000,0x00000000d74cb030,0x00000000d7580000)
  to   space 3584K, 0% used [0x00000000d7580000,0x00000000d7580000,0x00000000d7900000)
 ParOldGen       total 87552K, used 42674K [0x0000000081200000, 0x0000000086780000, 0x00000000d5b80000)
  object space 87552K, 48% used [0x0000000081200000,0x0000000083bacb80,0x0000000086780000)
 Metaspace       used 13011K, capacity 13236K, committed 13568K, reserved 1060864K
  class space    used 1578K, capacity 1672K, committed 1792K, reserved 1048576K
}
Event: 135.400 GC heap before
{Heap before GC invocations=264 (full 0):
 PSYoungGen      total 26624K, used 25820K [0x00000000d5b80000, 0x00000000d7900000, 0x0000000100000000)
  eden space 23040K, 99% used [0x00000000d5b80000,0x00000000d71ec3b0,0x00000000d7200000)
  from space 3584K, 79% used [0x00000000d7200000,0x00000000d74cb030,0x00000000d7580000)
  to   space 3584K, 0% used [0x00000000d7580000,0x00000000d7580000,0x00000000d7900000)
 ParOldGen       total 87552K, used 42674K [0x0000000081200000, 0x0000000086780000, 0x00000000d5b80000)
  object space 87552K, 48% used [0x0000000081200000,0x0000000083bacb80,0x0000000086780000)
 Metaspace       used 13011K, capacity 13236K, committed 13568K, reserved 1060864K
  class space    used 1578K, capacity 1672K, committed 1792K, reserved 1048576K
Event: 135.401 GC heap after
Heap after GC invocations=264 (full 0):
 PSYoungGen      total 26624K, used 2828K [0x00000000d5b80000, 0x00000000d7900000, 0x0000000100000000)
  eden space 23040K, 0% used [0x00000000d5b80000,0x00000000d5b80000,0x00000000d7200000)
  from space 3584K, 78% used [0x00000000d7580000,0x00000000d7843030,0x00000000d7900000)
  to   space 3584K, 0% used [0x00000000d7200000,0x00000000d7200000,0x00000000d7580000)
 ParOldGen       total 87552K, used 42690K [0x0000000081200000, 0x0000000086780000, 0x00000000d5b80000)
  object space 87552K, 48% used [0x0000000081200000,0x0000000083bb0b80,0x0000000086780000)
 Metaspace       used 13011K, capacity 13236K, committed 13568K, reserved 1060864K
  class space    used 1578K, capacity 1672K, committed 1792K, reserved 1048576K
}
Event: 135.832 GC heap before
{Heap before GC invocations=265 (full 0):
 PSYoungGen      total 26624K, used 25786K [0x00000000d5b80000, 0x00000000d7900000, 0x0000000100000000)
  eden space 23040K, 99% used [0x00000000d5b80000,0x00000000d71ebbc0,0x00000000d7200000)
  from space 3584K, 78% used [0x00000000d7580000,0x00000000d7843030,0x00000000d7900000)
  to   space 3584K, 0% used [0x00000000d7200000,0x00000000d7200000,0x00000000d7580000)
 ParOldGen       total 87552K, used 42690K [0x0000000081200000, 0x0000000086780000, 0x00000000d5b80000)
  object space 87552K, 48% used [0x0000000081200000,0x0000000083bb0b80,0x0000000086780000)
 Metaspace       used 13011K, capacity 13236K, committed 13568K, reserved 1060864K
  class space    used 1578K, capacity 1672K, committed 1792K, reserved 1048576K
Event: 135.833 GC heap after
Heap after GC invocations=265 (full 0):
 PSYoungGen      total 26624K, used 2860K [0x00000000d5b80000, 0x00000000d7900000, 0x0000000100000000)
  eden space 23040K, 0% used [0x00000000d5b80000,0x00000000d5b80000,0x00000000d7200000)
  from space 3584K, 79% used [0x00000000d7200000,0x00000000d74cb030,0x00000000d7580000)
  to   space 3584K, 0% used [0x00000000d7580000,0x00000000d7580000,0x00000000d7900000)
 ParOldGen       total 87552K, used 42706K [0x0000000081200000, 0x0000000086780000, 0x00000000d5b80000)
  object space 87552K, 48% used [0x0000000081200000,0x0000000083bb4b80,0x0000000086780000)
 Metaspace       used 13011K, capacity 13236K, committed 13568K, reserved 1060864K
  class space    used 1578K, capacity 1672K, committed 1792K, reserved 1048576K
}

