# JRE version: Java(TM) SE Runtime Environment (8.0_131-b11) (build 1.8.0_131-b11)
# Java VM: Java HotSpot(TM) 64-Bit Server VM (25.131-b11 mixed mode windows-amd64 compressed oops)
Heap:
 PSYoungGen      total 32768K, used 10805K [0x00000000d5b80000, 0x00000000d8100000, 0x0000000100000000)
  eden space 28160K, 25% used [0x00000000d5b80000,0x00000000d62614a8,0x00000000d7700000)
  from space 4608K, 81% used [0x00000000d7c80000,0x00000000d802c040,0x00000000d8100000)
  to   space 5120K, 0% used [0x00000000d7700000,0x00000000d7700000,0x00000000d7c00000)
 ParOldGen       total 87552K, used 18887K [0x0000000081200000, 0x0000000086780000, 0x00000000d5b80000)
  object space 87552K, 21% used [0x0000000081200000,0x0000000082471f48,0x0000000086780000)
 Metaspace       used 12691K, capacity 12884K, committed 13184K, reserved 1060864K
  class space    used 1555K, capacity 1640K, committed 1664K, reserved 1048576K
GC Heap History (10 events):
Event: 31.577 GC heap before
{Heap before GC invocations=10 (full 0):
 PSYoungGen      total 33792K, used 33208K [0x00000000d5b80000, 0x00000000d8280000, 0x0000000100000000)
  eden space 30720K, 98% used [0x00000000d5b80000,0x00000000d792b1a0,0x00000000d7980000)
  from space 3072K, 92% used [0x00000000d7a00000,0x00000000d7cc3030,0x00000000d7d00000)
  to   space 4608K, 0% used [0x00000000d7e00000,0x00000000d7e00000,0x00000000d8280000)
 ParOldGen       total 87552K, used 18783K [0x0000000081200000, 0x0000000086780000, 0x00000000d5b80000)
  object space 87552K, 21% used [0x0000000081200000,0x0000000082457f48,0x0000000086780000)
 Metaspace       used 12657K, capacity 12884K, committed 13184K, reserved 1060864K
  class space    used 1555K, capacity 1640K, committed 1664K, reserved 1048576K
Event: 31.580 GC heap after
Heap after GC invocations=10 (full 0):
 PSYoungGen      total 34816K, used 3760K [0x00000000d5b80000, 0x00000000d8300000, 0x0000000100000000)
  eden space 30208K, 0% used [0x00000000d5b80000,0x00000000d5b80000,0x00000000d7900000)
  from space 4608K, 81% used [0x00000000d7e00000,0x00000000d81ac040,0x00000000d8280000)
  to   space 5120K, 0% used [0x00000000d7900000,0x00000000d7900000,0x00000000d7e00000)
 ParOldGen       total 87552K, used 18799K [0x0000000081200000, 0x0000000086780000, 0x00000000d5b80000)
  object space 87552K, 21% used [0x0000000081200000,0x000000008245bf48,0x0000000086780000)
 Metaspace       used 12657K, capacity 12884K, committed 13184K, reserved 1060864K
  class space    used 1555K, capacity 1640K, committed 1664K, reserved 1048576K
}
Event: 33.603 GC heap before
{Heap before GC invocations=11 (full 0):
 PSYoungGen      total 34816K, used 33202K [0x00000000d5b80000, 0x00000000d8300000, 0x0000000100000000)
  eden space 30208K, 97% used [0x00000000d5b80000,0x00000000d7840b18,0x00000000d7900000)
  from space 4608K, 81% used [0x00000000d7e00000,0x00000000d81ac040,0x00000000d8280000)
  to   space 5120K, 0% used [0x00000000d7900000,0x00000000d7900000,0x00000000d7e00000)
 ParOldGen       total 87552K, used 18799K [0x0000000081200000, 0x0000000086780000, 0x00000000d5b80000)
  object space 87552K, 21% used [0x0000000081200000,0x000000008245bf48,0x0000000086780000)
 Metaspace       used 12678K, capacity 12884K, committed 13184K, reserved 1060864K
  class space    used 1555K, capacity 1640K, committed 1664K, reserved 1048576K
Event: 33.608 GC heap after
Heap after GC invocations=11 (full 0):
 PSYoungGen      total 33792K, used 3728K [0x00000000d5b80000, 0x00000000d8280000, 0x0000000100000000)
  eden space 29696K, 0% used [0x00000000d5b80000,0x00000000d5b80000,0x00000000d7880000)
  from space 4096K, 91% used [0x00000000d7900000,0x00000000d7ca4040,0x00000000d7d00000)
  to   space 5120K, 0% used [0x00000000d7d80000,0x00000000d7d80000,0x00000000d8280000)
 ParOldGen       total 87552K, used 18815K [0x0000000081200000, 0x0000000086780000, 0x00000000d5b80000)
  object space 87552K, 21% used [0x0000000081200000,0x000000008245ff48,0x0000000086780000)
 Metaspace       used 12678K, capacity 12884K, committed 13184K, reserved 1060864K
  class space    used 1555K, capacity 1640K, committed 1664K, reserved 1048576K
}
Event: 35.256 GC heap before
{Heap before GC invocations=12 (full 0):
 PSYoungGen      total 33792K, used 33124K [0x00000000d5b80000, 0x00000000d8280000, 0x0000000100000000)
  eden space 29696K, 98% used [0x00000000d5b80000,0x00000000d78352e8,0x00000000d7880000)
  from space 4096K, 91% used [0x00000000d7900000,0x00000000d7ca4040,0x00000000d7d00000)
  to   space 5120K, 0% used [0x00000000d7d80000,0x00000000d7d80000,0x00000000d8280000)
 ParOldGen       total 87552K, used 18815K [0x0000000081200000, 0x0000000086780000, 0x00000000d5b80000)
  object space 87552K, 21% used [0x0000000081200000,0x000000008245ff48,0x0000000086780000)
 Metaspace       used 12679K, capacity 12884K, committed 13184K, reserved 1060864K
  class space    used 1555K, capacity 1640K, committed 1664K, reserved 1048576K
Event: 35.258 GC heap after
Heap after GC invocations=12 (full 0):
 PSYoungGen      total 33792K, used 3760K [0x00000000d5b80000, 0x00000000d8200000, 0x0000000100000000)
  eden space 29184K, 0% used [0x00000000d5b80000,0x00000000d5b80000,0x00000000d7800000)
  from space 4608K, 81% used [0x00000000d7d80000,0x00000000d812c040,0x00000000d8200000)
  to   space 5120K, 0% used [0x00000000d7800000,0x00000000d7800000,0x00000000d7d00000)
 ParOldGen       total 87552K, used 18839K [0x0000000081200000, 0x0000000086780000, 0x00000000d5b80000)
  object space 87552K, 21% used [0x0000000081200000,0x0000000082465f48,0x0000000086780000)
 Metaspace       used 12679K, capacity 12884K, committed 13184K, reserved 1060864K
  class space    used 1555K, capacity 1640K, committed 1664K, reserved 1048576K
}
Event: 37.101 GC heap before
{Heap before GC invocations=13 (full 0):
 PSYoungGen      total 33792K, used 32281K [0x00000000d5b80000, 0x00000000d8200000, 0x0000000100000000)
  eden space 29184K, 97% used [0x00000000d5b80000,0x00000000d775a5b0,0x00000000d7800000)
  from space 4608K, 81% used [0x00000000d7d80000,0x00000000d812c040,0x00000000d8200000)
  to   space 5120K, 0% used [0x00000000d7800000,0x00000000d7800000,0x00000000d7d00000)
 ParOldGen       total 87552K, used 18839K [0x0000000081200000, 0x0000000086780000, 0x00000000d5b80000)
  object space 87552K, 21% used [0x0000000081200000,0x0000000082465f48,0x0000000086780000)
 Metaspace       used 12690K, capacity 12884K, committed 13184K, reserved 1060864K
  class space    used 1555K, capacity 1640K, committed 1664K, reserved 1048576K
Event: 37.105 GC heap after
Heap after GC invocations=13 (full 0):
 PSYoungGen      total 31744K, used 2860K [0x00000000d5b80000, 0x00000000d8180000, 0x0000000100000000)
  eden space 28672K, 0% used [0x00000000d5b80000,0x00000000d5b80000,0x00000000d7780000)
  from space 3072K, 93% used [0x00000000d7800000,0x00000000d7acb030,0x00000000d7b00000)
  to   space 5120K, 0% used [0x00000000d7c80000,0x00000000d7c80000,0x00000000d8180000)
 ParOldGen       total 87552K, used 18863K [0x0000000081200000, 0x0000000086780000, 0x00000000d5b80000)
  object space 87552K, 21% used [0x0000000081200000,0x000000008246bf48,0x0000000086780000)
 Metaspace       used 12690K, capacity 12884K, committed 13184K, reserved 1060864K
  class space    used 1555K, capacity 1640K, committed 1664K, reserved 1048576K
}
Event: 38.617 GC heap before
{Heap before GC invocations=14 (full 0):
 PSYoungGen      total 31744K, used 31330K [0x00000000d5b80000, 0x00000000d8180000, 0x0000000100000000)
  eden space 28672K, 99% used [0x00000000d5b80000,0x00000000d774d850,0x00000000d7780000)
  from space 3072K, 93% used [0x00000000d7800000,0x00000000d7acb030,0x00000000d7b00000)
  to   space 5120K, 0% used [0x00000000d7c80000,0x00000000d7c80000,0x00000000d8180000)
 ParOldGen       total 87552K, used 18863K [0x0000000081200000, 0x0000000086780000, 0x00000000d5b80000)
  object space 87552K, 21% used [0x0000000081200000,0x000000008246bf48,0x0000000086780000)
 Metaspace       used 12690K, capacity 12884K, committed 13184K, reserved 1060864K
  class space    used 1555K, capacity 1640K, committed 1664K, reserved 1048576K
Event: 38.621 GC heap after
Heap after GC invocations=14 (full 0):
 PSYoungGen      total 32768K, used 3760K [0x00000000d5b80000, 0x00000000d8100000, 0x0000000100000000)
  eden space 28160K, 0% used [0x00000000d5b80000,0x00000000d5b80000,0x00000000d7700000)
  from space 4608K, 81% used [0x00000000d7c80000,0x00000000d802c040,0x00000000d8100000)
  to   space 5120K, 0% used [0x00000000d7700000,0x00000000d7700000,0x00000000d7c00000)
 ParOldGen       total 87552K, used 18887K [0x0000000081200000, 0x0000000086780000, 0x00000000d5b80000)
  object space 87552K, 21% used [0x0000000081200000,0x0000000082471f48,0x0000000086780000)
 Metaspace       used 12690K, capacity 12884K, committed 13184K, reserved 1060864K
  class space    used 1555K, capacity 1640K, committed 1664K, reserved 1048576K
}

