# JRE version: Java(TM) SE Runtime Environment (8.0_131-b11) (build 1.8.0_131-b11)
# Java VM: Java HotSpot(TM) 64-Bit Server VM (25.131-b11 mixed mode windows-amd64 compressed oops)
Heap:
 PSYoungGen      total 32256K, used 19836K [0x00000000d5b80000, 0x00000000d8100000, 0x0000000100000000)
  eden space 27136K, 61% used [0x00000000d5b80000,0x00000000d6bbd7e0,0x00000000d7600000)
  from space 5120K, 62% used [0x00000000d7c00000,0x00000000d7f21910,0x00000000d8100000)
  to   space 5632K, 0% used [0x00000000d7600000,0x00000000d7600000,0x00000000d7b80000)
 ParOldGen       total 87552K, used 18990K [0x0000000081200000, 0x0000000086780000, 0x00000000d5b80000)
  object space 87552K, 21% used [0x0000000081200000,0x000000008248bb28,0x0000000086780000)
 Metaspace       used 13453K, capacity 13612K, committed 13824K, reserved 1060864K
  class space    used 1657K, capacity 1736K, committed 1792K, reserved 1048576K
GC Heap History (10 events):
Event: 14.785 GC heap before
{Heap before GC invocations=12 (full 0):
 PSYoungGen      total 32768K, used 32524K [0x00000000d5b80000, 0x00000000d8380000, 0x0000000100000000)
  eden space 29696K, 100% used [0x00000000d5b80000,0x00000000d7880000,0x00000000d7880000)
  from space 3072K, 92% used [0x00000000d7900000,0x00000000d7bc3030,0x00000000d7c00000)
  to   space 5632K, 0% used [0x00000000d7e00000,0x00000000d7e00000,0x00000000d8380000)
 ParOldGen       total 87552K, used 18902K [0x0000000081200000, 0x0000000086780000, 0x00000000d5b80000)
  object space 87552K, 21% used [0x0000000081200000,0x0000000082475b28,0x0000000086780000)
 Metaspace       used 13431K, capacity 13612K, committed 13824K, reserved 1060864K
  class space    used 1655K, capacity 1736K, committed 1792K, reserved 1048576K
Event: 14.786 GC heap after
Heap after GC invocations=12 (full 0):
 PSYoungGen      total 34304K, used 2828K [0x00000000d5b80000, 0x00000000d8300000, 0x0000000100000000)
  eden space 29184K, 0% used [0x00000000d5b80000,0x00000000d5b80000,0x00000000d7800000)
  from space 5120K, 55% used [0x00000000d7e00000,0x00000000d80c3030,0x00000000d8300000)
  to   space 5632K, 0% used [0x00000000d7800000,0x00000000d7800000,0x00000000d7d80000)
 ParOldGen       total 87552K, used 18926K [0x0000000081200000, 0x0000000086780000, 0x00000000d5b80000)
  object space 87552K, 21% used [0x0000000081200000,0x000000008247bb28,0x0000000086780000)
 Metaspace       used 13431K, capacity 13612K, committed 13824K, reserved 1060864K
  class space    used 1655K, capacity 1736K, committed 1792K, reserved 1048576K
}
Event: 15.580 GC heap before
{Heap before GC invocations=13 (full 0):
 PSYoungGen      total 34304K, used 32012K [0x00000000d5b80000, 0x00000000d8300000, 0x0000000100000000)
  eden space 29184K, 100% used [0x00000000d5b80000,0x00000000d7800000,0x00000000d7800000)
  from space 5120K, 55% used [0x00000000d7e00000,0x00000000d80c3030,0x00000000d8300000)
  to   space 5632K, 0% used [0x00000000d7800000,0x00000000d7800000,0x00000000d7d80000)
 ParOldGen       total 87552K, used 18926K [0x0000000081200000, 0x0000000086780000, 0x00000000d5b80000)
  object space 87552K, 21% used [0x0000000081200000,0x000000008247bb28,0x0000000086780000)
 Metaspace       used 13436K, capacity 13612K, committed 13824K, reserved 1060864K
  class space    used 1655K, capacity 1736K, committed 1792K, reserved 1048576K
Event: 15.581 GC heap after
Heap after GC invocations=13 (full 0):
 PSYoungGen      total 33280K, used 4139K [0x00000000d5b80000, 0x00000000d8280000, 0x0000000100000000)
  eden space 28672K, 0% used [0x00000000d5b80000,0x00000000d5b80000,0x00000000d7780000)
  from space 4608K, 89% used [0x00000000d7800000,0x00000000d7c0ae58,0x00000000d7c80000)
  to   space 5632K, 0% used [0x00000000d7d00000,0x00000000d7d00000,0x00000000d8280000)
 ParOldGen       total 87552K, used 18942K [0x0000000081200000, 0x0000000086780000, 0x00000000d5b80000)
  object space 87552K, 21% used [0x0000000081200000,0x000000008247fb28,0x0000000086780000)
 Metaspace       used 13436K, capacity 13612K, committed 13824K, reserved 1060864K
  class space    used 1655K, capacity 1736K, committed 1792K, reserved 1048576K
}
Event: 16.416 GC heap before
{Heap before GC invocations=14 (full 0):
 PSYoungGen      total 33280K, used 32411K [0x00000000d5b80000, 0x00000000d8280000, 0x0000000100000000)
  eden space 28672K, 98% used [0x00000000d5b80000,0x00000000d771c0f0,0x00000000d7780000)
  from space 4608K, 89% used [0x00000000d7800000,0x00000000d7c0ae58,0x00000000d7c80000)
  to   space 5632K, 0% used [0x00000000d7d00000,0x00000000d7d00000,0x00000000d8280000)
 ParOldGen       total 87552K, used 18942K [0x0000000081200000, 0x0000000086780000, 0x00000000d5b80000)
  object space 87552K, 21% used [0x0000000081200000,0x000000008247fb28,0x0000000086780000)
 Metaspace       used 13440K, capacity 13612K, committed 13824K, reserved 1060864K
  class space    used 1655K, capacity 1736K, committed 1792K, reserved 1048576K
Event: 16.417 GC heap after
Heap after GC invocations=14 (full 0):
 PSYoungGen      total 33280K, used 2305K [0x00000000d5b80000, 0x00000000d8200000, 0x0000000100000000)
  eden space 28160K, 0% used [0x00000000d5b80000,0x00000000d5b80000,0x00000000d7700000)
  from space 5120K, 45% used [0x00000000d7d00000,0x00000000d7f406c0,0x00000000d8200000)
  to   space 5632K, 0% used [0x00000000d7700000,0x00000000d7700000,0x00000000d7c80000)
 ParOldGen       total 87552K, used 18958K [0x0000000081200000, 0x0000000086780000, 0x00000000d5b80000)
  object space 87552K, 21% used [0x0000000081200000,0x0000000082483b28,0x0000000086780000)
 Metaspace       used 13440K, capacity 13612K, committed 13824K, reserved 1060864K
  class space    used 1655K, capacity 1736K, committed 1792K, reserved 1048576K
}
Event: 17.170 GC heap before
{Heap before GC invocations=15 (full 0):
 PSYoungGen      total 33280K, used 29629K [0x00000000d5b80000, 0x00000000d8200000, 0x0000000100000000)
  eden space 28160K, 97% used [0x00000000d5b80000,0x00000000d762ed58,0x00000000d7700000)
  from space 5120K, 45% used [0x00000000d7d00000,0x00000000d7f406c0,0x00000000d8200000)
  to   space 5632K, 0% used [0x00000000d7700000,0x00000000d7700000,0x00000000d7c80000)
 ParOldGen       total 87552K, used 18958K [0x0000000081200000, 0x0000000086780000, 0x00000000d5b80000)
  object space 87552K, 21% used [0x0000000081200000,0x0000000082483b28,0x0000000086780000)
 Metaspace       used 13441K, capacity 13612K, committed 13824K, reserved 1060864K
  class space    used 1655K, capacity 1736K, committed 1792K, reserved 1048576K
Event: 17.171 GC heap after
Heap after GC invocations=15 (full 0):
 PSYoungGen      total 31232K, used 3205K [0x00000000d5b80000, 0x00000000d8180000, 0x0000000100000000)
  eden space 27648K, 0% used [0x00000000d5b80000,0x00000000d5b80000,0x00000000d7680000)
  from space 3584K, 89% used [0x00000000d7700000,0x00000000d7a21640,0x00000000d7a80000)
  to   space 5632K, 0% used [0x00000000d7c00000,0x00000000d7c00000,0x00000000d8180000)
 ParOldGen       total 87552K, used 18974K [0x0000000081200000, 0x0000000086780000, 0x00000000d5b80000)
  object space 87552K, 21% used [0x0000000081200000,0x0000000082487b28,0x0000000086780000)
 Metaspace       used 13441K, capacity 13612K, committed 13824K, reserved 1060864K
  class space    used 1655K, capacity 1736K, committed 1792K, reserved 1048576K
}
Event: 17.932 GC heap before
{Heap before GC invocations=16 (full 0):
 PSYoungGen      total 31232K, used 30613K [0x00000000d5b80000, 0x00000000d8180000, 0x0000000100000000)
  eden space 27648K, 99% used [0x00000000d5b80000,0x00000000d7644080,0x00000000d7680000)
  from space 3584K, 89% used [0x00000000d7700000,0x00000000d7a21640,0x00000000d7a80000)
  to   space 5632K, 0% used [0x00000000d7c00000,0x00000000d7c00000,0x00000000d8180000)
 ParOldGen       total 87552K, used 18974K [0x0000000081200000, 0x0000000086780000, 0x00000000d5b80000)
  object space 87552K, 21% used [0x0000000081200000,0x0000000082487b28,0x0000000086780000)
 Metaspace       used 13444K, capacity 13612K, committed 13824K, reserved 1060864K
  class space    used 1655K, capacity 1736K, committed 1792K, reserved 1048576K
Event: 17.933 GC heap after
Heap after GC invocations=16 (full 0):
 PSYoungGen      total 32256K, used 3206K [0x00000000d5b80000, 0x00000000d8100000, 0x0000000100000000)
  eden space 27136K, 0% used [0x00000000d5b80000,0x00000000d5b80000,0x00000000d7600000)
  from space 5120K, 62% used [0x00000000d7c00000,0x00000000d7f21910,0x00000000d8100000)
  to   space 5632K, 0% used [0x00000000d7600000,0x00000000d7600000,0x00000000d7b80000)
 ParOldGen       total 87552K, used 18990K [0x0000000081200000, 0x0000000086780000, 0x00000000d5b80000)
  object space 87552K, 21% used [0x0000000081200000,0x000000008248bb28,0x0000000086780000)
 Metaspace       used 13444K, capacity 13612K, committed 13824K, reserved 1060864K
  class space    used 1655K, capacity 1736K, committed 1792K, reserved 1048576K
}

