# JRE version: Java(TM) SE Runtime Environment (8.0_131-b11) (build 1.8.0_131-b11)
# Java VM: Java HotSpot(TM) 64-Bit Server VM (25.131-b11 mixed mode windows-amd64 compressed oops)
Heap:
 PSYoungGen      total 35328K, used 22143K [0x00000000d5b80000, 0x00000000d8500000, 0x0000000100000000)
  eden space 29184K, 64% used [0x00000000d5b80000,0x00000000d6e047e8,0x00000000d7800000)
  from space 6144K, 51% used [0x00000000d7f00000,0x00000000d821b640,0x00000000d8500000)
  to   space 6656K, 0% used [0x00000000d7800000,0x00000000d7800000,0x00000000d7e80000)
 ParOldGen       total 87552K, used 19801K [0x0000000081200000, 0x0000000086780000, 0x00000000d5b80000)
  object space 87552K, 22% used [0x0000000081200000,0x0000000082556520,0x0000000086780000)
 Metaspace       used 13426K, capacity 13612K, committed 13824K, reserved 1060864K
  class space    used 1650K, capacity 1736K, committed 1792K, reserved 1048576K
GC Heap History (10 events):
Event: 11.471 GC heap before
{Heap before GC invocations=8 (full 0):
 PSYoungGen      total 37888K, used 33188K [0x00000000d5b80000, 0x00000000d8780000, 0x0000000100000000)
  eden space 31744K, 100% used [0x00000000d5b80000,0x00000000d7a80000,0x00000000d7a80000)
  from space 6144K, 23% used [0x00000000d7b00000,0x00000000d7c69258,0x00000000d8100000)
  to   space 6656K, 0% used [0x00000000d8100000,0x00000000d8100000,0x00000000d8780000)
 ParOldGen       total 87552K, used 19713K [0x0000000081200000, 0x0000000086780000, 0x00000000d5b80000)
  object space 87552K, 22% used [0x0000000081200000,0x0000000082540520,0x0000000086780000)
 Metaspace       used 13357K, capacity 13548K, committed 13824K, reserved 1060864K
  class space    used 1648K, capacity 1736K, committed 1792K, reserved 1048576K
Event: 11.472 GC heap after
Heap after GC invocations=8 (full 0):
 PSYoungGen      total 37376K, used 5013K [0x00000000d5b80000, 0x00000000d8700000, 0x0000000100000000)
  eden space 31232K, 0% used [0x00000000d5b80000,0x00000000d5b80000,0x00000000d7a00000)
  from space 6144K, 81% used [0x00000000d8100000,0x00000000d85e5460,0x00000000d8700000)
  to   space 6656K, 0% used [0x00000000d7a00000,0x00000000d7a00000,0x00000000d8080000)
 ParOldGen       total 87552K, used 19737K [0x0000000081200000, 0x0000000086780000, 0x00000000d5b80000)
  object space 87552K, 22% used [0x0000000081200000,0x0000000082546520,0x0000000086780000)
 Metaspace       used 13357K, capacity 13548K, committed 13824K, reserved 1060864K
  class space    used 1648K, capacity 1736K, committed 1792K, reserved 1048576K
}
Event: 12.349 GC heap before
{Heap before GC invocations=9 (full 0):
 PSYoungGen      total 37376K, used 36245K [0x00000000d5b80000, 0x00000000d8700000, 0x0000000100000000)
  eden space 31232K, 100% used [0x00000000d5b80000,0x00000000d7a00000,0x00000000d7a00000)
  from space 6144K, 81% used [0x00000000d8100000,0x00000000d85e5460,0x00000000d8700000)
  to   space 6656K, 0% used [0x00000000d7a00000,0x00000000d7a00000,0x00000000d8080000)
 ParOldGen       total 87552K, used 19737K [0x0000000081200000, 0x0000000086780000, 0x00000000d5b80000)
  object space 87552K, 22% used [0x0000000081200000,0x0000000082546520,0x0000000086780000)
 Metaspace       used 13361K, capacity 13548K, committed 13824K, reserved 1060864K
  class space    used 1648K, capacity 1736K, committed 1792K, reserved 1048576K
Event: 12.350 GC heap after
Heap after GC invocations=9 (full 0):
 PSYoungGen      total 35840K, used 4982K [0x00000000d5b80000, 0x00000000d8680000, 0x0000000100000000)
  eden space 30720K, 0% used [0x00000000d5b80000,0x00000000d5b80000,0x00000000d7980000)
  from space 5120K, 97% used [0x00000000d7a00000,0x00000000d7edd8c8,0x00000000d7f00000)
  to   space 6656K, 0% used [0x00000000d8000000,0x00000000d8000000,0x00000000d8680000)
 ParOldGen       total 87552K, used 19753K [0x0000000081200000, 0x0000000086780000, 0x00000000d5b80000)
  object space 87552K, 22% used [0x0000000081200000,0x000000008254a520,0x0000000086780000)
 Metaspace       used 13361K, capacity 13548K, committed 13824K, reserved 1060864K
  class space    used 1648K, capacity 1736K, committed 1792K, reserved 1048576K
}
Event: 13.234 GC heap before
{Heap before GC invocations=10 (full 0):
 PSYoungGen      total 35840K, used 35702K [0x00000000d5b80000, 0x00000000d8680000, 0x0000000100000000)
  eden space 30720K, 100% used [0x00000000d5b80000,0x00000000d7980000,0x00000000d7980000)
  from space 5120K, 97% used [0x00000000d7a00000,0x00000000d7edd8c8,0x00000000d7f00000)
  to   space 6656K, 0% used [0x00000000d8000000,0x00000000d8000000,0x00000000d8680000)
 ParOldGen       total 87552K, used 19753K [0x0000000081200000, 0x0000000086780000, 0x00000000d5b80000)
  object space 87552K, 22% used [0x0000000081200000,0x000000008254a520,0x0000000086780000)
 Metaspace       used 13384K, capacity 13612K, committed 13824K, reserved 1060864K
  class space    used 1648K, capacity 1736K, committed 1792K, reserved 1048576K
Event: 13.235 GC heap after
Heap after GC invocations=10 (full 0):
 PSYoungGen      total 36352K, used 2345K [0x00000000d5b80000, 0x00000000d8600000, 0x0000000100000000)
  eden space 30208K, 0% used [0x00000000d5b80000,0x00000000d5b80000,0x00000000d7900000)
  from space 6144K, 38% used [0x00000000d8000000,0x00000000d824a6e0,0x00000000d8600000)
  to   space 6656K, 0% used [0x00000000d7900000,0x00000000d7900000,0x00000000d7f80000)
 ParOldGen       total 87552K, used 19761K [0x0000000081200000, 0x0000000086780000, 0x00000000d5b80000)
  object space 87552K, 22% used [0x0000000081200000,0x000000008254c520,0x0000000086780000)
 Metaspace       used 13384K, capacity 13612K, committed 13824K, reserved 1060864K
  class space    used 1648K, capacity 1736K, committed 1792K, reserved 1048576K
}
Event: 14.068 GC heap before
{Heap before GC invocations=11 (full 0):
 PSYoungGen      total 36352K, used 31798K [0x00000000d5b80000, 0x00000000d8600000, 0x0000000100000000)
  eden space 30208K, 97% used [0x00000000d5b80000,0x00000000d7843198,0x00000000d7900000)
  from space 6144K, 38% used [0x00000000d8000000,0x00000000d824a6e0,0x00000000d8600000)
  to   space 6656K, 0% used [0x00000000d7900000,0x00000000d7900000,0x00000000d7f80000)
 ParOldGen       total 87552K, used 19761K [0x0000000081200000, 0x0000000086780000, 0x00000000d5b80000)
  object space 87552K, 22% used [0x0000000081200000,0x000000008254c520,0x0000000086780000)
 Metaspace       used 13397K, capacity 13612K, committed 13824K, reserved 1060864K
  class space    used 1648K, capacity 1736K, committed 1792K, reserved 1048576K
Event: 14.069 GC heap after
Heap after GC invocations=11 (full 0):
 PSYoungGen      total 33280K, used 3181K [0x00000000d5b80000, 0x00000000d8580000, 0x0000000100000000)
  eden space 29696K, 0% used [0x00000000d5b80000,0x00000000d5b80000,0x00000000d7880000)
  from space 3584K, 88% used [0x00000000d7900000,0x00000000d7c1b598,0x00000000d7c80000)
  to   space 6656K, 0% used [0x00000000d7f00000,0x00000000d7f00000,0x00000000d8580000)
 ParOldGen       total 87552K, used 19785K [0x0000000081200000, 0x0000000086780000, 0x00000000d5b80000)
  object space 87552K, 22% used [0x0000000081200000,0x0000000082552520,0x0000000086780000)
 Metaspace       used 13397K, capacity 13612K, committed 13824K, reserved 1060864K
  class space    used 1648K, capacity 1736K, committed 1792K, reserved 1048576K
}
Event: 14.926 GC heap before
{Heap before GC invocations=12 (full 0):
 PSYoungGen      total 33280K, used 32662K [0x00000000d5b80000, 0x00000000d8580000, 0x0000000100000000)
  eden space 29696K, 99% used [0x00000000d5b80000,0x00000000d784a330,0x00000000d7880000)
  from space 3584K, 88% used [0x00000000d7900000,0x00000000d7c1b598,0x00000000d7c80000)
  to   space 6656K, 0% used [0x00000000d7f00000,0x00000000d7f00000,0x00000000d8580000)
 ParOldGen       total 87552K, used 19785K [0x0000000081200000, 0x0000000086780000, 0x00000000d5b80000)
  object space 87552K, 22% used [0x0000000081200000,0x0000000082552520,0x0000000086780000)
 Metaspace       used 13410K, capacity 13612K, committed 13824K, reserved 1060864K
  class space    used 1648K, capacity 1736K, committed 1792K, reserved 1048576K
Event: 14.928 GC heap after
Heap after GC invocations=12 (full 0):
 PSYoungGen      total 35328K, used 3181K [0x00000000d5b80000, 0x00000000d8500000, 0x0000000100000000)
  eden space 29184K, 0% used [0x00000000d5b80000,0x00000000d5b80000,0x00000000d7800000)
  from space 6144K, 51% used [0x00000000d7f00000,0x00000000d821b640,0x00000000d8500000)
  to   space 6656K, 0% used [0x00000000d7800000,0x00000000d7800000,0x00000000d7e80000)
 ParOldGen       total 87552K, used 19801K [0x0000000081200000, 0x0000000086780000, 0x00000000d5b80000)
  object space 87552K, 22% used [0x0000000081200000,0x0000000082556520,0x0000000086780000)
 Metaspace       used 13410K, capacity 13612K, committed 13824K, reserved 1060864K
  class space    used 1648K, capacity 1736K, committed 1792K, reserved 1048576K
}

