# JRE version: Java(TM) SE Runtime Environment (8.0_131-b11) (build 1.8.0_131-b11)
# Java VM: Java HotSpot(TM) 64-Bit Server VM (25.131-b11 mixed mode windows-amd64 compressed oops)
Heap:
 PSYoungGen      total 36864K, used 15593K [0x00000000d5b80000, 0x00000000d8600000, 0x0000000100000000)
  eden space 31232K, 40% used [0x00000000d5b80000,0x00000000d67ef480,0x00000000d7a00000)
  from space 5632K, 50% used [0x00000000d8080000,0x00000000d834b030,0x00000000d8600000)
  to   space 6144K, 0% used [0x00000000d7a00000,0x00000000d7a00000,0x00000000d8000000)
 ParOldGen       total 87552K, used 18797K [0x0000000081200000, 0x0000000086780000, 0x00000000d5b80000)
  object space 87552K, 21% used [0x0000000081200000,0x000000008245b5f0,0x0000000086780000)
 Metaspace       used 12490K, capacity 12684K, committed 12928K, reserved 1060864K
  class space    used 1555K, capacity 1640K, committed 1664K, reserved 1048576K
GC Heap History (10 events):
Event: 12.401 GC heap before
{Heap before GC invocations=4 (full 0):
 PSYoungGen      total 38400K, used 35025K [0x00000000d5b80000, 0x00000000d8600000, 0x0000000100000000)
  eden space 33280K, 97% used [0x00000000d5b80000,0x00000000d7b377d0,0x00000000d7c00000)
  from space 5120K, 49% used [0x00000000d7c00000,0x00000000d7e7d020,0x00000000d8100000)
  to   space 5120K, 0% used [0x00000000d8100000,0x00000000d8100000,0x00000000d8600000)
 ParOldGen       total 87552K, used 17269K [0x0000000081200000, 0x0000000086780000, 0x00000000d5b80000)
  object space 87552K, 19% used [0x0000000081200000,0x00000000822dd5a0,0x0000000086780000)
 Metaspace       used 12442K, capacity 12620K, committed 12928K, reserved 1060864K
  class space    used 1555K, capacity 1640K, committed 1664K, reserved 1048576K
Event: 12.403 GC heap after
Heap after GC invocations=4 (full 0):
 PSYoungGen      total 38400K, used 3416K [0x00000000d5b80000, 0x00000000d8600000, 0x0000000100000000)
  eden space 33280K, 0% used [0x00000000d5b80000,0x00000000d5b80000,0x00000000d7c00000)
  from space 5120K, 66% used [0x00000000d8100000,0x00000000d8456030,0x00000000d8600000)
  to   space 5120K, 0% used [0x00000000d7c00000,0x00000000d7c00000,0x00000000d8100000)
 ParOldGen       total 87552K, used 17277K [0x0000000081200000, 0x0000000086780000, 0x00000000d5b80000)
  object space 87552K, 19% used [0x0000000081200000,0x00000000822df5a0,0x0000000086780000)
 Metaspace       used 12442K, capacity 12620K, committed 12928K, reserved 1060864K
  class space    used 1555K, capacity 1640K, committed 1664K, reserved 1048576K
}
Event: 14.214 GC heap before
{Heap before GC invocations=5 (full 0):
 PSYoungGen      total 38400K, used 36537K [0x00000000d5b80000, 0x00000000d8600000, 0x0000000100000000)
  eden space 33280K, 99% used [0x00000000d5b80000,0x00000000d7bd8760,0x00000000d7c00000)
  from space 5120K, 66% used [0x00000000d8100000,0x00000000d8456030,0x00000000d8600000)
  to   space 5120K, 0% used [0x00000000d7c00000,0x00000000d7c00000,0x00000000d8100000)
 ParOldGen       total 87552K, used 17277K [0x0000000081200000, 0x0000000086780000, 0x00000000d5b80000)
  object space 87552K, 19% used [0x0000000081200000,0x00000000822df5a0,0x0000000086780000)
 Metaspace       used 12445K, capacity 12620K, committed 12928K, reserved 1060864K
  class space    used 1555K, capacity 1640K, committed 1664K, reserved 1048576K
Event: 14.216 GC heap after
Heap after GC invocations=5 (full 0):
 PSYoungGen      total 37888K, used 3384K [0x00000000d5b80000, 0x00000000d8780000, 0x0000000100000000)
  eden space 32768K, 0% used [0x00000000d5b80000,0x00000000d5b80000,0x00000000d7b80000)
  from space 5120K, 66% used [0x00000000d7c00000,0x00000000d7f4e030,0x00000000d8100000)
  to   space 6144K, 0% used [0x00000000d8180000,0x00000000d8180000,0x00000000d8780000)
 ParOldGen       total 87552K, used 17277K [0x0000000081200000, 0x0000000086780000, 0x00000000d5b80000)
  object space 87552K, 19% used [0x0000000081200000,0x00000000822df5a0,0x0000000086780000)
 Metaspace       used 12445K, capacity 12620K, committed 12928K, reserved 1060864K
  class space    used 1555K, capacity 1640K, committed 1664K, reserved 1048576K
}
Event: 16.033 GC heap before
{Heap before GC invocations=6 (full 0):
 PSYoungGen      total 37888K, used 35709K [0x00000000d5b80000, 0x00000000d8780000, 0x0000000100000000)
  eden space 32768K, 98% used [0x00000000d5b80000,0x00000000d7b11670,0x00000000d7b80000)
  from space 5120K, 66% used [0x00000000d7c00000,0x00000000d7f4e030,0x00000000d8100000)
  to   space 6144K, 0% used [0x00000000d8180000,0x00000000d8180000,0x00000000d8780000)
 ParOldGen       total 87552K, used 17277K [0x0000000081200000, 0x0000000086780000, 0x00000000d5b80000)
  object space 87552K, 19% used [0x0000000081200000,0x00000000822df5a0,0x0000000086780000)
 Metaspace       used 12461K, capacity 12684K, committed 12928K, reserved 1060864K
  class space    used 1555K, capacity 1640K, committed 1664K, reserved 1048576K
Event: 16.035 GC heap after
Heap after GC invocations=6 (full 0):
 PSYoungGen      total 37888K, used 2516K [0x00000000d5b80000, 0x00000000d8700000, 0x0000000100000000)
  eden space 32256K, 0% used [0x00000000d5b80000,0x00000000d5b80000,0x00000000d7b00000)
  from space 5632K, 44% used [0x00000000d8180000,0x00000000d83f5020,0x00000000d8700000)
  to   space 6144K, 0% used [0x00000000d7b00000,0x00000000d7b00000,0x00000000d8100000)
 ParOldGen       total 87552K, used 17285K [0x0000000081200000, 0x0000000086780000, 0x00000000d5b80000)
  object space 87552K, 19% used [0x0000000081200000,0x00000000822e15a0,0x0000000086780000)
 Metaspace       used 12461K, capacity 12684K, committed 12928K, reserved 1060864K
  class space    used 1555K, capacity 1640K, committed 1664K, reserved 1048576K
}
Event: 17.745 GC heap before
{Heap before GC invocations=7 (full 0):
 PSYoungGen      total 37888K, used 34676K [0x00000000d5b80000, 0x00000000d8700000, 0x0000000100000000)
  eden space 32256K, 99% used [0x00000000d5b80000,0x00000000d7ae8228,0x00000000d7b00000)
  from space 5632K, 44% used [0x00000000d8180000,0x00000000d83f5020,0x00000000d8700000)
  to   space 6144K, 0% used [0x00000000d7b00000,0x00000000d7b00000,0x00000000d8100000)
 ParOldGen       total 87552K, used 17285K [0x0000000081200000, 0x0000000086780000, 0x00000000d5b80000)
  object space 87552K, 19% used [0x0000000081200000,0x00000000822e15a0,0x0000000086780000)
 Metaspace       used 12465K, capacity 12684K, committed 12928K, reserved 1060864K
  class space    used 1555K, capacity 1640K, committed 1664K, reserved 1048576K
Event: 17.747 GC heap after
Heap after GC invocations=7 (full 0):
 PSYoungGen      total 33792K, used 1928K [0x00000000d5b80000, 0x00000000d8680000, 0x0000000100000000)
  eden space 31744K, 0% used [0x00000000d5b80000,0x00000000d5b80000,0x00000000d7a80000)
  from space 2048K, 94% used [0x00000000d7b00000,0x00000000d7ce2020,0x00000000d7d00000)
  to   space 6144K, 0% used [0x00000000d8080000,0x00000000d8080000,0x00000000d8680000)
 ParOldGen       total 87552K, used 18789K [0x0000000081200000, 0x0000000086780000, 0x00000000d5b80000)
  object space 87552K, 21% used [0x0000000081200000,0x00000000824595f0,0x0000000086780000)
 Metaspace       used 12465K, capacity 12684K, committed 12928K, reserved 1060864K
  class space    used 1555K, capacity 1640K, committed 1664K, reserved 1048576K
}
Event: 19.457 GC heap before
{Heap before GC invocations=8 (full 0):
 PSYoungGen      total 33792K, used 33573K [0x00000000d5b80000, 0x00000000d8680000, 0x0000000100000000)
  eden space 31744K, 99% used [0x00000000d5b80000,0x00000000d7a676e0,0x00000000d7a80000)
  from space 2048K, 94% used [0x00000000d7b00000,0x00000000d7ce2020,0x00000000d7d00000)
  to   space 6144K, 0% used [0x00000000d8080000,0x00000000d8080000,0x00000000d8680000)
 ParOldGen       total 87552K, used 18789K [0x0000000081200000, 0x0000000086780000, 0x00000000d5b80000)
  object space 87552K, 21% used [0x0000000081200000,0x00000000824595f0,0x0000000086780000)
 Metaspace       used 12483K, capacity 12684K, committed 12928K, reserved 1060864K
  class space    used 1555K, capacity 1640K, committed 1664K, reserved 1048576K
Event: 19.458 GC heap after
Heap after GC invocations=8 (full 0):
 PSYoungGen      total 36864K, used 2860K [0x00000000d5b80000, 0x00000000d8600000, 0x0000000100000000)
  eden space 31232K, 0% used [0x00000000d5b80000,0x00000000d5b80000,0x00000000d7a00000)
  from space 5632K, 50% used [0x00000000d8080000,0x00000000d834b030,0x00000000d8600000)
  to   space 6144K, 0% used [0x00000000d7a00000,0x00000000d7a00000,0x00000000d8000000)
 ParOldGen       total 87552K, used 18797K [0x0000000081200000, 0x0000000086780000, 0x00000000d5b80000)
  object space 87552K, 21% used [0x0000000081200000,0x000000008245b5f0,0x0000000086780000)
 Metaspace       used 12483K, capacity 12684K, committed 12928K, reserved 1060864K
  class space    used 1555K, capacity 1640K, committed 1664K, reserved 1048576K
}

