# JRE version: Java(TM) SE Runtime Environment (8.0_131-b11) (build 1.8.0_131-b11)
# Java VM: Java HotSpot(TM) 64-Bit Server VM (25.131-b11 mixed mode windows-amd64 compressed oops)
Heap:
 PSYoungGen      total 31744K, used 5472K [0x00000000d5b80000, 0x00000000d8180000, 0x0000000100000000)
  eden space 27648K, 6% used [0x00000000d5b80000,0x00000000d5d34030,0x00000000d7680000)
  from space 4096K, 91% used [0x00000000d7700000,0x00000000d7aa4040,0x00000000d7b00000)
  to   space 5632K, 0% used [0x00000000d7c00000,0x00000000d7c00000,0x00000000d8180000)
 ParOldGen       total 87552K, used 19783K [0x0000000081200000, 0x0000000086780000, 0x00000000d5b80000)
  object space 87552K, 22% used [0x0000000081200000,0x0000000082551f48,0x0000000086780000)
 Metaspace       used 12617K, capacity 12820K, committed 12928K, reserved 1060864K
  class space    used 1555K, capacity 1640K, committed 1664K, reserved 1048576K
GC Heap History (10 events):
Event: 24.744 GC heap before
{Heap before GC invocations=11 (full 0):
 PSYoungGen      total 35328K, used 32226K [0x00000000d5b80000, 0x00000000d8500000, 0x0000000100000000)
  eden space 30208K, 97% used [0x00000000d5b80000,0x00000000d7835808,0x00000000d7900000)
  from space 5120K, 55% used [0x00000000d8000000,0x00000000d82c3030,0x00000000d8500000)
  to   space 6144K, 0% used [0x00000000d7900000,0x00000000d7900000,0x00000000d7f00000)
 ParOldGen       total 87552K, used 19687K [0x0000000081200000, 0x0000000086780000, 0x00000000d5b80000)
  object space 87552K, 22% used [0x0000000081200000,0x0000000082539f48,0x0000000086780000)
 Metaspace       used 12485K, capacity 12684K, committed 12928K, reserved 1060864K
  class space    used 1555K, capacity 1640K, committed 1664K, reserved 1048576K
Event: 24.745 GC heap after
Heap after GC invocations=11 (full 0):
 PSYoungGen      total 31744K, used 1928K [0x00000000d5b80000, 0x00000000d8480000, 0x0000000100000000)
  eden space 29696K, 0% used [0x00000000d5b80000,0x00000000d5b80000,0x00000000d7880000)
  from space 2048K, 94% used [0x00000000d7900000,0x00000000d7ae2020,0x00000000d7b00000)
  to   space 6144K, 0% used [0x00000000d7e80000,0x00000000d7e80000,0x00000000d8480000)
 ParOldGen       total 87552K, used 19703K [0x0000000081200000, 0x0000000086780000, 0x00000000d5b80000)
  object space 87552K, 22% used [0x0000000081200000,0x000000008253df48,0x0000000086780000)
 Metaspace       used 12485K, capacity 12684K, committed 12928K, reserved 1060864K
  class space    used 1555K, capacity 1640K, committed 1664K, reserved 1048576K
}
Event: 26.358 GC heap before
{Heap before GC invocations=12 (full 0):
 PSYoungGen      total 31744K, used 31314K [0x00000000d5b80000, 0x00000000d8480000, 0x0000000100000000)
  eden space 29696K, 98% used [0x00000000d5b80000,0x00000000d7832a80,0x00000000d7880000)
  from space 2048K, 94% used [0x00000000d7900000,0x00000000d7ae2020,0x00000000d7b00000)
  to   space 6144K, 0% used [0x00000000d7e80000,0x00000000d7e80000,0x00000000d8480000)
 ParOldGen       total 87552K, used 19703K [0x0000000081200000, 0x0000000086780000, 0x00000000d5b80000)
  object space 87552K, 22% used [0x0000000081200000,0x000000008253df48,0x0000000086780000)
 Metaspace       used 12487K, capacity 12684K, committed 12928K, reserved 1060864K
  class space    used 1555K, capacity 1640K, committed 1664K, reserved 1048576K
Event: 26.359 GC heap after
Heap after GC invocations=12 (full 0):
 PSYoungGen      total 34816K, used 2828K [0x00000000d5b80000, 0x00000000d8400000, 0x0000000100000000)
  eden space 29184K, 0% used [0x00000000d5b80000,0x00000000d5b80000,0x00000000d7800000)
  from space 5632K, 50% used [0x00000000d7e80000,0x00000000d8143030,0x00000000d8400000)
  to   space 6144K, 0% used [0x00000000d7800000,0x00000000d7800000,0x00000000d7e00000)
 ParOldGen       total 87552K, used 19727K [0x0000000081200000, 0x0000000086780000, 0x00000000d5b80000)
  object space 87552K, 22% used [0x0000000081200000,0x0000000082543f48,0x0000000086780000)
 Metaspace       used 12487K, capacity 12684K, committed 12928K, reserved 1060864K
  class space    used 1555K, capacity 1640K, committed 1664K, reserved 1048576K
}
Event: 27.871 GC heap before
{Heap before GC invocations=13 (full 0):
 PSYoungGen      total 34816K, used 31306K [0x00000000d5b80000, 0x00000000d8400000, 0x0000000100000000)
  eden space 29184K, 97% used [0x00000000d5b80000,0x00000000d774f988,0x00000000d7800000)
  from space 5632K, 50% used [0x00000000d7e80000,0x00000000d8143030,0x00000000d8400000)
  to   space 6144K, 0% used [0x00000000d7800000,0x00000000d7800000,0x00000000d7e00000)
 ParOldGen       total 87552K, used 19727K [0x0000000081200000, 0x0000000086780000, 0x00000000d5b80000)
  object space 87552K, 22% used [0x0000000081200000,0x0000000082543f48,0x0000000086780000)
 Metaspace       used 12491K, capacity 12684K, committed 12928K, reserved 1060864K
  class space    used 1555K, capacity 1640K, committed 1664K, reserved 1048576K
Event: 27.872 GC heap after
Heap after GC invocations=13 (full 0):
 PSYoungGen      total 32768K, used 3728K [0x00000000d5b80000, 0x00000000d8380000, 0x0000000100000000)
  eden space 28672K, 0% used [0x00000000d5b80000,0x00000000d5b80000,0x00000000d7780000)
  from space 4096K, 91% used [0x00000000d7800000,0x00000000d7ba4040,0x00000000d7c00000)
  to   space 6144K, 0% used [0x00000000d7d80000,0x00000000d7d80000,0x00000000d8380000)
 ParOldGen       total 87552K, used 19743K [0x0000000081200000, 0x0000000086780000, 0x00000000d5b80000)
  object space 87552K, 22% used [0x0000000081200000,0x0000000082547f48,0x0000000086780000)
 Metaspace       used 12491K, capacity 12684K, committed 12928K, reserved 1060864K
  class space    used 1555K, capacity 1640K, committed 1664K, reserved 1048576K
}
Event: 29.381 GC heap before
{Heap before GC invocations=14 (full 0):
 PSYoungGen      total 32768K, used 31633K [0x00000000d5b80000, 0x00000000d8380000, 0x0000000100000000)
  eden space 28672K, 97% used [0x00000000d5b80000,0x00000000d76c0600,0x00000000d7780000)
  from space 4096K, 91% used [0x00000000d7800000,0x00000000d7ba4040,0x00000000d7c00000)
  to   space 6144K, 0% used [0x00000000d7d80000,0x00000000d7d80000,0x00000000d8380000)
 ParOldGen       total 87552K, used 19743K [0x0000000081200000, 0x0000000086780000, 0x00000000d5b80000)
  object space 87552K, 22% used [0x0000000081200000,0x0000000082547f48,0x0000000086780000)
 Metaspace       used 12594K, capacity 12820K, committed 12928K, reserved 1060864K
  class space    used 1555K, capacity 1640K, committed 1664K, reserved 1048576K
Event: 29.383 GC heap after
Heap after GC invocations=14 (full 0):
 PSYoungGen      total 33792K, used 3728K [0x00000000d5b80000, 0x00000000d8300000, 0x0000000100000000)
  eden space 28160K, 0% used [0x00000000d5b80000,0x00000000d5b80000,0x00000000d7700000)
  from space 5632K, 66% used [0x00000000d7d80000,0x00000000d8124040,0x00000000d8300000)
  to   space 6144K, 0% used [0x00000000d7700000,0x00000000d7700000,0x00000000d7d00000)
 ParOldGen       total 87552K, used 19767K [0x0000000081200000, 0x0000000086780000, 0x00000000d5b80000)
  object space 87552K, 22% used [0x0000000081200000,0x000000008254df48,0x0000000086780000)
 Metaspace       used 12594K, capacity 12820K, committed 12928K, reserved 1060864K
  class space    used 1555K, capacity 1640K, committed 1664K, reserved 1048576K
}
Event: 30.896 GC heap before
{Heap before GC invocations=15 (full 0):
 PSYoungGen      total 33792K, used 31499K [0x00000000d5b80000, 0x00000000d8300000, 0x0000000100000000)
  eden space 28160K, 98% used [0x00000000d5b80000,0x00000000d769ebf0,0x00000000d7700000)
  from space 5632K, 66% used [0x00000000d7d80000,0x00000000d8124040,0x00000000d8300000)
  to   space 6144K, 0% used [0x00000000d7700000,0x00000000d7700000,0x00000000d7d00000)
 ParOldGen       total 87552K, used 19767K [0x0000000081200000, 0x0000000086780000, 0x00000000d5b80000)
  object space 87552K, 22% used [0x0000000081200000,0x000000008254df48,0x0000000086780000)
 Metaspace       used 12616K, capacity 12820K, committed 12928K, reserved 1060864K
  class space    used 1555K, capacity 1640K, committed 1664K, reserved 1048576K
Event: 30.897 GC heap after
Heap after GC invocations=15 (full 0):
 PSYoungGen      total 31744K, used 3728K [0x00000000d5b80000, 0x00000000d8180000, 0x0000000100000000)
  eden space 27648K, 0% used [0x00000000d5b80000,0x00000000d5b80000,0x00000000d7680000)
  from space 4096K, 91% used [0x00000000d7700000,0x00000000d7aa4040,0x00000000d7b00000)
  to   space 5632K, 0% used [0x00000000d7c00000,0x00000000d7c00000,0x00000000d8180000)
 ParOldGen       total 87552K, used 19783K [0x0000000081200000, 0x0000000086780000, 0x00000000d5b80000)
  object space 87552K, 22% used [0x0000000081200000,0x0000000082551f48,0x0000000086780000)
 Metaspace       used 12616K, capacity 12820K, committed 12928K, reserved 1060864K
  class space    used 1555K, capacity 1640K, committed 1664K, reserved 1048576K
}

