# JRE version: Java(TM) SE Runtime Environment (8.0_131-b11) (build 1.8.0_131-b11)
# Java VM: Java HotSpot(TM) 64-Bit Server VM (25.131-b11 mixed mode windows-amd64 compressed oops)
Heap:
 PSYoungGen      total 35328K, used 21773K [0x00000000d5b80000, 0x00000000d8300000, 0x0000000100000000)
  eden space 31232K, 59% used [0x00000000d5b80000,0x00000000d6daf600,0x00000000d7a00000)
  from space 4096K, 76% used [0x00000000d7f00000,0x00000000d8213e00,0x00000000d8300000)
  to   space 4608K, 0% used [0x00000000d7a00000,0x00000000d7a00000,0x00000000d7e80000)
 ParOldGen       total 87552K, used 34021K [0x0000000081200000, 0x0000000086780000, 0x00000000d5b80000)
  object space 87552K, 38% used [0x0000000081200000,0x0000000083339740,0x0000000086780000)
 Metaspace       used 11861K, capacity 12070K, committed 12416K, reserved 1060864K
  class space    used 1448K, capacity 1543K, committed 1664K, reserved 1048576K
GC Heap History (10 events):
Event: 11.203 GC heap before
{Heap before GC invocations=4 (full 0):
 PSYoungGen      total 38400K, used 36157K [0x00000000d5b80000, 0x00000000d8600000, 0x0000000100000000)
  eden space 33280K, 99% used [0x00000000d5b80000,0x00000000d7be52e8,0x00000000d7c00000)
  from space 5120K, 58% used [0x00000000d7c00000,0x00000000d7eea1e0,0x00000000d8100000)
  to   space 5120K, 0% used [0x00000000d8100000,0x00000000d8100000,0x00000000d8600000)
 ParOldGen       total 87552K, used 14858K [0x0000000081200000, 0x0000000086780000, 0x00000000d5b80000)
  object space 87552K, 16% used [0x0000000081200000,0x0000000082082bd8,0x0000000086780000)
 Metaspace       used 11718K, capacity 11910K, committed 12032K, reserved 1060864K
  class space    used 1445K, capacity 1511K, committed 1536K, reserved 1048576K
Event: 11.205 GC heap after
Heap after GC invocations=4 (full 0):
 PSYoungGen      total 38400K, used 2984K [0x00000000d5b80000, 0x00000000d8600000, 0x0000000100000000)
  eden space 33280K, 0% used [0x00000000d5b80000,0x00000000d5b80000,0x00000000d7c00000)
  from space 5120K, 58% used [0x00000000d8100000,0x00000000d83ea078,0x00000000d8600000)
  to   space 5120K, 0% used [0x00000000d7c00000,0x00000000d7c00000,0x00000000d8100000)
 ParOldGen       total 87552K, used 14866K [0x0000000081200000, 0x0000000086780000, 0x00000000d5b80000)
  object space 87552K, 16% used [0x0000000081200000,0x0000000082084bd8,0x0000000086780000)
 Metaspace       used 11718K, capacity 11910K, committed 12032K, reserved 1060864K
  class space    used 1445K, capacity 1511K, committed 1536K, reserved 1048576K
}
Event: 12.099 GC heap before
{Heap before GC invocations=5 (full 0):
 PSYoungGen      total 38400K, used 35917K [0x00000000d5b80000, 0x00000000d8600000, 0x0000000100000000)
  eden space 33280K, 98% used [0x00000000d5b80000,0x00000000d7ba9510,0x00000000d7c00000)
  from space 5120K, 58% used [0x00000000d8100000,0x00000000d83ea078,0x00000000d8600000)
  to   space 5120K, 0% used [0x00000000d7c00000,0x00000000d7c00000,0x00000000d8100000)
 ParOldGen       total 87552K, used 14866K [0x0000000081200000, 0x0000000086780000, 0x00000000d5b80000)
  object space 87552K, 16% used [0x0000000081200000,0x0000000082084bd8,0x0000000086780000)
 Metaspace       used 11734K, capacity 11910K, committed 12032K, reserved 1060864K
  class space    used 1445K, capacity 1511K, committed 1536K, reserved 1048576K
Event: 12.101 GC heap after
Heap after GC invocations=5 (full 0):
 PSYoungGen      total 35840K, used 2985K [0x00000000d5b80000, 0x00000000d8380000, 0x0000000100000000)
  eden space 32768K, 0% used [0x00000000d5b80000,0x00000000d5b80000,0x00000000d7b80000)
  from space 3072K, 97% used [0x00000000d7c00000,0x00000000d7eea478,0x00000000d7f00000)
  to   space 4096K, 0% used [0x00000000d7f80000,0x00000000d7f80000,0x00000000d8380000)
 ParOldGen       total 87552K, used 14874K [0x0000000081200000, 0x0000000086780000, 0x00000000d5b80000)
  object space 87552K, 16% used [0x0000000081200000,0x0000000082086bd8,0x0000000086780000)
 Metaspace       used 11734K, capacity 11910K, committed 12032K, reserved 1060864K
  class space    used 1445K, capacity 1511K, committed 1536K, reserved 1048576K
}
Event: 13.069 GC heap before
{Heap before GC invocations=6 (full 0):
 PSYoungGen      total 35840K, used 35753K [0x00000000d5b80000, 0x00000000d8380000, 0x0000000100000000)
  eden space 32768K, 100% used [0x00000000d5b80000,0x00000000d7b80000,0x00000000d7b80000)
  from space 3072K, 97% used [0x00000000d7c00000,0x00000000d7eea478,0x00000000d7f00000)
  to   space 4096K, 0% used [0x00000000d7f80000,0x00000000d7f80000,0x00000000d8380000)
 ParOldGen       total 87552K, used 14874K [0x0000000081200000, 0x0000000086780000, 0x00000000d5b80000)
  object space 87552K, 16% used [0x0000000081200000,0x0000000082086bd8,0x0000000086780000)
 Metaspace       used 11813K, capacity 11974K, committed 12032K, reserved 1060864K
  class space    used 1446K, capacity 1511K, committed 1536K, reserved 1048576K
Event: 13.078 GC heap after
Heap after GC invocations=6 (full 0):
 PSYoungGen      total 36352K, used 3883K [0x00000000d5b80000, 0x00000000d8400000, 0x0000000100000000)
  eden space 32256K, 0% used [0x00000000d5b80000,0x00000000d5b80000,0x00000000d7b00000)
  from space 4096K, 94% used [0x00000000d7f80000,0x00000000d834afa0,0x00000000d8380000)
  to   space 4608K, 0% used [0x00000000d7b00000,0x00000000d7b00000,0x00000000d7f80000)
 ParOldGen       total 87552K, used 32349K [0x0000000081200000, 0x0000000086780000, 0x00000000d5b80000)
  object space 87552K, 36% used [0x0000000081200000,0x0000000083197798,0x0000000086780000)
 Metaspace       used 11813K, capacity 11974K, committed 12032K, reserved 1060864K
  class space    used 1446K, capacity 1511K, committed 1536K, reserved 1048576K
}
Event: 13.990 GC heap before
{Heap before GC invocations=7 (full 0):
 PSYoungGen      total 36352K, used 36139K [0x00000000d5b80000, 0x00000000d8400000, 0x0000000100000000)
  eden space 32256K, 100% used [0x00000000d5b80000,0x00000000d7b00000,0x00000000d7b00000)
  from space 4096K, 94% used [0x00000000d7f80000,0x00000000d834afa0,0x00000000d8380000)
  to   space 4608K, 0% used [0x00000000d7b00000,0x00000000d7b00000,0x00000000d7f80000)
 ParOldGen       total 87552K, used 32349K [0x0000000081200000, 0x0000000086780000, 0x00000000d5b80000)
  object space 87552K, 36% used [0x0000000081200000,0x0000000083197798,0x0000000086780000)
 Metaspace       used 11826K, capacity 11974K, committed 12032K, reserved 1060864K
  class space    used 1446K, capacity 1511K, committed 1536K, reserved 1048576K
Event: 13.993 GC heap after
Heap after GC invocations=7 (full 0):
 PSYoungGen      total 34304K, used 2284K [0x00000000d5b80000, 0x00000000d8380000, 0x0000000100000000)
  eden space 31744K, 0% used [0x00000000d5b80000,0x00000000d5b80000,0x00000000d7a80000)
  from space 2560K, 89% used [0x00000000d7b00000,0x00000000d7d3b280,0x00000000d7d80000)
  to   space 4608K, 0% used [0x00000000d7f00000,0x00000000d7f00000,0x00000000d8380000)
 ParOldGen       total 87552K, used 34005K [0x0000000081200000, 0x0000000086780000, 0x00000000d5b80000)
  object space 87552K, 38% used [0x0000000081200000,0x0000000083335740,0x0000000086780000)
 Metaspace       used 11826K, capacity 11974K, committed 12032K, reserved 1060864K
  class space    used 1446K, capacity 1511K, committed 1536K, reserved 1048576K
}
Event: 14.934 GC heap before
{Heap before GC invocations=8 (full 0):
 PSYoungGen      total 34304K, used 34028K [0x00000000d5b80000, 0x00000000d8380000, 0x0000000100000000)
  eden space 31744K, 100% used [0x00000000d5b80000,0x00000000d7a80000,0x00000000d7a80000)
  from space 2560K, 89% used [0x00000000d7b00000,0x00000000d7d3b280,0x00000000d7d80000)
  to   space 4608K, 0% used [0x00000000d7f00000,0x00000000d7f00000,0x00000000d8380000)
 ParOldGen       total 87552K, used 34005K [0x0000000081200000, 0x0000000086780000, 0x00000000d5b80000)
  object space 87552K, 38% used [0x0000000081200000,0x0000000083335740,0x0000000086780000)
 Metaspace       used 11843K, capacity 12038K, committed 12288K, reserved 1060864K
  class space    used 1446K, capacity 1511K, committed 1536K, reserved 1048576K
Event: 14.935 GC heap after
Heap after GC invocations=8 (full 0):
 PSYoungGen      total 35328K, used 3151K [0x00000000d5b80000, 0x00000000d8300000, 0x0000000100000000)
  eden space 31232K, 0% used [0x00000000d5b80000,0x00000000d5b80000,0x00000000d7a00000)
  from space 4096K, 76% used [0x00000000d7f00000,0x00000000d8213e00,0x00000000d8300000)
  to   space 4608K, 0% used [0x00000000d7a00000,0x00000000d7a00000,0x00000000d7e80000)
 ParOldGen       total 87552K, used 34021K [0x0000000081200000, 0x0000000086780000, 0x00000000d5b80000)
  object space 87552K, 38% used [0x0000000081200000,0x0000000083339740,0x0000000086780000)
 Metaspace       used 11843K, capacity 12038K, committed 12288K, reserved 1060864K
  class space    used 1446K, capacity 1511K, committed 1536K, reserved 1048576K
}

