# JRE version: Java(TM) SE Runtime Environment (8.0_131-b11) (build 1.8.0_131-b11)
# Java VM: Java HotSpot(TM) 64-Bit Server VM (25.131-b11 mixed mode windows-amd64 compressed oops)
Heap:
 PSYoungGen      total 34816K, used 21673K [0x00000000d5b80000, 0x00000000d8480000, 0x0000000100000000)
  eden space 30720K, 58% used [0x00000000d5b80000,0x00000000d6d066a8,0x00000000d7980000)
  from space 4096K, 91% used [0x00000000d7a00000,0x00000000d7da4040,0x00000000d7e00000)
  to   space 5632K, 0% used [0x00000000d7f00000,0x00000000d7f00000,0x00000000d8480000)
 ParOldGen       total 87552K, used 18942K [0x0000000081200000, 0x0000000086780000, 0x00000000d5b80000)
  object space 87552K, 21% used [0x0000000081200000,0x000000008247f948,0x0000000086780000)
 Metaspace       used 12599K, capacity 12812K, committed 12928K, reserved 1060864K
  class space    used 1555K, capacity 1640K, committed 1664K, reserved 1048576K
GC Heap History (10 events):
Event: 14.025 GC heap before
{Heap before GC invocations=5 (full 0):
 PSYoungGen      total 38400K, used 35763K [0x00000000d5b80000, 0x00000000d8600000, 0x0000000100000000)
  eden space 33280K, 99% used [0x00000000d5b80000,0x00000000d7bfbeb0,0x00000000d7c00000)
  from space 5120K, 48% used [0x00000000d8100000,0x00000000d8371010,0x00000000d8600000)
  to   space 5120K, 0% used [0x00000000d7c00000,0x00000000d7c00000,0x00000000d8100000)
 ParOldGen       total 87552K, used 17374K [0x0000000081200000, 0x0000000086780000, 0x00000000d5b80000)
  object space 87552K, 19% used [0x0000000081200000,0x00000000822f78f8,0x0000000086780000)
 Metaspace       used 12535K, capacity 12748K, committed 12928K, reserved 1060864K
  class space    used 1555K, capacity 1640K, committed 1664K, reserved 1048576K
Event: 14.028 GC heap after
Heap after GC invocations=5 (full 0):
 PSYoungGen      total 37888K, used 2516K [0x00000000d5b80000, 0x00000000d8780000, 0x0000000100000000)
  eden space 32768K, 0% used [0x00000000d5b80000,0x00000000d5b80000,0x00000000d7b80000)
  from space 5120K, 49% used [0x00000000d7c00000,0x00000000d7e75020,0x00000000d8100000)
  to   space 6144K, 0% used [0x00000000d8180000,0x00000000d8180000,0x00000000d8780000)
 ParOldGen       total 87552K, used 17374K [0x0000000081200000, 0x0000000086780000, 0x00000000d5b80000)
  object space 87552K, 19% used [0x0000000081200000,0x00000000822f78f8,0x0000000086780000)
 Metaspace       used 12535K, capacity 12748K, committed 12928K, reserved 1060864K
  class space    used 1555K, capacity 1640K, committed 1664K, reserved 1048576K
}
Event: 16.060 GC heap before
{Heap before GC invocations=6 (full 0):
 PSYoungGen      total 37888K, used 34883K [0x00000000d5b80000, 0x00000000d8780000, 0x0000000100000000)
  eden space 32768K, 98% used [0x00000000d5b80000,0x00000000d7b1bf40,0x00000000d7b80000)
  from space 5120K, 49% used [0x00000000d7c00000,0x00000000d7e75020,0x00000000d8100000)
  to   space 6144K, 0% used [0x00000000d8180000,0x00000000d8180000,0x00000000d8780000)
 ParOldGen       total 87552K, used 17374K [0x0000000081200000, 0x0000000086780000, 0x00000000d5b80000)
  object space 87552K, 19% used [0x0000000081200000,0x00000000822f78f8,0x0000000086780000)
 Metaspace       used 12557K, capacity 12748K, committed 12928K, reserved 1060864K
  class space    used 1555K, capacity 1640K, committed 1664K, reserved 1048576K
Event: 16.068 GC heap after
Heap after GC invocations=6 (full 0):
 PSYoungGen      total 36864K, used 3368K [0x00000000d5b80000, 0x00000000d8600000, 0x0000000100000000)
  eden space 32256K, 0% used [0x00000000d5b80000,0x00000000d5b80000,0x00000000d7b00000)
  from space 4608K, 73% used [0x00000000d8180000,0x00000000d84ca040,0x00000000d8600000)
  to   space 5632K, 0% used [0x00000000d7b00000,0x00000000d7b00000,0x00000000d8080000)
 ParOldGen       total 87552K, used 17382K [0x0000000081200000, 0x0000000086780000, 0x00000000d5b80000)
  object space 87552K, 19% used [0x0000000081200000,0x00000000822f98f8,0x0000000086780000)
 Metaspace       used 12557K, capacity 12748K, committed 12928K, reserved 1060864K
  class space    used 1555K, capacity 1640K, committed 1664K, reserved 1048576K
}
Event: 18.209 GC heap before
{Heap before GC invocations=7 (full 0):
 PSYoungGen      total 36864K, used 35586K [0x00000000d5b80000, 0x00000000d8600000, 0x0000000100000000)
  eden space 32256K, 99% used [0x00000000d5b80000,0x00000000d7af6940,0x00000000d7b00000)
  from space 4608K, 73% used [0x00000000d8180000,0x00000000d84ca040,0x00000000d8600000)
  to   space 5632K, 0% used [0x00000000d7b00000,0x00000000d7b00000,0x00000000d8080000)
 ParOldGen       total 87552K, used 17382K [0x0000000081200000, 0x0000000086780000, 0x00000000d5b80000)
  object space 87552K, 19% used [0x0000000081200000,0x00000000822f98f8,0x0000000086780000)
 Metaspace       used 12566K, capacity 12748K, committed 12928K, reserved 1060864K
  class space    used 1555K, capacity 1640K, committed 1664K, reserved 1048576K
Event: 18.212 GC heap after
Heap after GC invocations=7 (full 0):
 PSYoungGen      total 33280K, used 1060K [0x00000000d5b80000, 0x00000000d8580000, 0x0000000100000000)
  eden space 31744K, 0% used [0x00000000d5b80000,0x00000000d5b80000,0x00000000d7a80000)
  from space 1536K, 69% used [0x00000000d7b00000,0x00000000d7c09010,0x00000000d7c80000)
  to   space 5632K, 0% used [0x00000000d8000000,0x00000000d8000000,0x00000000d8580000)
 ParOldGen       total 87552K, used 18886K [0x0000000081200000, 0x0000000086780000, 0x00000000d5b80000)
  object space 87552K, 21% used [0x0000000081200000,0x0000000082471948,0x0000000086780000)
 Metaspace       used 12566K, capacity 12748K, committed 12928K, reserved 1060864K
  class space    used 1555K, capacity 1640K, committed 1664K, reserved 1048576K
}
Event: 20.073 GC heap before
{Heap before GC invocations=8 (full 0):
 PSYoungGen      total 33280K, used 32337K [0x00000000d5b80000, 0x00000000d8580000, 0x0000000100000000)
  eden space 31744K, 98% used [0x00000000d5b80000,0x00000000d7a0b728,0x00000000d7a80000)
  from space 1536K, 69% used [0x00000000d7b00000,0x00000000d7c09010,0x00000000d7c80000)
  to   space 5632K, 0% used [0x00000000d8000000,0x00000000d8000000,0x00000000d8580000)
 ParOldGen       total 87552K, used 18886K [0x0000000081200000, 0x0000000086780000, 0x00000000d5b80000)
  object space 87552K, 21% used [0x0000000081200000,0x0000000082471948,0x0000000086780000)
 Metaspace       used 12569K, capacity 12748K, committed 12928K, reserved 1060864K
  class space    used 1555K, capacity 1640K, committed 1664K, reserved 1048576K
Event: 20.075 GC heap after
Heap after GC invocations=8 (full 0):
 PSYoungGen      total 36352K, used 2828K [0x00000000d5b80000, 0x00000000d8500000, 0x0000000100000000)
  eden space 31232K, 0% used [0x00000000d5b80000,0x00000000d5b80000,0x00000000d7a00000)
  from space 5120K, 55% used [0x00000000d8000000,0x00000000d82c3030,0x00000000d8500000)
  to   space 5632K, 0% used [0x00000000d7a00000,0x00000000d7a00000,0x00000000d7f80000)
 ParOldGen       total 87552K, used 18918K [0x0000000081200000, 0x0000000086780000, 0x00000000d5b80000)
  object space 87552K, 21% used [0x0000000081200000,0x0000000082479948,0x0000000086780000)
 Metaspace       used 12569K, capacity 12748K, committed 12928K, reserved 1060864K
  class space    used 1555K, capacity 1640K, committed 1664K, reserved 1048576K
}
Event: 21.944 GC heap before
{Heap before GC invocations=9 (full 0):
 PSYoungGen      total 36352K, used 33176K [0x00000000d5b80000, 0x00000000d8500000, 0x0000000100000000)
  eden space 31232K, 97% used [0x00000000d5b80000,0x00000000d7923188,0x00000000d7a00000)
  from space 5120K, 55% used [0x00000000d8000000,0x00000000d82c3030,0x00000000d8500000)
  to   space 5632K, 0% used [0x00000000d7a00000,0x00000000d7a00000,0x00000000d7f80000)
 ParOldGen       total 87552K, used 18918K [0x0000000081200000, 0x0000000086780000, 0x00000000d5b80000)
  object space 87552K, 21% used [0x0000000081200000,0x0000000082479948,0x0000000086780000)
 Metaspace       used 12576K, capacity 12812K, committed 12928K, reserved 1060864K
  class space    used 1555K, capacity 1640K, committed 1664K, reserved 1048576K
Event: 21.949 GC heap after
Heap after GC invocations=9 (full 0):
 PSYoungGen      total 34816K, used 3728K [0x00000000d5b80000, 0x00000000d8480000, 0x0000000100000000)
  eden space 30720K, 0% used [0x00000000d5b80000,0x00000000d5b80000,0x00000000d7980000)
  from space 4096K, 91% used [0x00000000d7a00000,0x00000000d7da4040,0x00000000d7e00000)
  to   space 5632K, 0% used [0x00000000d7f00000,0x00000000d7f00000,0x00000000d8480000)
 ParOldGen       total 87552K, used 18942K [0x0000000081200000, 0x0000000086780000, 0x00000000d5b80000)
  object space 87552K, 21% used [0x0000000081200000,0x000000008247f948,0x0000000086780000)
 Metaspace       used 12576K, capacity 12812K, committed 12928K, reserved 1060864K
  class space    used 1555K, capacity 1640K, committed 1664K, reserved 1048576K
}

