# JRE version: Java(TM) SE Runtime Environment (8.0_131-b11) (build 1.8.0_131-b11)
# Java VM: Java HotSpot(TM) 64-Bit Server VM (25.131-b11 mixed mode windows-amd64 compressed oops)
Heap:
 PSYoungGen      total 60416K, used 36074K [0x00000000d5b80000, 0x00000000d9d00000, 0x0000000100000000)
  eden space 56320K, 57% used [0x00000000d5b80000,0x00000000d7b16b78,0x00000000d9280000)
  from space 4096K, 91% used [0x00000000d9900000,0x00000000d9ca4040,0x00000000d9d00000)
  to   space 5120K, 0% used [0x00000000d9300000,0x00000000d9300000,0x00000000d9800000)
 ParOldGen       total 87552K, used 18815K [0x0000000081200000, 0x0000000086780000, 0x00000000d5b80000)
  object space 87552K, 21% used [0x0000000081200000,0x000000008245ff48,0x0000000086780000)
 Metaspace       used 12632K, capacity 12820K, committed 12928K, reserved 1060864K
  class space    used 1555K, capacity 1640K, committed 1664K, reserved 1048576K
GC Heap History (10 events):
Event: 25.691 GC heap before
{Heap before GC invocations=6 (full 0):
 PSYoungGen      total 68608K, used 68418K [0x00000000d5b80000, 0x00000000da480000, 0x0000000100000000)
  eden space 64512K, 99% used [0x00000000d5b80000,0x00000000d9a769c0,0x00000000d9a80000)
  from space 4096K, 96% used [0x00000000d9c80000,0x00000000da05a020,0x00000000da080000)
  to   space 4096K, 0% used [0x00000000da080000,0x00000000da080000,0x00000000da480000)
 ParOldGen       total 87552K, used 16746K [0x0000000081200000, 0x0000000086780000, 0x00000000d5b80000)
  object space 87552K, 19% used [0x0000000081200000,0x000000008225ab90,0x0000000086780000)
 Metaspace       used 12518K, capacity 12684K, committed 12928K, reserved 1060864K
  class space    used 1555K, capacity 1640K, committed 1664K, reserved 1048576K
Event: 25.710 GC heap after
Heap after GC invocations=6 (full 0):
 PSYoungGen      total 65536K, used 3028K [0x00000000d5b80000, 0x00000000da380000, 0x0000000100000000)
  eden space 62464K, 0% used [0x00000000d5b80000,0x00000000d5b80000,0x00000000d9880000)
  from space 3072K, 98% used [0x00000000da080000,0x00000000da375020,0x00000000da380000)
  to   space 5120K, 0% used [0x00000000d9980000,0x00000000d9980000,0x00000000d9e80000)
 ParOldGen       total 87552K, used 16754K [0x0000000081200000, 0x0000000086780000, 0x00000000d5b80000)
  object space 87552K, 19% used [0x0000000081200000,0x000000008225cb90,0x0000000086780000)
 Metaspace       used 12518K, capacity 12684K, committed 12928K, reserved 1060864K
  class space    used 1555K, capacity 1640K, committed 1664K, reserved 1048576K
}
Event: 30.944 GC heap before
{Heap before GC invocations=7 (full 0):
 PSYoungGen      total 65536K, used 64691K [0x00000000d5b80000, 0x00000000da380000, 0x0000000100000000)
  eden space 62464K, 98% used [0x00000000d5b80000,0x00000000d97b7d68,0x00000000d9880000)
  from space 3072K, 98% used [0x00000000da080000,0x00000000da375020,0x00000000da380000)
  to   space 5120K, 0% used [0x00000000d9980000,0x00000000d9980000,0x00000000d9e80000)
 ParOldGen       total 87552K, used 16754K [0x0000000081200000, 0x0000000086780000, 0x00000000d5b80000)
  object space 87552K, 19% used [0x0000000081200000,0x000000008225cb90,0x0000000086780000)
 Metaspace       used 12534K, capacity 12756K, committed 12928K, reserved 1060864K
  class space    used 1555K, capacity 1640K, committed 1664K, reserved 1048576K
Event: 30.963 GC heap after
Heap after GC invocations=7 (full 0):
 PSYoungGen      total 62464K, used 1092K [0x00000000d5b80000, 0x00000000da200000, 0x0000000100000000)
  eden space 60928K, 0% used [0x00000000d5b80000,0x00000000d5b80000,0x00000000d9700000)
  from space 1536K, 71% used [0x00000000d9980000,0x00000000d9a91010,0x00000000d9b00000)
  to   space 5632K, 0% used [0x00000000d9c80000,0x00000000d9c80000,0x00000000da200000)
 ParOldGen       total 87552K, used 18759K [0x0000000081200000, 0x0000000086780000, 0x00000000d5b80000)
  object space 87552K, 21% used [0x0000000081200000,0x0000000082451f48,0x0000000086780000)
 Metaspace       used 12534K, capacity 12756K, committed 12928K, reserved 1060864K
  class space    used 1555K, capacity 1640K, committed 1664K, reserved 1048576K
}
Event: 35.053 GC heap before
{Heap before GC invocations=8 (full 0):
 PSYoungGen      total 62464K, used 61781K [0x00000000d5b80000, 0x00000000da200000, 0x0000000100000000)
  eden space 60928K, 99% used [0x00000000d5b80000,0x00000000d96c4738,0x00000000d9700000)
  from space 1536K, 71% used [0x00000000d9980000,0x00000000d9a91010,0x00000000d9b00000)
  to   space 5632K, 0% used [0x00000000d9c80000,0x00000000d9c80000,0x00000000da200000)
 ParOldGen       total 87552K, used 18759K [0x0000000081200000, 0x0000000086780000, 0x00000000d5b80000)
  object space 87552K, 21% used [0x0000000081200000,0x0000000082451f48,0x0000000086780000)
 Metaspace       used 12573K, capacity 12756K, committed 12928K, reserved 1060864K
  class space    used 1555K, capacity 1640K, committed 1664K, reserved 1048576K
Event: 35.057 GC heap after
Heap after GC invocations=8 (full 0):
 PSYoungGen      total 63488K, used 3728K [0x00000000d5b80000, 0x00000000da080000, 0x0000000100000000)
  eden space 59392K, 0% used [0x00000000d5b80000,0x00000000d5b80000,0x00000000d9580000)
  from space 4096K, 91% used [0x00000000d9c80000,0x00000000da024040,0x00000000da080000)
  to   space 5632K, 0% used [0x00000000d9580000,0x00000000d9580000,0x00000000d9b00000)
 ParOldGen       total 87552K, used 18783K [0x0000000081200000, 0x0000000086780000, 0x00000000d5b80000)
  object space 87552K, 21% used [0x0000000081200000,0x0000000082457f48,0x0000000086780000)
 Metaspace       used 12573K, capacity 12756K, committed 12928K, reserved 1060864K
  class space    used 1555K, capacity 1640K, committed 1664K, reserved 1048576K
}
Event: 39.837 GC heap before
{Heap before GC invocations=9 (full 0):
 PSYoungGen      total 63488K, used 62560K [0x00000000d5b80000, 0x00000000da080000, 0x0000000100000000)
  eden space 59392K, 99% used [0x00000000d5b80000,0x00000000d94f4188,0x00000000d9580000)
  from space 4096K, 91% used [0x00000000d9c80000,0x00000000da024040,0x00000000da080000)
  to   space 5632K, 0% used [0x00000000d9580000,0x00000000d9580000,0x00000000d9b00000)
 ParOldGen       total 87552K, used 18783K [0x0000000081200000, 0x0000000086780000, 0x00000000d5b80000)
  object space 87552K, 21% used [0x0000000081200000,0x0000000082457f48,0x0000000086780000)
 Metaspace       used 12602K, capacity 12820K, committed 12928K, reserved 1060864K
  class space    used 1555K, capacity 1640K, committed 1664K, reserved 1048576K
Event: 39.844 GC heap after
Heap after GC invocations=9 (full 0):
 PSYoungGen      total 60928K, used 2860K [0x00000000d5b80000, 0x00000000d9e00000, 0x0000000100000000)
  eden space 57856K, 0% used [0x00000000d5b80000,0x00000000d5b80000,0x00000000d9400000)
  from space 3072K, 93% used [0x00000000d9580000,0x00000000d984b030,0x00000000d9880000)
  to   space 5120K, 0% used [0x00000000d9900000,0x00000000d9900000,0x00000000d9e00000)
 ParOldGen       total 87552K, used 18799K [0x0000000081200000, 0x0000000086780000, 0x00000000d5b80000)
  object space 87552K, 21% used [0x0000000081200000,0x000000008245bf48,0x0000000086780000)
 Metaspace       used 12602K, capacity 12820K, committed 12928K, reserved 1060864K
  class space    used 1555K, capacity 1640K, committed 1664K, reserved 1048576K
}
Event: 44.652 GC heap before
{Heap before GC invocations=10 (full 0):
 PSYoungGen      total 60928K, used 59845K [0x00000000d5b80000, 0x00000000d9e00000, 0x0000000100000000)
  eden space 57856K, 98% used [0x00000000d5b80000,0x00000000d9326488,0x00000000d9400000)
  from space 3072K, 93% used [0x00000000d9580000,0x00000000d984b030,0x00000000d9880000)
  to   space 5120K, 0% used [0x00000000d9900000,0x00000000d9900000,0x00000000d9e00000)
 ParOldGen       total 87552K, used 18799K [0x0000000081200000, 0x0000000086780000, 0x00000000d5b80000)
  object space 87552K, 21% used [0x0000000081200000,0x000000008245bf48,0x0000000086780000)
 Metaspace       used 12626K, capacity 12820K, committed 12928K, reserved 1060864K
  class space    used 1555K, capacity 1640K, committed 1664K, reserved 1048576K
Event: 44.658 GC heap after
Heap after GC invocations=10 (full 0):
 PSYoungGen      total 60416K, used 3728K [0x00000000d5b80000, 0x00000000d9d00000, 0x0000000100000000)
  eden space 56320K, 0% used [0x00000000d5b80000,0x00000000d5b80000,0x00000000d9280000)
  from space 4096K, 91% used [0x00000000d9900000,0x00000000d9ca4040,0x00000000d9d00000)
  to   space 5120K, 0% used [0x00000000d9300000,0x00000000d9300000,0x00000000d9800000)
 ParOldGen       total 87552K, used 18815K [0x0000000081200000, 0x0000000086780000, 0x00000000d5b80000)
  object space 87552K, 21% used [0x0000000081200000,0x000000008245ff48,0x0000000086780000)
 Metaspace       used 12626K, capacity 12820K, committed 12928K, reserved 1060864K
  class space    used 1555K, capacity 1640K, committed 1664K, reserved 1048576K
}

