# JRE version: Java(TM) SE Runtime Environment (8.0_131-b11) (build 1.8.0_131-b11)
# Java VM: Java HotSpot(TM) 64-Bit Server VM (25.131-b11 mixed mode windows-amd64 compressed oops)
Heap:
 PSYoungGen      total 28672K, used 10666K [0x00000000d5b80000, 0x00000000d7c00000, 0x0000000100000000)
  eden space 24064K, 32% used [0x00000000d5b80000,0x00000000d63278e0,0x00000000d7300000)
  from space 4608K, 61% used [0x00000000d7780000,0x00000000d7a43030,0x00000000d7c00000)
  to   space 4608K, 0% used [0x00000000d7300000,0x00000000d7300000,0x00000000d7780000)
 ParOldGen       total 87552K, used 18011K [0x0000000081200000, 0x0000000086780000, 0x00000000d5b80000)
  object space 87552K, 20% used [0x0000000081200000,0x0000000082396df0,0x0000000086780000)
 Metaspace       used 13161K, capacity 13428K, committed 13824K, reserved 1060864K
  class space    used 1584K, capacity 1672K, committed 1792K, reserved 1048576K
GC Heap History (10 events):
Event: 72.317 GC heap before
{Heap before GC invocations=48 (full 0):
 PSYoungGen      total 28672K, used 27687K [0x00000000d5b80000, 0x00000000d7c00000, 0x0000000100000000)
  eden space 24064K, 99% used [0x00000000d5b80000,0x00000000d72ddc80,0x00000000d7300000)
  from space 4608K, 81% used [0x00000000d7300000,0x00000000d76ac040,0x00000000d7780000)
  to   space 4608K, 0% used [0x00000000d7780000,0x00000000d7780000,0x00000000d7c00000)
 ParOldGen       total 87552K, used 17955K [0x0000000081200000, 0x0000000086780000, 0x00000000d5b80000)
  object space 87552K, 20% used [0x0000000081200000,0x0000000082388df0,0x0000000086780000)
 Metaspace       used 13149K, capacity 13364K, committed 13568K, reserved 1060864K
  class space    used 1584K, capacity 1672K, committed 1792K, reserved 1048576K
Event: 72.318 GC heap after
Heap after GC invocations=48 (full 0):
 PSYoungGen      total 28672K, used 3728K [0x00000000d5b80000, 0x00000000d7c00000, 0x0000000100000000)
  eden space 24064K, 0% used [0x00000000d5b80000,0x00000000d5b80000,0x00000000d7300000)
  from space 4608K, 80% used [0x00000000d7780000,0x00000000d7b24040,0x00000000d7c00000)
  to   space 4608K, 0% used [0x00000000d7300000,0x00000000d7300000,0x00000000d7780000)
 ParOldGen       total 87552K, used 17963K [0x0000000081200000, 0x0000000086780000, 0x00000000d5b80000)
  object space 87552K, 20% used [0x0000000081200000,0x000000008238adf0,0x0000000086780000)
 Metaspace       used 13149K, capacity 13364K, committed 13568K, reserved 1060864K
  class space    used 1584K, capacity 1672K, committed 1792K, reserved 1048576K
}
Event: 73.622 GC heap before
{Heap before GC invocations=49 (full 0):
 PSYoungGen      total 28672K, used 26928K [0x00000000d5b80000, 0x00000000d7c00000, 0x0000000100000000)
  eden space 24064K, 96% used [0x00000000d5b80000,0x00000000d7228130,0x00000000d7300000)
  from space 4608K, 80% used [0x00000000d7780000,0x00000000d7b24040,0x00000000d7c00000)
  to   space 4608K, 0% used [0x00000000d7300000,0x00000000d7300000,0x00000000d7780000)
 ParOldGen       total 87552K, used 17963K [0x0000000081200000, 0x0000000086780000, 0x00000000d5b80000)
  object space 87552K, 20% used [0x0000000081200000,0x000000008238adf0,0x0000000086780000)
 Metaspace       used 13152K, capacity 13428K, committed 13824K, reserved 1060864K
  class space    used 1584K, capacity 1672K, committed 1792K, reserved 1048576K
Event: 73.623 GC heap after
Heap after GC invocations=49 (full 0):
 PSYoungGen      total 28672K, used 2860K [0x00000000d5b80000, 0x00000000d7c00000, 0x0000000100000000)
  eden space 24064K, 0% used [0x00000000d5b80000,0x00000000d5b80000,0x00000000d7300000)
  from space 4608K, 62% used [0x00000000d7300000,0x00000000d75cb030,0x00000000d7780000)
  to   space 4608K, 0% used [0x00000000d7780000,0x00000000d7780000,0x00000000d7c00000)
 ParOldGen       total 87552K, used 17979K [0x0000000081200000, 0x0000000086780000, 0x00000000d5b80000)
  object space 87552K, 20% used [0x0000000081200000,0x000000008238edf0,0x0000000086780000)
 Metaspace       used 13152K, capacity 13428K, committed 13824K, reserved 1060864K
  class space    used 1584K, capacity 1672K, committed 1792K, reserved 1048576K
}
Event: 74.925 GC heap before
{Heap before GC invocations=50 (full 0):
 PSYoungGen      total 28672K, used 26792K [0x00000000d5b80000, 0x00000000d7c00000, 0x0000000100000000)
  eden space 24064K, 99% used [0x00000000d5b80000,0x00000000d72df340,0x00000000d7300000)
  from space 4608K, 62% used [0x00000000d7300000,0x00000000d75cb030,0x00000000d7780000)
  to   space 4608K, 0% used [0x00000000d7780000,0x00000000d7780000,0x00000000d7c00000)
 ParOldGen       total 87552K, used 17979K [0x0000000081200000, 0x0000000086780000, 0x00000000d5b80000)
  object space 87552K, 20% used [0x0000000081200000,0x000000008238edf0,0x0000000086780000)
 Metaspace       used 13159K, capacity 13428K, committed 13824K, reserved 1060864K
  class space    used 1584K, capacity 1672K, committed 1792K, reserved 1048576K
Event: 74.926 GC heap after
Heap after GC invocations=50 (full 0):
 PSYoungGen      total 28672K, used 2860K [0x00000000d5b80000, 0x00000000d7c00000, 0x0000000100000000)
  eden space 24064K, 0% used [0x00000000d5b80000,0x00000000d5b80000,0x00000000d7300000)
  from space 4608K, 62% used [0x00000000d7780000,0x00000000d7a4b030,0x00000000d7c00000)
  to   space 4608K, 0% used [0x00000000d7300000,0x00000000d7300000,0x00000000d7780000)
 ParOldGen       total 87552K, used 17987K [0x0000000081200000, 0x0000000086780000, 0x00000000d5b80000)
  object space 87552K, 20% used [0x0000000081200000,0x0000000082390df0,0x0000000086780000)
 Metaspace       used 13159K, capacity 13428K, committed 13824K, reserved 1060864K
  class space    used 1584K, capacity 1672K, committed 1792K, reserved 1048576K
}
Event: 76.237 GC heap before
{Heap before GC invocations=51 (full 0):
 PSYoungGen      total 28672K, used 26775K [0x00000000d5b80000, 0x00000000d7c00000, 0x0000000100000000)
  eden space 24064K, 99% used [0x00000000d5b80000,0x00000000d72dabe0,0x00000000d7300000)
  from space 4608K, 62% used [0x00000000d7780000,0x00000000d7a4b030,0x00000000d7c00000)
  to   space 4608K, 0% used [0x00000000d7300000,0x00000000d7300000,0x00000000d7780000)
 ParOldGen       total 87552K, used 17987K [0x0000000081200000, 0x0000000086780000, 0x00000000d5b80000)
  object space 87552K, 20% used [0x0000000081200000,0x0000000082390df0,0x0000000086780000)
 Metaspace       used 13159K, capacity 13428K, committed 13824K, reserved 1060864K
  class space    used 1584K, capacity 1672K, committed 1792K, reserved 1048576K
Event: 76.238 GC heap after
Heap after GC invocations=51 (full 0):
 PSYoungGen      total 28672K, used 2828K [0x00000000d5b80000, 0x00000000d7c00000, 0x0000000100000000)
  eden space 24064K, 0% used [0x00000000d5b80000,0x00000000d5b80000,0x00000000d7300000)
  from space 4608K, 61% used [0x00000000d7300000,0x00000000d75c3030,0x00000000d7780000)
  to   space 4608K, 0% used [0x00000000d7780000,0x00000000d7780000,0x00000000d7c00000)
 ParOldGen       total 87552K, used 18003K [0x0000000081200000, 0x0000000086780000, 0x00000000d5b80000)
  object space 87552K, 20% used [0x0000000081200000,0x0000000082394df0,0x0000000086780000)
 Metaspace       used 13159K, capacity 13428K, committed 13824K, reserved 1060864K
  class space    used 1584K, capacity 1672K, committed 1792K, reserved 1048576K
}
Event: 77.548 GC heap before
{Heap before GC invocations=52 (full 0):
 PSYoungGen      total 28672K, used 26731K [0x00000000d5b80000, 0x00000000d7c00000, 0x0000000100000000)
  eden space 24064K, 99% used [0x00000000d5b80000,0x00000000d72d7ee8,0x00000000d7300000)
  from space 4608K, 61% used [0x00000000d7300000,0x00000000d75c3030,0x00000000d7780000)
  to   space 4608K, 0% used [0x00000000d7780000,0x00000000d7780000,0x00000000d7c00000)
 ParOldGen       total 87552K, used 18003K [0x0000000081200000, 0x0000000086780000, 0x00000000d5b80000)
  object space 87552K, 20% used [0x0000000081200000,0x0000000082394df0,0x0000000086780000)
 Metaspace       used 13160K, capacity 13428K, committed 13824K, reserved 1060864K
  class space    used 1584K, capacity 1672K, committed 1792K, reserved 1048576K
Event: 77.549 GC heap after
Heap after GC invocations=52 (full 0):
 PSYoungGen      total 28672K, used 2828K [0x00000000d5b80000, 0x00000000d7c00000, 0x0000000100000000)
  eden space 24064K, 0% used [0x00000000d5b80000,0x00000000d5b80000,0x00000000d7300000)
  from space 4608K, 61% used [0x00000000d7780000,0x00000000d7a43030,0x00000000d7c00000)
  to   space 4608K, 0% used [0x00000000d7300000,0x00000000d7300000,0x00000000d7780000)
 ParOldGen       total 87552K, used 18011K [0x0000000081200000, 0x0000000086780000, 0x00000000d5b80000)
  object space 87552K, 20% used [0x0000000081200000,0x0000000082396df0,0x0000000086780000)
 Metaspace       used 13160K, capacity 13428K, committed 13824K, reserved 1060864K
  class space    used 1584K, capacity 1672K, committed 1792K, reserved 1048576K
}

