# JRE version: Java(TM) SE Runtime Environment (8.0_131-b11) (build 1.8.0_131-b11)
# Java VM: Java HotSpot(TM) 64-Bit Server VM (25.131-b11 mixed mode windows-amd64 compressed oops)
Heap:
 PSYoungGen      total 27136K, used 20618K [0x00000000d5b80000, 0x00000000d7a80000, 0x0000000100000000)
  eden space 22528K, 78% used [0x00000000d5b80000,0x00000000d6cd77e8,0x00000000d7180000)
  from space 4608K, 62% used [0x00000000d7180000,0x00000000d744b030,0x00000000d7600000)
  to   space 4608K, 0% used [0x00000000d7600000,0x00000000d7600000,0x00000000d7a80000)
 ParOldGen       total 87552K, used 19290K [0x0000000081200000, 0x0000000086780000, 0x00000000d5b80000)
  object space 87552K, 22% used [0x0000000081200000,0x00000000824d6838,0x0000000086780000)
 Metaspace       used 12822K, capacity 13012K, committed 13184K, reserved 1060864K
  class space    used 1555K, capacity 1640K, committed 1664K, reserved 1048576K
GC Heap History (10 events):
Event: 74.195 GC heap before
{Heap before GC invocations=45 (full 0):
 PSYoungGen      total 27136K, used 26685K [0x00000000d5b80000, 0x00000000d7b80000, 0x0000000100000000)
  eden space 23040K, 99% used [0x00000000d5b80000,0x00000000d71eb430,0x00000000d7200000)
  from space 4096K, 91% used [0x00000000d7680000,0x00000000d7a24040,0x00000000d7a80000)
  to   space 4608K, 0% used [0x00000000d7200000,0x00000000d7200000,0x00000000d7680000)
 ParOldGen       total 87552K, used 19242K [0x0000000081200000, 0x0000000086780000, 0x00000000d5b80000)
  object space 87552K, 21% used [0x0000000081200000,0x00000000824ca838,0x0000000086780000)
 Metaspace       used 12818K, capacity 13012K, committed 13184K, reserved 1060864K
  class space    used 1555K, capacity 1640K, committed 1664K, reserved 1048576K
Event: 74.196 GC heap after
Heap after GC invocations=45 (full 0):
 PSYoungGen      total 26112K, used 2828K [0x00000000d5b80000, 0x00000000d7a00000, 0x0000000100000000)
  eden space 23040K, 0% used [0x00000000d5b80000,0x00000000d5b80000,0x00000000d7200000)
  from space 3072K, 92% used [0x00000000d7200000,0x00000000d74c3030,0x00000000d7500000)
  to   space 4096K, 0% used [0x00000000d7600000,0x00000000d7600000,0x00000000d7a00000)
 ParOldGen       total 87552K, used 19250K [0x0000000081200000, 0x0000000086780000, 0x00000000d5b80000)
  object space 87552K, 21% used [0x0000000081200000,0x00000000824cc838,0x0000000086780000)
 Metaspace       used 12818K, capacity 13012K, committed 13184K, reserved 1060864K
  class space    used 1555K, capacity 1640K, committed 1664K, reserved 1048576K
}
Event: 75.403 GC heap before
{Heap before GC invocations=46 (full 0):
 PSYoungGen      total 26112K, used 25785K [0x00000000d5b80000, 0x00000000d7a00000, 0x0000000100000000)
  eden space 23040K, 99% used [0x00000000d5b80000,0x00000000d71eb480,0x00000000d7200000)
  from space 3072K, 92% used [0x00000000d7200000,0x00000000d74c3030,0x00000000d7500000)
  to   space 4096K, 0% used [0x00000000d7600000,0x00000000d7600000,0x00000000d7a00000)
 ParOldGen       total 87552K, used 19250K [0x0000000081200000, 0x0000000086780000, 0x00000000d5b80000)
  object space 87552K, 21% used [0x0000000081200000,0x00000000824cc838,0x0000000086780000)
 Metaspace       used 12818K, capacity 13012K, committed 13184K, reserved 1060864K
  class space    used 1555K, capacity 1640K, committed 1664K, reserved 1048576K
Event: 75.404 GC heap after
Heap after GC invocations=46 (full 0):
 PSYoungGen      total 26624K, used 3728K [0x00000000d5b80000, 0x00000000d7b00000, 0x0000000100000000)
  eden space 22528K, 0% used [0x00000000d5b80000,0x00000000d5b80000,0x00000000d7180000)
  from space 4096K, 91% used [0x00000000d7600000,0x00000000d79a4040,0x00000000d7a00000)
  to   space 4608K, 0% used [0x00000000d7180000,0x00000000d7180000,0x00000000d7600000)
 ParOldGen       total 87552K, used 19258K [0x0000000081200000, 0x0000000086780000, 0x00000000d5b80000)
  object space 87552K, 21% used [0x0000000081200000,0x00000000824ce838,0x0000000086780000)
 Metaspace       used 12818K, capacity 13012K, committed 13184K, reserved 1060864K
  class space    used 1555K, capacity 1640K, committed 1664K, reserved 1048576K
}
Event: 76.614 GC heap before
{Heap before GC invocations=47 (full 0):
 PSYoungGen      total 26624K, used 25775K [0x00000000d5b80000, 0x00000000d7b00000, 0x0000000100000000)
  eden space 22528K, 97% used [0x00000000d5b80000,0x00000000d7107c28,0x00000000d7180000)
  from space 4096K, 91% used [0x00000000d7600000,0x00000000d79a4040,0x00000000d7a00000)
  to   space 4608K, 0% used [0x00000000d7180000,0x00000000d7180000,0x00000000d7600000)
 ParOldGen       total 87552K, used 19258K [0x0000000081200000, 0x0000000086780000, 0x00000000d5b80000)
  object space 87552K, 21% used [0x0000000081200000,0x00000000824ce838,0x0000000086780000)
 Metaspace       used 12818K, capacity 13012K, committed 13184K, reserved 1060864K
  class space    used 1555K, capacity 1640K, committed 1664K, reserved 1048576K
Event: 76.616 GC heap after
Heap after GC invocations=47 (full 0):
 PSYoungGen      total 27136K, used 3728K [0x00000000d5b80000, 0x00000000d7a80000, 0x0000000100000000)
  eden space 22528K, 0% used [0x00000000d5b80000,0x00000000d5b80000,0x00000000d7180000)
  from space 4608K, 80% used [0x00000000d7180000,0x00000000d7524040,0x00000000d7600000)
  to   space 4608K, 0% used [0x00000000d7600000,0x00000000d7600000,0x00000000d7a80000)
 ParOldGen       total 87552K, used 19266K [0x0000000081200000, 0x0000000086780000, 0x00000000d5b80000)
  object space 87552K, 22% used [0x0000000081200000,0x00000000824d0838,0x0000000086780000)
 Metaspace       used 12818K, capacity 13012K, committed 13184K, reserved 1060864K
  class space    used 1555K, capacity 1640K, committed 1664K, reserved 1048576K
}
Event: 77.821 GC heap before
{Heap before GC invocations=48 (full 0):
 PSYoungGen      total 27136K, used 25921K [0x00000000d5b80000, 0x00000000d7a80000, 0x0000000100000000)
  eden space 22528K, 98% used [0x00000000d5b80000,0x00000000d712c5c8,0x00000000d7180000)
  from space 4608K, 80% used [0x00000000d7180000,0x00000000d7524040,0x00000000d7600000)
  to   space 4608K, 0% used [0x00000000d7600000,0x00000000d7600000,0x00000000d7a80000)
 ParOldGen       total 87552K, used 19266K [0x0000000081200000, 0x0000000086780000, 0x00000000d5b80000)
  object space 87552K, 22% used [0x0000000081200000,0x00000000824d0838,0x0000000086780000)
 Metaspace       used 12818K, capacity 13012K, committed 13184K, reserved 1060864K
  class space    used 1555K, capacity 1640K, committed 1664K, reserved 1048576K
Event: 77.822 GC heap after
Heap after GC invocations=48 (full 0):
 PSYoungGen      total 27136K, used 3728K [0x00000000d5b80000, 0x00000000d7a80000, 0x0000000100000000)
  eden space 22528K, 0% used [0x00000000d5b80000,0x00000000d5b80000,0x00000000d7180000)
  from space 4608K, 80% used [0x00000000d7600000,0x00000000d79a4040,0x00000000d7a80000)
  to   space 4608K, 0% used [0x00000000d7180000,0x00000000d7180000,0x00000000d7600000)
 ParOldGen       total 87552K, used 19274K [0x0000000081200000, 0x0000000086780000, 0x00000000d5b80000)
  object space 87552K, 22% used [0x0000000081200000,0x00000000824d2838,0x0000000086780000)
 Metaspace       used 12818K, capacity 13012K, committed 13184K, reserved 1060864K
  class space    used 1555K, capacity 1640K, committed 1664K, reserved 1048576K
}
Event: 79.031 GC heap before
{Heap before GC invocations=49 (full 0):
 PSYoungGen      total 27136K, used 25869K [0x00000000d5b80000, 0x00000000d7a80000, 0x0000000100000000)
  eden space 22528K, 98% used [0x00000000d5b80000,0x00000000d711f6c8,0x00000000d7180000)
  from space 4608K, 80% used [0x00000000d7600000,0x00000000d79a4040,0x00000000d7a80000)
  to   space 4608K, 0% used [0x00000000d7180000,0x00000000d7180000,0x00000000d7600000)
 ParOldGen       total 87552K, used 19274K [0x0000000081200000, 0x0000000086780000, 0x00000000d5b80000)
  object space 87552K, 22% used [0x0000000081200000,0x00000000824d2838,0x0000000086780000)
 Metaspace       used 12822K, capacity 13012K, committed 13184K, reserved 1060864K
  class space    used 1555K, capacity 1640K, committed 1664K, reserved 1048576K
Event: 79.032 GC heap after
Heap after GC invocations=49 (full 0):
 PSYoungGen      total 27136K, used 2860K [0x00000000d5b80000, 0x00000000d7a80000, 0x0000000100000000)
  eden space 22528K, 0% used [0x00000000d5b80000,0x00000000d5b80000,0x00000000d7180000)
  from space 4608K, 62% used [0x00000000d7180000,0x00000000d744b030,0x00000000d7600000)
  to   space 4608K, 0% used [0x00000000d7600000,0x00000000d7600000,0x00000000d7a80000)
 ParOldGen       total 87552K, used 19290K [0x0000000081200000, 0x0000000086780000, 0x00000000d5b80000)
  object space 87552K, 22% used [0x0000000081200000,0x00000000824d6838,0x0000000086780000)
 Metaspace       used 12822K, capacity 13012K, committed 13184K, reserved 1060864K
  class space    used 1555K, capacity 1640K, committed 1664K, reserved 1048576K
}

