# JRE version: Java(TM) SE Runtime Environment (8.0_131-b11) (build 1.8.0_131-b11)
# Java VM: Java HotSpot(TM) 64-Bit Server VM (25.131-b11 mixed mode windows-amd64 compressed oops)
Heap:
 PSYoungGen      total 32768K, used 12064K [0x00000000d5b80000, 0x00000000d8080000, 0x0000000100000000)
  eden space 28672K, 27% used [0x00000000d5b80000,0x00000000d634f3c0,0x00000000d7780000)
  from space 4096K, 99% used [0x00000000d7800000,0x00000000d7bf8d18,0x00000000d7c00000)
  to   space 4608K, 0% used [0x00000000d7c00000,0x00000000d7c00000,0x00000000d8080000)
 ParOldGen       total 87552K, used 19822K [0x0000000081200000, 0x0000000086780000, 0x00000000d5b80000)
  object space 87552K, 22% used [0x0000000081200000,0x000000008255bb48,0x0000000086780000)
 Metaspace       used 13450K, capacity 13612K, committed 13824K, reserved 1060864K
  class space    used 1666K, capacity 1736K, committed 1792K, reserved 1048576K
GC Heap History (10 events):
Event: 17.739 GC heap before
{Heap before GC invocations=9 (full 0):
 PSYoungGen      total 35328K, used 33192K [0x00000000d5b80000, 0x00000000d8300000, 0x0000000100000000)
  eden space 31232K, 100% used [0x00000000d5b80000,0x00000000d7a00000,0x00000000d7a00000)
  from space 4096K, 47% used [0x00000000d7e80000,0x00000000d806a020,0x00000000d8280000)
  to   space 4608K, 0% used [0x00000000d7a00000,0x00000000d7a00000,0x00000000d7e80000)
 ParOldGen       total 87552K, used 18826K [0x0000000081200000, 0x0000000086780000, 0x00000000d5b80000)
  object space 87552K, 21% used [0x0000000081200000,0x0000000082462b38,0x0000000086780000)
 Metaspace       used 13339K, capacity 13452K, committed 13824K, reserved 1060864K
  class space    used 1657K, capacity 1704K, committed 1792K, reserved 1048576K
Event: 17.740 GC heap after
Heap after GC invocations=9 (full 0):
 PSYoungGen      total 33792K, used 2603K [0x00000000d5b80000, 0x00000000d8180000, 0x0000000100000000)
  eden space 30720K, 0% used [0x00000000d5b80000,0x00000000d5b80000,0x00000000d7980000)
  from space 3072K, 84% used [0x00000000d7a00000,0x00000000d7c8ae60,0x00000000d7d00000)
  to   space 4096K, 0% used [0x00000000d7d80000,0x00000000d7d80000,0x00000000d8180000)
 ParOldGen       total 87552K, used 18842K [0x0000000081200000, 0x0000000086780000, 0x00000000d5b80000)
  object space 87552K, 21% used [0x0000000081200000,0x0000000082466b38,0x0000000086780000)
 Metaspace       used 13339K, capacity 13452K, committed 13824K, reserved 1060864K
  class space    used 1657K, capacity 1704K, committed 1792K, reserved 1048576K
}
Event: 18.799 GC heap before
{Heap before GC invocations=10 (full 0):
 PSYoungGen      total 33792K, used 33323K [0x00000000d5b80000, 0x00000000d8180000, 0x0000000100000000)
  eden space 30720K, 100% used [0x00000000d5b80000,0x00000000d7980000,0x00000000d7980000)
  from space 3072K, 84% used [0x00000000d7a00000,0x00000000d7c8ae60,0x00000000d7d00000)
  to   space 4096K, 0% used [0x00000000d7d80000,0x00000000d7d80000,0x00000000d8180000)
 ParOldGen       total 87552K, used 18842K [0x0000000081200000, 0x0000000086780000, 0x00000000d5b80000)
  object space 87552K, 21% used [0x0000000081200000,0x0000000082466b38,0x0000000086780000)
 Metaspace       used 13348K, capacity 13516K, committed 13824K, reserved 1060864K
  class space    used 1657K, capacity 1704K, committed 1792K, reserved 1048576K
Event: 18.800 GC heap after
Heap after GC invocations=10 (full 0):
 PSYoungGen      total 33792K, used 2828K [0x00000000d5b80000, 0x00000000d8100000, 0x0000000100000000)
  eden space 30208K, 0% used [0x00000000d5b80000,0x00000000d5b80000,0x00000000d7900000)
  from space 3584K, 78% used [0x00000000d7d80000,0x00000000d8043030,0x00000000d8100000)
  to   space 4096K, 0% used [0x00000000d7900000,0x00000000d7900000,0x00000000d7d00000)
 ParOldGen       total 87552K, used 18858K [0x0000000081200000, 0x0000000086780000, 0x00000000d5b80000)
  object space 87552K, 21% used [0x0000000081200000,0x000000008246ab38,0x0000000086780000)
 Metaspace       used 13348K, capacity 13516K, committed 13824K, reserved 1060864K
  class space    used 1657K, capacity 1704K, committed 1792K, reserved 1048576K
}
Event: 20.155 GC heap before
{Heap before GC invocations=11 (full 0):
 PSYoungGen      total 33792K, used 32254K [0x00000000d5b80000, 0x00000000d8100000, 0x0000000100000000)
  eden space 30208K, 97% used [0x00000000d5b80000,0x00000000d783c9e8,0x00000000d7900000)
  from space 3584K, 78% used [0x00000000d7d80000,0x00000000d8043030,0x00000000d8100000)
  to   space 4096K, 0% used [0x00000000d7900000,0x00000000d7900000,0x00000000d7d00000)
 ParOldGen       total 87552K, used 18858K [0x0000000081200000, 0x0000000086780000, 0x00000000d5b80000)
  object space 87552K, 21% used [0x0000000081200000,0x000000008246ab38,0x0000000086780000)
 Metaspace       used 13365K, capacity 13516K, committed 13824K, reserved 1060864K
  class space    used 1657K, capacity 1704K, committed 1792K, reserved 1048576K
Event: 20.156 GC heap after
Heap after GC invocations=11 (full 0):
 PSYoungGen      total 33280K, used 3167K [0x00000000d5b80000, 0x00000000d8080000, 0x0000000100000000)
  eden space 29696K, 0% used [0x00000000d5b80000,0x00000000d5b80000,0x00000000d7880000)
  from space 3584K, 88% used [0x00000000d7900000,0x00000000d7c17de0,0x00000000d7c80000)
  to   space 4096K, 0% used [0x00000000d7c80000,0x00000000d7c80000,0x00000000d8080000)
 ParOldGen       total 87552K, used 18874K [0x0000000081200000, 0x0000000086780000, 0x00000000d5b80000)
  object space 87552K, 21% used [0x0000000081200000,0x000000008246eb38,0x0000000086780000)
 Metaspace       used 13365K, capacity 13516K, committed 13824K, reserved 1060864K
  class space    used 1657K, capacity 1704K, committed 1792K, reserved 1048576K
}
Event: 21.165 GC heap before
{Heap before GC invocations=12 (full 0):
 PSYoungGen      total 33280K, used 32863K [0x00000000d5b80000, 0x00000000d8080000, 0x0000000100000000)
  eden space 29696K, 100% used [0x00000000d5b80000,0x00000000d7880000,0x00000000d7880000)
  from space 3584K, 88% used [0x00000000d7900000,0x00000000d7c17de0,0x00000000d7c80000)
  to   space 4096K, 0% used [0x00000000d7c80000,0x00000000d7c80000,0x00000000d8080000)
 ParOldGen       total 87552K, used 18874K [0x0000000081200000, 0x0000000086780000, 0x00000000d5b80000)
  object space 87552K, 21% used [0x0000000081200000,0x000000008246eb38,0x0000000086780000)
 Metaspace       used 13396K, capacity 13548K, committed 13824K, reserved 1060864K
  class space    used 1664K, capacity 1736K, committed 1792K, reserved 1048576K
Event: 21.166 GC heap after
Heap after GC invocations=12 (full 0):
 PSYoungGen      total 32768K, used 3231K [0x00000000d5b80000, 0x00000000d8000000, 0x0000000100000000)
  eden space 29184K, 0% used [0x00000000d5b80000,0x00000000d5b80000,0x00000000d7800000)
  from space 3584K, 90% used [0x00000000d7c80000,0x00000000d7fa7cf0,0x00000000d8000000)
  to   space 4096K, 0% used [0x00000000d7800000,0x00000000d7800000,0x00000000d7c00000)
 ParOldGen       total 87552K, used 19790K [0x0000000081200000, 0x0000000086780000, 0x00000000d5b80000)
  object space 87552K, 22% used [0x0000000081200000,0x0000000082553b48,0x0000000086780000)
 Metaspace       used 13396K, capacity 13548K, committed 13824K, reserved 1060864K
  class space    used 1664K, capacity 1736K, committed 1792K, reserved 1048576K
}
Event: 22.161 GC heap before
{Heap before GC invocations=13 (full 0):
 PSYoungGen      total 32768K, used 32413K [0x00000000d5b80000, 0x00000000d8000000, 0x0000000100000000)
  eden space 29184K, 99% used [0x00000000d5b80000,0x00000000d77ffa58,0x00000000d7800000)
  from space 3584K, 90% used [0x00000000d7c80000,0x00000000d7fa7cf0,0x00000000d8000000)
  to   space 4096K, 0% used [0x00000000d7800000,0x00000000d7800000,0x00000000d7c00000)
 ParOldGen       total 87552K, used 19790K [0x0000000081200000, 0x0000000086780000, 0x00000000d5b80000)
  object space 87552K, 22% used [0x0000000081200000,0x0000000082553b48,0x0000000086780000)
 Metaspace       used 13401K, capacity 13548K, committed 13824K, reserved 1060864K
  class space    used 1664K, capacity 1736K, committed 1792K, reserved 1048576K
Event: 22.162 GC heap after
Heap after GC invocations=13 (full 0):
 PSYoungGen      total 32768K, used 4067K [0x00000000d5b80000, 0x00000000d8080000, 0x0000000100000000)
  eden space 28672K, 0% used [0x00000000d5b80000,0x00000000d5b80000,0x00000000d7780000)
  from space 4096K, 99% used [0x00000000d7800000,0x00000000d7bf8d18,0x00000000d7c00000)
  to   space 4608K, 0% used [0x00000000d7c00000,0x00000000d7c00000,0x00000000d8080000)
 ParOldGen       total 87552K, used 19822K [0x0000000081200000, 0x0000000086780000, 0x00000000d5b80000)
  object space 87552K, 22% used [0x0000000081200000,0x000000008255bb48,0x0000000086780000)
 Metaspace       used 13401K, capacity 13548K, committed 13824K, reserved 1060864K
  class space    used 1664K, capacity 1736K, committed 1792K, reserved 1048576K
}

