# JRE version: Java(TM) SE Runtime Environment (8.0_131-b11) (build 1.8.0_131-b11)
# Java VM: Java HotSpot(TM) 64-Bit Server VM (25.131-b11 mixed mode windows-amd64 compressed oops)
Heap:
 PSYoungGen      total 27648K, used 20625K [0x00000000d5b80000, 0x00000000d7a00000, 0x0000000100000000)
  eden space 24064K, 77% used [0x00000000d5b80000,0x00000000d6dc27c0,0x00000000d7300000)
  from space 3584K, 53% used [0x00000000d7300000,0x00000000d74e2020,0x00000000d7680000)
  to   space 3584K, 0% used [0x00000000d7680000,0x00000000d7680000,0x00000000d7a00000)
 ParOldGen       total 87552K, used 7559K [0x0000000081200000, 0x0000000086780000, 0x00000000d5b80000)
  object space 87552K, 8% used [0x0000000081200000,0x0000000081961f98,0x0000000086780000)
 Metaspace       used 12954K, capacity 13236K, committed 13568K, reserved 1060864K
  class space    used 1577K, capacity 1672K, committed 1792K, reserved 1048576K
GC Heap History (10 events):
Event: 42.415 GC heap before
{Heap before GC invocations=25 (full 0):
 PSYoungGen      total 28160K, used 26769K [0x00000000d5b80000, 0x00000000d7b00000, 0x0000000100000000)
  eden space 24064K, 99% used [0x00000000d5b80000,0x00000000d72d94b8,0x00000000d7300000)
  from space 4096K, 69% used [0x00000000d7700000,0x00000000d79cb030,0x00000000d7b00000)
  to   space 4096K, 0% used [0x00000000d7300000,0x00000000d7300000,0x00000000d7700000)
 ParOldGen       total 87552K, used 7471K [0x0000000081200000, 0x0000000086780000, 0x00000000d5b80000)
  object space 87552K, 8% used [0x0000000081200000,0x000000008194bf98,0x0000000086780000)
 Metaspace       used 12920K, capacity 13172K, committed 13568K, reserved 1060864K
  class space    used 1576K, capacity 1672K, committed 1792K, reserved 1048576K
Event: 42.415 GC heap after
Heap after GC invocations=25 (full 0):
 PSYoungGen      total 28160K, used 2860K [0x00000000d5b80000, 0x00000000d7b00000, 0x0000000100000000)
  eden space 24064K, 0% used [0x00000000d5b80000,0x00000000d5b80000,0x00000000d7300000)
  from space 4096K, 69% used [0x00000000d7300000,0x00000000d75cb030,0x00000000d7700000)
  to   space 4096K, 0% used [0x00000000d7700000,0x00000000d7700000,0x00000000d7b00000)
 ParOldGen       total 87552K, used 7487K [0x0000000081200000, 0x0000000086780000, 0x00000000d5b80000)
  object space 87552K, 8% used [0x0000000081200000,0x000000008194ff98,0x0000000086780000)
 Metaspace       used 12920K, capacity 13172K, committed 13568K, reserved 1060864K
  class space    used 1576K, capacity 1672K, committed 1792K, reserved 1048576K
}
Event: 43.728 GC heap before
{Heap before GC invocations=26 (full 0):
 PSYoungGen      total 28160K, used 26769K [0x00000000d5b80000, 0x00000000d7b00000, 0x0000000100000000)
  eden space 24064K, 99% used [0x00000000d5b80000,0x00000000d72d9470,0x00000000d7300000)
  from space 4096K, 69% used [0x00000000d7300000,0x00000000d75cb030,0x00000000d7700000)
  to   space 4096K, 0% used [0x00000000d7700000,0x00000000d7700000,0x00000000d7b00000)
 ParOldGen       total 87552K, used 7487K [0x0000000081200000, 0x0000000086780000, 0x00000000d5b80000)
  object space 87552K, 8% used [0x0000000081200000,0x000000008194ff98,0x0000000086780000)
 Metaspace       used 12933K, capacity 13172K, committed 13568K, reserved 1060864K
  class space    used 1576K, capacity 1672K, committed 1792K, reserved 1048576K
Event: 43.728 GC heap after
Heap after GC invocations=26 (full 0):
 PSYoungGen      total 28160K, used 2828K [0x00000000d5b80000, 0x00000000d7b00000, 0x0000000100000000)
  eden space 24064K, 0% used [0x00000000d5b80000,0x00000000d5b80000,0x00000000d7300000)
  from space 4096K, 69% used [0x00000000d7700000,0x00000000d79c3030,0x00000000d7b00000)
  to   space 4096K, 0% used [0x00000000d7300000,0x00000000d7300000,0x00000000d7700000)
 ParOldGen       total 87552K, used 7503K [0x0000000081200000, 0x0000000086780000, 0x00000000d5b80000)
  object space 87552K, 8% used [0x0000000081200000,0x0000000081953f98,0x0000000086780000)
 Metaspace       used 12933K, capacity 13172K, committed 13568K, reserved 1060864K
  class space    used 1576K, capacity 1672K, committed 1792K, reserved 1048576K
}
Event: 45.037 GC heap before
{Heap before GC invocations=27 (full 0):
 PSYoungGen      total 28160K, used 26762K [0x00000000d5b80000, 0x00000000d7b00000, 0x0000000100000000)
  eden space 24064K, 99% used [0x00000000d5b80000,0x00000000d72dfb68,0x00000000d7300000)
  from space 4096K, 69% used [0x00000000d7700000,0x00000000d79c3030,0x00000000d7b00000)
  to   space 4096K, 0% used [0x00000000d7300000,0x00000000d7300000,0x00000000d7700000)
 ParOldGen       total 87552K, used 7503K [0x0000000081200000, 0x0000000086780000, 0x00000000d5b80000)
  object space 87552K, 8% used [0x0000000081200000,0x0000000081953f98,0x0000000086780000)
 Metaspace       used 12934K, capacity 13172K, committed 13568K, reserved 1060864K
  class space    used 1576K, capacity 1672K, committed 1792K, reserved 1048576K
Event: 45.038 GC heap after
Heap after GC invocations=27 (full 0):
 PSYoungGen      total 27136K, used 2860K [0x00000000d5b80000, 0x00000000d7a00000, 0x0000000100000000)
  eden space 24064K, 0% used [0x00000000d5b80000,0x00000000d5b80000,0x00000000d7300000)
  from space 3072K, 93% used [0x00000000d7300000,0x00000000d75cb030,0x00000000d7600000)
  to   space 3584K, 0% used [0x00000000d7680000,0x00000000d7680000,0x00000000d7a00000)
 ParOldGen       total 87552K, used 7519K [0x0000000081200000, 0x0000000086780000, 0x00000000d5b80000)
  object space 87552K, 8% used [0x0000000081200000,0x0000000081957f98,0x0000000086780000)
 Metaspace       used 12934K, capacity 13172K, committed 13568K, reserved 1060864K
  class space    used 1576K, capacity 1672K, committed 1792K, reserved 1048576K
}
Event: 46.345 GC heap before
{Heap before GC invocations=28 (full 0):
 PSYoungGen      total 27136K, used 26027K [0x00000000d5b80000, 0x00000000d7a00000, 0x0000000100000000)
  eden space 24064K, 96% used [0x00000000d5b80000,0x00000000d721ff58,0x00000000d7300000)
  from space 3072K, 93% used [0x00000000d7300000,0x00000000d75cb030,0x00000000d7600000)
  to   space 3584K, 0% used [0x00000000d7680000,0x00000000d7680000,0x00000000d7a00000)
 ParOldGen       total 87552K, used 7519K [0x0000000081200000, 0x0000000086780000, 0x00000000d5b80000)
  object space 87552K, 8% used [0x0000000081200000,0x0000000081957f98,0x0000000086780000)
 Metaspace       used 12945K, capacity 13172K, committed 13568K, reserved 1060864K
  class space    used 1577K, capacity 1672K, committed 1792K, reserved 1048576K
Event: 46.346 GC heap after
Heap after GC invocations=28 (full 0):
 PSYoungGen      total 27648K, used 2860K [0x00000000d5b80000, 0x00000000d7a00000, 0x0000000100000000)
  eden space 24064K, 0% used [0x00000000d5b80000,0x00000000d5b80000,0x00000000d7300000)
  from space 3584K, 79% used [0x00000000d7680000,0x00000000d794b030,0x00000000d7a00000)
  to   space 3584K, 0% used [0x00000000d7300000,0x00000000d7300000,0x00000000d7680000)
 ParOldGen       total 87552K, used 7535K [0x0000000081200000, 0x0000000086780000, 0x00000000d5b80000)
  object space 87552K, 8% used [0x0000000081200000,0x000000008195bf98,0x0000000086780000)
 Metaspace       used 12945K, capacity 13172K, committed 13568K, reserved 1060864K
  class space    used 1577K, capacity 1672K, committed 1792K, reserved 1048576K
}
Event: 47.659 GC heap before
{Heap before GC invocations=29 (full 0):
 PSYoungGen      total 27648K, used 26871K [0x00000000d5b80000, 0x00000000d7a00000, 0x0000000100000000)
  eden space 24064K, 99% used [0x00000000d5b80000,0x00000000d72f2bd8,0x00000000d7300000)
  from space 3584K, 79% used [0x00000000d7680000,0x00000000d794b030,0x00000000d7a00000)
  to   space 3584K, 0% used [0x00000000d7300000,0x00000000d7300000,0x00000000d7680000)
 ParOldGen       total 87552K, used 7535K [0x0000000081200000, 0x0000000086780000, 0x00000000d5b80000)
  object space 87552K, 8% used [0x0000000081200000,0x000000008195bf98,0x0000000086780000)
 Metaspace       used 12945K, capacity 13172K, committed 13568K, reserved 1060864K
  class space    used 1577K, capacity 1672K, committed 1792K, reserved 1048576K
Event: 47.660 GC heap after
Heap after GC invocations=29 (full 0):
 PSYoungGen      total 27648K, used 1928K [0x00000000d5b80000, 0x00000000d7a00000, 0x0000000100000000)
  eden space 24064K, 0% used [0x00000000d5b80000,0x00000000d5b80000,0x00000000d7300000)
  from space 3584K, 53% used [0x00000000d7300000,0x00000000d74e2020,0x00000000d7680000)
  to   space 3584K, 0% used [0x00000000d7680000,0x00000000d7680000,0x00000000d7a00000)
 ParOldGen       total 87552K, used 7559K [0x0000000081200000, 0x0000000086780000, 0x00000000d5b80000)
  object space 87552K, 8% used [0x0000000081200000,0x0000000081961f98,0x0000000086780000)
 Metaspace       used 12945K, capacity 13172K, committed 13568K, reserved 1060864K
  class space    used 1577K, capacity 1672K, committed 1792K, reserved 1048576K
}

