# JRE version: Java(TM) SE Runtime Environment (8.0_131-b11) (build 1.8.0_131-b11)
# Java VM: Java HotSpot(TM) 64-Bit Server VM (25.131-b11 mixed mode windows-amd64 compressed oops)
Heap:
 PSYoungGen      total 32768K, used 30671K [0x00000000d5b80000, 0x00000000d8100000, 0x0000000100000000)
  eden space 28160K, 98% used [0x00000000d5b80000,0x00000000d76b0f90,0x00000000d7700000)
  from space 4608K, 61% used [0x00000000d7c80000,0x00000000d7f43030,0x00000000d8100000)
  to   space 5120K, 0% used [0x00000000d7700000,0x00000000d7700000,0x00000000d7c00000)
 ParOldGen       total 87552K, used 18877K [0x0000000081200000, 0x0000000086780000, 0x00000000d5b80000)
  object space 87552K, 21% used [0x0000000081200000,0x000000008246f510,0x0000000086780000)
 Metaspace       used 12671K, capacity 12884K, committed 13184K, reserved 1060864K
  class space    used 1562K, capacity 1640K, committed 1664K, reserved 1048576K
GC Heap History (10 events):
Event: 25.143 GC heap before
{Heap before GC invocations=10 (full 0):
 PSYoungGen      total 34816K, used 34094K [0x00000000d5b80000, 0x00000000d8380000, 0x0000000100000000)
  eden space 30720K, 98% used [0x00000000d5b80000,0x00000000d7927848,0x00000000d7980000)
  from space 4096K, 91% used [0x00000000d7a00000,0x00000000d7da4040,0x00000000d7e00000)
  to   space 5120K, 0% used [0x00000000d7e80000,0x00000000d7e80000,0x00000000d8380000)
 ParOldGen       total 87552K, used 18789K [0x0000000081200000, 0x0000000086780000, 0x00000000d5b80000)
  object space 87552K, 21% used [0x0000000081200000,0x0000000082459510,0x0000000086780000)
 Metaspace       used 12618K, capacity 12812K, committed 12928K, reserved 1060864K
  class space    used 1562K, capacity 1640K, committed 1664K, reserved 1048576K
Event: 25.151 GC heap after
Heap after GC invocations=10 (full 0):
 PSYoungGen      total 34816K, used 2828K [0x00000000d5b80000, 0x00000000d8300000, 0x0000000100000000)
  eden space 30208K, 0% used [0x00000000d5b80000,0x00000000d5b80000,0x00000000d7900000)
  from space 4608K, 61% used [0x00000000d7e80000,0x00000000d8143030,0x00000000d8300000)
  to   space 5120K, 0% used [0x00000000d7900000,0x00000000d7900000,0x00000000d7e00000)
 ParOldGen       total 87552K, used 18805K [0x0000000081200000, 0x0000000086780000, 0x00000000d5b80000)
  object space 87552K, 21% used [0x0000000081200000,0x000000008245d510,0x0000000086780000)
 Metaspace       used 12618K, capacity 12812K, committed 12928K, reserved 1060864K
  class space    used 1562K, capacity 1640K, committed 1664K, reserved 1048576K
}
Event: 27.214 GC heap before
{Heap before GC invocations=11 (full 0):
 PSYoungGen      total 34816K, used 32261K [0x00000000d5b80000, 0x00000000d8300000, 0x0000000100000000)
  eden space 30208K, 97% used [0x00000000d5b80000,0x00000000d783e5e0,0x00000000d7900000)
  from space 4608K, 61% used [0x00000000d7e80000,0x00000000d8143030,0x00000000d8300000)
  to   space 5120K, 0% used [0x00000000d7900000,0x00000000d7900000,0x00000000d7e00000)
 ParOldGen       total 87552K, used 18805K [0x0000000081200000, 0x0000000086780000, 0x00000000d5b80000)
  object space 87552K, 21% used [0x0000000081200000,0x000000008245d510,0x0000000086780000)
 Metaspace       used 12624K, capacity 12812K, committed 12928K, reserved 1060864K
  class space    used 1562K, capacity 1640K, committed 1664K, reserved 1048576K
Event: 27.216 GC heap after
Heap after GC invocations=11 (full 0):
 PSYoungGen      total 31744K, used 1928K [0x00000000d5b80000, 0x00000000d8280000, 0x0000000100000000)
  eden space 29696K, 0% used [0x00000000d5b80000,0x00000000d5b80000,0x00000000d7880000)
  from space 2048K, 94% used [0x00000000d7900000,0x00000000d7ae2020,0x00000000d7b00000)
  to   space 5120K, 0% used [0x00000000d7d80000,0x00000000d7d80000,0x00000000d8280000)
 ParOldGen       total 87552K, used 18829K [0x0000000081200000, 0x0000000086780000, 0x00000000d5b80000)
  object space 87552K, 21% used [0x0000000081200000,0x0000000082463510,0x0000000086780000)
 Metaspace       used 12624K, capacity 12812K, committed 12928K, reserved 1060864K
  class space    used 1562K, capacity 1640K, committed 1664K, reserved 1048576K
}
Event: 28.872 GC heap before
{Heap before GC invocations=12 (full 0):
 PSYoungGen      total 31744K, used 31314K [0x00000000d5b80000, 0x00000000d8280000, 0x0000000100000000)
  eden space 29696K, 98% used [0x00000000d5b80000,0x00000000d7832a58,0x00000000d7880000)
  from space 2048K, 94% used [0x00000000d7900000,0x00000000d7ae2020,0x00000000d7b00000)
  to   space 5120K, 0% used [0x00000000d7d80000,0x00000000d7d80000,0x00000000d8280000)
 ParOldGen       total 87552K, used 18829K [0x0000000081200000, 0x0000000086780000, 0x00000000d5b80000)
  object space 87552K, 21% used [0x0000000081200000,0x0000000082463510,0x0000000086780000)
 Metaspace       used 12633K, capacity 12820K, committed 12928K, reserved 1060864K
  class space    used 1562K, capacity 1640K, committed 1664K, reserved 1048576K
Event: 28.876 GC heap after
Heap after GC invocations=12 (full 0):
 PSYoungGen      total 33792K, used 2860K [0x00000000d5b80000, 0x00000000d8200000, 0x0000000100000000)
  eden space 29184K, 0% used [0x00000000d5b80000,0x00000000d5b80000,0x00000000d7800000)
  from space 4608K, 62% used [0x00000000d7d80000,0x00000000d804b030,0x00000000d8200000)
  to   space 5120K, 0% used [0x00000000d7800000,0x00000000d7800000,0x00000000d7d00000)
 ParOldGen       total 87552K, used 18845K [0x0000000081200000, 0x0000000086780000, 0x00000000d5b80000)
  object space 87552K, 21% used [0x0000000081200000,0x0000000082467510,0x0000000086780000)
 Metaspace       used 12633K, capacity 12820K, committed 12928K, reserved 1060864K
  class space    used 1562K, capacity 1640K, committed 1664K, reserved 1048576K
}
Event: 30.389 GC heap before
{Heap before GC invocations=13 (full 0):
 PSYoungGen      total 33792K, used 31338K [0x00000000d5b80000, 0x00000000d8200000, 0x0000000100000000)
  eden space 29184K, 97% used [0x00000000d5b80000,0x00000000d774f9f0,0x00000000d7800000)
  from space 4608K, 62% used [0x00000000d7d80000,0x00000000d804b030,0x00000000d8200000)
  to   space 5120K, 0% used [0x00000000d7800000,0x00000000d7800000,0x00000000d7d00000)
 ParOldGen       total 87552K, used 18845K [0x0000000081200000, 0x0000000086780000, 0x00000000d5b80000)
  object space 87552K, 21% used [0x0000000081200000,0x0000000082467510,0x0000000086780000)
 Metaspace       used 12644K, capacity 12820K, committed 12928K, reserved 1060864K
  class space    used 1562K, capacity 1640K, committed 1664K, reserved 1048576K
Event: 30.392 GC heap after
Heap after GC invocations=13 (full 0):
 PSYoungGen      total 32768K, used 3728K [0x00000000d5b80000, 0x00000000d8180000, 0x0000000100000000)
  eden space 28672K, 0% used [0x00000000d5b80000,0x00000000d5b80000,0x00000000d7780000)
  from space 4096K, 91% used [0x00000000d7800000,0x00000000d7ba4040,0x00000000d7c00000)
  to   space 5120K, 0% used [0x00000000d7c80000,0x00000000d7c80000,0x00000000d8180000)
 ParOldGen       total 87552K, used 18861K [0x0000000081200000, 0x0000000086780000, 0x00000000d5b80000)
  object space 87552K, 21% used [0x0000000081200000,0x000000008246b510,0x0000000086780000)
 Metaspace       used 12644K, capacity 12820K, committed 12928K, reserved 1060864K
  class space    used 1562K, capacity 1640K, committed 1664K, reserved 1048576K
}
Event: 32.104 GC heap before
{Heap before GC invocations=14 (full 0):
 PSYoungGen      total 32768K, used 32319K [0x00000000d5b80000, 0x00000000d8180000, 0x0000000100000000)
  eden space 28672K, 99% used [0x00000000d5b80000,0x00000000d776be20,0x00000000d7780000)
  from space 4096K, 91% used [0x00000000d7800000,0x00000000d7ba4040,0x00000000d7c00000)
  to   space 5120K, 0% used [0x00000000d7c80000,0x00000000d7c80000,0x00000000d8180000)
 ParOldGen       total 87552K, used 18861K [0x0000000081200000, 0x0000000086780000, 0x00000000d5b80000)
  object space 87552K, 21% used [0x0000000081200000,0x000000008246b510,0x0000000086780000)
 Metaspace       used 12662K, capacity 12884K, committed 13184K, reserved 1060864K
  class space    used 1562K, capacity 1640K, committed 1664K, reserved 1048576K
Event: 32.108 GC heap after
Heap after GC invocations=14 (full 0):
 PSYoungGen      total 32768K, used 2828K [0x00000000d5b80000, 0x00000000d8100000, 0x0000000100000000)
  eden space 28160K, 0% used [0x00000000d5b80000,0x00000000d5b80000,0x00000000d7700000)
  from space 4608K, 61% used [0x00000000d7c80000,0x00000000d7f43030,0x00000000d8100000)
  to   space 5120K, 0% used [0x00000000d7700000,0x00000000d7700000,0x00000000d7c00000)
 ParOldGen       total 87552K, used 18877K [0x0000000081200000, 0x0000000086780000, 0x00000000d5b80000)
  object space 87552K, 21% used [0x0000000081200000,0x000000008246f510,0x0000000086780000)
 Metaspace       used 12662K, capacity 12884K, committed 13184K, reserved 1060864K
  class space    used 1562K, capacity 1640K, committed 1664K, reserved 1048576K
}

