# JRE version: Java(TM) SE Runtime Environment (8.0_131-b11) (build 1.8.0_131-b11)
# Java VM: Java HotSpot(TM) 64-Bit Server VM (25.131-b11 mixed mode windows-amd64 compressed oops)
Heap:
 PSYoungGen      total 30208K, used 10655K [0x00000000d5b80000, 0x00000000d8580000, 0x0000000100000000)
  eden space 26624K, 28% used [0x00000000d5b80000,0x00000000d62dba58,0x00000000d7580000)
  from space 3584K, 87% used [0x00000000d7600000,0x00000000d790c478,0x00000000d7980000)
  to   space 8192K, 0% used [0x00000000d7d80000,0x00000000d7d80000,0x00000000d8580000)
 ParOldGen       total 87552K, used 6959K [0x0000000081200000, 0x0000000086780000, 0x00000000d5b80000)
  object space 87552K, 7% used [0x0000000081200000,0x00000000818cbc40,0x0000000086780000)
 Metaspace       used 13283K, capacity 13524K, committed 13824K, reserved 1060864K
  class space    used 1633K, capacity 1704K, committed 1792K, reserved 1048576K
GC Heap History (10 events):
Event: 39.729 GC heap before
{Heap before GC invocations=13 (full 0):
 PSYoungGen      total 37376K, used 32271K [0x00000000d5b80000, 0x00000000d8900000, 0x0000000100000000)
  eden space 29184K, 100% used [0x00000000d5b80000,0x00000000d7800000,0x00000000d7800000)
  from space 8192K, 37% used [0x00000000d8100000,0x00000000d8403d78,0x00000000d8900000)
  to   space 8704K, 0% used [0x00000000d7800000,0x00000000d7800000,0x00000000d8080000)
 ParOldGen       total 87552K, used 6887K [0x0000000081200000, 0x0000000086780000, 0x00000000d5b80000)
  object space 87552K, 7% used [0x0000000081200000,0x00000000818b9c40,0x0000000086780000)
 Metaspace       used 13220K, capacity 13452K, committed 13824K, reserved 1060864K
  class space    used 1632K, capacity 1704K, committed 1792K, reserved 1048576K
Event: 39.730 GC heap after
Heap after GC invocations=13 (full 0):
 PSYoungGen      total 31232K, used 2188K [0x00000000d5b80000, 0x00000000d8880000, 0x0000000100000000)
  eden space 28672K, 0% used [0x00000000d5b80000,0x00000000d5b80000,0x00000000d7780000)
  from space 2560K, 85% used [0x00000000d7800000,0x00000000d7a23378,0x00000000d7a80000)
  to   space 8704K, 0% used [0x00000000d8000000,0x00000000d8000000,0x00000000d8880000)
 ParOldGen       total 87552K, used 6895K [0x0000000081200000, 0x0000000086780000, 0x00000000d5b80000)
  object space 87552K, 7% used [0x0000000081200000,0x00000000818bbc40,0x0000000086780000)
 Metaspace       used 13220K, capacity 13452K, committed 13824K, reserved 1060864K
  class space    used 1632K, capacity 1704K, committed 1792K, reserved 1048576K
}
Event: 42.845 GC heap before
{Heap before GC invocations=14 (full 0):
 PSYoungGen      total 31232K, used 30860K [0x00000000d5b80000, 0x00000000d8880000, 0x0000000100000000)
  eden space 28672K, 100% used [0x00000000d5b80000,0x00000000d7780000,0x00000000d7780000)
  from space 2560K, 85% used [0x00000000d7800000,0x00000000d7a23378,0x00000000d7a80000)
  to   space 8704K, 0% used [0x00000000d8000000,0x00000000d8000000,0x00000000d8880000)
 ParOldGen       total 87552K, used 6895K [0x0000000081200000, 0x0000000086780000, 0x00000000d5b80000)
  object space 87552K, 7% used [0x0000000081200000,0x00000000818bbc40,0x0000000086780000)
 Metaspace       used 13221K, capacity 13452K, committed 13824K, reserved 1060864K
  class space    used 1632K, capacity 1704K, committed 1792K, reserved 1048576K
Event: 42.847 GC heap after
Heap after GC invocations=14 (full 0):
 PSYoungGen      total 36352K, used 4887K [0x00000000d5b80000, 0x00000000d8800000, 0x0000000100000000)
  eden space 28160K, 0% used [0x00000000d5b80000,0x00000000d5b80000,0x00000000d7700000)
  from space 8192K, 59% used [0x00000000d8000000,0x00000000d84c5fa8,0x00000000d8800000)
  to   space 8704K, 0% used [0x00000000d7700000,0x00000000d7700000,0x00000000d7f80000)
 ParOldGen       total 87552K, used 6911K [0x0000000081200000, 0x0000000086780000, 0x00000000d5b80000)
  object space 87552K, 7% used [0x0000000081200000,0x00000000818bfc40,0x0000000086780000)
 Metaspace       used 13221K, capacity 13452K, committed 13824K, reserved 1060864K
  class space    used 1632K, capacity 1704K, committed 1792K, reserved 1048576K
}
Event: 45.430 GC heap before
{Heap before GC invocations=15 (full 0):
 PSYoungGen      total 36352K, used 33047K [0x00000000d5b80000, 0x00000000d8800000, 0x0000000100000000)
  eden space 28160K, 100% used [0x00000000d5b80000,0x00000000d7700000,0x00000000d7700000)
  from space 8192K, 59% used [0x00000000d8000000,0x00000000d84c5fa8,0x00000000d8800000)
  to   space 8704K, 0% used [0x00000000d7700000,0x00000000d7700000,0x00000000d7f80000)
 ParOldGen       total 87552K, used 6911K [0x0000000081200000, 0x0000000086780000, 0x00000000d5b80000)
  object space 87552K, 7% used [0x0000000081200000,0x00000000818bfc40,0x0000000086780000)
 Metaspace       used 13248K, capacity 13452K, committed 13824K, reserved 1060864K
  class space    used 1632K, capacity 1704K, committed 1792K, reserved 1048576K
Event: 45.433 GC heap after
Heap after GC invocations=15 (full 0):
 PSYoungGen      total 31232K, used 3089K [0x00000000d5b80000, 0x00000000d8680000, 0x0000000100000000)
  eden space 27648K, 0% used [0x00000000d5b80000,0x00000000d5b80000,0x00000000d7680000)
  from space 3584K, 86% used [0x00000000d7700000,0x00000000d7a04438,0x00000000d7a80000)
  to   space 8192K, 0% used [0x00000000d7e80000,0x00000000d7e80000,0x00000000d8680000)
 ParOldGen       total 87552K, used 6927K [0x0000000081200000, 0x0000000086780000, 0x00000000d5b80000)
  object space 87552K, 7% used [0x0000000081200000,0x00000000818c3c40,0x0000000086780000)
 Metaspace       used 13248K, capacity 13452K, committed 13824K, reserved 1060864K
  class space    used 1632K, capacity 1704K, committed 1792K, reserved 1048576K
}
Event: 48.426 GC heap before
{Heap before GC invocations=16 (full 0):
 PSYoungGen      total 31232K, used 30588K [0x00000000d5b80000, 0x00000000d8680000, 0x0000000100000000)
  eden space 27648K, 99% used [0x00000000d5b80000,0x00000000d765ac68,0x00000000d7680000)
  from space 3584K, 86% used [0x00000000d7700000,0x00000000d7a04438,0x00000000d7a80000)
  to   space 8192K, 0% used [0x00000000d7e80000,0x00000000d7e80000,0x00000000d8680000)
 ParOldGen       total 87552K, used 6927K [0x0000000081200000, 0x0000000086780000, 0x00000000d5b80000)
  object space 87552K, 7% used [0x0000000081200000,0x00000000818c3c40,0x0000000086780000)
 Metaspace       used 13258K, capacity 13452K, committed 13824K, reserved 1060864K
  class space    used 1632K, capacity 1704K, committed 1792K, reserved 1048576K
Event: 48.428 GC heap after
Heap after GC invocations=16 (full 0):
 PSYoungGen      total 34816K, used 2220K [0x00000000d5b80000, 0x00000000d8600000, 0x0000000100000000)
  eden space 27136K, 0% used [0x00000000d5b80000,0x00000000d5b80000,0x00000000d7600000)
  from space 7680K, 28% used [0x00000000d7e80000,0x00000000d80ab180,0x00000000d8600000)
  to   space 8192K, 0% used [0x00000000d7600000,0x00000000d7600000,0x00000000d7e00000)
 ParOldGen       total 87552K, used 6943K [0x0000000081200000, 0x0000000086780000, 0x00000000d5b80000)
  object space 87552K, 7% used [0x0000000081200000,0x00000000818c7c40,0x0000000086780000)
 Metaspace       used 13258K, capacity 13452K, committed 13824K, reserved 1060864K
  class space    used 1632K, capacity 1704K, committed 1792K, reserved 1048576K
}
Event: 51.664 GC heap before
{Heap before GC invocations=17 (full 0):
 PSYoungGen      total 34816K, used 28550K [0x00000000d5b80000, 0x00000000d8600000, 0x0000000100000000)
  eden space 27136K, 97% used [0x00000000d5b80000,0x00000000d75369d8,0x00000000d7600000)
  from space 7680K, 28% used [0x00000000d7e80000,0x00000000d80ab180,0x00000000d8600000)
  to   space 8192K, 0% used [0x00000000d7600000,0x00000000d7600000,0x00000000d7e00000)
 ParOldGen       total 87552K, used 6943K [0x0000000081200000, 0x0000000086780000, 0x00000000d5b80000)
  object space 87552K, 7% used [0x0000000081200000,0x00000000818c7c40,0x0000000086780000)
 Metaspace       used 13276K, capacity 13524K, committed 13824K, reserved 1060864K
  class space    used 1632K, capacity 1704K, committed 1792K, reserved 1048576K
Event: 51.665 GC heap after
Heap after GC invocations=17 (full 0):
 PSYoungGen      total 30208K, used 3121K [0x00000000d5b80000, 0x00000000d8580000, 0x0000000100000000)
  eden space 26624K, 0% used [0x00000000d5b80000,0x00000000d5b80000,0x00000000d7580000)
  from space 3584K, 87% used [0x00000000d7600000,0x00000000d790c478,0x00000000d7980000)
  to   space 8192K, 0% used [0x00000000d7d80000,0x00000000d7d80000,0x00000000d8580000)
 ParOldGen       total 87552K, used 6959K [0x0000000081200000, 0x0000000086780000, 0x00000000d5b80000)
  object space 87552K, 7% used [0x0000000081200000,0x00000000818cbc40,0x0000000086780000)
 Metaspace       used 13276K, capacity 13524K, committed 13824K, reserved 1060864K
  class space    used 1632K, capacity 1704K, committed 1792K, reserved 1048576K
}

