# JRE version: Java(TM) SE Runtime Environment (8.0_131-b11) (build 1.8.0_131-b11)
# Java VM: Java HotSpot(TM) 64-Bit Server VM (25.131-b11 mixed mode windows-amd64 compressed oops)
Heap:
 PSYoungGen      total 38400K, used 8999K [0x00000000d5b80000, 0x00000000d8600000, 0x0000000100000000)
  eden space 33280K, 11% used [0x00000000d5b80000,0x00000000d5f51bc0,0x00000000d7c00000)
  from space 5120K, 99% used [0x00000000d8100000,0x00000000d85f8050,0x00000000d8600000)
  to   space 5120K, 0% used [0x00000000d7c00000,0x00000000d7c00000,0x00000000d8100000)
 ParOldGen       total 87552K, used 15890K [0x0000000081200000, 0x0000000086780000, 0x00000000d5b80000)
  object space 87552K, 18% used [0x0000000081200000,0x0000000082184ae0,0x0000000086780000)
 Metaspace       used 12532K, capacity 12716K, committed 13056K, reserved 1060864K
  class space    used 1569K, capacity 1672K, committed 1792K, reserved 1048576K
GC Heap History (4 events):
Event: 8.714 GC heap before
{Heap before GC invocations=1 (full 0):
 PSYoungGen      total 38400K, used 32498K [0x00000000d5b80000, 0x00000000d8600000, 0x0000000100000000)
  eden space 33280K, 97% used [0x00000000d5b80000,0x00000000d7b3c818,0x00000000d7c00000)
  from space 5120K, 0% used [0x00000000d8100000,0x00000000d8100000,0x00000000d8600000)
  to   space 5120K, 0% used [0x00000000d7c00000,0x00000000d7c00000,0x00000000d8100000)
 ParOldGen       total 87552K, used 0K [0x0000000081200000, 0x0000000086780000, 0x00000000d5b80000)
  object space 87552K, 0% used [0x0000000081200000,0x0000000081200000,0x0000000086780000)
 Metaspace       used 12498K, capacity 12716K, committed 13056K, reserved 1060864K
  class space    used 1569K, capacity 1672K, committed 1792K, reserved 1048576K
Event: 8.722 GC heap after
Heap after GC invocations=1 (full 0):
 PSYoungGen      total 38400K, used 4110K [0x00000000d5b80000, 0x00000000d8600000, 0x0000000100000000)
  eden space 33280K, 0% used [0x00000000d5b80000,0x00000000d5b80000,0x00000000d7c00000)
  from space 5120K, 80% used [0x00000000d7c00000,0x00000000d8003a10,0x00000000d8100000)
  to   space 5120K, 0% used [0x00000000d8100000,0x00000000d8100000,0x00000000d8600000)
 ParOldGen       total 87552K, used 15311K [0x0000000081200000, 0x0000000086780000, 0x00000000d5b80000)
  object space 87552K, 17% used [0x0000000081200000,0x00000000820f3d70,0x0000000086780000)
 Metaspace       used 12498K, capacity 12716K, committed 13056K, reserved 1060864K
  class space    used 1569K, capacity 1672K, committed 1792K, reserved 1048576K
}
Event: 10.429 GC heap before
{Heap before GC invocations=2 (full 0):
 PSYoungGen      total 38400K, used 36970K [0x00000000d5b80000, 0x00000000d8600000, 0x0000000100000000)
  eden space 33280K, 98% used [0x00000000d5b80000,0x00000000d7b96e68,0x00000000d7c00000)
  from space 5120K, 80% used [0x00000000d7c00000,0x00000000d8003a10,0x00000000d8100000)
  to   space 5120K, 0% used [0x00000000d8100000,0x00000000d8100000,0x00000000d8600000)
 ParOldGen       total 87552K, used 15311K [0x0000000081200000, 0x0000000086780000, 0x00000000d5b80000)
  object space 87552K, 17% used [0x0000000081200000,0x00000000820f3d70,0x0000000086780000)
 Metaspace       used 12522K, capacity 12716K, committed 13056K, reserved 1060864K
  class space    used 1569K, capacity 1672K, committed 1792K, reserved 1048576K
Event: 10.433 GC heap after
Heap after GC invocations=2 (full 0):
 PSYoungGen      total 38400K, used 5088K [0x00000000d5b80000, 0x00000000d8600000, 0x0000000100000000)
  eden space 33280K, 0% used [0x00000000d5b80000,0x00000000d5b80000,0x00000000d7c00000)
  from space 5120K, 99% used [0x00000000d8100000,0x00000000d85f8050,0x00000000d8600000)
  to   space 5120K, 0% used [0x00000000d7c00000,0x00000000d7c00000,0x00000000d8100000)
 ParOldGen       total 87552K, used 15890K [0x0000000081200000, 0x0000000086780000, 0x00000000d5b80000)
  object space 87552K, 18% used [0x0000000081200000,0x0000000082184ae0,0x0000000086780000)
 Metaspace       used 12522K, capacity 12716K, committed 13056K, reserved 1060864K
  class space    used 1569K, capacity 1672K, committed 1792K, reserved 1048576K
}

