# JRE version: Java(TM) SE Runtime Environment (8.0_131-b11) (build 1.8.0_131-b11)
# Java VM: Java HotSpot(TM) 64-Bit Server VM (25.131-b11 mixed mode windows-amd64 compressed oops)
Heap:
 PSYoungGen      total 28672K, used 11760K [0x00000000d5b80000, 0x00000000d7e00000, 0x0000000100000000)
  eden space 23040K, 33% used [0x00000000d5b80000,0x00000000d62f96b8,0x00000000d7200000)
  from space 5632K, 72% used [0x00000000d7880000,0x00000000d7c82ba0,0x00000000d7e00000)
  to   space 6144K, 0% used [0x00000000d7200000,0x00000000d7200000,0x00000000d7800000)
 ParOldGen       total 87552K, used 21410K [0x0000000081200000, 0x0000000086780000, 0x00000000d5b80000)
  object space 87552K, 24% used [0x0000000081200000,0x00000000826e8b68,0x0000000086780000)
 Metaspace       used 13570K, capacity 13780K, committed 14080K, reserved 1060864K
  class space    used 1647K, capacity 1704K, committed 1792K, reserved 1048576K
GC Heap History (10 events):
Event: 43.539 GC heap before
{Heap before GC invocations=52 (full 0):
 PSYoungGen      total 29184K, used 28410K [0x00000000d5b80000, 0x00000000d7e80000, 0x0000000100000000)
  eden space 23552K, 99% used [0x00000000d5b80000,0x00000000d7252b88,0x00000000d7280000)
  from space 5632K, 89% used [0x00000000d7280000,0x00000000d776bd98,0x00000000d7800000)
  to   space 6144K, 0% used [0x00000000d7880000,0x00000000d7880000,0x00000000d7e80000)
 ParOldGen       total 87552K, used 21338K [0x0000000081200000, 0x0000000086780000, 0x00000000d5b80000)
  object space 87552K, 24% used [0x0000000081200000,0x00000000826d6b68,0x0000000086780000)
 Metaspace       used 13516K, capacity 13716K, committed 14080K, reserved 1060864K
  class space    used 1645K, capacity 1704K, committed 1792K, reserved 1048576K
Event: 43.539 GC heap after
Heap after GC invocations=52 (full 0):
 PSYoungGen      total 29696K, used 3206K [0x00000000d5b80000, 0x00000000d7e80000, 0x0000000100000000)
  eden space 23552K, 0% used [0x00000000d5b80000,0x00000000d5b80000,0x00000000d7280000)
  from space 6144K, 52% used [0x00000000d7880000,0x00000000d7ba1aa8,0x00000000d7e80000)
  to   space 6144K, 0% used [0x00000000d7280000,0x00000000d7280000,0x00000000d7880000)
 ParOldGen       total 87552K, used 21354K [0x0000000081200000, 0x0000000086780000, 0x00000000d5b80000)
  object space 87552K, 24% used [0x0000000081200000,0x00000000826dab68,0x0000000086780000)
 Metaspace       used 13516K, capacity 13716K, committed 14080K, reserved 1060864K
  class space    used 1645K, capacity 1704K, committed 1792K, reserved 1048576K
}
Event: 44.160 GC heap before
{Heap before GC invocations=53 (full 0):
 PSYoungGen      total 29696K, used 26758K [0x00000000d5b80000, 0x00000000d7e80000, 0x0000000100000000)
  eden space 23552K, 100% used [0x00000000d5b80000,0x00000000d7280000,0x00000000d7280000)
  from space 6144K, 52% used [0x00000000d7880000,0x00000000d7ba1aa8,0x00000000d7e80000)
  to   space 6144K, 0% used [0x00000000d7280000,0x00000000d7280000,0x00000000d7880000)
 ParOldGen       total 87552K, used 21354K [0x0000000081200000, 0x0000000086780000, 0x00000000d5b80000)
  object space 87552K, 24% used [0x0000000081200000,0x00000000826dab68,0x0000000086780000)
 Metaspace       used 13516K, capacity 13716K, committed 14080K, reserved 1060864K
  class space    used 1645K, capacity 1704K, committed 1792K, reserved 1048576K
Event: 44.161 GC heap after
Heap after GC invocations=53 (full 0):
 PSYoungGen      total 29696K, used 5039K [0x00000000d5b80000, 0x00000000d7e80000, 0x0000000100000000)
  eden space 23552K, 0% used [0x00000000d5b80000,0x00000000d5b80000,0x00000000d7280000)
  from space 6144K, 82% used [0x00000000d7280000,0x00000000d776bf98,0x00000000d7880000)
  to   space 6144K, 0% used [0x00000000d7880000,0x00000000d7880000,0x00000000d7e80000)
 ParOldGen       total 87552K, used 21362K [0x0000000081200000, 0x0000000086780000, 0x00000000d5b80000)
  object space 87552K, 24% used [0x0000000081200000,0x00000000826dcb68,0x0000000086780000)
 Metaspace       used 13516K, capacity 13716K, committed 14080K, reserved 1060864K
  class space    used 1645K, capacity 1704K, committed 1792K, reserved 1048576K
}
Event: 44.882 GC heap before
{Heap before GC invocations=54 (full 0):
 PSYoungGen      total 29696K, used 28591K [0x00000000d5b80000, 0x00000000d7e80000, 0x0000000100000000)
  eden space 23552K, 100% used [0x00000000d5b80000,0x00000000d7280000,0x00000000d7280000)
  from space 6144K, 82% used [0x00000000d7280000,0x00000000d776bf98,0x00000000d7880000)
  to   space 6144K, 0% used [0x00000000d7880000,0x00000000d7880000,0x00000000d7e80000)
 ParOldGen       total 87552K, used 21362K [0x0000000081200000, 0x0000000086780000, 0x00000000d5b80000)
  object space 87552K, 24% used [0x0000000081200000,0x00000000826dcb68,0x0000000086780000)
 Metaspace       used 13516K, capacity 13716K, committed 14080K, reserved 1060864K
  class space    used 1645K, capacity 1704K, committed 1792K, reserved 1048576K
Event: 44.883 GC heap after
Heap after GC invocations=54 (full 0):
 PSYoungGen      total 29184K, used 5039K [0x00000000d5b80000, 0x00000000d7f80000, 0x0000000100000000)
  eden space 23040K, 0% used [0x00000000d5b80000,0x00000000d5b80000,0x00000000d7200000)
  from space 6144K, 82% used [0x00000000d7880000,0x00000000d7d6bdb0,0x00000000d7e80000)
  to   space 6656K, 0% used [0x00000000d7200000,0x00000000d7200000,0x00000000d7880000)
 ParOldGen       total 87552K, used 21370K [0x0000000081200000, 0x0000000086780000, 0x00000000d5b80000)
  object space 87552K, 24% used [0x0000000081200000,0x00000000826deb68,0x0000000086780000)
 Metaspace       used 13516K, capacity 13716K, committed 14080K, reserved 1060864K
  class space    used 1645K, capacity 1704K, committed 1792K, reserved 1048576K
}
Event: 45.559 GC heap before
{Heap before GC invocations=55 (full 0):
 PSYoungGen      total 29184K, used 27999K [0x00000000d5b80000, 0x00000000d7f80000, 0x0000000100000000)
  eden space 23040K, 99% used [0x00000000d5b80000,0x00000000d71ec008,0x00000000d7200000)
  from space 6144K, 82% used [0x00000000d7880000,0x00000000d7d6bdb0,0x00000000d7e80000)
  to   space 6656K, 0% used [0x00000000d7200000,0x00000000d7200000,0x00000000d7880000)
 ParOldGen       total 87552K, used 21370K [0x0000000081200000, 0x0000000086780000, 0x00000000d5b80000)
  object space 87552K, 24% used [0x0000000081200000,0x00000000826deb68,0x0000000086780000)
 Metaspace       used 13562K, capacity 13780K, committed 14080K, reserved 1060864K
  class space    used 1645K, capacity 1704K, committed 1792K, reserved 1048576K
Event: 45.560 GC heap after
Heap after GC invocations=55 (full 0):
 PSYoungGen      total 29696K, used 2860K [0x00000000d5b80000, 0x00000000d7f00000, 0x0000000100000000)
  eden space 23040K, 0% used [0x00000000d5b80000,0x00000000d5b80000,0x00000000d7200000)
  from space 6656K, 42% used [0x00000000d7200000,0x00000000d74cb030,0x00000000d7880000)
  to   space 6656K, 0% used [0x00000000d7880000,0x00000000d7880000,0x00000000d7f00000)
 ParOldGen       total 87552K, used 21394K [0x0000000081200000, 0x0000000086780000, 0x00000000d5b80000)
  object space 87552K, 24% used [0x0000000081200000,0x00000000826e4b68,0x0000000086780000)
 Metaspace       used 13562K, capacity 13780K, committed 14080K, reserved 1060864K
  class space    used 1645K, capacity 1704K, committed 1792K, reserved 1048576K
}
Event: 46.181 GC heap before
{Heap before GC invocations=56 (full 0):
 PSYoungGen      total 29696K, used 25900K [0x00000000d5b80000, 0x00000000d7f00000, 0x0000000100000000)
  eden space 23040K, 100% used [0x00000000d5b80000,0x00000000d7200000,0x00000000d7200000)
  from space 6656K, 42% used [0x00000000d7200000,0x00000000d74cb030,0x00000000d7880000)
  to   space 6656K, 0% used [0x00000000d7880000,0x00000000d7880000,0x00000000d7f00000)
 ParOldGen       total 87552K, used 21394K [0x0000000081200000, 0x0000000086780000, 0x00000000d5b80000)
  object space 87552K, 24% used [0x0000000081200000,0x00000000826e4b68,0x0000000086780000)
 Metaspace       used 13562K, capacity 13780K, committed 14080K, reserved 1060864K
  class space    used 1645K, capacity 1704K, committed 1792K, reserved 1048576K
Event: 46.182 GC heap after
Heap after GC invocations=56 (full 0):
 PSYoungGen      total 28672K, used 4106K [0x00000000d5b80000, 0x00000000d7e00000, 0x0000000100000000)
  eden space 23040K, 0% used [0x00000000d5b80000,0x00000000d5b80000,0x00000000d7200000)
  from space 5632K, 72% used [0x00000000d7880000,0x00000000d7c82ba0,0x00000000d7e00000)
  to   space 6144K, 0% used [0x00000000d7200000,0x00000000d7200000,0x00000000d7800000)
 ParOldGen       total 87552K, used 21410K [0x0000000081200000, 0x0000000086780000, 0x00000000d5b80000)
  object space 87552K, 24% used [0x0000000081200000,0x00000000826e8b68,0x0000000086780000)
 Metaspace       used 13562K, capacity 13780K, committed 14080K, reserved 1060864K
  class space    used 1645K, capacity 1704K, committed 1792K, reserved 1048576K
}

