# JRE version: Java(TM) SE Runtime Environment (8.0_131-b11) (build 1.8.0_131-b11)
# Java VM: Java HotSpot(TM) 64-Bit Server VM (25.131-b11 mixed mode windows-amd64 compressed oops)
Heap:
 PSYoungGen      total 27648K, used 23274K [0x00000000d5b80000, 0x00000000d7a80000, 0x0000000100000000)
  eden space 23552K, 86% used [0x00000000d5b80000,0x00000000d6f77948,0x00000000d7280000)
  from space 4096K, 69% used [0x00000000d7680000,0x00000000d7943030,0x00000000d7a80000)
  to   space 4096K, 0% used [0x00000000d7280000,0x00000000d7280000,0x00000000d7680000)
 ParOldGen       total 87552K, used 18340K [0x0000000081200000, 0x0000000086780000, 0x00000000d5b80000)
  object space 87552K, 20% used [0x0000000081200000,0x00000000823e9100,0x0000000086780000)
 Metaspace       used 13420K, capacity 13636K, committed 13824K, reserved 1060864K
  class space    used 1621K, capacity 1704K, committed 1792K, reserved 1048576K
GC Heap History (10 events):
Event: 94.017 GC heap before
{Heap before GC invocations=62 (full 0):
 PSYoungGen      total 27648K, used 25783K [0x00000000d5b80000, 0x00000000d7a80000, 0x0000000100000000)
  eden space 23552K, 97% used [0x00000000d5b80000,0x00000000d71f2f90,0x00000000d7280000)
  from space 4096K, 68% used [0x00000000d7280000,0x00000000d753b030,0x00000000d7680000)
  to   space 4096K, 0% used [0x00000000d7680000,0x00000000d7680000,0x00000000d7a80000)
 ParOldGen       total 87552K, used 18268K [0x0000000081200000, 0x0000000086780000, 0x00000000d5b80000)
  object space 87552K, 20% used [0x0000000081200000,0x00000000823d7100,0x0000000086780000)
 Metaspace       used 13419K, capacity 13636K, committed 13824K, reserved 1060864K
  class space    used 1621K, capacity 1704K, committed 1792K, reserved 1048576K
Event: 94.018 GC heap after
Heap after GC invocations=62 (full 0):
 PSYoungGen      total 27648K, used 2860K [0x00000000d5b80000, 0x00000000d7a80000, 0x0000000100000000)
  eden space 23552K, 0% used [0x00000000d5b80000,0x00000000d5b80000,0x00000000d7280000)
  from space 4096K, 69% used [0x00000000d7680000,0x00000000d794b030,0x00000000d7a80000)
  to   space 4096K, 0% used [0x00000000d7280000,0x00000000d7280000,0x00000000d7680000)
 ParOldGen       total 87552K, used 18284K [0x0000000081200000, 0x0000000086780000, 0x00000000d5b80000)
  object space 87552K, 20% used [0x0000000081200000,0x00000000823db100,0x0000000086780000)
 Metaspace       used 13419K, capacity 13636K, committed 13824K, reserved 1060864K
  class space    used 1621K, capacity 1704K, committed 1792K, reserved 1048576K
}
Event: 95.228 GC heap before
{Heap before GC invocations=63 (full 0):
 PSYoungGen      total 27648K, used 25847K [0x00000000d5b80000, 0x00000000d7a80000, 0x0000000100000000)
  eden space 23552K, 97% used [0x00000000d5b80000,0x00000000d71f2ef0,0x00000000d7280000)
  from space 4096K, 69% used [0x00000000d7680000,0x00000000d794b030,0x00000000d7a80000)
  to   space 4096K, 0% used [0x00000000d7280000,0x00000000d7280000,0x00000000d7680000)
 ParOldGen       total 87552K, used 18284K [0x0000000081200000, 0x0000000086780000, 0x00000000d5b80000)
  object space 87552K, 20% used [0x0000000081200000,0x00000000823db100,0x0000000086780000)
 Metaspace       used 13419K, capacity 13636K, committed 13824K, reserved 1060864K
  class space    used 1621K, capacity 1704K, committed 1792K, reserved 1048576K
Event: 95.229 GC heap after
Heap after GC invocations=63 (full 0):
 PSYoungGen      total 27648K, used 2828K [0x00000000d5b80000, 0x00000000d7a80000, 0x0000000100000000)
  eden space 23552K, 0% used [0x00000000d5b80000,0x00000000d5b80000,0x00000000d7280000)
  from space 4096K, 69% used [0x00000000d7280000,0x00000000d7543030,0x00000000d7680000)
  to   space 4096K, 0% used [0x00000000d7680000,0x00000000d7680000,0x00000000d7a80000)
 ParOldGen       total 87552K, used 18292K [0x0000000081200000, 0x0000000086780000, 0x00000000d5b80000)
  object space 87552K, 20% used [0x0000000081200000,0x00000000823dd100,0x0000000086780000)
 Metaspace       used 13419K, capacity 13636K, committed 13824K, reserved 1060864K
  class space    used 1621K, capacity 1704K, committed 1792K, reserved 1048576K
}
Event: 96.543 GC heap before
{Heap before GC invocations=64 (full 0):
 PSYoungGen      total 27648K, used 25834K [0x00000000d5b80000, 0x00000000d7a80000, 0x0000000100000000)
  eden space 23552K, 97% used [0x00000000d5b80000,0x00000000d71f7b48,0x00000000d7280000)
  from space 4096K, 69% used [0x00000000d7280000,0x00000000d7543030,0x00000000d7680000)
  to   space 4096K, 0% used [0x00000000d7680000,0x00000000d7680000,0x00000000d7a80000)
 ParOldGen       total 87552K, used 18292K [0x0000000081200000, 0x0000000086780000, 0x00000000d5b80000)
  object space 87552K, 20% used [0x0000000081200000,0x00000000823dd100,0x0000000086780000)
 Metaspace       used 13419K, capacity 13636K, committed 13824K, reserved 1060864K
  class space    used 1621K, capacity 1704K, committed 1792K, reserved 1048576K
Event: 96.544 GC heap after
Heap after GC invocations=64 (full 0):
 PSYoungGen      total 27648K, used 2860K [0x00000000d5b80000, 0x00000000d7a80000, 0x0000000100000000)
  eden space 23552K, 0% used [0x00000000d5b80000,0x00000000d5b80000,0x00000000d7280000)
  from space 4096K, 69% used [0x00000000d7680000,0x00000000d794b030,0x00000000d7a80000)
  to   space 4096K, 0% used [0x00000000d7280000,0x00000000d7280000,0x00000000d7680000)
 ParOldGen       total 87552K, used 18308K [0x0000000081200000, 0x0000000086780000, 0x00000000d5b80000)
  object space 87552K, 20% used [0x0000000081200000,0x00000000823e1100,0x0000000086780000)
 Metaspace       used 13419K, capacity 13636K, committed 13824K, reserved 1060864K
  class space    used 1621K, capacity 1704K, committed 1792K, reserved 1048576K
}
Event: 97.754 GC heap before
{Heap before GC invocations=65 (full 0):
 PSYoungGen      total 27648K, used 25847K [0x00000000d5b80000, 0x00000000d7a80000, 0x0000000100000000)
  eden space 23552K, 97% used [0x00000000d5b80000,0x00000000d71f2d98,0x00000000d7280000)
  from space 4096K, 69% used [0x00000000d7680000,0x00000000d794b030,0x00000000d7a80000)
  to   space 4096K, 0% used [0x00000000d7280000,0x00000000d7280000,0x00000000d7680000)
 ParOldGen       total 87552K, used 18308K [0x0000000081200000, 0x0000000086780000, 0x00000000d5b80000)
  object space 87552K, 20% used [0x0000000081200000,0x00000000823e1100,0x0000000086780000)
 Metaspace       used 13419K, capacity 13636K, committed 13824K, reserved 1060864K
  class space    used 1621K, capacity 1704K, committed 1792K, reserved 1048576K
Event: 97.755 GC heap after
Heap after GC invocations=65 (full 0):
 PSYoungGen      total 27648K, used 2796K [0x00000000d5b80000, 0x00000000d7a80000, 0x0000000100000000)
  eden space 23552K, 0% used [0x00000000d5b80000,0x00000000d5b80000,0x00000000d7280000)
  from space 4096K, 68% used [0x00000000d7280000,0x00000000d753b030,0x00000000d7680000)
  to   space 4096K, 0% used [0x00000000d7680000,0x00000000d7680000,0x00000000d7a80000)
 ParOldGen       total 87552K, used 18324K [0x0000000081200000, 0x0000000086780000, 0x00000000d5b80000)
  object space 87552K, 20% used [0x0000000081200000,0x00000000823e5100,0x0000000086780000)
 Metaspace       used 13419K, capacity 13636K, committed 13824K, reserved 1060864K
  class space    used 1621K, capacity 1704K, committed 1792K, reserved 1048576K
}
Event: 99.063 GC heap before
{Heap before GC invocations=66 (full 0):
 PSYoungGen      total 27648K, used 25801K [0x00000000d5b80000, 0x00000000d7a80000, 0x0000000100000000)
  eden space 23552K, 97% used [0x00000000d5b80000,0x00000000d71f7638,0x00000000d7280000)
  from space 4096K, 68% used [0x00000000d7280000,0x00000000d753b030,0x00000000d7680000)
  to   space 4096K, 0% used [0x00000000d7680000,0x00000000d7680000,0x00000000d7a80000)
 ParOldGen       total 87552K, used 18324K [0x0000000081200000, 0x0000000086780000, 0x00000000d5b80000)
  object space 87552K, 20% used [0x0000000081200000,0x00000000823e5100,0x0000000086780000)
 Metaspace       used 13419K, capacity 13636K, committed 13824K, reserved 1060864K
  class space    used 1621K, capacity 1704K, committed 1792K, reserved 1048576K
Event: 99.064 GC heap after
Heap after GC invocations=66 (full 0):
 PSYoungGen      total 27648K, used 2828K [0x00000000d5b80000, 0x00000000d7a80000, 0x0000000100000000)
  eden space 23552K, 0% used [0x00000000d5b80000,0x00000000d5b80000,0x00000000d7280000)
  from space 4096K, 69% used [0x00000000d7680000,0x00000000d7943030,0x00000000d7a80000)
  to   space 4096K, 0% used [0x00000000d7280000,0x00000000d7280000,0x00000000d7680000)
 ParOldGen       total 87552K, used 18340K [0x0000000081200000, 0x0000000086780000, 0x00000000d5b80000)
  object space 87552K, 20% used [0x0000000081200000,0x00000000823e9100,0x0000000086780000)
 Metaspace       used 13419K, capacity 13636K, committed 13824K, reserved 1060864K
  class space    used 1621K, capacity 1704K, committed 1792K, reserved 1048576K
}

