# JRE version: Java(TM) SE Runtime Environment (8.0_131-b11) (build 1.8.0_131-b11)
# Java VM: Java HotSpot(TM) 64-Bit Server VM (25.131-b11 mixed mode windows-amd64 compressed oops)
Heap:
 PSYoungGen      total 30720K, used 28539K [0x00000000d5b80000, 0x00000000d8080000, 0x0000000100000000)
  eden space 27648K, 92% used [0x00000000d5b80000,0x00000000d749bf20,0x00000000d7680000)
  from space 3072K, 92% used [0x00000000d7700000,0x00000000d79c3030,0x00000000d7a00000)
  to   space 5120K, 0% used [0x00000000d7b80000,0x00000000d7b80000,0x00000000d8080000)
 ParOldGen       total 87552K, used 18946K [0x0000000081200000, 0x0000000086780000, 0x00000000d5b80000)
  object space 87552K, 21% used [0x0000000081200000,0x0000000082480838,0x0000000086780000)
 Metaspace       used 13669K, capacity 13876K, committed 14080K, reserved 1060864K
  class space    used 1656K, capacity 1736K, committed 1792K, reserved 1048576K
GC Heap History (10 events):
Event: 739.953 GC heap before
{Heap before GC invocations=11 (full 0):
 PSYoungGen      total 33792K, used 32667K [0x00000000d5b80000, 0x00000000d8200000, 0x0000000100000000)
  eden space 30208K, 97% used [0x00000000d5b80000,0x00000000d783b980,0x00000000d7900000)
  from space 3584K, 90% used [0x00000000d7e80000,0x00000000d81ab648,0x00000000d8200000)
  to   space 4608K, 0% used [0x00000000d7900000,0x00000000d7900000,0x00000000d7d80000)
 ParOldGen       total 87552K, used 18858K [0x0000000081200000, 0x0000000086780000, 0x00000000d5b80000)
  object space 87552K, 21% used [0x0000000081200000,0x000000008246a838,0x0000000086780000)
 Metaspace       used 13574K, capacity 13748K, committed 14080K, reserved 1060864K
  class space    used 1653K, capacity 1736K, committed 1792K, reserved 1048576K
Event: 739.954 GC heap after
Heap after GC invocations=11 (full 0):
 PSYoungGen      total 32256K, used 2340K [0x00000000d5b80000, 0x00000000d8180000, 0x0000000100000000)
  eden space 29696K, 0% used [0x00000000d5b80000,0x00000000d5b80000,0x00000000d7880000)
  from space 2560K, 91% used [0x00000000d7900000,0x00000000d7b493b8,0x00000000d7b80000)
  to   space 4608K, 0% used [0x00000000d7d00000,0x00000000d7d00000,0x00000000d8180000)
 ParOldGen       total 87552K, used 18874K [0x0000000081200000, 0x0000000086780000, 0x00000000d5b80000)
  object space 87552K, 21% used [0x0000000081200000,0x000000008246e838,0x0000000086780000)
 Metaspace       used 13574K, capacity 13748K, committed 14080K, reserved 1060864K
  class space    used 1653K, capacity 1736K, committed 1792K, reserved 1048576K
}
Event: 741.437 GC heap before
{Heap before GC invocations=12 (full 0):
 PSYoungGen      total 32256K, used 31677K [0x00000000d5b80000, 0x00000000d8180000, 0x0000000100000000)
  eden space 29696K, 98% used [0x00000000d5b80000,0x00000000d78261f0,0x00000000d7880000)
  from space 2560K, 91% used [0x00000000d7900000,0x00000000d7b493b8,0x00000000d7b80000)
  to   space 4608K, 0% used [0x00000000d7d00000,0x00000000d7d00000,0x00000000d8180000)
 ParOldGen       total 87552K, used 18874K [0x0000000081200000, 0x0000000086780000, 0x00000000d5b80000)
  object space 87552K, 21% used [0x0000000081200000,0x000000008246e838,0x0000000086780000)
 Metaspace       used 13585K, capacity 13748K, committed 14080K, reserved 1060864K
  class space    used 1653K, capacity 1736K, committed 1792K, reserved 1048576K
Event: 741.439 GC heap after
Heap after GC invocations=12 (full 0):
 PSYoungGen      total 33280K, used 3244K [0x00000000d5b80000, 0x00000000d8100000, 0x0000000100000000)
  eden space 29184K, 0% used [0x00000000d5b80000,0x00000000d5b80000,0x00000000d7800000)
  from space 4096K, 79% used [0x00000000d7d00000,0x00000000d802b3e8,0x00000000d8100000)
  to   space 4608K, 0% used [0x00000000d7800000,0x00000000d7800000,0x00000000d7c80000)
 ParOldGen       total 87552K, used 18890K [0x0000000081200000, 0x0000000086780000, 0x00000000d5b80000)
  object space 87552K, 21% used [0x0000000081200000,0x0000000082472838,0x0000000086780000)
 Metaspace       used 13585K, capacity 13748K, committed 14080K, reserved 1060864K
  class space    used 1653K, capacity 1736K, committed 1792K, reserved 1048576K
}
Event: 743.327 GC heap before
{Heap before GC invocations=13 (full 0):
 PSYoungGen      total 33280K, used 32428K [0x00000000d5b80000, 0x00000000d8100000, 0x0000000100000000)
  eden space 29184K, 100% used [0x00000000d5b80000,0x00000000d7800000,0x00000000d7800000)
  from space 4096K, 79% used [0x00000000d7d00000,0x00000000d802b3e8,0x00000000d8100000)
  to   space 4608K, 0% used [0x00000000d7800000,0x00000000d7800000,0x00000000d7c80000)
 ParOldGen       total 87552K, used 18890K [0x0000000081200000, 0x0000000086780000, 0x00000000d5b80000)
  object space 87552K, 21% used [0x0000000081200000,0x0000000082472838,0x0000000086780000)
 Metaspace       used 13592K, capacity 13748K, committed 14080K, reserved 1060864K
  class space    used 1653K, capacity 1736K, committed 1792K, reserved 1048576K
Event: 743.328 GC heap after
Heap after GC invocations=13 (full 0):
 PSYoungGen      total 30720K, used 1896K [0x00000000d5b80000, 0x00000000d8080000, 0x0000000100000000)
  eden space 28672K, 0% used [0x00000000d5b80000,0x00000000d5b80000,0x00000000d7780000)
  from space 2048K, 92% used [0x00000000d7800000,0x00000000d79da020,0x00000000d7a00000)
  to   space 4608K, 0% used [0x00000000d7c00000,0x00000000d7c00000,0x00000000d8080000)
 ParOldGen       total 87552K, used 18906K [0x0000000081200000, 0x0000000086780000, 0x00000000d5b80000)
  object space 87552K, 21% used [0x0000000081200000,0x0000000082476838,0x0000000086780000)
 Metaspace       used 13592K, capacity 13748K, committed 14080K, reserved 1060864K
  class space    used 1653K, capacity 1736K, committed 1792K, reserved 1048576K
}
Event: 745.485 GC heap before
{Heap before GC invocations=14 (full 0):
 PSYoungGen      total 30720K, used 30568K [0x00000000d5b80000, 0x00000000d8080000, 0x0000000100000000)
  eden space 28672K, 100% used [0x00000000d5b80000,0x00000000d7780000,0x00000000d7780000)
  from space 2048K, 92% used [0x00000000d7800000,0x00000000d79da020,0x00000000d7a00000)
  to   space 4608K, 0% used [0x00000000d7c00000,0x00000000d7c00000,0x00000000d8080000)
 ParOldGen       total 87552K, used 18906K [0x0000000081200000, 0x0000000086780000, 0x00000000d5b80000)
  object space 87552K, 21% used [0x0000000081200000,0x0000000082476838,0x0000000086780000)
 Metaspace       used 13601K, capacity 13812K, committed 14080K, reserved 1060864K
  class space    used 1653K, capacity 1736K, committed 1792K, reserved 1048576K
Event: 745.487 GC heap after
Heap after GC invocations=14 (full 0):
 PSYoungGen      total 32768K, used 4178K [0x00000000d5b80000, 0x00000000d8100000, 0x0000000100000000)
  eden space 28160K, 0% used [0x00000000d5b80000,0x00000000d5b80000,0x00000000d7700000)
  from space 4608K, 90% used [0x00000000d7c00000,0x00000000d8014b20,0x00000000d8080000)
  to   space 5120K, 0% used [0x00000000d7700000,0x00000000d7700000,0x00000000d7c00000)
 ParOldGen       total 87552K, used 18930K [0x0000000081200000, 0x0000000086780000, 0x00000000d5b80000)
  object space 87552K, 21% used [0x0000000081200000,0x000000008247c838,0x0000000086780000)
 Metaspace       used 13601K, capacity 13812K, committed 14080K, reserved 1060864K
  class space    used 1653K, capacity 1736K, committed 1792K, reserved 1048576K
}
Event: 746.870 GC heap before
{Heap before GC invocations=15 (full 0):
 PSYoungGen      total 32768K, used 32338K [0x00000000d5b80000, 0x00000000d8100000, 0x0000000100000000)
  eden space 28160K, 100% used [0x00000000d5b80000,0x00000000d7700000,0x00000000d7700000)
  from space 4608K, 90% used [0x00000000d7c00000,0x00000000d8014b20,0x00000000d8080000)
  to   space 5120K, 0% used [0x00000000d7700000,0x00000000d7700000,0x00000000d7c00000)
 ParOldGen       total 87552K, used 18930K [0x0000000081200000, 0x0000000086780000, 0x00000000d5b80000)
  object space 87552K, 21% used [0x0000000081200000,0x000000008247c838,0x0000000086780000)
 Metaspace       used 13615K, capacity 13812K, committed 14080K, reserved 1060864K
  class space    used 1653K, capacity 1736K, committed 1792K, reserved 1048576K
Event: 746.871 GC heap after
Heap after GC invocations=15 (full 0):
 PSYoungGen      total 30720K, used 2828K [0x00000000d5b80000, 0x00000000d8080000, 0x0000000100000000)
  eden space 27648K, 0% used [0x00000000d5b80000,0x00000000d5b80000,0x00000000d7680000)
  from space 3072K, 92% used [0x00000000d7700000,0x00000000d79c3030,0x00000000d7a00000)
  to   space 5120K, 0% used [0x00000000d7b80000,0x00000000d7b80000,0x00000000d8080000)
 ParOldGen       total 87552K, used 18946K [0x0000000081200000, 0x0000000086780000, 0x00000000d5b80000)
  object space 87552K, 21% used [0x0000000081200000,0x0000000082480838,0x0000000086780000)
 Metaspace       used 13615K, capacity 13812K, committed 14080K, reserved 1060864K
  class space    used 1653K, capacity 1736K, committed 1792K, reserved 1048576K
}

