# JRE version: Java(TM) SE Runtime Environment (8.0_131-b11) (build 1.8.0_131-b11)
# Java VM: Java HotSpot(TM) 64-Bit Server VM (25.131-b11 mixed mode windows-amd64 compressed oops)
Heap:
 PSYoungGen      total 28160K, used 3460K [0x00000000d5b80000, 0x00000000d7d80000, 0x0000000100000000)
  eden space 21504K, 5% used [0x00000000d5b80000,0x00000000d5ca0cd0,0x00000000d7080000)
  from space 6656K, 34% used [0x00000000d7700000,0x00000000d7940508,0x00000000d7d80000)
  to   space 6656K, 0% used [0x00000000d7080000,0x00000000d7080000,0x00000000d7700000)
 ParOldGen       total 87552K, used 38271K [0x0000000081200000, 0x0000000086780000, 0x00000000d5b80000)
  object space 87552K, 43% used [0x0000000081200000,0x000000008375fd28,0x0000000086780000)
 Metaspace       used 13800K, capacity 14036K, committed 14336K, reserved 1062912K
  class space    used 1647K, capacity 1704K, committed 1792K, reserved 1048576K
GC Heap History (10 events):
Event: 55.286 GC heap before
{Heap before GC invocations=64 (full 0):
 PSYoungGen      total 27648K, used 24332K [0x00000000d5b80000, 0x00000000d7c80000, 0x0000000100000000)
  eden space 21504K, 100% used [0x00000000d5b80000,0x00000000d7080000,0x00000000d7080000)
  from space 6144K, 46% used [0x00000000d7080000,0x00000000d7343030,0x00000000d7680000)
  to   space 6144K, 0% used [0x00000000d7680000,0x00000000d7680000,0x00000000d7c80000)
 ParOldGen       total 87552K, used 38215K [0x0000000081200000, 0x0000000086780000, 0x00000000d5b80000)
  object space 87552K, 43% used [0x0000000081200000,0x0000000083751d28,0x0000000086780000)
 Metaspace       used 13793K, capacity 14036K, committed 14336K, reserved 1062912K
  class space    used 1646K, capacity 1704K, committed 1792K, reserved 1048576K
Event: 55.287 GC heap after
Heap after GC invocations=64 (full 0):
 PSYoungGen      total 27648K, used 3206K [0x00000000d5b80000, 0x00000000d7c80000, 0x0000000100000000)
  eden space 21504K, 0% used [0x00000000d5b80000,0x00000000d5b80000,0x00000000d7080000)
  from space 6144K, 52% used [0x00000000d7680000,0x00000000d79a1b88,0x00000000d7c80000)
  to   space 6144K, 0% used [0x00000000d7080000,0x00000000d7080000,0x00000000d7680000)
 ParOldGen       total 87552K, used 38215K [0x0000000081200000, 0x0000000086780000, 0x00000000d5b80000)
  object space 87552K, 43% used [0x0000000081200000,0x0000000083751d28,0x0000000086780000)
 Metaspace       used 13793K, capacity 14036K, committed 14336K, reserved 1062912K
  class space    used 1646K, capacity 1704K, committed 1792K, reserved 1048576K
}
Event: 55.914 GC heap before
{Heap before GC invocations=65 (full 0):
 PSYoungGen      total 27648K, used 24710K [0x00000000d5b80000, 0x00000000d7c80000, 0x0000000100000000)
  eden space 21504K, 100% used [0x00000000d5b80000,0x00000000d7080000,0x00000000d7080000)
  from space 6144K, 52% used [0x00000000d7680000,0x00000000d79a1b88,0x00000000d7c80000)
  to   space 6144K, 0% used [0x00000000d7080000,0x00000000d7080000,0x00000000d7680000)
 ParOldGen       total 87552K, used 38215K [0x0000000081200000, 0x0000000086780000, 0x00000000d5b80000)
  object space 87552K, 43% used [0x0000000081200000,0x0000000083751d28,0x0000000086780000)
 Metaspace       used 13793K, capacity 14036K, committed 14336K, reserved 1062912K
  class space    used 1646K, capacity 1704K, committed 1792K, reserved 1048576K
Event: 55.915 GC heap after
Heap after GC invocations=65 (full 0):
 PSYoungGen      total 27648K, used 4106K [0x00000000d5b80000, 0x00000000d7c80000, 0x0000000100000000)
  eden space 21504K, 0% used [0x00000000d5b80000,0x00000000d5b80000,0x00000000d7080000)
  from space 6144K, 66% used [0x00000000d7080000,0x00000000d7482b08,0x00000000d7680000)
  to   space 6144K, 0% used [0x00000000d7680000,0x00000000d7680000,0x00000000d7c80000)
 ParOldGen       total 87552K, used 38231K [0x0000000081200000, 0x0000000086780000, 0x00000000d5b80000)
  object space 87552K, 43% used [0x0000000081200000,0x0000000083755d28,0x0000000086780000)
 Metaspace       used 13793K, capacity 14036K, committed 14336K, reserved 1062912K
  class space    used 1646K, capacity 1704K, committed 1792K, reserved 1048576K
}
Event: 56.507 GC heap before
{Heap before GC invocations=66 (full 0):
 PSYoungGen      total 27648K, used 25610K [0x00000000d5b80000, 0x00000000d7c80000, 0x0000000100000000)
  eden space 21504K, 100% used [0x00000000d5b80000,0x00000000d7080000,0x00000000d7080000)
  from space 6144K, 66% used [0x00000000d7080000,0x00000000d7482b08,0x00000000d7680000)
  to   space 6144K, 0% used [0x00000000d7680000,0x00000000d7680000,0x00000000d7c80000)
 ParOldGen       total 87552K, used 38231K [0x0000000081200000, 0x0000000086780000, 0x00000000d5b80000)
  object space 87552K, 43% used [0x0000000081200000,0x0000000083755d28,0x0000000086780000)
 Metaspace       used 13793K, capacity 14036K, committed 14336K, reserved 1062912K
  class space    used 1646K, capacity 1704K, committed 1792K, reserved 1048576K
Event: 56.508 GC heap after
Heap after GC invocations=66 (full 0):
 PSYoungGen      total 27648K, used 5006K [0x00000000d5b80000, 0x00000000d7c80000, 0x0000000100000000)
  eden space 21504K, 0% used [0x00000000d5b80000,0x00000000d5b80000,0x00000000d7080000)
  from space 6144K, 81% used [0x00000000d7680000,0x00000000d7b638a8,0x00000000d7c80000)
  to   space 6144K, 0% used [0x00000000d7080000,0x00000000d7080000,0x00000000d7680000)
 ParOldGen       total 87552K, used 38247K [0x0000000081200000, 0x0000000086780000, 0x00000000d5b80000)
  object space 87552K, 43% used [0x0000000081200000,0x0000000083759d28,0x0000000086780000)
 Metaspace       used 13793K, capacity 14036K, committed 14336K, reserved 1062912K
  class space    used 1646K, capacity 1704K, committed 1792K, reserved 1048576K
}
Event: 57.119 GC heap before
{Heap before GC invocations=67 (full 0):
 PSYoungGen      total 27648K, used 26510K [0x00000000d5b80000, 0x00000000d7c80000, 0x0000000100000000)
  eden space 21504K, 100% used [0x00000000d5b80000,0x00000000d7080000,0x00000000d7080000)
  from space 6144K, 81% used [0x00000000d7680000,0x00000000d7b638a8,0x00000000d7c80000)
  to   space 6144K, 0% used [0x00000000d7080000,0x00000000d7080000,0x00000000d7680000)
 ParOldGen       total 87552K, used 38247K [0x0000000081200000, 0x0000000086780000, 0x00000000d5b80000)
  object space 87552K, 43% used [0x0000000081200000,0x0000000083759d28,0x0000000086780000)
 Metaspace       used 13793K, capacity 14036K, committed 14336K, reserved 1062912K
  class space    used 1646K, capacity 1704K, committed 1792K, reserved 1048576K
Event: 57.120 GC heap after
Heap after GC invocations=67 (full 0):
 PSYoungGen      total 27648K, used 5006K [0x00000000d5b80000, 0x00000000d7d80000, 0x0000000100000000)
  eden space 21504K, 0% used [0x00000000d5b80000,0x00000000d5b80000,0x00000000d7080000)
  from space 6144K, 81% used [0x00000000d7080000,0x00000000d7563928,0x00000000d7680000)
  to   space 6656K, 0% used [0x00000000d7700000,0x00000000d7700000,0x00000000d7d80000)
 ParOldGen       total 87552K, used 38255K [0x0000000081200000, 0x0000000086780000, 0x00000000d5b80000)
  object space 87552K, 43% used [0x0000000081200000,0x000000008375bd28,0x0000000086780000)
 Metaspace       used 13793K, capacity 14036K, committed 14336K, reserved 1062912K
  class space    used 1646K, capacity 1704K, committed 1792K, reserved 1048576K
}
Event: 57.793 GC heap before
{Heap before GC invocations=68 (full 0):
 PSYoungGen      total 27648K, used 26510K [0x00000000d5b80000, 0x00000000d7d80000, 0x0000000100000000)
  eden space 21504K, 100% used [0x00000000d5b80000,0x00000000d7080000,0x00000000d7080000)
  from space 6144K, 81% used [0x00000000d7080000,0x00000000d7563928,0x00000000d7680000)
  to   space 6656K, 0% used [0x00000000d7700000,0x00000000d7700000,0x00000000d7d80000)
 ParOldGen       total 87552K, used 38255K [0x0000000081200000, 0x0000000086780000, 0x00000000d5b80000)
  object space 87552K, 43% used [0x0000000081200000,0x000000008375bd28,0x0000000086780000)
 Metaspace       used 13793K, capacity 14036K, committed 14336K, reserved 1062912K
  class space    used 1646K, capacity 1704K, committed 1792K, reserved 1048576K
Event: 57.794 GC heap after
Heap after GC invocations=68 (full 0):
 PSYoungGen      total 28160K, used 2305K [0x00000000d5b80000, 0x00000000d7d80000, 0x0000000100000000)
  eden space 21504K, 0% used [0x00000000d5b80000,0x00000000d5b80000,0x00000000d7080000)
  from space 6656K, 34% used [0x00000000d7700000,0x00000000d7940508,0x00000000d7d80000)
  to   space 6656K, 0% used [0x00000000d7080000,0x00000000d7080000,0x00000000d7700000)
 ParOldGen       total 87552K, used 38271K [0x0000000081200000, 0x0000000086780000, 0x00000000d5b80000)
  object space 87552K, 43% used [0x0000000081200000,0x000000008375fd28,0x0000000086780000)
 Metaspace       used 13793K, capacity 14036K, committed 14336K, reserved 1062912K
  class space    used 1646K, capacity 1704K, committed 1792K, reserved 1048576K
}

