# JRE version: Java(TM) SE Runtime Environment (8.0_131-b11) (build 1.8.0_131-b11)
# Java VM: Java HotSpot(TM) 64-Bit Server VM (25.131-b11 mixed mode windows-amd64 compressed oops)
Heap:
 PSYoungGen      total 27648K, used 24129K [0x00000000d5b80000, 0x00000000d8280000, 0x0000000100000000)
  eden space 25600K, 86% used [0x00000000d5b80000,0x00000000d7136460,0x00000000d7480000)
  from space 2048K, 92% used [0x00000000d7500000,0x00000000d76da020,0x00000000d7700000)
  to   space 7168K, 0% used [0x00000000d7b80000,0x00000000d7b80000,0x00000000d8280000)
 ParOldGen       total 87552K, used 13523K [0x0000000081200000, 0x0000000086780000, 0x00000000d5b80000)
  object space 87552K, 15% used [0x0000000081200000,0x0000000081f34e78,0x0000000086780000)
 Metaspace       used 13319K, capacity 13524K, committed 13824K, reserved 1060864K
  class space    used 1623K, capacity 1704K, committed 1792K, reserved 1048576K
GC Heap History (10 events):
Event: 19.456 GC heap before
{Heap before GC invocations=15 (full 0):
 PSYoungGen      total 35328K, used 32459K [0x00000000d5b80000, 0x00000000d8600000, 0x0000000100000000)
  eden space 28160K, 97% used [0x00000000d5b80000,0x00000000d7662168,0x00000000d7700000)
  from space 7168K, 68% used [0x00000000d7f00000,0x00000000d83d0c20,0x00000000d8600000)
  to   space 7680K, 0% used [0x00000000d7700000,0x00000000d7700000,0x00000000d7e80000)
 ParOldGen       total 87552K, used 13443K [0x0000000081200000, 0x0000000086780000, 0x00000000d5b80000)
  object space 87552K, 15% used [0x0000000081200000,0x0000000081f20e78,0x0000000086780000)
 Metaspace       used 13260K, capacity 13452K, committed 13824K, reserved 1060864K
  class space    used 1622K, capacity 1704K, committed 1792K, reserved 1048576K
Event: 19.457 GC heap after
Heap after GC invocations=15 (full 0):
 PSYoungGen      total 31232K, used 3099K [0x00000000d5b80000, 0x00000000d8580000, 0x0000000100000000)
  eden space 27648K, 0% used [0x00000000d5b80000,0x00000000d5b80000,0x00000000d7680000)
  from space 3584K, 86% used [0x00000000d7700000,0x00000000d7a06d28,0x00000000d7a80000)
  to   space 7680K, 0% used [0x00000000d7e00000,0x00000000d7e00000,0x00000000d8580000)
 ParOldGen       total 87552K, used 13459K [0x0000000081200000, 0x0000000086780000, 0x00000000d5b80000)
  object space 87552K, 15% used [0x0000000081200000,0x0000000081f24e78,0x0000000086780000)
 Metaspace       used 13260K, capacity 13452K, committed 13824K, reserved 1060864K
  class space    used 1622K, capacity 1704K, committed 1792K, reserved 1048576K
}
Event: 20.205 GC heap before
{Heap before GC invocations=16 (full 0):
 PSYoungGen      total 31232K, used 30309K [0x00000000d5b80000, 0x00000000d8580000, 0x0000000100000000)
  eden space 27648K, 98% used [0x00000000d5b80000,0x00000000d7612770,0x00000000d7680000)
  from space 3584K, 86% used [0x00000000d7700000,0x00000000d7a06d28,0x00000000d7a80000)
  to   space 7680K, 0% used [0x00000000d7e00000,0x00000000d7e00000,0x00000000d8580000)
 ParOldGen       total 87552K, used 13459K [0x0000000081200000, 0x0000000086780000, 0x00000000d5b80000)
  object space 87552K, 15% used [0x0000000081200000,0x0000000081f24e78,0x0000000086780000)
 Metaspace       used 13272K, capacity 13452K, committed 13824K, reserved 1060864K
  class space    used 1622K, capacity 1704K, committed 1792K, reserved 1048576K
Event: 20.206 GC heap after
Heap after GC invocations=16 (full 0):
 PSYoungGen      total 34304K, used 3136K [0x00000000d5b80000, 0x00000000d8500000, 0x0000000100000000)
  eden space 27136K, 0% used [0x00000000d5b80000,0x00000000d5b80000,0x00000000d7600000)
  from space 7168K, 43% used [0x00000000d7e00000,0x00000000d81103a8,0x00000000d8500000)
  to   space 7680K, 0% used [0x00000000d7600000,0x00000000d7600000,0x00000000d7d80000)
 ParOldGen       total 87552K, used 13475K [0x0000000081200000, 0x0000000086780000, 0x00000000d5b80000)
  object space 87552K, 15% used [0x0000000081200000,0x0000000081f28e78,0x0000000086780000)
 Metaspace       used 13272K, capacity 13452K, committed 13824K, reserved 1060864K
  class space    used 1622K, capacity 1704K, committed 1792K, reserved 1048576K
}
Event: 20.950 GC heap before
{Heap before GC invocations=17 (full 0):
 PSYoungGen      total 34304K, used 30239K [0x00000000d5b80000, 0x00000000d8500000, 0x0000000100000000)
  eden space 27136K, 99% used [0x00000000d5b80000,0x00000000d75f7bd0,0x00000000d7600000)
  from space 7168K, 43% used [0x00000000d7e00000,0x00000000d81103a8,0x00000000d8500000)
  to   space 7680K, 0% used [0x00000000d7600000,0x00000000d7600000,0x00000000d7d80000)
 ParOldGen       total 87552K, used 13475K [0x0000000081200000, 0x0000000086780000, 0x00000000d5b80000)
  object space 87552K, 15% used [0x0000000081200000,0x0000000081f28e78,0x0000000086780000)
 Metaspace       used 13280K, capacity 13452K, committed 13824K, reserved 1060864K
  class space    used 1622K, capacity 1704K, committed 1792K, reserved 1048576K
Event: 20.951 GC heap after
Heap after GC invocations=17 (full 0):
 PSYoungGen      total 30208K, used 3118K [0x00000000d5b80000, 0x00000000d8380000, 0x0000000100000000)
  eden space 26624K, 0% used [0x00000000d5b80000,0x00000000d5b80000,0x00000000d7580000)
  from space 3584K, 87% used [0x00000000d7600000,0x00000000d790b980,0x00000000d7980000)
  to   space 7168K, 0% used [0x00000000d7c80000,0x00000000d7c80000,0x00000000d8380000)
 ParOldGen       total 87552K, used 13491K [0x0000000081200000, 0x0000000086780000, 0x00000000d5b80000)
  object space 87552K, 15% used [0x0000000081200000,0x0000000081f2ce78,0x0000000086780000)
 Metaspace       used 13280K, capacity 13452K, committed 13824K, reserved 1060864K
  class space    used 1622K, capacity 1704K, committed 1792K, reserved 1048576K
}
Event: 21.678 GC heap before
{Heap before GC invocations=18 (full 0):
 PSYoungGen      total 30208K, used 29643K [0x00000000d5b80000, 0x00000000d8380000, 0x0000000100000000)
  eden space 26624K, 99% used [0x00000000d5b80000,0x00000000d75675b0,0x00000000d7580000)
  from space 3584K, 87% used [0x00000000d7600000,0x00000000d790b980,0x00000000d7980000)
  to   space 7168K, 0% used [0x00000000d7c80000,0x00000000d7c80000,0x00000000d8380000)
 ParOldGen       total 87552K, used 13491K [0x0000000081200000, 0x0000000086780000, 0x00000000d5b80000)
  object space 87552K, 15% used [0x0000000081200000,0x0000000081f2ce78,0x0000000086780000)
 Metaspace       used 13300K, capacity 13524K, committed 13824K, reserved 1060864K
  class space    used 1622K, capacity 1704K, committed 1792K, reserved 1048576K
Event: 21.679 GC heap after
Heap after GC invocations=18 (full 0):
 PSYoungGen      total 32768K, used 3086K [0x00000000d5b80000, 0x00000000d8300000, 0x0000000100000000)
  eden space 26112K, 0% used [0x00000000d5b80000,0x00000000d5b80000,0x00000000d7500000)
  from space 6656K, 46% used [0x00000000d7c80000,0x00000000d7f83ad8,0x00000000d8300000)
  to   space 7168K, 0% used [0x00000000d7500000,0x00000000d7500000,0x00000000d7c00000)
 ParOldGen       total 87552K, used 13507K [0x0000000081200000, 0x0000000086780000, 0x00000000d5b80000)
  object space 87552K, 15% used [0x0000000081200000,0x0000000081f30e78,0x0000000086780000)
 Metaspace       used 13300K, capacity 13524K, committed 13824K, reserved 1060864K
  class space    used 1622K, capacity 1704K, committed 1792K, reserved 1048576K
}
Event: 22.390 GC heap before
{Heap before GC invocations=19 (full 0):
 PSYoungGen      total 32768K, used 29198K [0x00000000d5b80000, 0x00000000d8300000, 0x0000000100000000)
  eden space 26112K, 100% used [0x00000000d5b80000,0x00000000d7500000,0x00000000d7500000)
  from space 6656K, 46% used [0x00000000d7c80000,0x00000000d7f83ad8,0x00000000d8300000)
  to   space 7168K, 0% used [0x00000000d7500000,0x00000000d7500000,0x00000000d7c00000)
 ParOldGen       total 87552K, used 13507K [0x0000000081200000, 0x0000000086780000, 0x00000000d5b80000)
  object space 87552K, 15% used [0x0000000081200000,0x0000000081f30e78,0x0000000086780000)
 Metaspace       used 13303K, capacity 13524K, committed 13824K, reserved 1060864K
  class space    used 1622K, capacity 1704K, committed 1792K, reserved 1048576K
Event: 22.392 GC heap after
Heap after GC invocations=19 (full 0):
 PSYoungGen      total 27648K, used 1896K [0x00000000d5b80000, 0x00000000d8280000, 0x0000000100000000)
  eden space 25600K, 0% used [0x00000000d5b80000,0x00000000d5b80000,0x00000000d7480000)
  from space 2048K, 92% used [0x00000000d7500000,0x00000000d76da020,0x00000000d7700000)
  to   space 7168K, 0% used [0x00000000d7b80000,0x00000000d7b80000,0x00000000d8280000)
 ParOldGen       total 87552K, used 13523K [0x0000000081200000, 0x0000000086780000, 0x00000000d5b80000)
  object space 87552K, 15% used [0x0000000081200000,0x0000000081f34e78,0x0000000086780000)
 Metaspace       used 13303K, capacity 13524K, committed 13824K, reserved 1060864K
  class space    used 1622K, capacity 1704K, committed 1792K, reserved 1048576K
}

