# JRE version: Java(TM) SE Runtime Environment (8.0_131-b11) (build 1.8.0_131-b11)
# Java VM: Java HotSpot(TM) 64-Bit Server VM (25.131-b11 mixed mode windows-amd64 compressed oops)
Heap:
 PSYoungGen      total 33792K, used 23445K [0x00000000d5b80000, 0x00000000d8200000, 0x0000000100000000)
  eden space 29184K, 67% used [0x00000000d5b80000,0x00000000d6ec14d0,0x00000000d7800000)
  from space 4608K, 80% used [0x00000000d7d80000,0x00000000d8124040,0x00000000d8200000)
  to   space 5120K, 0% used [0x00000000d7800000,0x00000000d7800000,0x00000000d7d00000)
 ParOldGen       total 87552K, used 18846K [0x0000000081200000, 0x0000000086780000, 0x00000000d5b80000)
  object space 87552K, 21% used [0x0000000081200000,0x0000000082467810,0x0000000086780000)
 Metaspace       used 12701K, capacity 12884K, committed 13184K, reserved 1060864K
  class space    used 1556K, capacity 1640K, committed 1664K, reserved 1048576K
GC Heap History (10 events):
Event: 18.682 GC heap before
{Heap before GC invocations=8 (full 0):
 PSYoungGen      total 36864K, used 33286K [0x00000000d5b80000, 0x00000000d8580000, 0x0000000100000000)
  eden space 31744K, 98% used [0x00000000d5b80000,0x00000000d7a17b48,0x00000000d7a80000)
  from space 5120K, 38% used [0x00000000d7b00000,0x00000000d7cea020,0x00000000d8000000)
  to   space 5632K, 0% used [0x00000000d8000000,0x00000000d8000000,0x00000000d8580000)
 ParOldGen       total 87552K, used 18774K [0x0000000081200000, 0x0000000086780000, 0x00000000d5b80000)
  object space 87552K, 21% used [0x0000000081200000,0x0000000082455810,0x0000000086780000)
 Metaspace       used 12656K, capacity 12876K, committed 13184K, reserved 1060864K
  class space    used 1556K, capacity 1640K, committed 1664K, reserved 1048576K
Event: 18.684 GC heap after
Heap after GC invocations=8 (full 0):
 PSYoungGen      total 35328K, used 2860K [0x00000000d5b80000, 0x00000000d8400000, 0x0000000100000000)
  eden space 31232K, 0% used [0x00000000d5b80000,0x00000000d5b80000,0x00000000d7a00000)
  from space 4096K, 69% used [0x00000000d8000000,0x00000000d82cb030,0x00000000d8400000)
  to   space 5120K, 0% used [0x00000000d7a00000,0x00000000d7a00000,0x00000000d7f00000)
 ParOldGen       total 87552K, used 18790K [0x0000000081200000, 0x0000000086780000, 0x00000000d5b80000)
  object space 87552K, 21% used [0x0000000081200000,0x0000000082459810,0x0000000086780000)
 Metaspace       used 12656K, capacity 12876K, committed 13184K, reserved 1060864K
  class space    used 1556K, capacity 1640K, committed 1664K, reserved 1048576K
}
Event: 20.395 GC heap before
{Heap before GC invocations=9 (full 0):
 PSYoungGen      total 35328K, used 33276K [0x00000000d5b80000, 0x00000000d8400000, 0x0000000100000000)
  eden space 31232K, 97% used [0x00000000d5b80000,0x00000000d79342f0,0x00000000d7a00000)
  from space 4096K, 69% used [0x00000000d8000000,0x00000000d82cb030,0x00000000d8400000)
  to   space 5120K, 0% used [0x00000000d7a00000,0x00000000d7a00000,0x00000000d7f00000)
 ParOldGen       total 87552K, used 18790K [0x0000000081200000, 0x0000000086780000, 0x00000000d5b80000)
  object space 87552K, 21% used [0x0000000081200000,0x0000000082459810,0x0000000086780000)
 Metaspace       used 12671K, capacity 12884K, committed 13184K, reserved 1060864K
  class space    used 1556K, capacity 1640K, committed 1664K, reserved 1048576K
Event: 20.396 GC heap after
Heap after GC invocations=9 (full 0):
 PSYoungGen      total 32768K, used 1928K [0x00000000d5b80000, 0x00000000d8380000, 0x0000000100000000)
  eden space 30720K, 0% used [0x00000000d5b80000,0x00000000d5b80000,0x00000000d7980000)
  from space 2048K, 94% used [0x00000000d7a00000,0x00000000d7be2020,0x00000000d7c00000)
  to   space 5120K, 0% used [0x00000000d7e80000,0x00000000d7e80000,0x00000000d8380000)
 ParOldGen       total 87552K, used 18814K [0x0000000081200000, 0x0000000086780000, 0x00000000d5b80000)
  object space 87552K, 21% used [0x0000000081200000,0x000000008245f810,0x0000000086780000)
 Metaspace       used 12671K, capacity 12884K, committed 13184K, reserved 1060864K
  class space    used 1556K, capacity 1640K, committed 1664K, reserved 1048576K
}
Event: 22.016 GC heap before
{Heap before GC invocations=10 (full 0):
 PSYoungGen      total 32768K, used 32238K [0x00000000d5b80000, 0x00000000d8380000, 0x0000000100000000)
  eden space 30720K, 98% used [0x00000000d5b80000,0x00000000d79199b8,0x00000000d7980000)
  from space 2048K, 94% used [0x00000000d7a00000,0x00000000d7be2020,0x00000000d7c00000)
  to   space 5120K, 0% used [0x00000000d7e80000,0x00000000d7e80000,0x00000000d8380000)
 ParOldGen       total 87552K, used 18814K [0x0000000081200000, 0x0000000086780000, 0x00000000d5b80000)
  object space 87552K, 21% used [0x0000000081200000,0x000000008245f810,0x0000000086780000)
 Metaspace       used 12685K, capacity 12884K, committed 13184K, reserved 1060864K
  class space    used 1556K, capacity 1640K, committed 1664K, reserved 1048576K
Event: 22.017 GC heap after
Heap after GC invocations=10 (full 0):
 PSYoungGen      total 34816K, used 3760K [0x00000000d5b80000, 0x00000000d8300000, 0x0000000100000000)
  eden space 30208K, 0% used [0x00000000d5b80000,0x00000000d5b80000,0x00000000d7900000)
  from space 4608K, 81% used [0x00000000d7e80000,0x00000000d822c040,0x00000000d8300000)
  to   space 5120K, 0% used [0x00000000d7900000,0x00000000d7900000,0x00000000d7e00000)
 ParOldGen       total 87552K, used 18822K [0x0000000081200000, 0x0000000086780000, 0x00000000d5b80000)
  object space 87552K, 21% used [0x0000000081200000,0x0000000082461810,0x0000000086780000)
 Metaspace       used 12685K, capacity 12884K, committed 13184K, reserved 1060864K
  class space    used 1556K, capacity 1640K, committed 1664K, reserved 1048576K
}
Event: 23.627 GC heap before
{Heap before GC invocations=11 (full 0):
 PSYoungGen      total 34816K, used 33180K [0x00000000d5b80000, 0x00000000d8300000, 0x0000000100000000)
  eden space 30208K, 97% used [0x00000000d5b80000,0x00000000d783b3a8,0x00000000d7900000)
  from space 4608K, 81% used [0x00000000d7e80000,0x00000000d822c040,0x00000000d8300000)
  to   space 5120K, 0% used [0x00000000d7900000,0x00000000d7900000,0x00000000d7e00000)
 ParOldGen       total 87552K, used 18822K [0x0000000081200000, 0x0000000086780000, 0x00000000d5b80000)
  object space 87552K, 21% used [0x0000000081200000,0x0000000082461810,0x0000000086780000)
 Metaspace       used 12697K, capacity 12884K, committed 13184K, reserved 1060864K
  class space    used 1556K, capacity 1640K, committed 1664K, reserved 1048576K
Event: 23.628 GC heap after
Heap after GC invocations=11 (full 0):
 PSYoungGen      total 33792K, used 3696K [0x00000000d5b80000, 0x00000000d8280000, 0x0000000100000000)
  eden space 29696K, 0% used [0x00000000d5b80000,0x00000000d5b80000,0x00000000d7880000)
  from space 4096K, 90% used [0x00000000d7900000,0x00000000d7c9c040,0x00000000d7d00000)
  to   space 5120K, 0% used [0x00000000d7d80000,0x00000000d7d80000,0x00000000d8280000)
 ParOldGen       total 87552K, used 18830K [0x0000000081200000, 0x0000000086780000, 0x00000000d5b80000)
  object space 87552K, 21% used [0x0000000081200000,0x0000000082463810,0x0000000086780000)
 Metaspace       used 12697K, capacity 12884K, committed 13184K, reserved 1060864K
  class space    used 1556K, capacity 1640K, committed 1664K, reserved 1048576K
}
Event: 25.239 GC heap before
{Heap before GC invocations=12 (full 0):
 PSYoungGen      total 33792K, used 33117K [0x00000000d5b80000, 0x00000000d8280000, 0x0000000100000000)
  eden space 29696K, 99% used [0x00000000d5b80000,0x00000000d783b620,0x00000000d7880000)
  from space 4096K, 90% used [0x00000000d7900000,0x00000000d7c9c040,0x00000000d7d00000)
  to   space 5120K, 0% used [0x00000000d7d80000,0x00000000d7d80000,0x00000000d8280000)
 ParOldGen       total 87552K, used 18830K [0x0000000081200000, 0x0000000086780000, 0x00000000d5b80000)
  object space 87552K, 21% used [0x0000000081200000,0x0000000082463810,0x0000000086780000)
 Metaspace       used 12698K, capacity 12884K, committed 13184K, reserved 1060864K
  class space    used 1556K, capacity 1640K, committed 1664K, reserved 1048576K
Event: 25.240 GC heap after
Heap after GC invocations=12 (full 0):
 PSYoungGen      total 33792K, used 3728K [0x00000000d5b80000, 0x00000000d8200000, 0x0000000100000000)
  eden space 29184K, 0% used [0x00000000d5b80000,0x00000000d5b80000,0x00000000d7800000)
  from space 4608K, 80% used [0x00000000d7d80000,0x00000000d8124040,0x00000000d8200000)
  to   space 5120K, 0% used [0x00000000d7800000,0x00000000d7800000,0x00000000d7d00000)
 ParOldGen       total 87552K, used 18846K [0x0000000081200000, 0x0000000086780000, 0x00000000d5b80000)
  object space 87552K, 21% used [0x0000000081200000,0x0000000082467810,0x0000000086780000)
 Metaspace       used 12698K, capacity 12884K, committed 13184K, reserved 1060864K
  class space    used 1556K, capacity 1640K, committed 1664K, reserved 1048576K
}

